[2015.12.10-08.32.30:322][  0]Log file open, 12/10/15 09:32:30
[2015.12.10-08.32.30:322][  0]LogInit:Display: Running engine for game: UnrealProject
[2015.12.10-08.32.30:322][  0]LogInit:Display: RandInit(-865365659) SRandInit(-865365657).
[2015.12.10-08.32.30:322][  0]LogTaskGraph: Started task graph with 4 named threads and 5 total threads.
[2015.12.10-08.32.30:322][  0]LogStats: Stats thread started at 0.056874
[2015.12.10-08.32.30:322][  0]LogInit: Version: 4.9.2-2707645+++depot+UE4-Releases+4.9
[2015.12.10-08.32.30:322][  0]LogInit: API Version: 2672455
[2015.12.10-08.32.30:322][  0]LogInit: Compiled (64-bit): Sep 28 2015 10:25:44
[2015.12.10-08.32.30:322][  0]LogInit: Compiled with Visual C++: 18.00.21005.01
[2015.12.10-08.32.30:322][  0]LogInit: Build Configuration: Development
[2015.12.10-08.32.30:322][  0]LogInit: Branch Name: ++depot+UE4-Releases+4.9
[2015.12.10-08.32.30:322][  0]LogInit: Command line:  
[2015.12.10-08.32.30:322][  0]LogInit: Base directory: D:/Program Files/Epic Games/4.9/Engine/Binaries/Win64/
[2015.12.10-08.32.30:322][  0]LogInit: Rocket: 1
[2015.12.10-08.32.30:331][  0]LogInit: Using libcurl 7.41.0
[2015.12.10-08.32.30:331][  0]LogInit:  - built for x86_64-pc-win32
[2015.12.10-08.32.30:331][  0]LogInit:  - supports SSL with WinSSL
[2015.12.10-08.32.30:331][  0]LogInit:  - other features:
[2015.12.10-08.32.30:331][  0]LogInit:      CURL_VERSION_SSL
[2015.12.10-08.32.30:331][  0]LogInit:      CURL_VERSION_IPV6
[2015.12.10-08.32.30:331][  0]LogInit:      CURL_VERSION_ASYNCHDNS
[2015.12.10-08.32.30:331][  0]LogInit:      CURL_VERSION_LARGEFILE
[2015.12.10-08.32.30:331][  0]LogInit:      CURL_VERSION_IDN
[2015.12.10-08.32.30:332][  0]LogInit:  CurlRequestOptions (configurable via config and command line):
[2015.12.10-08.32.30:332][  0]LogInit:  - bVerifyPeer = true  - Libcurl will verify peer certificate
[2015.12.10-08.32.30:332][  0]LogInit:  - bUseHttpProxy = false  - Libcurl will NOT use HTTP proxy
[2015.12.10-08.32.30:332][  0]LogInit:  - bDontReuseConnections = false  - Libcurl will reuse connections
[2015.12.10-08.32.30:332][  0]LogInit:  - CertBundlePath = nullptr  - Libcurl will use whatever was configured at build time.
[2015.12.10-08.32.30:338][  0]LogInit: Presizing for 0 objects not considered by GC, pre-allocating 0 bytes.
[2015.12.10-08.32.30:348][  0]LogInit: Object subsystem initialized
[2015.12.10-08.32.30:350][  0]LogInit: Selected Device Profile: [Windows]
[2015.12.10-08.32.30:350][  0]LogInit: Applying CVar settings loaded from the selected device profile: [Windows]
[2015.12.10-08.32.30:363][  0]LogInit: Computer: SIMONLAPTOP
[2015.12.10-08.32.30:363][  0]LogInit: User: Simon
[2015.12.10-08.32.30:363][  0]LogInit: CPU Page size=4096, Cores=2
[2015.12.10-08.32.30:363][  0]LogInit: High frequency timer resolution =2.533198 MHz
[2015.12.10-08.32.30:363][  0]LogMemory: Memory total: Physical=7.9GB (8GB approx)
[2015.12.10-08.32.30:363][  0]LogMemory: Platform Memory Stats for Windows
[2015.12.10-08.32.30:363][  0]LogMemory: Process Physical Memory: 54.07 MB used, 54.07 MB peak
[2015.12.10-08.32.30:363][  0]LogMemory: Process Virtual Memory: 57.17 MB used, 57.17 MB peak
[2015.12.10-08.32.30:363][  0]LogMemory: Physical Memory: 5009.46 MB used, 8080.91 MB total
[2015.12.10-08.32.30:363][  0]LogMemory: Virtual Memory: 369.49 MB used, 134217728.00 MB total
[2015.12.10-08.32.30:405][  0]LogTextLocalizationManager: No specific translations for ('en-US') exist, so ('en') translations will be used.
[2015.12.10-08.32.31:574][  0]LogD3D11RHI: Found D3D11 adapter 0: NVIDIA GeForce 840M            (Feature Level 11_0)
[2015.12.10-08.32.31:574][  0]LogD3D11RHI: Adapter has 1996MB of dedicated video memory, 0MB of dedicated system memory, and 4040MB of shared system memory, 1 output[s]
[2015.12.10-08.32.31:589][  0]LogD3D11RHI: Found D3D11 adapter 1: Intel(R) HD Graphics Family (Feature Level 11_0)
[2015.12.10-08.32.31:589][  0]LogD3D11RHI: Adapter has 112MB of dedicated video memory, 0MB of dedicated system memory, and 4040MB of shared system memory, 0 output[s]
[2015.12.10-08.32.31:594][  0]LogD3D11RHI: Found D3D11 adapter 2: Microsoft Basic Render Driver (Feature Level 11_0)
[2015.12.10-08.32.31:594][  0]LogD3D11RHI: Adapter has 0MB of dedicated video memory, 0MB of dedicated system memory, and 4040MB of shared system memory, 0 output[s]
[2015.12.10-08.32.31:594][  0]LogD3D11RHI: Chosen D3D11 Adapter Id = 0
[2015.12.10-08.32.31:601][  0]LogD3D11RHI: !Direct3DDevice
[2015.12.10-08.32.31:601][  0]LogRHI: Texture pool is 1361 MB (70% of 1945 MB)
[2015.12.10-08.32.31:619][  0]LogD3D11RHI: Async texture creation enabled
[2015.12.10-08.32.31:635][  0]LogShaderCompilers: Guid format shader working directory is 15 characters bigger than the processId version (C:/Users/Simon/Documents/GitHub/MAH_Arena_UnrealProject/UnrealProject/Intermediate/Shaders/WorkingDirectory/7496/).
[2015.12.10-08.32.31:635][  0]LogShaderCompilers: Cleaned the shader compiler working directory 'C:/Users/Simon/Documents/GitHub/MAH_Arena_UnrealProject/UnrealProject/Intermediate/Shaders/tmp/CA3C633F4CF49F7463EF3C96E4D8012F/'.
[2015.12.10-08.32.31:635][  0]LogShaderCompilers:Display: Using Local Shader Compiler.
[2015.12.10-08.32.34:269][  0]LogTemp:Display: Loaded TP AllDesktopTargetPlatform
[2015.12.10-08.32.34:277][  0]LogTemp:Display: Loaded TP WindowsClientTargetPlatform
[2015.12.10-08.32.34:286][  0]LogTemp:Display: Loaded TP WindowsNoEditorTargetPlatform
[2015.12.10-08.32.34:294][  0]LogTemp:Display: Loaded TP WindowsServerTargetPlatform
[2015.12.10-08.32.34:303][  0]LogTemp:Display: Loaded TP WindowsTargetPlatform
[2015.12.10-08.32.34:309][  0]LogTemp:Display: Loaded TP AndroidTargetPlatform
[2015.12.10-08.32.34:315][  0]LogTemp:Display: Loaded TP Android_ASTCTargetPlatform
[2015.12.10-08.32.34:321][  0]LogTemp:Display: Loaded TP Android_ATCTargetPlatform
[2015.12.10-08.32.34:326][  0]LogTemp:Display: Loaded TP Android_DXTTargetPlatform
[2015.12.10-08.32.34:332][  0]LogTemp:Display: Loaded TP Android_ETC1TargetPlatform
[2015.12.10-08.32.34:338][  0]LogTemp:Display: Loaded TP Android_ETC2TargetPlatform
[2015.12.10-08.32.34:343][  0]LogTemp:Display: Loaded TP Android_PVRTCTargetPlatform
[2015.12.10-08.32.34:344][  0]LogTemp:Display: Loaded TP HTML5TargetPlatform
[2015.12.10-08.32.34:363][  0]LogTemp:Display: Loaded TP IOSTargetPlatform
[2015.12.10-08.32.34:368][  0]LogTemp:Display: Loaded TP LinuxNoEditorTargetPlatform
[2015.12.10-08.32.34:375][  0]LogTemp:Display: Loaded TP LinuxServerTargetPlatform
[2015.12.10-08.32.34:380][  0]LogTemp:Display: Loaded TP LinuxTargetPlatform
[2015.12.10-08.32.34:380][  0]LogTargetPlatformManager:Display: Building Assets For Windows
[2015.12.10-08.32.34:463][  0]LogDerivedDataCache:Display: Max Cache Size: 512 MB
[2015.12.10-08.32.34:512][  0]LogDerivedDataCache: Loaded boot cache 0.05s 41MB C:/Users/Simon/AppData/Local/UnrealEngine/4.9/DerivedDataCache/Boot.ddc.
[2015.12.10-08.32.34:512][  0]LogDerivedDataCache:Display: Loaded Boot cache: C:/Users/Simon/AppData/Local/UnrealEngine/4.9/DerivedDataCache/Boot.ddc
[2015.12.10-08.32.34:512][  0]LogDerivedDataCache: FDerivedDataBackendGraph:  Pak pak cache file C:/Users/Simon/Documents/GitHub/MAH_Arena_UnrealProject/UnrealProject/DerivedDataCache/DDC.ddp not found, will not use a pak cache.
[2015.12.10-08.32.34:512][  0]LogDerivedDataCache: Unable to find inner node Pak for hierarchical cache Hierarchy.
[2015.12.10-08.32.34:512][  0]LogDerivedDataCache: FDerivedDataBackendGraph:  CompressedPak pak cache file C:/Users/Simon/Documents/GitHub/MAH_Arena_UnrealProject/UnrealProject/DerivedDataCache/Compressed.ddp not found, will not use a pak cache.
[2015.12.10-08.32.34:512][  0]LogDerivedDataCache: Unable to find inner node CompressedPak for hierarchical cache Hierarchy.
[2015.12.10-08.32.34:654][  0]LogDerivedDataCache:Display: Pak cache opened for reading ../../../Engine/DerivedDataCache/Compressed.ddp.
[2015.12.10-08.32.34:666][  0]LogDerivedDataCache: Using Local data cache path C:/Users/Simon/AppData/Local/UnrealEngine/Common/DerivedDataCache: Writable
[2015.12.10-08.32.34:916][  0]LogInit: Selected Device Profile: [Windows]
[2015.12.10-08.32.34:923][  0]LogContentStreaming: Texture pool size is 0.000000MB
[2015.12.10-08.32.35:235][  0]LogMeshUtilities: No automatic mesh reduction module available
[2015.12.10-08.32.35:235][  0]LogMeshUtilities: No automatic mesh merging module available
[2015.12.10-08.32.35:559][  0]LogInit: WinSock: version 1.1 (2.2), MaxSocks=32767, MaxUdp=65467
[2015.12.10-08.32.36:229][  0]UdpMessaging: Initializing bridge on interface 0.0.0.0:0 to multicast group 230.0.0.1:6666.
[2015.12.10-08.32.36:339][  0]LogAssetRegistry: FAssetRegistry took 0.0112 seconds to start up
[2015.12.10-08.32.36:524][  0]SourceControl: Info Source control is disabled
[2015.12.10-08.32.36:534][  0]SourceControl: Info Source control is disabled
[2015.12.10-08.32.36:549][  0]SourceControl: Info Source control is disabled
[2015.12.10-08.32.36:568][  0]SourceControl: Info Source control is disabled
[2015.12.10-08.32.36:935][  0]LogLinker:Warning: Asset '../../../Engine/Plugins/Runtime/LeapMotionController/Content/LM_PassthroughMaterial.uasset' has been saved with empty engine version. The asset will be loaded but may be incompatible.
[2015.12.10-08.32.37:176][  0]LogObj: 28384 objects as part of root set at end of initial load.
[2015.12.10-08.32.37:176][  0]LogUObjectAllocator: 6053448 out of 0 bytes used by permanent object pool.
[2015.12.10-08.32.37:285][  0]LogEngine: Initializing Engine...
[2015.12.10-08.32.37:291][  0]LogHMD: Can't find Oculus library dev build: is proper Runtime installed? Version: 0.7.0.0
[2015.12.10-08.32.37:301][  0]LogHMD: SteamVR failed to initialize.  Err: 108
[2015.12.10-08.32.37:588][  0]LogAIModule: Creating AISystem for world NewWorld
[2015.12.10-08.32.37:595][  0]LogInit: XAudio2 using 'Speakers (Conexant SmartAudio HD)' : 2 channels at 48 kHz using 32 bits per sample (channel mask 0x3)
[2015.12.10-08.32.37:779][  0]LogInit: FAudioDevice initialized.
[2015.12.10-08.32.37:808][  0]LogDerivedDataCache: Saved boot cache 0.03s 41MB C:/Users/Simon/AppData/Local/UnrealEngine/4.9/DerivedDataCache/Boot.ddc.
[2015.12.10-08.32.37:815][  0]LogInit: Texture streaming: Enabled
[2015.12.10-08.32.37:823][  0]LogAnalytics: Creating configured Analytics provider AnalyticsET
[2015.12.10-08.32.37:823][  0]LogAnalytics: [UEEditor.Rocket.Release] APIServer = http://et2.epicgames.com/ET2/. AppVersion = 4.9.2-2707645+++depot+UE4-Releases+4.9
[2015.12.10-08.32.37:824][  0]LogAnalytics: [UEEditor.Rocket.Release] SetUserId 6513f12644b2a44aef06b6b2b101a60b|0986fcf50a56434a9f04b1f02afeed0b|3549f2f7-93b8-499b-b80b-3e19a3b9ffc4
[2015.12.10-08.32.37:824][  0]LogAnalytics: [UEEditor.Rocket.Release] AnalyticsET::StartSession
[2015.12.10-08.32.37:884][  0]LogInit: Transaction tracking system initialized
[2015.12.10-08.32.38:020][  0]BlueprintLog: New page: Editor Load
[2015.12.10-08.32.38:122][  0]LocalizationService: Info Localization service is disabled
[2015.12.10-08.32.38:427][  0]LogConsoleResponse:Display: 
[2015.12.10-08.32.38:643][  0]LogCook:Display: Done creating registry. It took  0.00s.
[2015.12.10-08.32.38:841][  0]LogFileCache: Scanning file cache for directory 'C:/Users/Simon/Documents/GitHub/MAH_Arena_UnrealProject/UnrealProject/Content/' took 0.02s
[2015.12.10-08.32.38:841][  0]SourceControl: Info Source control is disabled
[2015.12.10-08.32.38:841][  0]Cmd: MAP LOAD FILE="C:/Users/Simon/Documents/GitHub/MAH_Arena_UnrealProject/UnrealProject/Content/StarterContent/Maps/Minimal_Default.umap" TEMPLATE=0 SHOWPROGRESS=1 FEATURELEVEL=3
[2015.12.10-08.32.38:844][  0]LightingResults: New page: Lighting Build
[2015.12.10-08.32.38:854][  0]MapCheck: New page: Map Check
[2015.12.10-08.32.38:854][  0]LightingResults: New page: Lighting Build
[2015.12.10-08.32.38:884][  0]LogParticles: Destroying 0 GPU particle simulations for FXSystem 0x00000267C4160400
[2015.12.10-08.32.39:561][  0]LogAIModule: Creating AISystem for world Minimal_Default
[2015.12.10-08.32.39:572][  0]LogEditorServer: Finished looking for orphan Actors (0.000 secs)
[2015.12.10-08.32.39:572][  0]Cmd: MAP CHECKDEP NOCLEARLOG
[2015.12.10-08.32.39:707][  0]MapCheck: Info Map check complete: 0 Error(s), 0 Warning(s), took 134.162ms to complete.
[2015.12.10-08.32.39:707][  0]LogFileHelpers: Loading map 'Minimal_Default' took 0.866
[2015.12.10-08.32.39:952][  0]LogCollectionManager: Loaded 0 collections in 0.006929 seconds
[2015.12.10-08.32.40:004][  0]LogFileCache: Scanning file cache for directory 'C:/Users/Simon/Documents/GitHub/MAH_Arena_UnrealProject/UnrealProject/Saved/Collections/' took 0.01s
[2015.12.10-08.32.40:004][  0]LogFileCache: Scanning file cache for directory 'C:/Users/Simon/Documents/GitHub/MAH_Arena_UnrealProject/UnrealProject/Content/Developers/Simon/Collections/' took 0.01s
[2015.12.10-08.32.40:004][  0]LogFileCache: Scanning file cache for directory 'C:/Users/Simon/Documents/GitHub/MAH_Arena_UnrealProject/UnrealProject/Content/Collections/' took 0.01s
[2015.12.10-08.32.40:004][  0]LogContentBrowser: Native class hierarchy populated in 0.0172 seconds. Added 1871 classes and 336 folders.
[2015.12.10-08.32.40:017][  0]LogCollectionManager: Rebuilt the GUID cache for 0 collections in 0.000004 seconds
[2015.12.10-08.32.40:049][  0]LogContentBrowser: Native class hierarchy updated for 'WidgetCarousel' in 0.0032 seconds. Added 0 classes and 0 folders.
[2015.12.10-08.32.40:136][  0]LogContentBrowser: Native class hierarchy updated for 'AddContentDialog' in 0.0029 seconds. Added 0 classes and 0 folders.
[2015.12.10-08.32.40:150][  0]LogContentBrowser: Native class hierarchy updated for 'SceneOutliner' in 0.0029 seconds. Added 1 classes and 2 folders.
[2015.12.10-08.32.40:197][  0]LogCrashTracker: Crashtracker disabled due to settings.
[2015.12.10-08.32.40:211][  0]LogUObjectGlobals:Warning: Failed to find object 'Class None.'
[2015.12.10-08.32.40:234][  0]LogLoad: Full Startup: 10.98 seconds (BP compile: 0.11 seconds)
[2015.12.10-08.32.40:460][  0]LogContentStreaming: Texture pool size now 400 MB
[2015.12.10-08.32.40:698][  0]LogRenderer: Reallocating scene render targets to support 896x444 (Frame:2).
[2015.12.10-08.32.41:109][  4]LogAssetRegistry: Asset discovery search completed in 4.7806 seconds
[2015.12.10-08.32.41:109][  4]LogCollectionManager: Rebuilt the object cache for 0 collections in 0.000001 seconds (found 0 objects)
[2015.12.10-08.32.41:109][  4]LogCollectionManager: Fixed up redirectors for 0 collections in 0.000034 seconds (updated 0 objects)
[2015.12.10-08.32.44:344][ 31]LogRenderer: Reallocating scene render targets to support 1004x456 (Frame:6).
[2015.12.10-08.32.55:169][640]LogAIModule: Creating AISystem for world Tim
[2015.12.10-08.32.55:217][640]Cmd: MAP LOAD FILE="C:/Users/Simon/Documents/GitHub/MAH_Arena_UnrealProject/UnrealProject/Content/Maps/Tim.umap" TEMPLATE=0 SHOWPROGRESS=1 FEATURELEVEL=3
[2015.12.10-08.32.55:217][640]LightingResults: New page: Lighting Build
[2015.12.10-08.32.55:235][640]LoadErrors: New page: Loading map: Tim.umap
[2015.12.10-08.32.55:236][640]MapCheck: New page: Map Check
[2015.12.10-08.32.55:236][640]LightingResults: New page: Lighting Build
[2015.12.10-08.32.55:259][640]LogParticles: Destroying 0 GPU particle simulations for FXSystem 0x00000267B800F100
[2015.12.10-08.32.55:264][640]PIE:Warning: Warning Invalid Simulate Options: Body (PawnCarBP_290.Root) is set to simulate physics but Collision Enabled is incompatible
[2015.12.10-08.32.55:265][640]PIE:Warning: Warning Invalid Simulate Options: Body (PawnCarBP_290.Root) is set to simulate physics but Collision Enabled is incompatible
[2015.12.10-08.32.55:265][640]PIE:Warning: Warning Invalid Simulate Options: Body (PawnCarBP2_198.Root) is set to simulate physics but Collision Enabled is incompatible
[2015.12.10-08.32.55:265][640]PIE:Warning: Warning Invalid Simulate Options: Body (PawnCarBP2_198.Root) is set to simulate physics but Collision Enabled is incompatible
[2015.12.10-08.32.55:270][640]LogEditorServer: Finished looking for orphan Actors (0.000 secs)
[2015.12.10-08.32.55:311][640]Cmd: MAP CHECKDEP NOCLEARLOG
[2015.12.10-08.32.55:372][640]MapCheck: Info Map check complete: 0 Error(s), 0 Warning(s), took 61.118ms to complete.
[2015.12.10-08.32.55:372][640]LogFileHelpers: Loading map 'Tim' took 0.157
[2015.12.10-08.32.55:382][640]LoadErrors:Error: Error /Game/Maps/Tim : Failed import for PawnCarBP_C /Game/PawnCarBP.Default__PawnCarBP_C [redirection] in /Game/Maps/Tim
[2015.12.10-08.32.55:382][640]LoadErrors:Error: Error /Game/Maps/Tim : Failed import for BoxComponent /Game/PawnCarBP.Default__PawnCarBP_C:Root
[2015.12.10-08.32.55:382][640]LoadErrors:Error: Error /Game/Maps/Tim : Failed import for FloatingPawnMovement /Game/PawnCarBP.Default__PawnCarBP_C:Movement
[2015.12.10-08.32.55:382][640]LoadErrors:Error: Error /Game/Maps/Tim : Failed import for StaticMeshComponent /Game/PawnCarBP.Default__PawnCarBP_C:StaticMesh
[2015.12.10-08.32.56:353][691]LogBlueprintUserMessages: Early PlayInEditor Detection: Level '/Game/Maps/Tim.Tim:PersistentLevel' has LevelScriptBlueprint '/Game/Maps/Tim.Tim:PersistentLevel.Tim' with GeneratedClass '/Game/Maps/Tim.Tim_C' with ClassGeneratedBy '/Game/Maps/Tim.Tim:PersistentLevel.Tim'
[2015.12.10-08.32.56:353][691]LogPlayLevel: PlayLevel: No blueprints needed recompiling
[2015.12.10-08.32.56:354][691]PIE: New page: PIE session: Tim (Dec 10, 2015, 10:32:56 AM)
[2015.12.10-08.32.56:354][691]LogPlayLevel: Creating play world package: /Game/Maps/UEDPIE_0_Tim
[2015.12.10-08.32.56:372][691]LogPlayLevel: PIE: StaticDuplicateObject took: (0.018576s)
[2015.12.10-08.32.56:373][691]LogAIModule: Creating AISystem for world Tim
[2015.12.10-08.32.56:373][691]LogPlayLevel: PIE: World Init took: (0.000722s)
[2015.12.10-08.32.56:373][691]LogPlayLevel: PIE: Created PIE world by copying editor world from /Game/Maps/Tim.Tim to /Game/Maps/UEDPIE_0_Tim.Tim (0.019566s)
[2015.12.10-08.32.56:373][691]LogActorComponent: UnregisterComponent: (/Engine/Transient.Movement) Not registered. Aborting.
[2015.12.10-08.32.56:396][691]LogInit: XAudio2 using 'Speakers (Conexant SmartAudio HD)' : 2 channels at 48 kHz using 32 bits per sample (channel mask 0x3)
[2015.12.10-08.32.56:405][691]LogInit: FAudioDevice initialized.
[2015.12.10-08.32.56:456][691]LogWorld: Game class is 'UnrealProjectGameModeBP_C'
[2015.12.10-08.32.56:463][691]PIE:Warning: Warning Invalid Simulate Options: Body (PawnCarBP_290.Root) is set to simulate physics but Collision Enabled is incompatible
[2015.12.10-08.32.56:463][691]PIE:Warning: Warning Invalid Simulate Options: Body (PawnCarBP_290.Root) is set to simulate physics but Collision Enabled is incompatible
[2015.12.10-08.32.56:464][691]LogPhysics:Warning: FBodyInstance::ApplyMaterialToShape_AssumesLocked : PComplexMats is empty - falling back on simple physical material.
[2015.12.10-08.32.56:464][691]LogPhysics:Warning: FBodyInstance::ApplyMaterialToShape_AssumesLocked : PComplexMats is empty - falling back on simple physical material.
[2015.12.10-08.32.56:464][691]LogPhysics:Warning: FBodyInstance::ApplyMaterialToShape_AssumesLocked : PComplexMats is empty - falling back on simple physical material.
[2015.12.10-08.32.56:464][691]LogPhysics:Warning: FBodyInstance::ApplyMaterialToShape_AssumesLocked : PComplexMats is empty - falling back on simple physical material.
[2015.12.10-08.32.56:464][691]LogPhysics:Warning: FBodyInstance::ApplyMaterialToShape_AssumesLocked : PComplexMats is empty - falling back on simple physical material.
[2015.12.10-08.32.56:464][691]PIE:Warning: Warning Invalid Simulate Options: Body (PawnCarBP2_198.Root) is set to simulate physics but Collision Enabled is incompatible
[2015.12.10-08.32.56:465][691]PIE:Warning: Warning Invalid Simulate Options: Body (PawnCarBP2_198.Root) is set to simulate physics but Collision Enabled is incompatible
[2015.12.10-08.32.56:465][691]LogPhysics:Warning: FBodyInstance::ApplyMaterialToShape_AssumesLocked : PComplexMats is empty - falling back on simple physical material.
[2015.12.10-08.32.56:465][691]LogPhysics:Warning: FBodyInstance::ApplyMaterialToShape_AssumesLocked : PComplexMats is empty - falling back on simple physical material.
[2015.12.10-08.32.56:465][691]LogPhysics:Warning: FBodyInstance::ApplyMaterialToShape_AssumesLocked : PComplexMats is empty - falling back on simple physical material.
[2015.12.10-08.32.56:465][691]LogPhysics:Warning: FBodyInstance::ApplyMaterialToShape_AssumesLocked : PComplexMats is empty - falling back on simple physical material.
[2015.12.10-08.32.56:465][691]LogPhysics:Warning: FBodyInstance::ApplyMaterialToShape_AssumesLocked : PComplexMats is empty - falling back on simple physical material.
[2015.12.10-08.32.56:466][691]LogWorld: Bringing World /Game/Maps/UEDPIE_0_Tim.Tim up for play (max tick rate 60) at 2015.12.10-09.32.56
[2015.12.10-08.32.56:466][691]LogActor:Warning: GameSession /Game/Maps/UEDPIE_0_Tim.Tim:PersistentLevel.GameSession_0 has natively added scene component(s), but none of them were set as the actor's RootComponent - picking one arbitrarily
[2015.12.10-08.32.56:466][691]LogActor:Warning: GameNetworkManager /Game/Maps/UEDPIE_0_Tim.Tim:PersistentLevel.GameNetworkManager_0 has natively added scene component(s), but none of them were set as the actor's RootComponent - picking one arbitrarily
[2015.12.10-08.32.56:467][691]LogWorld: Bringing up level for play took: 0.009638
[2015.12.10-08.32.56:469][691]LogPlayerManagement:Error: Failed to Create Player: A local player already exists for controller ID 0,
[2015.12.10-08.32.56:469][691]LogScript:Warning: Accessed None 'CallFunc_CreatePlayer_ReturnValue'
	UnrealProjectGameModeBP_C /Game/Maps/UEDPIE_0_Tim.Tim:PersistentLevel.UnrealProjectGameModeBP_C_0
	Function /Game/Blueprints/UnrealProjectGameModeBP.UnrealProjectGameModeBP_C:ExecuteUbergraph_UnrealProjectGameModeBP:015C
[2015.12.10-08.32.56:469][691]PIE:Error: Error Accessed None 'CallFunc_CreatePlayer_ReturnValue' from node Possess in graph 'EventGraph' in blueprint UnrealProjectGameModeBP
[2015.12.10-08.32.56:469][691]LogScript:Warning: Accessed None 'CallFunc_CreatePlayer_ReturnValue'
	UnrealProjectGameModeBP_C /Game/Maps/UEDPIE_0_Tim.Tim:PersistentLevel.UnrealProjectGameModeBP_C_0
	Function /Game/Blueprints/UnrealProjectGameModeBP.UnrealProjectGameModeBP_C:ExecuteUbergraph_UnrealProjectGameModeBP:017D
[2015.12.10-08.32.56:469][691]PIE:Error: Error Accessed None 'CallFunc_CreatePlayer_ReturnValue' from node Possess in graph 'EventGraph' in blueprint UnrealProjectGameModeBP
[2015.12.10-08.32.56:469][691]LogBlueprintUserMessages: [UnrealProjectGameModeBP_C_0] Works
[2015.12.10-08.32.56:470][691]LogBlueprintUserMessages: [UnrealProjectGameModeBP_C_0] Works
[2015.12.10-08.32.56:546][691]PIE: Info Play in editor start time for /Game/Maps/UEDPIE_0_Tim 0.989
[2015.12.10-08.32.56:547][691]LogBlueprintUserMessages: Late PlayInEditor Detection: Level '/Game/Maps/Tim.Tim:PersistentLevel' has LevelScriptBlueprint '/Game/Maps/Tim.Tim:PersistentLevel.Tim' with GeneratedClass '/Game/Maps/Tim.Tim_C' with ClassGeneratedBy '/Game/Maps/Tim.Tim:PersistentLevel.Tim'
[2015.12.10-08.32.56:549][691]PIE:Warning: Warning PawnCarBP_290.Root has to have 'CollisionEnabled' set to 'Query and Physics' or 'Physics only' if you'd like to AddTorque. 
[2015.12.10-08.32.56:550][691]PIE:Warning: Warning PawnCarBP2_198.Root has to have 'CollisionEnabled' set to 'Query and Physics' or 'Physics only' if you'd like to AddTorque. 
[2015.12.10-08.32.56:626][692]LogRenderer: Reallocating scene render targets to support 1004x512 (Frame:14).
[2015.12.10-08.32.56:630][692]PIE:Warning: Warning PawnCarBP_290.Root has to have 'CollisionEnabled' set to 'Query and Physics' or 'Physics only' if you'd like to AddTorque. 
[2015.12.10-08.32.56:630][692]PIE:Warning: Warning PawnCarBP2_198.Root has to have 'CollisionEnabled' set to 'Query and Physics' or 'Physics only' if you'd like to AddTorque. 
[2015.12.10-08.32.56:775][693]PIE:Warning: Warning PawnCarBP_290.Root has to have 'CollisionEnabled' set to 'Query and Physics' or 'Physics only' if you'd like to AddTorque. 
[2015.12.10-08.32.56:775][693]PIE:Warning: Warning PawnCarBP2_198.Root has to have 'CollisionEnabled' set to 'Query and Physics' or 'Physics only' if you'd like to AddTorque. 
[2015.12.10-08.32.56:800][694]PIE:Warning: Warning PawnCarBP_290.Root has to have 'CollisionEnabled' set to 'Query and Physics' or 'Physics only' if you'd like to AddTorque. 
[2015.12.10-08.32.56:800][694]PIE:Warning: Warning PawnCarBP2_198.Root has to have 'CollisionEnabled' set to 'Query and Physics' or 'Physics only' if you'd like to AddTorque. 
[2015.12.10-08.32.56:824][695]PIE:Warning: Warning PawnCarBP_290.Root has to have 'CollisionEnabled' set to 'Query and Physics' or 'Physics only' if you'd like to AddTorque. 
[2015.12.10-08.32.56:824][695]PIE:Warning: Warning PawnCarBP2_198.Root has to have 'CollisionEnabled' set to 'Query and Physics' or 'Physics only' if you'd like to AddTorque. 
[2015.12.10-08.32.56:848][696]PIE:Warning: Warning PawnCarBP_290.Root has to have 'CollisionEnabled' set to 'Query and Physics' or 'Physics only' if you'd like to AddTorque. 
[2015.12.10-08.32.56:848][696]PIE:Warning: Warning PawnCarBP2_198.Root has to have 'CollisionEnabled' set to 'Query and Physics' or 'Physics only' if you'd like to AddTorque. 
[2015.12.10-08.32.56:866][697]PIE:Warning: Warning PawnCarBP_290.Root has to have 'CollisionEnabled' set to 'Query and Physics' or 'Physics only' if you'd like to AddTorque. 
[2015.12.10-08.32.56:866][697]PIE:Warning: Warning PawnCarBP2_198.Root has to have 'CollisionEnabled' set to 'Query and Physics' or 'Physics only' if you'd like to AddTorque. 
[2015.12.10-08.32.56:888][698]PIE:Warning: Warning PawnCarBP_290.Root has to have 'CollisionEnabled' set to 'Query and Physics' or 'Physics only' if you'd like to AddTorque. 
[2015.12.10-08.32.56:888][698]PIE:Warning: Warning PawnCarBP2_198.Root has to have 'CollisionEnabled' set to 'Query and Physics' or 'Physics only' if you'd like to AddTorque. 
[2015.12.10-08.32.56:911][699]PIE:Warning: Warning PawnCarBP_290.Root has to have 'CollisionEnabled' set to 'Query and Physics' or 'Physics only' if you'd like to AddTorque. 
[2015.12.10-08.32.56:911][699]PIE:Warning: Warning PawnCarBP2_198.Root has to have 'CollisionEnabled' set to 'Query and Physics' or 'Physics only' if you'd like to AddTorque. 
[2015.12.10-08.32.56:927][700]PIE:Warning: Warning PawnCarBP_290.Root has to have 'CollisionEnabled' set to 'Query and Physics' or 'Physics only' if you'd like to AddTorque. 
[2015.12.10-08.32.56:927][700]PIE:Warning: Warning PawnCarBP2_198.Root has to have 'CollisionEnabled' set to 'Query and Physics' or 'Physics only' if you'd like to AddTorque. 
[2015.12.10-08.32.56:955][701]PIE:Warning: Warning PawnCarBP_290.Root has to have 'CollisionEnabled' set to 'Query and Physics' or 'Physics only' if you'd like to AddTorque. 
[2015.12.10-08.32.56:955][701]PIE:Warning: Warning PawnCarBP2_198.Root has to have 'CollisionEnabled' set to 'Query and Physics' or 'Physics only' if you'd like to AddTorque. 
[2015.12.10-08.32.56:985][702]PIE:Warning: Warning PawnCarBP_290.Root has to have 'CollisionEnabled' set to 'Query and Physics' or 'Physics only' if you'd like to AddTorque. 
[2015.12.10-08.32.56:985][702]PIE:Warning: Warning PawnCarBP2_198.Root has to have 'CollisionEnabled' set to 'Query and Physics' or 'Physics only' if you'd like to AddTorque. 
[2015.12.10-08.32.57:012][703]PIE:Warning: Warning PawnCarBP_290.Root has to have 'CollisionEnabled' set to 'Query and Physics' or 'Physics only' if you'd like to AddTorque. 
[2015.12.10-08.32.57:012][703]PIE:Warning: Warning PawnCarBP2_198.Root has to have 'CollisionEnabled' set to 'Query and Physics' or 'Physics only' if you'd like to AddTorque. 
[2015.12.10-08.32.57:035][704]PIE:Warning: Warning PawnCarBP_290.Root has to have 'CollisionEnabled' set to 'Query and Physics' or 'Physics only' if you'd like to AddTorque. 
[2015.12.10-08.32.57:035][704]PIE:Warning: Warning PawnCarBP2_198.Root has to have 'CollisionEnabled' set to 'Query and Physics' or 'Physics only' if you'd like to AddTorque. 
[2015.12.10-08.32.57:069][705]PIE:Warning: Warning PawnCarBP_290.Root has to have 'CollisionEnabled' set to 'Query and Physics' or 'Physics only' if you'd like to AddTorque. 
[2015.12.10-08.32.57:069][705]PIE:Warning: Warning PawnCarBP2_198.Root has to have 'CollisionEnabled' set to 'Query and Physics' or 'Physics only' if you'd like to AddTorque. 
[2015.12.10-08.32.57:087][706]PIE:Warning: Warning PawnCarBP_290.Root has to have 'CollisionEnabled' set to 'Query and Physics' or 'Physics only' if you'd like to AddTorque. 
[2015.12.10-08.32.57:087][706]PIE:Warning: Warning PawnCarBP2_198.Root has to have 'CollisionEnabled' set to 'Query and Physics' or 'Physics only' if you'd like to AddTorque. 
[2015.12.10-08.32.57:115][707]PIE:Warning: Warning PawnCarBP_290.Root has to have 'CollisionEnabled' set to 'Query and Physics' or 'Physics only' if you'd like to AddTorque. 
[2015.12.10-08.32.57:115][707]PIE:Warning: Warning PawnCarBP2_198.Root has to have 'CollisionEnabled' set to 'Query and Physics' or 'Physics only' if you'd like to AddTorque. 
[2015.12.10-08.32.57:137][708]PIE:Warning: Warning PawnCarBP_290.Root has to have 'CollisionEnabled' set to 'Query and Physics' or 'Physics only' if you'd like to AddTorque. 
[2015.12.10-08.32.57:137][708]PIE:Warning: Warning PawnCarBP2_198.Root has to have 'CollisionEnabled' set to 'Query and Physics' or 'Physics only' if you'd like to AddTorque. 
[2015.12.10-08.32.57:155][709]PIE:Warning: Warning PawnCarBP_290.Root has to have 'CollisionEnabled' set to 'Query and Physics' or 'Physics only' if you'd like to AddTorque. 
[2015.12.10-08.32.57:156][709]PIE:Warning: Warning PawnCarBP2_198.Root has to have 'CollisionEnabled' set to 'Query and Physics' or 'Physics only' if you'd like to AddTorque. 
[2015.12.10-08.32.57:177][710]PIE:Warning: Warning PawnCarBP_290.Root has to have 'CollisionEnabled' set to 'Query and Physics' or 'Physics only' if you'd like to AddTorque. 
[2015.12.10-08.32.57:178][710]PIE:Warning: Warning PawnCarBP2_198.Root has to have 'CollisionEnabled' set to 'Query and Physics' or 'Physics only' if you'd like to AddTorque. 
[2015.12.10-08.32.57:211][711]PIE:Warning: Warning PawnCarBP_290.Root has to have 'CollisionEnabled' set to 'Query and Physics' or 'Physics only' if you'd like to AddTorque. 
[2015.12.10-08.32.57:211][711]PIE:Warning: Warning PawnCarBP2_198.Root has to have 'CollisionEnabled' set to 'Query and Physics' or 'Physics only' if you'd like to AddTorque. 
[2015.12.10-08.32.57:228][712]PIE:Warning: Warning PawnCarBP_290.Root has to have 'CollisionEnabled' set to 'Query and Physics' or 'Physics only' if you'd like to AddTorque. 
[2015.12.10-08.32.57:229][712]PIE:Warning: Warning PawnCarBP2_198.Root has to have 'CollisionEnabled' set to 'Query and Physics' or 'Physics only' if you'd like to AddTorque. 
[2015.12.10-08.32.57:254][713]PIE:Warning: Warning PawnCarBP_290.Root has to have 'CollisionEnabled' set to 'Query and Physics' or 'Physics only' if you'd like to AddTorque. 
[2015.12.10-08.32.57:254][713]PIE:Warning: Warning PawnCarBP2_198.Root has to have 'CollisionEnabled' set to 'Query and Physics' or 'Physics only' if you'd like to AddTorque. 
[2015.12.10-08.32.57:272][714]PIE:Warning: Warning PawnCarBP_290.Root has to have 'CollisionEnabled' set to 'Query and Physics' or 'Physics only' if you'd like to AddTorque. 
[2015.12.10-08.32.57:272][714]PIE:Warning: Warning PawnCarBP2_198.Root has to have 'CollisionEnabled' set to 'Query and Physics' or 'Physics only' if you'd like to AddTorque. 
[2015.12.10-08.32.57:290][715]PIE:Warning: Warning PawnCarBP_290.Root has to have 'CollisionEnabled' set to 'Query and Physics' or 'Physics only' if you'd like to AddTorque. 
[2015.12.10-08.32.57:290][715]PIE:Warning: Warning PawnCarBP2_198.Root has to have 'CollisionEnabled' set to 'Query and Physics' or 'Physics only' if you'd like to AddTorque. 
[2015.12.10-08.32.57:325][716]PIE:Warning: Warning PawnCarBP_290.Root has to have 'CollisionEnabled' set to 'Query and Physics' or 'Physics only' if you'd like to AddTorque. 
[2015.12.10-08.32.57:325][716]PIE:Warning: Warning PawnCarBP2_198.Root has to have 'CollisionEnabled' set to 'Query and Physics' or 'Physics only' if you'd like to AddTorque. 
[2015.12.10-08.32.57:352][717]PIE:Warning: Warning PawnCarBP_290.Root has to have 'CollisionEnabled' set to 'Query and Physics' or 'Physics only' if you'd like to AddTorque. 
[2015.12.10-08.32.57:352][717]PIE:Warning: Warning PawnCarBP2_198.Root has to have 'CollisionEnabled' set to 'Query and Physics' or 'Physics only' if you'd like to AddTorque. 
[2015.12.10-08.32.57:375][718]PIE:Warning: Warning PawnCarBP_290.Root has to have 'CollisionEnabled' set to 'Query and Physics' or 'Physics only' if you'd like to AddTorque. 
[2015.12.10-08.32.57:376][718]PIE:Warning: Warning PawnCarBP2_198.Root has to have 'CollisionEnabled' set to 'Query and Physics' or 'Physics only' if you'd like to AddTorque. 
[2015.12.10-08.32.57:403][719]PIE:Warning: Warning PawnCarBP_290.Root has to have 'CollisionEnabled' set to 'Query and Physics' or 'Physics only' if you'd like to AddTorque. 
[2015.12.10-08.32.57:403][719]PIE:Warning: Warning PawnCarBP2_198.Root has to have 'CollisionEnabled' set to 'Query and Physics' or 'Physics only' if you'd like to AddTorque. 
[2015.12.10-08.32.57:433][720]PIE:Warning: Warning PawnCarBP_290.Root has to have 'CollisionEnabled' set to 'Query and Physics' or 'Physics only' if you'd like to AddTorque. 
[2015.12.10-08.32.57:434][720]PIE:Warning: Warning PawnCarBP2_198.Root has to have 'CollisionEnabled' set to 'Query and Physics' or 'Physics only' if you'd like to AddTorque. 
[2015.12.10-08.32.57:471][721]PIE:Warning: Warning PawnCarBP_290.Root has to have 'CollisionEnabled' set to 'Query and Physics' or 'Physics only' if you'd like to AddTorque. 
[2015.12.10-08.32.57:472][721]PIE:Warning: Warning PawnCarBP2_198.Root has to have 'CollisionEnabled' set to 'Query and Physics' or 'Physics only' if you'd like to AddTorque. 
[2015.12.10-08.32.57:503][722]PIE:Warning: Warning PawnCarBP_290.Root has to have 'CollisionEnabled' set to 'Query and Physics' or 'Physics only' if you'd like to AddTorque. 
[2015.12.10-08.32.57:503][722]PIE:Warning: Warning PawnCarBP2_198.Root has to have 'CollisionEnabled' set to 'Query and Physics' or 'Physics only' if you'd like to AddTorque. 
[2015.12.10-08.32.57:528][723]PIE:Warning: Warning PawnCarBP_290.Root has to have 'CollisionEnabled' set to 'Query and Physics' or 'Physics only' if you'd like to AddTorque. 
[2015.12.10-08.32.57:528][723]PIE:Warning: Warning PawnCarBP2_198.Root has to have 'CollisionEnabled' set to 'Query and Physics' or 'Physics only' if you'd like to AddTorque. 
[2015.12.10-08.32.57:546][724]PIE:Warning: Warning PawnCarBP_290.Root has to have 'CollisionEnabled' set to 'Query and Physics' or 'Physics only' if you'd like to AddTorque. 
[2015.12.10-08.32.57:546][724]PIE:Warning: Warning PawnCarBP2_198.Root has to have 'CollisionEnabled' set to 'Query and Physics' or 'Physics only' if you'd like to AddTorque. 
[2015.12.10-08.32.57:567][725]PIE:Warning: Warning PawnCarBP_290.Root has to have 'CollisionEnabled' set to 'Query and Physics' or 'Physics only' if you'd like to AddTorque. 
[2015.12.10-08.32.57:567][725]PIE:Warning: Warning PawnCarBP2_198.Root has to have 'CollisionEnabled' set to 'Query and Physics' or 'Physics only' if you'd like to AddTorque. 
[2015.12.10-08.32.57:588][726]PIE:Warning: Warning PawnCarBP_290.Root has to have 'CollisionEnabled' set to 'Query and Physics' or 'Physics only' if you'd like to AddTorque. 
[2015.12.10-08.32.57:589][726]PIE:Warning: Warning PawnCarBP2_198.Root has to have 'CollisionEnabled' set to 'Query and Physics' or 'Physics only' if you'd like to AddTorque. 
[2015.12.10-08.32.57:613][727]PIE:Warning: Warning PawnCarBP_290.Root has to have 'CollisionEnabled' set to 'Query and Physics' or 'Physics only' if you'd like to AddTorque. 
[2015.12.10-08.32.57:613][727]PIE:Warning: Warning PawnCarBP2_198.Root has to have 'CollisionEnabled' set to 'Query and Physics' or 'Physics only' if you'd like to AddTorque. 
[2015.12.10-08.32.57:644][728]PIE:Warning: Warning PawnCarBP_290.Root has to have 'CollisionEnabled' set to 'Query and Physics' or 'Physics only' if you'd like to AddTorque. 
[2015.12.10-08.32.57:644][728]PIE:Warning: Warning PawnCarBP2_198.Root has to have 'CollisionEnabled' set to 'Query and Physics' or 'Physics only' if you'd like to AddTorque. 
[2015.12.10-08.32.57:663][729]PIE:Warning: Warning PawnCarBP_290.Root has to have 'CollisionEnabled' set to 'Query and Physics' or 'Physics only' if you'd like to AddTorque. 
[2015.12.10-08.32.57:663][729]PIE:Warning: Warning PawnCarBP2_198.Root has to have 'CollisionEnabled' set to 'Query and Physics' or 'Physics only' if you'd like to AddTorque. 
[2015.12.10-08.32.57:680][730]PIE:Warning: Warning PawnCarBP_290.Root has to have 'CollisionEnabled' set to 'Query and Physics' or 'Physics only' if you'd like to AddTorque. 
[2015.12.10-08.32.57:680][730]PIE:Warning: Warning PawnCarBP2_198.Root has to have 'CollisionEnabled' set to 'Query and Physics' or 'Physics only' if you'd like to AddTorque. 
[2015.12.10-08.32.57:705][731]PIE:Warning: Warning PawnCarBP_290.Root has to have 'CollisionEnabled' set to 'Query and Physics' or 'Physics only' if you'd like to AddTorque. 
[2015.12.10-08.32.57:706][731]PIE:Warning: Warning PawnCarBP2_198.Root has to have 'CollisionEnabled' set to 'Query and Physics' or 'Physics only' if you'd like to AddTorque. 
[2015.12.10-08.32.57:734][732]PIE:Warning: Warning PawnCarBP_290.Root has to have 'CollisionEnabled' set to 'Query and Physics' or 'Physics only' if you'd like to AddTorque. 
[2015.12.10-08.32.57:734][732]PIE:Warning: Warning PawnCarBP2_198.Root has to have 'CollisionEnabled' set to 'Query and Physics' or 'Physics only' if you'd like to AddTorque. 
[2015.12.10-08.32.57:752][733]PIE:Warning: Warning PawnCarBP_290.Root has to have 'CollisionEnabled' set to 'Query and Physics' or 'Physics only' if you'd like to AddTorque. 
[2015.12.10-08.32.57:752][733]PIE:Warning: Warning PawnCarBP2_198.Root has to have 'CollisionEnabled' set to 'Query and Physics' or 'Physics only' if you'd like to AddTorque. 
[2015.12.10-08.32.57:769][734]PIE:Warning: Warning PawnCarBP_290.Root has to have 'CollisionEnabled' set to 'Query and Physics' or 'Physics only' if you'd like to AddTorque. 
[2015.12.10-08.32.57:769][734]PIE:Warning: Warning PawnCarBP2_198.Root has to have 'CollisionEnabled' set to 'Query and Physics' or 'Physics only' if you'd like to AddTorque. 
[2015.12.10-08.32.57:789][735]PIE:Warning: Warning PawnCarBP_290.Root has to have 'CollisionEnabled' set to 'Query and Physics' or 'Physics only' if you'd like to AddTorque. 
[2015.12.10-08.32.57:789][735]PIE:Warning: Warning PawnCarBP2_198.Root has to have 'CollisionEnabled' set to 'Query and Physics' or 'Physics only' if you'd like to AddTorque. 
[2015.12.10-08.32.57:818][736]PIE:Warning: Warning PawnCarBP_290.Root has to have 'CollisionEnabled' set to 'Query and Physics' or 'Physics only' if you'd like to AddTorque. 
[2015.12.10-08.32.57:818][736]PIE:Warning: Warning PawnCarBP2_198.Root has to have 'CollisionEnabled' set to 'Query and Physics' or 'Physics only' if you'd like to AddTorque. 
[2015.12.10-08.32.57:841][737]PIE:Warning: Warning PawnCarBP_290.Root has to have 'CollisionEnabled' set to 'Query and Physics' or 'Physics only' if you'd like to AddTorque. 
[2015.12.10-08.32.57:841][737]PIE:Warning: Warning PawnCarBP2_198.Root has to have 'CollisionEnabled' set to 'Query and Physics' or 'Physics only' if you'd like to AddTorque. 
[2015.12.10-08.32.57:873][738]PIE:Warning: Warning PawnCarBP_290.Root has to have 'CollisionEnabled' set to 'Query and Physics' or 'Physics only' if you'd like to AddTorque. 
[2015.12.10-08.32.57:873][738]PIE:Warning: Warning PawnCarBP2_198.Root has to have 'CollisionEnabled' set to 'Query and Physics' or 'Physics only' if you'd like to AddTorque. 
[2015.12.10-08.32.57:889][739]PIE:Warning: Warning PawnCarBP_290.Root has to have 'CollisionEnabled' set to 'Query and Physics' or 'Physics only' if you'd like to AddTorque. 
[2015.12.10-08.32.57:889][739]PIE:Warning: Warning PawnCarBP2_198.Root has to have 'CollisionEnabled' set to 'Query and Physics' or 'Physics only' if you'd like to AddTorque. 
[2015.12.10-08.32.57:918][740]PIE:Warning: Warning PawnCarBP_290.Root has to have 'CollisionEnabled' set to 'Query and Physics' or 'Physics only' if you'd like to AddTorque. 
[2015.12.10-08.32.57:918][740]PIE:Warning: Warning PawnCarBP2_198.Root has to have 'CollisionEnabled' set to 'Query and Physics' or 'Physics only' if you'd like to AddTorque. 
[2015.12.10-08.32.57:940][741]PIE:Warning: Warning PawnCarBP_290.Root has to have 'CollisionEnabled' set to 'Query and Physics' or 'Physics only' if you'd like to AddTorque. 
[2015.12.10-08.32.57:940][741]PIE:Warning: Warning PawnCarBP2_198.Root has to have 'CollisionEnabled' set to 'Query and Physics' or 'Physics only' if you'd like to AddTorque. 
[2015.12.10-08.32.57:963][742]PIE:Warning: Warning PawnCarBP_290.Root has to have 'CollisionEnabled' set to 'Query and Physics' or 'Physics only' if you'd like to AddTorque. 
[2015.12.10-08.32.57:964][742]PIE:Warning: Warning PawnCarBP2_198.Root has to have 'CollisionEnabled' set to 'Query and Physics' or 'Physics only' if you'd like to AddTorque. 
[2015.12.10-08.32.57:981][743]PIE:Warning: Warning PawnCarBP_290.Root has to have 'CollisionEnabled' set to 'Query and Physics' or 'Physics only' if you'd like to AddTorque. 
[2015.12.10-08.32.57:981][743]PIE:Warning: Warning PawnCarBP2_198.Root has to have 'CollisionEnabled' set to 'Query and Physics' or 'Physics only' if you'd like to AddTorque. 
[2015.12.10-08.32.58:000][744]PIE:Warning: Warning PawnCarBP_290.Root has to have 'CollisionEnabled' set to 'Query and Physics' or 'Physics only' if you'd like to AddTorque. 
[2015.12.10-08.32.58:000][744]PIE:Warning: Warning PawnCarBP2_198.Root has to have 'CollisionEnabled' set to 'Query and Physics' or 'Physics only' if you'd like to AddTorque. 
[2015.12.10-08.32.58:023][745]PIE:Warning: Warning PawnCarBP_290.Root has to have 'CollisionEnabled' set to 'Query and Physics' or 'Physics only' if you'd like to AddTorque. 
[2015.12.10-08.32.58:023][745]PIE:Warning: Warning PawnCarBP2_198.Root has to have 'CollisionEnabled' set to 'Query and Physics' or 'Physics only' if you'd like to AddTorque. 
[2015.12.10-08.32.58:041][746]PIE:Warning: Warning PawnCarBP_290.Root has to have 'CollisionEnabled' set to 'Query and Physics' or 'Physics only' if you'd like to AddTorque. 
[2015.12.10-08.32.58:041][746]PIE:Warning: Warning PawnCarBP2_198.Root has to have 'CollisionEnabled' set to 'Query and Physics' or 'Physics only' if you'd like to AddTorque. 
[2015.12.10-08.32.58:059][747]PIE:Warning: Warning PawnCarBP_290.Root has to have 'CollisionEnabled' set to 'Query and Physics' or 'Physics only' if you'd like to AddTorque. 
[2015.12.10-08.32.58:060][747]PIE:Warning: Warning PawnCarBP2_198.Root has to have 'CollisionEnabled' set to 'Query and Physics' or 'Physics only' if you'd like to AddTorque. 
[2015.12.10-08.32.58:086][748]PIE:Warning: Warning PawnCarBP_290.Root has to have 'CollisionEnabled' set to 'Query and Physics' or 'Physics only' if you'd like to AddTorque. 
[2015.12.10-08.32.58:089][748]PIE:Warning: Warning PawnCarBP2_198.Root has to have 'CollisionEnabled' set to 'Query and Physics' or 'Physics only' if you'd like to AddTorque. 
[2015.12.10-08.32.58:114][749]PIE:Warning: Warning PawnCarBP_290.Root has to have 'CollisionEnabled' set to 'Query and Physics' or 'Physics only' if you'd like to AddTorque. 
[2015.12.10-08.32.58:114][749]PIE:Warning: Warning PawnCarBP2_198.Root has to have 'CollisionEnabled' set to 'Query and Physics' or 'Physics only' if you'd like to AddTorque. 
[2015.12.10-08.32.58:133][750]PIE:Warning: Warning PawnCarBP_290.Root has to have 'CollisionEnabled' set to 'Query and Physics' or 'Physics only' if you'd like to AddTorque. 
[2015.12.10-08.32.58:133][750]PIE:Warning: Warning PawnCarBP2_198.Root has to have 'CollisionEnabled' set to 'Query and Physics' or 'Physics only' if you'd like to AddTorque. 
[2015.12.10-08.32.58:152][751]PIE:Warning: Warning PawnCarBP_290.Root has to have 'CollisionEnabled' set to 'Query and Physics' or 'Physics only' if you'd like to AddTorque. 
[2015.12.10-08.32.58:152][751]PIE:Warning: Warning PawnCarBP2_198.Root has to have 'CollisionEnabled' set to 'Query and Physics' or 'Physics only' if you'd like to AddTorque. 
[2015.12.10-08.32.58:180][752]PIE:Warning: Warning PawnCarBP_290.Root has to have 'CollisionEnabled' set to 'Query and Physics' or 'Physics only' if you'd like to AddTorque. 
[2015.12.10-08.32.58:180][752]PIE:Warning: Warning PawnCarBP2_198.Root has to have 'CollisionEnabled' set to 'Query and Physics' or 'Physics only' if you'd like to AddTorque. 
[2015.12.10-08.32.58:210][753]PIE:Warning: Warning PawnCarBP_290.Root has to have 'CollisionEnabled' set to 'Query and Physics' or 'Physics only' if you'd like to AddTorque. 
[2015.12.10-08.32.58:211][753]PIE:Warning: Warning PawnCarBP2_198.Root has to have 'CollisionEnabled' set to 'Query and Physics' or 'Physics only' if you'd like to AddTorque. 
[2015.12.10-08.32.58:243][754]PIE:Warning: Warning PawnCarBP_290.Root has to have 'CollisionEnabled' set to 'Query and Physics' or 'Physics only' if you'd like to AddTorque. 
[2015.12.10-08.32.58:243][754]PIE:Warning: Warning PawnCarBP2_198.Root has to have 'CollisionEnabled' set to 'Query and Physics' or 'Physics only' if you'd like to AddTorque. 
[2015.12.10-08.32.58:261][755]PIE:Warning: Warning PawnCarBP_290.Root has to have 'CollisionEnabled' set to 'Query and Physics' or 'Physics only' if you'd like to AddTorque. 
[2015.12.10-08.32.58:261][755]PIE:Warning: Warning PawnCarBP2_198.Root has to have 'CollisionEnabled' set to 'Query and Physics' or 'Physics only' if you'd like to AddTorque. 
[2015.12.10-08.32.58:279][756]PIE:Warning: Warning PawnCarBP_290.Root has to have 'CollisionEnabled' set to 'Query and Physics' or 'Physics only' if you'd like to AddTorque. 
[2015.12.10-08.32.58:279][756]PIE:Warning: Warning PawnCarBP2_198.Root has to have 'CollisionEnabled' set to 'Query and Physics' or 'Physics only' if you'd like to AddTorque. 
[2015.12.10-08.32.58:299][757]PIE:Warning: Warning PawnCarBP_290.Root has to have 'CollisionEnabled' set to 'Query and Physics' or 'Physics only' if you'd like to AddTorque. 
[2015.12.10-08.32.58:299][757]PIE:Warning: Warning PawnCarBP2_198.Root has to have 'CollisionEnabled' set to 'Query and Physics' or 'Physics only' if you'd like to AddTorque. 
[2015.12.10-08.32.58:320][758]PIE:Warning: Warning PawnCarBP_290.Root has to have 'CollisionEnabled' set to 'Query and Physics' or 'Physics only' if you'd like to AddTorque. 
[2015.12.10-08.32.58:320][758]PIE:Warning: Warning PawnCarBP2_198.Root has to have 'CollisionEnabled' set to 'Query and Physics' or 'Physics only' if you'd like to AddTorque. 
[2015.12.10-08.32.58:348][759]PIE:Warning: Warning PawnCarBP_290.Root has to have 'CollisionEnabled' set to 'Query and Physics' or 'Physics only' if you'd like to AddTorque. 
[2015.12.10-08.32.58:348][759]PIE:Warning: Warning PawnCarBP2_198.Root has to have 'CollisionEnabled' set to 'Query and Physics' or 'Physics only' if you'd like to AddTorque. 
[2015.12.10-08.32.58:370][760]PIE:Warning: Warning PawnCarBP_290.Root has to have 'CollisionEnabled' set to 'Query and Physics' or 'Physics only' if you'd like to AddTorque. 
[2015.12.10-08.32.58:370][760]PIE:Warning: Warning PawnCarBP2_198.Root has to have 'CollisionEnabled' set to 'Query and Physics' or 'Physics only' if you'd like to AddTorque. 
[2015.12.10-08.32.58:415][761]PIE:Warning: Warning PawnCarBP_290.Root has to have 'CollisionEnabled' set to 'Query and Physics' or 'Physics only' if you'd like to AddTorque. 
[2015.12.10-08.32.58:415][761]PIE:Warning: Warning PawnCarBP2_198.Root has to have 'CollisionEnabled' set to 'Query and Physics' or 'Physics only' if you'd like to AddTorque. 
[2015.12.10-08.32.58:447][762]PIE:Warning: Warning PawnCarBP_290.Root has to have 'CollisionEnabled' set to 'Query and Physics' or 'Physics only' if you'd like to AddTorque. 
[2015.12.10-08.32.58:447][762]PIE:Warning: Warning PawnCarBP2_198.Root has to have 'CollisionEnabled' set to 'Query and Physics' or 'Physics only' if you'd like to AddTorque. 
[2015.12.10-08.32.58:475][763]PIE:Warning: Warning PawnCarBP_290.Root has to have 'CollisionEnabled' set to 'Query and Physics' or 'Physics only' if you'd like to AddTorque. 
[2015.12.10-08.32.58:475][763]PIE:Warning: Warning PawnCarBP2_198.Root has to have 'CollisionEnabled' set to 'Query and Physics' or 'Physics only' if you'd like to AddTorque. 
[2015.12.10-08.32.58:501][764]PIE:Warning: Warning PawnCarBP_290.Root has to have 'CollisionEnabled' set to 'Query and Physics' or 'Physics only' if you'd like to AddTorque. 
[2015.12.10-08.32.58:501][764]PIE:Warning: Warning PawnCarBP2_198.Root has to have 'CollisionEnabled' set to 'Query and Physics' or 'Physics only' if you'd like to AddTorque. 
[2015.12.10-08.32.58:518][765]PIE:Warning: Warning PawnCarBP_290.Root has to have 'CollisionEnabled' set to 'Query and Physics' or 'Physics only' if you'd like to AddTorque. 
[2015.12.10-08.32.58:518][765]PIE:Warning: Warning PawnCarBP2_198.Root has to have 'CollisionEnabled' set to 'Query and Physics' or 'Physics only' if you'd like to AddTorque. 
[2015.12.10-08.32.58:539][766]PIE:Warning: Warning PawnCarBP_290.Root has to have 'CollisionEnabled' set to 'Query and Physics' or 'Physics only' if you'd like to AddTorque. 
[2015.12.10-08.32.58:539][766]PIE:Warning: Warning PawnCarBP2_198.Root has to have 'CollisionEnabled' set to 'Query and Physics' or 'Physics only' if you'd like to AddTorque. 
[2015.12.10-08.32.58:560][767]PIE:Warning: Warning PawnCarBP_290.Root has to have 'CollisionEnabled' set to 'Query and Physics' or 'Physics only' if you'd like to AddTorque. 
[2015.12.10-08.32.58:560][767]PIE:Warning: Warning PawnCarBP2_198.Root has to have 'CollisionEnabled' set to 'Query and Physics' or 'Physics only' if you'd like to AddTorque. 
[2015.12.10-08.32.58:581][768]PIE:Warning: Warning PawnCarBP_290.Root has to have 'CollisionEnabled' set to 'Query and Physics' or 'Physics only' if you'd like to AddTorque. 
[2015.12.10-08.32.58:581][768]PIE:Warning: Warning PawnCarBP2_198.Root has to have 'CollisionEnabled' set to 'Query and Physics' or 'Physics only' if you'd like to AddTorque. 
[2015.12.10-08.32.58:601][769]PIE:Warning: Warning PawnCarBP_290.Root has to have 'CollisionEnabled' set to 'Query and Physics' or 'Physics only' if you'd like to AddTorque. 
[2015.12.10-08.32.58:602][769]PIE:Warning: Warning PawnCarBP2_198.Root has to have 'CollisionEnabled' set to 'Query and Physics' or 'Physics only' if you'd like to AddTorque. 
[2015.12.10-08.32.58:620][770]PIE:Warning: Warning PawnCarBP_290.Root has to have 'CollisionEnabled' set to 'Query and Physics' or 'Physics only' if you'd like to AddTorque. 
[2015.12.10-08.32.58:620][770]PIE:Warning: Warning PawnCarBP2_198.Root has to have 'CollisionEnabled' set to 'Query and Physics' or 'Physics only' if you'd like to AddTorque. 
[2015.12.10-08.32.58:637][771]PIE:Warning: Warning PawnCarBP_290.Root has to have 'CollisionEnabled' set to 'Query and Physics' or 'Physics only' if you'd like to AddTorque. 
[2015.12.10-08.32.58:637][771]PIE:Warning: Warning PawnCarBP2_198.Root has to have 'CollisionEnabled' set to 'Query and Physics' or 'Physics only' if you'd like to AddTorque. 
[2015.12.10-08.32.58:661][772]PIE:Warning: Warning PawnCarBP_290.Root has to have 'CollisionEnabled' set to 'Query and Physics' or 'Physics only' if you'd like to AddTorque. 
[2015.12.10-08.32.58:661][772]PIE:Warning: Warning PawnCarBP2_198.Root has to have 'CollisionEnabled' set to 'Query and Physics' or 'Physics only' if you'd like to AddTorque. 
[2015.12.10-08.32.58:681][773]PIE:Warning: Warning PawnCarBP_290.Root has to have 'CollisionEnabled' set to 'Query and Physics' or 'Physics only' if you'd like to AddTorque. 
[2015.12.10-08.32.58:681][773]PIE:Warning: Warning PawnCarBP2_198.Root has to have 'CollisionEnabled' set to 'Query and Physics' or 'Physics only' if you'd like to AddTorque. 
[2015.12.10-08.32.58:704][774]PIE:Warning: Warning PawnCarBP_290.Root has to have 'CollisionEnabled' set to 'Query and Physics' or 'Physics only' if you'd like to AddTorque. 
[2015.12.10-08.32.58:705][774]PIE:Warning: Warning PawnCarBP2_198.Root has to have 'CollisionEnabled' set to 'Query and Physics' or 'Physics only' if you'd like to AddTorque. 
[2015.12.10-08.32.58:734][775]PIE:Warning: Warning PawnCarBP_290.Root has to have 'CollisionEnabled' set to 'Query and Physics' or 'Physics only' if you'd like to AddTorque. 
[2015.12.10-08.32.58:735][775]PIE:Warning: Warning PawnCarBP2_198.Root has to have 'CollisionEnabled' set to 'Query and Physics' or 'Physics only' if you'd like to AddTorque. 
[2015.12.10-08.32.58:750][776]PIE:Warning: Warning PawnCarBP_290.Root has to have 'CollisionEnabled' set to 'Query and Physics' or 'Physics only' if you'd like to AddTorque. 
[2015.12.10-08.32.58:751][776]PIE:Warning: Warning PawnCarBP2_198.Root has to have 'CollisionEnabled' set to 'Query and Physics' or 'Physics only' if you'd like to AddTorque. 
[2015.12.10-08.32.58:769][777]PIE:Warning: Warning PawnCarBP_290.Root has to have 'CollisionEnabled' set to 'Query and Physics' or 'Physics only' if you'd like to AddTorque. 
[2015.12.10-08.32.58:769][777]PIE:Warning: Warning PawnCarBP2_198.Root has to have 'CollisionEnabled' set to 'Query and Physics' or 'Physics only' if you'd like to AddTorque. 
[2015.12.10-08.32.58:793][778]PIE:Warning: Warning PawnCarBP_290.Root has to have 'CollisionEnabled' set to 'Query and Physics' or 'Physics only' if you'd like to AddTorque. 
[2015.12.10-08.32.58:793][778]PIE:Warning: Warning PawnCarBP2_198.Root has to have 'CollisionEnabled' set to 'Query and Physics' or 'Physics only' if you'd like to AddTorque. 
[2015.12.10-08.32.58:810][779]PIE:Warning: Warning PawnCarBP_290.Root has to have 'CollisionEnabled' set to 'Query and Physics' or 'Physics only' if you'd like to AddTorque. 
[2015.12.10-08.32.58:810][779]PIE:Warning: Warning PawnCarBP2_198.Root has to have 'CollisionEnabled' set to 'Query and Physics' or 'Physics only' if you'd like to AddTorque. 
[2015.12.10-08.32.58:837][780]PIE:Warning: Warning PawnCarBP_290.Root has to have 'CollisionEnabled' set to 'Query and Physics' or 'Physics only' if you'd like to AddTorque. 
[2015.12.10-08.32.58:837][780]PIE:Warning: Warning PawnCarBP2_198.Root has to have 'CollisionEnabled' set to 'Query and Physics' or 'Physics only' if you'd like to AddTorque. 
[2015.12.10-08.32.58:855][781]PIE:Warning: Warning PawnCarBP_290.Root has to have 'CollisionEnabled' set to 'Query and Physics' or 'Physics only' if you'd like to AddTorque. 
[2015.12.10-08.32.58:855][781]PIE:Warning: Warning PawnCarBP2_198.Root has to have 'CollisionEnabled' set to 'Query and Physics' or 'Physics only' if you'd like to AddTorque. 
[2015.12.10-08.32.58:875][782]PIE:Warning: Warning PawnCarBP_290.Root has to have 'CollisionEnabled' set to 'Query and Physics' or 'Physics only' if you'd like to AddTorque. 
[2015.12.10-08.32.58:875][782]PIE:Warning: Warning PawnCarBP2_198.Root has to have 'CollisionEnabled' set to 'Query and Physics' or 'Physics only' if you'd like to AddTorque. 
[2015.12.10-08.32.58:898][783]PIE:Warning: Warning PawnCarBP_290.Root has to have 'CollisionEnabled' set to 'Query and Physics' or 'Physics only' if you'd like to AddTorque. 
[2015.12.10-08.32.58:899][783]PIE:Warning: Warning PawnCarBP2_198.Root has to have 'CollisionEnabled' set to 'Query and Physics' or 'Physics only' if you'd like to AddTorque. 
[2015.12.10-08.32.58:919][784]PIE:Warning: Warning PawnCarBP_290.Root has to have 'CollisionEnabled' set to 'Query and Physics' or 'Physics only' if you'd like to AddTorque. 
[2015.12.10-08.32.58:919][784]PIE:Warning: Warning PawnCarBP2_198.Root has to have 'CollisionEnabled' set to 'Query and Physics' or 'Physics only' if you'd like to AddTorque. 
[2015.12.10-08.32.58:937][785]PIE:Warning: Warning PawnCarBP_290.Root has to have 'CollisionEnabled' set to 'Query and Physics' or 'Physics only' if you'd like to AddTorque. 
[2015.12.10-08.32.58:937][785]PIE:Warning: Warning PawnCarBP2_198.Root has to have 'CollisionEnabled' set to 'Query and Physics' or 'Physics only' if you'd like to AddTorque. 
[2015.12.10-08.32.58:956][786]PIE:Warning: Warning PawnCarBP_290.Root has to have 'CollisionEnabled' set to 'Query and Physics' or 'Physics only' if you'd like to AddTorque. 
[2015.12.10-08.32.58:956][786]PIE:Warning: Warning PawnCarBP2_198.Root has to have 'CollisionEnabled' set to 'Query and Physics' or 'Physics only' if you'd like to AddTorque. 
[2015.12.10-08.32.58:992][787]PIE:Warning: Warning PawnCarBP_290.Root has to have 'CollisionEnabled' set to 'Query and Physics' or 'Physics only' if you'd like to AddTorque. 
[2015.12.10-08.32.58:992][787]PIE:Warning: Warning PawnCarBP2_198.Root has to have 'CollisionEnabled' set to 'Query and Physics' or 'Physics only' if you'd like to AddTorque. 
[2015.12.10-08.32.59:008][788]PIE:Warning: Warning PawnCarBP_290.Root has to have 'CollisionEnabled' set to 'Query and Physics' or 'Physics only' if you'd like to AddTorque. 
[2015.12.10-08.32.59:009][788]PIE:Warning: Warning PawnCarBP2_198.Root has to have 'CollisionEnabled' set to 'Query and Physics' or 'Physics only' if you'd like to AddTorque. 
[2015.12.10-08.32.59:036][789]PIE:Warning: Warning PawnCarBP_290.Root has to have 'CollisionEnabled' set to 'Query and Physics' or 'Physics only' if you'd like to AddTorque. 
[2015.12.10-08.32.59:036][789]PIE:Warning: Warning PawnCarBP2_198.Root has to have 'CollisionEnabled' set to 'Query and Physics' or 'Physics only' if you'd like to AddTorque. 
[2015.12.10-08.32.59:059][790]PIE:Warning: Warning PawnCarBP_290.Root has to have 'CollisionEnabled' set to 'Query and Physics' or 'Physics only' if you'd like to AddTorque. 
[2015.12.10-08.32.59:059][790]PIE:Warning: Warning PawnCarBP2_198.Root has to have 'CollisionEnabled' set to 'Query and Physics' or 'Physics only' if you'd like to AddTorque. 
[2015.12.10-08.32.59:076][791]PIE:Warning: Warning PawnCarBP_290.Root has to have 'CollisionEnabled' set to 'Query and Physics' or 'Physics only' if you'd like to AddTorque. 
[2015.12.10-08.32.59:076][791]PIE:Warning: Warning PawnCarBP2_198.Root has to have 'CollisionEnabled' set to 'Query and Physics' or 'Physics only' if you'd like to AddTorque. 
[2015.12.10-08.32.59:102][792]PIE:Warning: Warning PawnCarBP_290.Root has to have 'CollisionEnabled' set to 'Query and Physics' or 'Physics only' if you'd like to AddTorque. 
[2015.12.10-08.32.59:103][792]PIE:Warning: Warning PawnCarBP2_198.Root has to have 'CollisionEnabled' set to 'Query and Physics' or 'Physics only' if you'd like to AddTorque. 
[2015.12.10-08.32.59:121][793]PIE:Warning: Warning PawnCarBP_290.Root has to have 'CollisionEnabled' set to 'Query and Physics' or 'Physics only' if you'd like to AddTorque. 
[2015.12.10-08.32.59:122][793]PIE:Warning: Warning PawnCarBP2_198.Root has to have 'CollisionEnabled' set to 'Query and Physics' or 'Physics only' if you'd like to AddTorque. 
[2015.12.10-08.32.59:161][794]PIE:Warning: Warning PawnCarBP_290.Root has to have 'CollisionEnabled' set to 'Query and Physics' or 'Physics only' if you'd like to AddTorque. 
[2015.12.10-08.32.59:161][794]PIE:Warning: Warning PawnCarBP2_198.Root has to have 'CollisionEnabled' set to 'Query and Physics' or 'Physics only' if you'd like to AddTorque. 
[2015.12.10-08.32.59:183][795]PIE:Warning: Warning PawnCarBP_290.Root has to have 'CollisionEnabled' set to 'Query and Physics' or 'Physics only' if you'd like to AddTorque. 
[2015.12.10-08.32.59:183][795]PIE:Warning: Warning PawnCarBP2_198.Root has to have 'CollisionEnabled' set to 'Query and Physics' or 'Physics only' if you'd like to AddTorque. 
[2015.12.10-08.32.59:202][796]PIE:Warning: Warning PawnCarBP_290.Root has to have 'CollisionEnabled' set to 'Query and Physics' or 'Physics only' if you'd like to AddTorque. 
[2015.12.10-08.32.59:202][796]PIE:Warning: Warning PawnCarBP2_198.Root has to have 'CollisionEnabled' set to 'Query and Physics' or 'Physics only' if you'd like to AddTorque. 
[2015.12.10-08.32.59:229][797]PIE:Warning: Warning PawnCarBP_290.Root has to have 'CollisionEnabled' set to 'Query and Physics' or 'Physics only' if you'd like to AddTorque. 
[2015.12.10-08.32.59:229][797]PIE:Warning: Warning PawnCarBP2_198.Root has to have 'CollisionEnabled' set to 'Query and Physics' or 'Physics only' if you'd like to AddTorque. 
[2015.12.10-08.32.59:253][798]PIE:Warning: Warning PawnCarBP_290.Root has to have 'CollisionEnabled' set to 'Query and Physics' or 'Physics only' if you'd like to AddTorque. 
[2015.12.10-08.32.59:254][798]PIE:Warning: Warning PawnCarBP2_198.Root has to have 'CollisionEnabled' set to 'Query and Physics' or 'Physics only' if you'd like to AddTorque. 
[2015.12.10-08.32.59:274][799]PIE:Warning: Warning PawnCarBP_290.Root has to have 'CollisionEnabled' set to 'Query and Physics' or 'Physics only' if you'd like to AddTorque. 
[2015.12.10-08.32.59:275][799]PIE:Warning: Warning PawnCarBP2_198.Root has to have 'CollisionEnabled' set to 'Query and Physics' or 'Physics only' if you'd like to AddTorque. 
[2015.12.10-08.32.59:299][800]PIE:Warning: Warning PawnCarBP_290.Root has to have 'CollisionEnabled' set to 'Query and Physics' or 'Physics only' if you'd like to AddTorque. 
[2015.12.10-08.32.59:299][800]PIE:Warning: Warning PawnCarBP2_198.Root has to have 'CollisionEnabled' set to 'Query and Physics' or 'Physics only' if you'd like to AddTorque. 
[2015.12.10-08.32.59:325][801]PIE:Warning: Warning PawnCarBP_290.Root has to have 'CollisionEnabled' set to 'Query and Physics' or 'Physics only' if you'd like to AddTorque. 
[2015.12.10-08.32.59:325][801]PIE:Warning: Warning PawnCarBP2_198.Root has to have 'CollisionEnabled' set to 'Query and Physics' or 'Physics only' if you'd like to AddTorque. 
[2015.12.10-08.32.59:343][802]PIE:Warning: Warning PawnCarBP_290.Root has to have 'CollisionEnabled' set to 'Query and Physics' or 'Physics only' if you'd like to AddTorque. 
[2015.12.10-08.32.59:343][802]PIE:Warning: Warning PawnCarBP2_198.Root has to have 'CollisionEnabled' set to 'Query and Physics' or 'Physics only' if you'd like to AddTorque. 
[2015.12.10-08.32.59:361][803]PIE:Warning: Warning PawnCarBP_290.Root has to have 'CollisionEnabled' set to 'Query and Physics' or 'Physics only' if you'd like to AddTorque. 
[2015.12.10-08.32.59:361][803]PIE:Warning: Warning PawnCarBP2_198.Root has to have 'CollisionEnabled' set to 'Query and Physics' or 'Physics only' if you'd like to AddTorque. 
[2015.12.10-08.32.59:391][804]PIE:Warning: Warning PawnCarBP_290.Root has to have 'CollisionEnabled' set to 'Query and Physics' or 'Physics only' if you'd like to AddTorque. 
[2015.12.10-08.32.59:391][804]PIE:Warning: Warning PawnCarBP2_198.Root has to have 'CollisionEnabled' set to 'Query and Physics' or 'Physics only' if you'd like to AddTorque. 
[2015.12.10-08.32.59:410][805]PIE:Warning: Warning PawnCarBP_290.Root has to have 'CollisionEnabled' set to 'Query and Physics' or 'Physics only' if you'd like to AddTorque. 
[2015.12.10-08.32.59:411][805]PIE:Warning: Warning PawnCarBP2_198.Root has to have 'CollisionEnabled' set to 'Query and Physics' or 'Physics only' if you'd like to AddTorque. 
[2015.12.10-08.32.59:433][806]PIE:Warning: Warning PawnCarBP_290.Root has to have 'CollisionEnabled' set to 'Query and Physics' or 'Physics only' if you'd like to AddTorque. 
[2015.12.10-08.32.59:433][806]PIE:Warning: Warning PawnCarBP2_198.Root has to have 'CollisionEnabled' set to 'Query and Physics' or 'Physics only' if you'd like to AddTorque. 
[2015.12.10-08.32.59:450][807]PIE:Warning: Warning PawnCarBP_290.Root has to have 'CollisionEnabled' set to 'Query and Physics' or 'Physics only' if you'd like to AddTorque. 
[2015.12.10-08.32.59:450][807]PIE:Warning: Warning PawnCarBP2_198.Root has to have 'CollisionEnabled' set to 'Query and Physics' or 'Physics only' if you'd like to AddTorque. 
[2015.12.10-08.32.59:467][808]PIE:Warning: Warning PawnCarBP_290.Root has to have 'CollisionEnabled' set to 'Query and Physics' or 'Physics only' if you'd like to AddTorque. 
[2015.12.10-08.32.59:468][808]PIE:Warning: Warning PawnCarBP2_198.Root has to have 'CollisionEnabled' set to 'Query and Physics' or 'Physics only' if you'd like to AddTorque. 
[2015.12.10-08.32.59:792][809]PIE:Warning: Warning PawnCarBP_290.Root has to have 'CollisionEnabled' set to 'Query and Physics' or 'Physics only' if you'd like to AddTorque. 
[2015.12.10-08.32.59:792][809]PIE:Warning: Warning PawnCarBP2_198.Root has to have 'CollisionEnabled' set to 'Query and Physics' or 'Physics only' if you'd like to AddTorque. 
[2015.12.10-08.32.59:809][810]PIE:Warning: Warning PawnCarBP_290.Root has to have 'CollisionEnabled' set to 'Query and Physics' or 'Physics only' if you'd like to AddTorque. 
[2015.12.10-08.32.59:810][810]PIE:Warning: Warning PawnCarBP2_198.Root has to have 'CollisionEnabled' set to 'Query and Physics' or 'Physics only' if you'd like to AddTorque. 
[2015.12.10-08.32.59:823][811]PIE:Warning: Warning PawnCarBP_290.Root has to have 'CollisionEnabled' set to 'Query and Physics' or 'Physics only' if you'd like to AddTorque. 
[2015.12.10-08.32.59:823][811]PIE:Warning: Warning PawnCarBP2_198.Root has to have 'CollisionEnabled' set to 'Query and Physics' or 'Physics only' if you'd like to AddTorque. 
[2015.12.10-08.32.59:844][812]PIE:Warning: Warning PawnCarBP_290.Root has to have 'CollisionEnabled' set to 'Query and Physics' or 'Physics only' if you'd like to AddTorque. 
[2015.12.10-08.32.59:844][812]PIE:Warning: Warning PawnCarBP2_198.Root has to have 'CollisionEnabled' set to 'Query and Physics' or 'Physics only' if you'd like to AddTorque. 
[2015.12.10-08.32.59:862][813]PIE:Warning: Warning PawnCarBP_290.Root has to have 'CollisionEnabled' set to 'Query and Physics' or 'Physics only' if you'd like to AddTorque. 
[2015.12.10-08.32.59:862][813]PIE:Warning: Warning PawnCarBP2_198.Root has to have 'CollisionEnabled' set to 'Query and Physics' or 'Physics only' if you'd like to AddTorque. 
[2015.12.10-08.32.59:879][814]PIE:Warning: Warning PawnCarBP_290.Root has to have 'CollisionEnabled' set to 'Query and Physics' or 'Physics only' if you'd like to AddTorque. 
[2015.12.10-08.32.59:880][814]PIE:Warning: Warning PawnCarBP2_198.Root has to have 'CollisionEnabled' set to 'Query and Physics' or 'Physics only' if you'd like to AddTorque. 
[2015.12.10-08.32.59:900][815]PIE:Warning: Warning PawnCarBP_290.Root has to have 'CollisionEnabled' set to 'Query and Physics' or 'Physics only' if you'd like to AddTorque. 
[2015.12.10-08.32.59:900][815]PIE:Warning: Warning PawnCarBP2_198.Root has to have 'CollisionEnabled' set to 'Query and Physics' or 'Physics only' if you'd like to AddTorque. 
[2015.12.10-08.32.59:918][816]PIE:Warning: Warning PawnCarBP_290.Root has to have 'CollisionEnabled' set to 'Query and Physics' or 'Physics only' if you'd like to AddTorque. 
[2015.12.10-08.32.59:918][816]PIE:Warning: Warning PawnCarBP2_198.Root has to have 'CollisionEnabled' set to 'Query and Physics' or 'Physics only' if you'd like to AddTorque. 
[2015.12.10-08.32.59:939][817]PIE:Warning: Warning PawnCarBP_290.Root has to have 'CollisionEnabled' set to 'Query and Physics' or 'Physics only' if you'd like to AddTorque. 
[2015.12.10-08.32.59:939][817]PIE:Warning: Warning PawnCarBP2_198.Root has to have 'CollisionEnabled' set to 'Query and Physics' or 'Physics only' if you'd like to AddTorque. 
[2015.12.10-08.32.59:967][818]PIE:Warning: Warning PawnCarBP_290.Root has to have 'CollisionEnabled' set to 'Query and Physics' or 'Physics only' if you'd like to AddTorque. 
[2015.12.10-08.32.59:967][818]PIE:Warning: Warning PawnCarBP2_198.Root has to have 'CollisionEnabled' set to 'Query and Physics' or 'Physics only' if you'd like to AddTorque. 
[2015.12.10-08.32.59:985][819]PIE:Warning: Warning PawnCarBP_290.Root has to have 'CollisionEnabled' set to 'Query and Physics' or 'Physics only' if you'd like to AddTorque. 
[2015.12.10-08.32.59:985][819]PIE:Warning: Warning PawnCarBP2_198.Root has to have 'CollisionEnabled' set to 'Query and Physics' or 'Physics only' if you'd like to AddTorque. 
[2015.12.10-08.33.00:008][820]PIE:Warning: Warning PawnCarBP_290.Root has to have 'CollisionEnabled' set to 'Query and Physics' or 'Physics only' if you'd like to AddTorque. 
[2015.12.10-08.33.00:009][820]PIE:Warning: Warning PawnCarBP2_198.Root has to have 'CollisionEnabled' set to 'Query and Physics' or 'Physics only' if you'd like to AddTorque. 
[2015.12.10-08.33.00:035][821]PIE:Warning: Warning PawnCarBP_290.Root has to have 'CollisionEnabled' set to 'Query and Physics' or 'Physics only' if you'd like to AddTorque. 
[2015.12.10-08.33.00:035][821]PIE:Warning: Warning PawnCarBP2_198.Root has to have 'CollisionEnabled' set to 'Query and Physics' or 'Physics only' if you'd like to AddTorque. 
[2015.12.10-08.33.00:056][822]PIE:Warning: Warning PawnCarBP_290.Root has to have 'CollisionEnabled' set to 'Query and Physics' or 'Physics only' if you'd like to AddTorque. 
[2015.12.10-08.33.00:056][822]PIE:Warning: Warning PawnCarBP2_198.Root has to have 'CollisionEnabled' set to 'Query and Physics' or 'Physics only' if you'd like to AddTorque. 
[2015.12.10-08.33.00:082][823]PIE:Warning: Warning PawnCarBP_290.Root has to have 'CollisionEnabled' set to 'Query and Physics' or 'Physics only' if you'd like to AddTorque. 
[2015.12.10-08.33.00:082][823]PIE:Warning: Warning PawnCarBP2_198.Root has to have 'CollisionEnabled' set to 'Query and Physics' or 'Physics only' if you'd like to AddTorque. 
[2015.12.10-08.33.00:103][824]PIE:Warning: Warning PawnCarBP_290.Root has to have 'CollisionEnabled' set to 'Query and Physics' or 'Physics only' if you'd like to AddTorque. 
[2015.12.10-08.33.00:103][824]PIE:Warning: Warning PawnCarBP2_198.Root has to have 'CollisionEnabled' set to 'Query and Physics' or 'Physics only' if you'd like to AddTorque. 
[2015.12.10-08.33.00:125][825]PIE:Warning: Warning PawnCarBP_290.Root has to have 'CollisionEnabled' set to 'Query and Physics' or 'Physics only' if you'd like to AddTorque. 
[2015.12.10-08.33.00:126][825]PIE:Warning: Warning PawnCarBP2_198.Root has to have 'CollisionEnabled' set to 'Query and Physics' or 'Physics only' if you'd like to AddTorque. 
[2015.12.10-08.33.00:147][826]PIE:Warning: Warning PawnCarBP_290.Root has to have 'CollisionEnabled' set to 'Query and Physics' or 'Physics only' if you'd like to AddTorque. 
[2015.12.10-08.33.00:147][826]PIE:Warning: Warning PawnCarBP2_198.Root has to have 'CollisionEnabled' set to 'Query and Physics' or 'Physics only' if you'd like to AddTorque. 
[2015.12.10-08.33.00:194][827]PIE:Warning: Warning PawnCarBP_290.Root has to have 'CollisionEnabled' set to 'Query and Physics' or 'Physics only' if you'd like to AddTorque. 
[2015.12.10-08.33.00:194][827]PIE:Warning: Warning PawnCarBP2_198.Root has to have 'CollisionEnabled' set to 'Query and Physics' or 'Physics only' if you'd like to AddTorque. 
[2015.12.10-08.33.00:218][828]PIE:Warning: Warning PawnCarBP_290.Root has to have 'CollisionEnabled' set to 'Query and Physics' or 'Physics only' if you'd like to AddTorque. 
[2015.12.10-08.33.00:218][828]PIE:Warning: Warning PawnCarBP2_198.Root has to have 'CollisionEnabled' set to 'Query and Physics' or 'Physics only' if you'd like to AddTorque. 
[2015.12.10-08.33.00:235][829]PIE:Warning: Warning PawnCarBP_290.Root has to have 'CollisionEnabled' set to 'Query and Physics' or 'Physics only' if you'd like to AddTorque. 
[2015.12.10-08.33.00:236][829]PIE:Warning: Warning PawnCarBP2_198.Root has to have 'CollisionEnabled' set to 'Query and Physics' or 'Physics only' if you'd like to AddTorque. 
[2015.12.10-08.33.00:254][830]PIE:Warning: Warning PawnCarBP_290.Root has to have 'CollisionEnabled' set to 'Query and Physics' or 'Physics only' if you'd like to AddTorque. 
[2015.12.10-08.33.00:254][830]PIE:Warning: Warning PawnCarBP2_198.Root has to have 'CollisionEnabled' set to 'Query and Physics' or 'Physics only' if you'd like to AddTorque. 
[2015.12.10-08.33.00:273][831]PIE:Warning: Warning PawnCarBP_290.Root has to have 'CollisionEnabled' set to 'Query and Physics' or 'Physics only' if you'd like to AddTorque. 
[2015.12.10-08.33.00:273][831]PIE:Warning: Warning PawnCarBP2_198.Root has to have 'CollisionEnabled' set to 'Query and Physics' or 'Physics only' if you'd like to AddTorque. 
[2015.12.10-08.33.00:294][832]PIE:Warning: Warning PawnCarBP_290.Root has to have 'CollisionEnabled' set to 'Query and Physics' or 'Physics only' if you'd like to AddTorque. 
[2015.12.10-08.33.00:294][832]PIE:Warning: Warning PawnCarBP2_198.Root has to have 'CollisionEnabled' set to 'Query and Physics' or 'Physics only' if you'd like to AddTorque. 
[2015.12.10-08.33.00:312][833]PIE:Warning: Warning PawnCarBP_290.Root has to have 'CollisionEnabled' set to 'Query and Physics' or 'Physics only' if you'd like to AddTorque. 
[2015.12.10-08.33.00:313][833]PIE:Warning: Warning PawnCarBP2_198.Root has to have 'CollisionEnabled' set to 'Query and Physics' or 'Physics only' if you'd like to AddTorque. 
[2015.12.10-08.33.00:330][834]PIE:Warning: Warning PawnCarBP_290.Root has to have 'CollisionEnabled' set to 'Query and Physics' or 'Physics only' if you'd like to AddTorque. 
[2015.12.10-08.33.00:330][834]PIE:Warning: Warning PawnCarBP2_198.Root has to have 'CollisionEnabled' set to 'Query and Physics' or 'Physics only' if you'd like to AddTorque. 
[2015.12.10-08.33.00:354][835]PIE:Warning: Warning PawnCarBP_290.Root has to have 'CollisionEnabled' set to 'Query and Physics' or 'Physics only' if you'd like to AddTorque. 
[2015.12.10-08.33.00:354][835]PIE:Warning: Warning PawnCarBP2_198.Root has to have 'CollisionEnabled' set to 'Query and Physics' or 'Physics only' if you'd like to AddTorque. 
[2015.12.10-08.33.00:384][836]PIE:Warning: Warning PawnCarBP_290.Root has to have 'CollisionEnabled' set to 'Query and Physics' or 'Physics only' if you'd like to AddTorque. 
[2015.12.10-08.33.00:384][836]PIE:Warning: Warning PawnCarBP2_198.Root has to have 'CollisionEnabled' set to 'Query and Physics' or 'Physics only' if you'd like to AddTorque. 
[2015.12.10-08.33.00:401][837]PIE:Warning: Warning PawnCarBP_290.Root has to have 'CollisionEnabled' set to 'Query and Physics' or 'Physics only' if you'd like to AddTorque. 
[2015.12.10-08.33.00:401][837]PIE:Warning: Warning PawnCarBP2_198.Root has to have 'CollisionEnabled' set to 'Query and Physics' or 'Physics only' if you'd like to AddTorque. 
[2015.12.10-08.33.00:423][838]PIE:Warning: Warning PawnCarBP_290.Root has to have 'CollisionEnabled' set to 'Query and Physics' or 'Physics only' if you'd like to AddTorque. 
[2015.12.10-08.33.00:423][838]PIE:Warning: Warning PawnCarBP2_198.Root has to have 'CollisionEnabled' set to 'Query and Physics' or 'Physics only' if you'd like to AddTorque. 
[2015.12.10-08.33.00:439][839]PIE:Warning: Warning PawnCarBP_290.Root has to have 'CollisionEnabled' set to 'Query and Physics' or 'Physics only' if you'd like to AddTorque. 
[2015.12.10-08.33.00:440][839]PIE:Warning: Warning PawnCarBP2_198.Root has to have 'CollisionEnabled' set to 'Query and Physics' or 'Physics only' if you'd like to AddTorque. 
[2015.12.10-08.33.00:460][840]PIE:Warning: Warning PawnCarBP_290.Root has to have 'CollisionEnabled' set to 'Query and Physics' or 'Physics only' if you'd like to AddTorque. 
[2015.12.10-08.33.00:460][840]PIE:Warning: Warning PawnCarBP2_198.Root has to have 'CollisionEnabled' set to 'Query and Physics' or 'Physics only' if you'd like to AddTorque. 
[2015.12.10-08.33.00:481][841]PIE:Warning: Warning PawnCarBP_290.Root has to have 'CollisionEnabled' set to 'Query and Physics' or 'Physics only' if you'd like to AddTorque. 
[2015.12.10-08.33.00:481][841]PIE:Warning: Warning PawnCarBP2_198.Root has to have 'CollisionEnabled' set to 'Query and Physics' or 'Physics only' if you'd like to AddTorque. 
[2015.12.10-08.33.00:499][842]PIE:Warning: Warning PawnCarBP_290.Root has to have 'CollisionEnabled' set to 'Query and Physics' or 'Physics only' if you'd like to AddTorque. 
[2015.12.10-08.33.00:499][842]PIE:Warning: Warning PawnCarBP2_198.Root has to have 'CollisionEnabled' set to 'Query and Physics' or 'Physics only' if you'd like to AddTorque. 
[2015.12.10-08.33.00:519][843]PIE:Warning: Warning PawnCarBP_290.Root has to have 'CollisionEnabled' set to 'Query and Physics' or 'Physics only' if you'd like to AddTorque. 
[2015.12.10-08.33.00:519][843]PIE:Warning: Warning PawnCarBP2_198.Root has to have 'CollisionEnabled' set to 'Query and Physics' or 'Physics only' if you'd like to AddTorque. 
[2015.12.10-08.33.00:546][844]PIE:Warning: Warning PawnCarBP_290.Root has to have 'CollisionEnabled' set to 'Query and Physics' or 'Physics only' if you'd like to AddTorque. 
[2015.12.10-08.33.00:547][844]PIE:Warning: Warning PawnCarBP2_198.Root has to have 'CollisionEnabled' set to 'Query and Physics' or 'Physics only' if you'd like to AddTorque. 
[2015.12.10-08.33.00:565][845]PIE:Warning: Warning PawnCarBP_290.Root has to have 'CollisionEnabled' set to 'Query and Physics' or 'Physics only' if you'd like to AddTorque. 
[2015.12.10-08.33.00:565][845]PIE:Warning: Warning PawnCarBP2_198.Root has to have 'CollisionEnabled' set to 'Query and Physics' or 'Physics only' if you'd like to AddTorque. 
[2015.12.10-08.33.00:584][846]PIE:Warning: Warning PawnCarBP_290.Root has to have 'CollisionEnabled' set to 'Query and Physics' or 'Physics only' if you'd like to AddTorque. 
[2015.12.10-08.33.00:584][846]PIE:Warning: Warning PawnCarBP2_198.Root has to have 'CollisionEnabled' set to 'Query and Physics' or 'Physics only' if you'd like to AddTorque. 
[2015.12.10-08.33.00:610][847]PIE:Warning: Warning PawnCarBP_290.Root has to have 'CollisionEnabled' set to 'Query and Physics' or 'Physics only' if you'd like to AddTorque. 
[2015.12.10-08.33.00:610][847]PIE:Warning: Warning PawnCarBP2_198.Root has to have 'CollisionEnabled' set to 'Query and Physics' or 'Physics only' if you'd like to AddTorque. 
[2015.12.10-08.33.00:629][848]PIE:Warning: Warning PawnCarBP_290.Root has to have 'CollisionEnabled' set to 'Query and Physics' or 'Physics only' if you'd like to AddTorque. 
[2015.12.10-08.33.00:629][848]PIE:Warning: Warning PawnCarBP2_198.Root has to have 'CollisionEnabled' set to 'Query and Physics' or 'Physics only' if you'd like to AddTorque. 
[2015.12.10-08.33.00:648][849]PIE:Warning: Warning PawnCarBP_290.Root has to have 'CollisionEnabled' set to 'Query and Physics' or 'Physics only' if you'd like to AddTorque. 
[2015.12.10-08.33.00:648][849]PIE:Warning: Warning PawnCarBP2_198.Root has to have 'CollisionEnabled' set to 'Query and Physics' or 'Physics only' if you'd like to AddTorque. 
[2015.12.10-08.33.00:678][850]PIE:Warning: Warning PawnCarBP_290.Root has to have 'CollisionEnabled' set to 'Query and Physics' or 'Physics only' if you'd like to AddTorque. 
[2015.12.10-08.33.00:679][850]PIE:Warning: Warning PawnCarBP2_198.Root has to have 'CollisionEnabled' set to 'Query and Physics' or 'Physics only' if you'd like to AddTorque. 
[2015.12.10-08.33.00:726][851]PIE:Warning: Warning PawnCarBP_290.Root has to have 'CollisionEnabled' set to 'Query and Physics' or 'Physics only' if you'd like to AddTorque. 
[2015.12.10-08.33.00:727][851]PIE:Warning: Warning PawnCarBP2_198.Root has to have 'CollisionEnabled' set to 'Query and Physics' or 'Physics only' if you'd like to AddTorque. 
[2015.12.10-08.33.00:747][852]PIE:Warning: Warning PawnCarBP_290.Root has to have 'CollisionEnabled' set to 'Query and Physics' or 'Physics only' if you'd like to AddTorque. 
[2015.12.10-08.33.00:747][852]PIE:Warning: Warning PawnCarBP2_198.Root has to have 'CollisionEnabled' set to 'Query and Physics' or 'Physics only' if you'd like to AddTorque. 
[2015.12.10-08.33.00:768][853]PIE:Warning: Warning PawnCarBP_290.Root has to have 'CollisionEnabled' set to 'Query and Physics' or 'Physics only' if you'd like to AddTorque. 
[2015.12.10-08.33.00:768][853]PIE:Warning: Warning PawnCarBP2_198.Root has to have 'CollisionEnabled' set to 'Query and Physics' or 'Physics only' if you'd like to AddTorque. 
[2015.12.10-08.33.00:786][854]PIE:Warning: Warning PawnCarBP_290.Root has to have 'CollisionEnabled' set to 'Query and Physics' or 'Physics only' if you'd like to AddTorque. 
[2015.12.10-08.33.00:786][854]PIE:Warning: Warning PawnCarBP2_198.Root has to have 'CollisionEnabled' set to 'Query and Physics' or 'Physics only' if you'd like to AddTorque. 
[2015.12.10-08.33.00:801][855]PIE:Warning: Warning PawnCarBP_290.Root has to have 'CollisionEnabled' set to 'Query and Physics' or 'Physics only' if you'd like to AddTorque. 
[2015.12.10-08.33.00:802][855]PIE:Warning: Warning PawnCarBP2_198.Root has to have 'CollisionEnabled' set to 'Query and Physics' or 'Physics only' if you'd like to AddTorque. 
[2015.12.10-08.33.00:824][856]PIE:Warning: Warning PawnCarBP_290.Root has to have 'CollisionEnabled' set to 'Query and Physics' or 'Physics only' if you'd like to AddTorque. 
[2015.12.10-08.33.00:824][856]PIE:Warning: Warning PawnCarBP2_198.Root has to have 'CollisionEnabled' set to 'Query and Physics' or 'Physics only' if you'd like to AddTorque. 
[2015.12.10-08.33.00:843][857]PIE:Warning: Warning PawnCarBP_290.Root has to have 'CollisionEnabled' set to 'Query and Physics' or 'Physics only' if you'd like to AddTorque. 
[2015.12.10-08.33.00:843][857]PIE:Warning: Warning PawnCarBP2_198.Root has to have 'CollisionEnabled' set to 'Query and Physics' or 'Physics only' if you'd like to AddTorque. 
[2015.12.10-08.33.00:866][858]PIE:Warning: Warning PawnCarBP_290.Root has to have 'CollisionEnabled' set to 'Query and Physics' or 'Physics only' if you'd like to AddTorque. 
[2015.12.10-08.33.00:866][858]PIE:Warning: Warning PawnCarBP2_198.Root has to have 'CollisionEnabled' set to 'Query and Physics' or 'Physics only' if you'd like to AddTorque. 
[2015.12.10-08.33.00:890][859]PIE:Warning: Warning PawnCarBP_290.Root has to have 'CollisionEnabled' set to 'Query and Physics' or 'Physics only' if you'd like to AddTorque. 
[2015.12.10-08.33.00:891][859]PIE:Warning: Warning PawnCarBP2_198.Root has to have 'CollisionEnabled' set to 'Query and Physics' or 'Physics only' if you'd like to AddTorque. 
[2015.12.10-08.33.00:911][860]PIE:Warning: Warning PawnCarBP_290.Root has to have 'CollisionEnabled' set to 'Query and Physics' or 'Physics only' if you'd like to AddTorque. 
[2015.12.10-08.33.00:911][860]PIE:Warning: Warning PawnCarBP2_198.Root has to have 'CollisionEnabled' set to 'Query and Physics' or 'Physics only' if you'd like to AddTorque. 
[2015.12.10-08.33.00:928][861]PIE:Warning: Warning PawnCarBP_290.Root has to have 'CollisionEnabled' set to 'Query and Physics' or 'Physics only' if you'd like to AddTorque. 
[2015.12.10-08.33.00:929][861]PIE:Warning: Warning PawnCarBP2_198.Root has to have 'CollisionEnabled' set to 'Query and Physics' or 'Physics only' if you'd like to AddTorque. 
[2015.12.10-08.33.00:946][862]PIE:Warning: Warning PawnCarBP_290.Root has to have 'CollisionEnabled' set to 'Query and Physics' or 'Physics only' if you'd like to AddTorque. 
[2015.12.10-08.33.00:946][862]PIE:Warning: Warning PawnCarBP2_198.Root has to have 'CollisionEnabled' set to 'Query and Physics' or 'Physics only' if you'd like to AddTorque. 
[2015.12.10-08.33.00:970][863]PIE:Warning: Warning PawnCarBP_290.Root has to have 'CollisionEnabled' set to 'Query and Physics' or 'Physics only' if you'd like to AddTorque. 
[2015.12.10-08.33.00:970][863]PIE:Warning: Warning PawnCarBP2_198.Root has to have 'CollisionEnabled' set to 'Query and Physics' or 'Physics only' if you'd like to AddTorque. 
[2015.12.10-08.33.00:991][864]PIE:Warning: Warning PawnCarBP_290.Root has to have 'CollisionEnabled' set to 'Query and Physics' or 'Physics only' if you'd like to AddTorque. 
[2015.12.10-08.33.00:991][864]PIE:Warning: Warning PawnCarBP2_198.Root has to have 'CollisionEnabled' set to 'Query and Physics' or 'Physics only' if you'd like to AddTorque. 
[2015.12.10-08.33.01:013][865]PIE:Warning: Warning PawnCarBP_290.Root has to have 'CollisionEnabled' set to 'Query and Physics' or 'Physics only' if you'd like to AddTorque. 
[2015.12.10-08.33.01:014][865]PIE:Warning: Warning PawnCarBP2_198.Root has to have 'CollisionEnabled' set to 'Query and Physics' or 'Physics only' if you'd like to AddTorque. 
[2015.12.10-08.33.01:039][866]LogBlueprintUserMessages: Early EndPlayMap Detection: Level '/Game/Maps/Tim.Tim:PersistentLevel' has LevelScriptBlueprint '/Game/Maps/Tim.Tim:PersistentLevel.Tim' with GeneratedClass '/Game/Maps/Tim.Tim_C' with ClassGeneratedBy '/Game/Maps/Tim.Tim:PersistentLevel.Tim'
[2015.12.10-08.33.01:101][866]LogPhysics:Warning: FBodyInstance::ApplyMaterialToShape_AssumesLocked : PComplexMats is empty - falling back on simple physical material.
[2015.12.10-08.33.01:101][866]LogPhysics:Warning: FBodyInstance::ApplyMaterialToShape_AssumesLocked : PComplexMats is empty - falling back on simple physical material.
[2015.12.10-08.33.01:124][866]LogBlueprintUserMessages: Late EndPlayMap Detection: Level '/Game/Maps/Tim.Tim:PersistentLevel' has LevelScriptBlueprint '/Game/Maps/Tim.Tim:PersistentLevel.Tim' with GeneratedClass '/Game/Maps/Tim.Tim_C' with ClassGeneratedBy '/Game/Maps/Tim.Tim:PersistentLevel.Tim'
[2015.12.10-08.33.01:186][866]LogParticles: Destroying 0 GPU particle simulations for FXSystem 0x00000267D411FC40
[2015.12.10-08.33.02:765][938]LogAIModule: Creating AISystem for world Simon
[2015.12.10-08.33.02:831][938]Cmd: MAP LOAD FILE="C:/Users/Simon/Documents/GitHub/MAH_Arena_UnrealProject/UnrealProject/Content/Maps/Simon.umap" TEMPLATE=0 SHOWPROGRESS=1 FEATURELEVEL=3
[2015.12.10-08.33.02:831][938]LightingResults: New page: Lighting Build
[2015.12.10-08.33.02:864][938]LoadErrors: New page: Loading map: Simon.umap
[2015.12.10-08.33.02:865][938]MapCheck: New page: Map Check
[2015.12.10-08.33.02:865][938]LightingResults: New page: Lighting Build
[2015.12.10-08.33.02:931][938]LogParticles: Destroying 0 GPU particle simulations for FXSystem 0x00000267B6A445E0
[2015.12.10-08.33.02:967][938]PIE:Warning: Warning Invalid Simulate Options: Body (PawnCarBP_668.Root) is set to simulate physics but Collision Enabled is incompatible
[2015.12.10-08.33.02:967][938]PIE:Warning: Warning Invalid Simulate Options: Body (PawnCarBP_668.Root) is set to simulate physics but Collision Enabled is incompatible
[2015.12.10-08.33.02:968][938]PIE:Warning: Warning Invalid Simulate Options: Body (PawnCarBP2_404.Root) is set to simulate physics but Collision Enabled is incompatible
[2015.12.10-08.33.02:968][938]PIE:Warning: Warning Invalid Simulate Options: Body (PawnCarBP2_404.Root) is set to simulate physics but Collision Enabled is incompatible
[2015.12.10-08.33.02:983][938]LogEditorServer: Finished looking for orphan Actors (0.000 secs)
[2015.12.10-08.33.03:076][938]Cmd: MAP CHECKDEP NOCLEARLOG
[2015.12.10-08.33.03:186][938]MapCheck: Info Map check complete: 0 Error(s), 0 Warning(s), took 109.582ms to complete.
[2015.12.10-08.33.03:187][938]LogFileHelpers: Loading map 'Simon' took 0.358
[2015.12.10-08.33.03:194][938]LoadErrors:Error: Error /Game/Maps/Simon : Failed import for PawnCarBP_C /Game/PawnCarBP.Default__PawnCarBP_C [redirection] in /Game/Maps/Simon
[2015.12.10-08.33.03:195][938]LoadErrors:Error: Error /Game/Maps/Simon : Failed import for BoxComponent /Game/PawnCarBP.Default__PawnCarBP_C:Root
[2015.12.10-08.33.03:195][938]LoadErrors:Error: Error /Game/Maps/Simon : Failed import for FloatingPawnMovement /Game/PawnCarBP.Default__PawnCarBP_C:Movement
[2015.12.10-08.33.03:195][938]LoadErrors:Error: Error /Game/Maps/Simon : Failed import for StaticMeshComponent /Game/PawnCarBP.Default__PawnCarBP_C:StaticMesh
[2015.12.10-08.33.06:125][ 71]LogEditorViewport: Clicking on Actor (LMB): PawnCarBP_C (PawnCarBP2)
[2015.12.10-08.33.19:496][830]PIE:Warning: Warning Invalid Simulate Options: Body (PawnCarBP2_404.Root) is set to simulate physics but Collision Enabled is incompatible
[2015.12.10-08.33.19:497][830]PIE:Warning: Warning Invalid Simulate Options: Body (PawnCarBP2_404.Root) is set to simulate physics but Collision Enabled is incompatible
[2015.12.10-08.33.20:450][883]LogBlueprintUserMessages: Early PlayInEditor Detection: Level '/Game/Maps/Simon.Simon:PersistentLevel' has LevelScriptBlueprint '/Game/Maps/Simon.Simon:PersistentLevel.Simon' with GeneratedClass '/Game/Maps/Simon.Simon_C' with ClassGeneratedBy '/Game/Maps/Simon.Simon:PersistentLevel.Simon'
[2015.12.10-08.33.20:450][883]LogPlayLevel: PlayLevel: No blueprints needed recompiling
[2015.12.10-08.33.20:450][883]PIE: New page: PIE session: Simon (Dec 10, 2015, 10:33:20 AM)
[2015.12.10-08.33.20:450][883]LogPlayLevel: Creating play world package: /Game/Maps/UEDPIE_0_Simon
[2015.12.10-08.33.20:458][883]LogPlayLevel: PIE: StaticDuplicateObject took: (0.007820s)
[2015.12.10-08.33.20:459][883]LogAIModule: Creating AISystem for world Simon
[2015.12.10-08.33.20:459][883]LogPlayLevel: PIE: World Init took: (0.001059s)
[2015.12.10-08.33.20:460][883]LogPlayLevel: PIE: Created PIE world by copying editor world from /Game/Maps/Simon.Simon to /Game/Maps/UEDPIE_0_Simon.Simon (0.009148s)
[2015.12.10-08.33.20:485][883]LogInit: XAudio2 using 'Speakers (Conexant SmartAudio HD)' : 2 channels at 48 kHz using 32 bits per sample (channel mask 0x3)
[2015.12.10-08.33.20:493][883]LogInit: FAudioDevice initialized.
[2015.12.10-08.33.20:532][883]LogWorld: Game class is 'UnrealProjectGameModeBP_C'
[2015.12.10-08.33.20:536][883]PIE:Warning: Warning Invalid Simulate Options: Body (PawnCarBP_668.Root) is set to simulate physics but Collision Enabled is incompatible
[2015.12.10-08.33.20:536][883]PIE:Warning: Warning Invalid Simulate Options: Body (PawnCarBP_668.Root) is set to simulate physics but Collision Enabled is incompatible
[2015.12.10-08.33.20:536][883]LogPhysics:Warning: FBodyInstance::ApplyMaterialToShape_AssumesLocked : PComplexMats is empty - falling back on simple physical material.
[2015.12.10-08.33.20:536][883]LogPhysics:Warning: FBodyInstance::ApplyMaterialToShape_AssumesLocked : PComplexMats is empty - falling back on simple physical material.
[2015.12.10-08.33.20:536][883]LogPhysics:Warning: FBodyInstance::ApplyMaterialToShape_AssumesLocked : PComplexMats is empty - falling back on simple physical material.
[2015.12.10-08.33.20:537][883]LogPhysics:Warning: FBodyInstance::ApplyMaterialToShape_AssumesLocked : PComplexMats is empty - falling back on simple physical material.
[2015.12.10-08.33.20:537][883]LogPhysics:Warning: FBodyInstance::ApplyMaterialToShape_AssumesLocked : PComplexMats is empty - falling back on simple physical material.
[2015.12.10-08.33.20:537][883]PIE:Warning: Warning Invalid Simulate Options: Body (PawnCarBP2_404.Root) is set to simulate physics but Collision Enabled is incompatible
[2015.12.10-08.33.20:537][883]PIE:Warning: Warning Invalid Simulate Options: Body (PawnCarBP2_404.Root) is set to simulate physics but Collision Enabled is incompatible
[2015.12.10-08.33.20:537][883]LogPhysics:Warning: FBodyInstance::ApplyMaterialToShape_AssumesLocked : PComplexMats is empty - falling back on simple physical material.
[2015.12.10-08.33.20:537][883]LogPhysics:Warning: FBodyInstance::ApplyMaterialToShape_AssumesLocked : PComplexMats is empty - falling back on simple physical material.
[2015.12.10-08.33.20:537][883]LogPhysics:Warning: FBodyInstance::ApplyMaterialToShape_AssumesLocked : PComplexMats is empty - falling back on simple physical material.
[2015.12.10-08.33.20:537][883]LogPhysics:Warning: FBodyInstance::ApplyMaterialToShape_AssumesLocked : PComplexMats is empty - falling back on simple physical material.
[2015.12.10-08.33.20:537][883]LogPhysics:Warning: FBodyInstance::ApplyMaterialToShape_AssumesLocked : PComplexMats is empty - falling back on simple physical material.
[2015.12.10-08.33.20:537][883]LogWorld: Bringing World /Game/Maps/UEDPIE_0_Simon.Simon up for play (max tick rate 60) at 2015.12.10-09.33.20
[2015.12.10-08.33.20:537][883]LogActor:Warning: GameSession /Game/Maps/UEDPIE_0_Simon.Simon:PersistentLevel.GameSession_1 has natively added scene component(s), but none of them were set as the actor's RootComponent - picking one arbitrarily
[2015.12.10-08.33.20:538][883]LogActor:Warning: GameNetworkManager /Game/Maps/UEDPIE_0_Simon.Simon:PersistentLevel.GameNetworkManager_1 has natively added scene component(s), but none of them were set as the actor's RootComponent - picking one arbitrarily
[2015.12.10-08.33.20:538][883]LogWorld: Bringing up level for play took: 0.005065
[2015.12.10-08.33.20:539][883]LogPlayerManagement:Error: Failed to Create Player: A local player already exists for controller ID 0,
[2015.12.10-08.33.20:539][883]LogScript:Warning: Accessed None 'CallFunc_CreatePlayer_ReturnValue'
	UnrealProjectGameModeBP_C /Game/Maps/UEDPIE_0_Simon.Simon:PersistentLevel.UnrealProjectGameModeBP_C_1
	Function /Game/Blueprints/UnrealProjectGameModeBP.UnrealProjectGameModeBP_C:ExecuteUbergraph_UnrealProjectGameModeBP:015C
[2015.12.10-08.33.20:539][883]PIE:Error: Error Accessed None 'CallFunc_CreatePlayer_ReturnValue' from node Possess in graph 'EventGraph' in blueprint UnrealProjectGameModeBP
[2015.12.10-08.33.20:539][883]LogScript:Warning: Accessed None 'CallFunc_CreatePlayer_ReturnValue'
	UnrealProjectGameModeBP_C /Game/Maps/UEDPIE_0_Simon.Simon:PersistentLevel.UnrealProjectGameModeBP_C_1
	Function /Game/Blueprints/UnrealProjectGameModeBP.UnrealProjectGameModeBP_C:ExecuteUbergraph_UnrealProjectGameModeBP:017D
[2015.12.10-08.33.20:539][883]PIE:Error: Error Accessed None 'CallFunc_CreatePlayer_ReturnValue' from node Possess in graph 'EventGraph' in blueprint UnrealProjectGameModeBP
[2015.12.10-08.33.20:539][883]LogBlueprintUserMessages: [UnrealProjectGameModeBP_C_1] Works
[2015.12.10-08.33.20:541][883]LogBlueprintUserMessages: [UnrealProjectGameModeBP_C_1] Works
[2015.12.10-08.33.20:589][883]PIE: Info Play in editor start time for /Game/Maps/UEDPIE_0_Simon 1.032
[2015.12.10-08.33.20:589][883]LogBlueprintUserMessages: Late PlayInEditor Detection: Level '/Game/Maps/Simon.Simon:PersistentLevel' has LevelScriptBlueprint '/Game/Maps/Simon.Simon:PersistentLevel.Simon' with GeneratedClass '/Game/Maps/Simon.Simon_C' with ClassGeneratedBy '/Game/Maps/Simon.Simon:PersistentLevel.Simon'
[2015.12.10-08.33.20:590][883]PIE:Warning: Warning PawnCarBP2_404.Root has to have 'CollisionEnabled' set to 'Query and Physics' or 'Physics only' if you'd like to AddTorque. 
[2015.12.10-08.33.20:964][883]LogCrashTracker: 


[2015.12.10-08.33.20:964][883]LogCrashTracker: 


[2015.12.10-08.33.20:964][883]LogWindows: === Critical error: ===
Fatal error!



[2015.12.10-08.33.21:210][883]LogExit: Executing StaticShutdownAfterError
[2015.12.10-08.33.21:215][883]LogPhysics:Warning: PHYSX: ..\..\PhysX\src\NpScene.cpp (2946) 8 : PxScene::unlockWrite() called without matching call to PxScene::lockWrite(), behaviour will be undefined.
[2015.12.10-08.33.21:215][883]LogPhysics:Warning: PHYSX: ..\..\PhysX\src\NpScene.cpp (2946) 8 : PxScene::unlockWrite() called without matching call to PxScene::lockWrite(), behaviour will be undefined.
[2015.12.10-08.33.21:215][883]LogPhysics:Warning: PHYSX: ..\..\PhysX\src\NpScene.cpp (2946) 8 : PxScene::unlockWrite() called without matching call to PxScene::lockWrite(), behaviour will be undefined.
[2015.12.10-08.33.21:215][883]LogPhysics:Warning: PHYSX: ..\..\PhysX\src\NpScene.cpp (2946) 8 : PxScene::unlockWrite() called without matching call to PxScene::lockWrite(), behaviour will be undefined.
[2015.12.10-08.33.21:215][883]LogWindows: FPlatformMisc::RequestExit(1)
[2015.12.10-08.33.21:215][883]Log file closed, 12/10/15 09:33:21
