[2015.12.10-08.33.26:521][  0]Log file open, 12/10/15 09:33:26
[2015.12.10-08.33.26:521][  0]LogInit:Display: Running engine for game: UnrealProject
[2015.12.10-08.33.26:521][  0]LogInit:Display: RandInit(-724762135) SRandInit(-724762134).
[2015.12.10-08.33.26:521][  0]LogTaskGraph: Started task graph with 4 named threads and 5 total threads.
[2015.12.10-08.33.26:521][  0]LogStats: Stats thread started at 0.092921
[2015.12.10-08.33.26:521][  0]LogInit: Version: 4.9.2-2707645+++depot+UE4-Releases+4.9
[2015.12.10-08.33.26:521][  0]LogInit: API Version: 2672455
[2015.12.10-08.33.26:521][  0]LogInit: Compiled (64-bit): Sep 28 2015 10:25:44
[2015.12.10-08.33.26:521][  0]LogInit: Compiled with Visual C++: 18.00.21005.01
[2015.12.10-08.33.26:521][  0]LogInit: Build Configuration: Development
[2015.12.10-08.33.26:521][  0]LogInit: Branch Name: ++depot+UE4-Releases+4.9
[2015.12.10-08.33.26:521][  0]LogInit: Command line:  
[2015.12.10-08.33.26:521][  0]LogInit: Base directory: D:/Program Files/Epic Games/4.9/Engine/Binaries/Win64/
[2015.12.10-08.33.26:521][  0]LogInit: Rocket: 1
[2015.12.10-08.33.26:534][  0]LogInit: Using libcurl 7.41.0
[2015.12.10-08.33.26:534][  0]LogInit:  - built for x86_64-pc-win32
[2015.12.10-08.33.26:534][  0]LogInit:  - supports SSL with WinSSL
[2015.12.10-08.33.26:534][  0]LogInit:  - other features:
[2015.12.10-08.33.26:534][  0]LogInit:      CURL_VERSION_SSL
[2015.12.10-08.33.26:534][  0]LogInit:      CURL_VERSION_IPV6
[2015.12.10-08.33.26:534][  0]LogInit:      CURL_VERSION_ASYNCHDNS
[2015.12.10-08.33.26:534][  0]LogInit:      CURL_VERSION_LARGEFILE
[2015.12.10-08.33.26:534][  0]LogInit:      CURL_VERSION_IDN
[2015.12.10-08.33.26:534][  0]LogInit:  CurlRequestOptions (configurable via config and command line):
[2015.12.10-08.33.26:534][  0]LogInit:  - bVerifyPeer = true  - Libcurl will verify peer certificate
[2015.12.10-08.33.26:534][  0]LogInit:  - bUseHttpProxy = false  - Libcurl will NOT use HTTP proxy
[2015.12.10-08.33.26:534][  0]LogInit:  - bDontReuseConnections = false  - Libcurl will reuse connections
[2015.12.10-08.33.26:534][  0]LogInit:  - CertBundlePath = nullptr  - Libcurl will use whatever was configured at build time.
[2015.12.10-08.33.26:542][  0]LogInit: Presizing for 0 objects not considered by GC, pre-allocating 0 bytes.
[2015.12.10-08.33.26:552][  0]LogInit: Object subsystem initialized
[2015.12.10-08.33.26:554][  0]LogInit: Selected Device Profile: [Windows]
[2015.12.10-08.33.26:554][  0]LogInit: Applying CVar settings loaded from the selected device profile: [Windows]
[2015.12.10-08.33.26:572][  0]LogInit: Computer: SIMONLAPTOP
[2015.12.10-08.33.26:572][  0]LogInit: User: Simon
[2015.12.10-08.33.26:572][  0]LogInit: CPU Page size=4096, Cores=2
[2015.12.10-08.33.26:572][  0]LogInit: High frequency timer resolution =2.533198 MHz
[2015.12.10-08.33.26:572][  0]LogMemory: Memory total: Physical=7.9GB (8GB approx)
[2015.12.10-08.33.26:572][  0]LogMemory: Platform Memory Stats for Windows
[2015.12.10-08.33.26:572][  0]LogMemory: Process Physical Memory: 54.15 MB used, 54.15 MB peak
[2015.12.10-08.33.26:572][  0]LogMemory: Process Virtual Memory: 57.18 MB used, 57.18 MB peak
[2015.12.10-08.33.26:572][  0]LogMemory: Physical Memory: 4906.46 MB used, 8080.91 MB total
[2015.12.10-08.33.26:572][  0]LogMemory: Virtual Memory: 369.49 MB used, 134217728.00 MB total
[2015.12.10-08.33.26:641][  0]LogTextLocalizationManager: No specific translations for ('en-US') exist, so ('en') translations will be used.
[2015.12.10-08.33.28:262][  0]LogD3D11RHI: Found D3D11 adapter 0: NVIDIA GeForce 840M            (Feature Level 11_0)
[2015.12.10-08.33.28:262][  0]LogD3D11RHI: Adapter has 1996MB of dedicated video memory, 0MB of dedicated system memory, and 4040MB of shared system memory, 1 output[s]
[2015.12.10-08.33.28:268][  0]LogD3D11RHI: Found D3D11 adapter 1: Intel(R) HD Graphics Family (Feature Level 11_0)
[2015.12.10-08.33.28:268][  0]LogD3D11RHI: Adapter has 112MB of dedicated video memory, 0MB of dedicated system memory, and 4040MB of shared system memory, 0 output[s]
[2015.12.10-08.33.28:269][  0]LogD3D11RHI: Found D3D11 adapter 2: Microsoft Basic Render Driver (Feature Level 11_0)
[2015.12.10-08.33.28:269][  0]LogD3D11RHI: Adapter has 0MB of dedicated video memory, 0MB of dedicated system memory, and 4040MB of shared system memory, 0 output[s]
[2015.12.10-08.33.28:270][  0]LogD3D11RHI: Chosen D3D11 Adapter Id = 0
[2015.12.10-08.33.28:274][  0]LogD3D11RHI: !Direct3DDevice
[2015.12.10-08.33.28:274][  0]LogRHI: Texture pool is 1361 MB (70% of 1945 MB)
[2015.12.10-08.33.28:288][  0]LogD3D11RHI: Async texture creation enabled
[2015.12.10-08.33.28:300][  0]LogShaderCompilers: Guid format shader working directory is 15 characters bigger than the processId version (C:/Users/Simon/Documents/GitHub/MAH_Arena_UnrealProject/UnrealProject/Intermediate/Shaders/WorkingDirectory/4616/).
[2015.12.10-08.33.28:300][  0]LogShaderCompilers: Cleaned the shader compiler working directory 'C:/Users/Simon/Documents/GitHub/MAH_Arena_UnrealProject/UnrealProject/Intermediate/Shaders/tmp/684EF5934C74A52701E758B555EBF2B8/'.
[2015.12.10-08.33.28:300][  0]LogShaderCompilers:Display: Using Local Shader Compiler.
[2015.12.10-08.33.30:324][  0]LogTemp:Display: Loaded TP AllDesktopTargetPlatform
[2015.12.10-08.33.30:330][  0]LogTemp:Display: Loaded TP WindowsClientTargetPlatform
[2015.12.10-08.33.30:335][  0]LogTemp:Display: Loaded TP WindowsNoEditorTargetPlatform
[2015.12.10-08.33.30:340][  0]LogTemp:Display: Loaded TP WindowsServerTargetPlatform
[2015.12.10-08.33.30:346][  0]LogTemp:Display: Loaded TP WindowsTargetPlatform
[2015.12.10-08.33.30:349][  0]LogTemp:Display: Loaded TP AndroidTargetPlatform
[2015.12.10-08.33.30:353][  0]LogTemp:Display: Loaded TP Android_ASTCTargetPlatform
[2015.12.10-08.33.30:356][  0]LogTemp:Display: Loaded TP Android_ATCTargetPlatform
[2015.12.10-08.33.30:360][  0]LogTemp:Display: Loaded TP Android_DXTTargetPlatform
[2015.12.10-08.33.30:364][  0]LogTemp:Display: Loaded TP Android_ETC1TargetPlatform
[2015.12.10-08.33.30:369][  0]LogTemp:Display: Loaded TP Android_ETC2TargetPlatform
[2015.12.10-08.33.30:376][  0]LogTemp:Display: Loaded TP Android_PVRTCTargetPlatform
[2015.12.10-08.33.30:377][  0]LogTemp:Display: Loaded TP HTML5TargetPlatform
[2015.12.10-08.33.30:395][  0]LogTemp:Display: Loaded TP IOSTargetPlatform
[2015.12.10-08.33.30:398][  0]LogTemp:Display: Loaded TP LinuxNoEditorTargetPlatform
[2015.12.10-08.33.30:402][  0]LogTemp:Display: Loaded TP LinuxServerTargetPlatform
[2015.12.10-08.33.30:406][  0]LogTemp:Display: Loaded TP LinuxTargetPlatform
[2015.12.10-08.33.30:406][  0]LogTargetPlatformManager:Display: Building Assets For Windows
[2015.12.10-08.33.30:484][  0]LogDerivedDataCache:Display: Max Cache Size: 512 MB
[2015.12.10-08.33.30:539][  0]LogDerivedDataCache: Loaded boot cache 0.05s 41MB C:/Users/Simon/AppData/Local/UnrealEngine/4.9/DerivedDataCache/Boot.ddc.
[2015.12.10-08.33.30:539][  0]LogDerivedDataCache:Display: Loaded Boot cache: C:/Users/Simon/AppData/Local/UnrealEngine/4.9/DerivedDataCache/Boot.ddc
[2015.12.10-08.33.30:539][  0]LogDerivedDataCache: FDerivedDataBackendGraph:  Pak pak cache file C:/Users/Simon/Documents/GitHub/MAH_Arena_UnrealProject/UnrealProject/DerivedDataCache/DDC.ddp not found, will not use a pak cache.
[2015.12.10-08.33.30:539][  0]LogDerivedDataCache: Unable to find inner node Pak for hierarchical cache Hierarchy.
[2015.12.10-08.33.30:539][  0]LogDerivedDataCache: FDerivedDataBackendGraph:  CompressedPak pak cache file C:/Users/Simon/Documents/GitHub/MAH_Arena_UnrealProject/UnrealProject/DerivedDataCache/Compressed.ddp not found, will not use a pak cache.
[2015.12.10-08.33.30:539][  0]LogDerivedDataCache: Unable to find inner node CompressedPak for hierarchical cache Hierarchy.
[2015.12.10-08.33.30:706][  0]LogDerivedDataCache:Display: Pak cache opened for reading ../../../Engine/DerivedDataCache/Compressed.ddp.
[2015.12.10-08.33.30:718][  0]LogDerivedDataCache: Using Local data cache path C:/Users/Simon/AppData/Local/UnrealEngine/Common/DerivedDataCache: Writable
[2015.12.10-08.33.30:920][  0]LogInit: Selected Device Profile: [Windows]
[2015.12.10-08.33.30:923][  0]LogContentStreaming: Texture pool size is 0.000000MB
[2015.12.10-08.33.31:295][  0]LogMeshUtilities: No automatic mesh reduction module available
[2015.12.10-08.33.31:295][  0]LogMeshUtilities: No automatic mesh merging module available
[2015.12.10-08.33.31:693][  0]LogInit: WinSock: version 1.1 (2.2), MaxSocks=32767, MaxUdp=65467
[2015.12.10-08.33.32:409][  0]UdpMessaging: Initializing bridge on interface 0.0.0.0:0 to multicast group 230.0.0.1:6666.
[2015.12.10-08.33.32:517][  0]LogAssetRegistry: FAssetRegistry took 0.0108 seconds to start up
[2015.12.10-08.33.32:873][  0]SourceControl: Info Source control is disabled
[2015.12.10-08.33.32:899][  0]SourceControl: Info Source control is disabled
[2015.12.10-08.33.32:925][  0]SourceControl: Info Source control is disabled
[2015.12.10-08.33.32:949][  0]SourceControl: Info Source control is disabled
[2015.12.10-08.33.33:312][  0]LogLinker:Warning: Asset '../../../Engine/Plugins/Runtime/LeapMotionController/Content/LM_PassthroughMaterial.uasset' has been saved with empty engine version. The asset will be loaded but may be incompatible.
[2015.12.10-08.33.33:516][  0]LogObj: 28384 objects as part of root set at end of initial load.
[2015.12.10-08.33.33:516][  0]LogUObjectAllocator: 6053448 out of 0 bytes used by permanent object pool.
[2015.12.10-08.33.33:642][  0]LogEngine: Initializing Engine...
[2015.12.10-08.33.33:647][  0]LogHMD: Can't find Oculus library dev build: is proper Runtime installed? Version: 0.7.0.0
[2015.12.10-08.33.33:654][  0]LogHMD: SteamVR failed to initialize.  Err: 108
[2015.12.10-08.33.33:930][  0]LogAIModule: Creating AISystem for world NewWorld
[2015.12.10-08.33.33:936][  0]LogInit: XAudio2 using 'Speakers (Conexant SmartAudio HD)' : 2 channels at 48 kHz using 32 bits per sample (channel mask 0x3)
[2015.12.10-08.33.34:083][  0]LogInit: FAudioDevice initialized.
[2015.12.10-08.33.34:105][  0]LogDerivedDataCache: Saved boot cache 0.02s 41MB C:/Users/Simon/AppData/Local/UnrealEngine/4.9/DerivedDataCache/Boot.ddc.
[2015.12.10-08.33.34:109][  0]LogInit: Texture streaming: Enabled
[2015.12.10-08.33.34:114][  0]LogAnalytics: Creating configured Analytics provider AnalyticsET
[2015.12.10-08.33.34:114][  0]LogAnalytics: [UEEditor.Rocket.Release] APIServer = http://et2.epicgames.com/ET2/. AppVersion = 4.9.2-2707645+++depot+UE4-Releases+4.9
[2015.12.10-08.33.34:114][  0]LogAnalytics: [UEEditor.Rocket.Release] SetUserId 6513f12644b2a44aef06b6b2b101a60b|0986fcf50a56434a9f04b1f02afeed0b|3549f2f7-93b8-499b-b80b-3e19a3b9ffc4
[2015.12.10-08.33.34:114][  0]LogAnalytics: [UEEditor.Rocket.Release] AnalyticsET::StartSession
[2015.12.10-08.33.34:143][  0]LogInit: Transaction tracking system initialized
[2015.12.10-08.33.34:170][  0]BlueprintLog: New page: Editor Load
[2015.12.10-08.33.34:240][  0]LocalizationService: Info Localization service is disabled
[2015.12.10-08.33.34:734][  0]LogConsoleResponse:Display: 
[2015.12.10-08.33.35:015][  0]LogCook:Display: Done creating registry. It took  0.00s.
[2015.12.10-08.33.35:160][  0]LogFileCache: Scanning file cache for directory 'C:/Users/Simon/Documents/GitHub/MAH_Arena_UnrealProject/UnrealProject/Content/' took 0.02s
[2015.12.10-08.33.35:176][  0]SourceControl: Info Source control is disabled
[2015.12.10-08.33.35:176][  0]Cmd: MAP LOAD FILE="C:/Users/Simon/Documents/GitHub/MAH_Arena_UnrealProject/UnrealProject/Content/StarterContent/Maps/Minimal_Default.umap" TEMPLATE=0 SHOWPROGRESS=1 FEATURELEVEL=3
[2015.12.10-08.33.35:181][  0]LightingResults: New page: Lighting Build
[2015.12.10-08.33.35:191][  0]MapCheck: New page: Map Check
[2015.12.10-08.33.35:191][  0]LightingResults: New page: Lighting Build
[2015.12.10-08.33.35:224][  0]LogParticles: Destroying 0 GPU particle simulations for FXSystem 0x000001B735428400
[2015.12.10-08.33.36:060][  0]LogAIModule: Creating AISystem for world Minimal_Default
[2015.12.10-08.33.36:069][  0]LogEditorServer: Finished looking for orphan Actors (0.000 secs)
[2015.12.10-08.33.36:070][  0]Cmd: MAP CHECKDEP NOCLEARLOG
[2015.12.10-08.33.36:223][  0]MapCheck: Info Map check complete: 0 Error(s), 0 Warning(s), took 153.146ms to complete.
[2015.12.10-08.33.36:223][  0]LogFileHelpers: Loading map 'Minimal_Default' took 1.047
[2015.12.10-08.33.36:628][  0]LogCollectionManager: Loaded 0 collections in 0.004892 seconds
[2015.12.10-08.33.36:728][  0]LogFileCache: Scanning file cache for directory 'C:/Users/Simon/Documents/GitHub/MAH_Arena_UnrealProject/UnrealProject/Saved/Collections/' took 0.03s
[2015.12.10-08.33.36:728][  0]LogFileCache: Scanning file cache for directory 'C:/Users/Simon/Documents/GitHub/MAH_Arena_UnrealProject/UnrealProject/Content/Developers/Simon/Collections/' took 0.02s
[2015.12.10-08.33.36:728][  0]LogFileCache: Scanning file cache for directory 'C:/Users/Simon/Documents/GitHub/MAH_Arena_UnrealProject/UnrealProject/Content/Collections/' took 0.03s
[2015.12.10-08.33.36:728][  0]LogContentBrowser: Native class hierarchy populated in 0.0179 seconds. Added 1871 classes and 336 folders.
[2015.12.10-08.33.36:747][  0]LogCollectionManager: Rebuilt the GUID cache for 0 collections in 0.000004 seconds
[2015.12.10-08.33.36:795][  0]LogContentBrowser: Native class hierarchy updated for 'WidgetCarousel' in 0.0063 seconds. Added 0 classes and 0 folders.
[2015.12.10-08.33.36:920][  0]LogContentBrowser: Native class hierarchy updated for 'AddContentDialog' in 0.0038 seconds. Added 0 classes and 0 folders.
[2015.12.10-08.33.36:942][  0]LogContentBrowser: Native class hierarchy updated for 'SceneOutliner' in 0.0052 seconds. Added 1 classes and 2 folders.
[2015.12.10-08.33.37:009][  0]LogCrashTracker: Crashtracker disabled due to settings.
[2015.12.10-08.33.37:028][  0]LogUObjectGlobals:Warning: Failed to find object 'Class None.'
[2015.12.10-08.33.37:089][  0]LogLoad: Full Startup: 12.37 seconds (BP compile: 0.14 seconds)
[2015.12.10-08.33.39:497][  0]LogContentStreaming: Texture pool size now 400 MB
[2015.12.10-08.33.39:738][  0]LogRenderer: Reallocating scene render targets to support 896x444 (Frame:2).
[2015.12.10-08.33.40:766][  6]LogAssetRegistry: Asset discovery search completed in 8.2602 seconds
[2015.12.10-08.33.40:766][  6]LogCollectionManager: Rebuilt the object cache for 0 collections in 0.000002 seconds (found 0 objects)
[2015.12.10-08.33.40:766][  6]LogCollectionManager: Fixed up redirectors for 0 collections in 0.000069 seconds (updated 0 objects)
[2015.12.10-08.33.41:367][ 32]LogRenderer: Reallocating scene render targets to support 1004x456 (Frame:5).
[2015.12.10-08.33.42:846][ 88]LogAIModule: Creating AISystem for world Simon
[2015.12.10-08.33.42:910][ 88]Cmd: MAP LOAD FILE="C:/Users/Simon/Documents/GitHub/MAH_Arena_UnrealProject/UnrealProject/Content/Maps/Simon.umap" TEMPLATE=0 SHOWPROGRESS=1 FEATURELEVEL=3
[2015.12.10-08.33.42:910][ 88]LightingResults: New page: Lighting Build
[2015.12.10-08.33.42:942][ 88]LoadErrors: New page: Loading map: Simon.umap
[2015.12.10-08.33.42:949][ 88]MapCheck: New page: Map Check
[2015.12.10-08.33.42:949][ 88]LightingResults: New page: Lighting Build
[2015.12.10-08.33.42:986][ 88]LogParticles: Destroying 0 GPU particle simulations for FXSystem 0x000001B729C244A0
[2015.12.10-08.33.42:998][ 88]PIE:Warning: Warning Invalid Simulate Options: Body (PawnCarBP_668.Root) is set to simulate physics but Collision Enabled is incompatible
[2015.12.10-08.33.42:998][ 88]PIE:Warning: Warning Invalid Simulate Options: Body (PawnCarBP_668.Root) is set to simulate physics but Collision Enabled is incompatible
[2015.12.10-08.33.42:998][ 88]PIE:Warning: Warning Invalid Simulate Options: Body (PawnCarBP2_404.Root) is set to simulate physics but Collision Enabled is incompatible
[2015.12.10-08.33.42:998][ 88]PIE:Warning: Warning Invalid Simulate Options: Body (PawnCarBP2_404.Root) is set to simulate physics but Collision Enabled is incompatible
[2015.12.10-08.33.43:003][ 88]LogEditorServer: Finished looking for orphan Actors (0.000 secs)
[2015.12.10-08.33.43:079][ 88]Cmd: MAP CHECKDEP NOCLEARLOG
[2015.12.10-08.33.43:169][ 88]MapCheck: Info Map check complete: 0 Error(s), 0 Warning(s), took 89.072ms to complete.
[2015.12.10-08.33.43:169][ 88]LogFileHelpers: Loading map 'Simon' took 0.261
[2015.12.10-08.33.43:175][ 88]LoadErrors:Error: Error /Game/Maps/Simon : Failed import for PawnCarBP_C /Game/PawnCarBP.Default__PawnCarBP_C [redirection] in /Game/Maps/Simon
[2015.12.10-08.33.43:175][ 88]LoadErrors:Error: Error /Game/Maps/Simon : Failed import for BoxComponent /Game/PawnCarBP.Default__PawnCarBP_C:Root
[2015.12.10-08.33.43:175][ 88]LoadErrors:Error: Error /Game/Maps/Simon : Failed import for FloatingPawnMovement /Game/PawnCarBP.Default__PawnCarBP_C:Movement
[2015.12.10-08.33.43:176][ 88]LoadErrors:Error: Error /Game/Maps/Simon : Failed import for StaticMeshComponent /Game/PawnCarBP.Default__PawnCarBP_C:StaticMesh
[2015.12.10-08.33.45:408][177]LogEditorViewport: Clicking on Actor (LMB): PawnCarBP_C (PawnCarBP2)
[2015.12.10-08.33.48:287][312]PIE:Warning: Warning Invalid Simulate Options: Body (PawnCarBP2_404.Root) is set to simulate physics but Collision Enabled is incompatible
[2015.12.10-08.33.48:287][312]PIE:Warning: Warning Invalid Simulate Options: Body (PawnCarBP2_404.Root) is set to simulate physics but Collision Enabled is incompatible
[2015.12.10-08.33.51:079][456]PIE:Warning: Warning Invalid Simulate Options: Body (PawnCarBP2_404.Root) is set to simulate physics but Collision Enabled is incompatible
[2015.12.10-08.33.51:079][456]PIE:Warning: Warning Invalid Simulate Options: Body (PawnCarBP2_404.Root) is set to simulate physics but Collision Enabled is incompatible
[2015.12.10-08.33.51:916][495]Cmd: OBJ SAVEPACKAGE PACKAGE="/Game/Maps/Simon" FILE="C:/Users/Simon/Documents/GitHub/MAH_Arena_UnrealProject/UnrealProject/Content/Maps/Simon.umap" SILENT=true AUTOSAVING=false KEEPDIRTY=false
[2015.12.10-08.33.52:116][495]LogSavePackage: Save=95.713402ms
[2015.12.10-08.33.52:116][495]LogSavePackage: Moving 'C:/Users/Simon/Documents/GitHub/MAH_Arena_UnrealProject/UnrealProject/Saved/SimonD0CF3F614736D3C3DF3F10884B4A3B55.tmp' to 'C:/Users/Simon/Documents/GitHub/MAH_Arena_UnrealProject/UnrealProject/Content/Maps/Simon.umap'
[2015.12.10-08.33.52:121][495]LogSavePackage: Total save time: 132.565241ms
[2015.12.10-08.33.52:121][495]LogSavePackage:Warning: Finished SavePackage C:/Users/Simon/Documents/GitHub/MAH_Arena_UnrealProject/UnrealProject/Content/Maps/Simon.umap
[2015.12.10-08.33.52:169][495]LogFileHelpers: Saving map 'Simon' took 0.339
[2015.12.10-08.33.53:210][550]LogBlueprintUserMessages: Early PlayInEditor Detection: Level '/Game/Maps/Simon.Simon:PersistentLevel' has LevelScriptBlueprint '/Game/Maps/Simon.Simon:PersistentLevel.Simon' with GeneratedClass '/Game/Maps/Simon.Simon_C' with ClassGeneratedBy '/Game/Maps/Simon.Simon:PersistentLevel.Simon'
[2015.12.10-08.33.53:210][550]LogPlayLevel: PlayLevel: No blueprints needed recompiling
[2015.12.10-08.33.53:210][550]PIE: New page: PIE session: Simon (Dec 10, 2015, 10:33:53 AM)
[2015.12.10-08.33.53:210][550]LogPlayLevel: Creating play world package: /Game/Maps/UEDPIE_0_Simon
[2015.12.10-08.33.53:217][550]LogPlayLevel: PIE: StaticDuplicateObject took: (0.007194s)
[2015.12.10-08.33.53:218][550]LogAIModule: Creating AISystem for world Simon
[2015.12.10-08.33.53:218][550]LogPlayLevel: PIE: World Init took: (0.000973s)
[2015.12.10-08.33.53:219][550]LogPlayLevel: PIE: Created PIE world by copying editor world from /Game/Maps/Simon.Simon to /Game/Maps/UEDPIE_0_Simon.Simon (0.008421s)
[2015.12.10-08.33.53:249][550]LogInit: XAudio2 using 'Speakers (Conexant SmartAudio HD)' : 2 channels at 48 kHz using 32 bits per sample (channel mask 0x3)
[2015.12.10-08.33.53:259][550]LogInit: FAudioDevice initialized.
[2015.12.10-08.33.53:353][550]LogWorld: Game class is 'UnrealProjectGameModeBP_C'
[2015.12.10-08.33.53:356][550]PIE:Warning: Warning Invalid Simulate Options: Body (PawnCarBP_668.Root) is set to simulate physics but Collision Enabled is incompatible
[2015.12.10-08.33.53:356][550]PIE:Warning: Warning Invalid Simulate Options: Body (PawnCarBP_668.Root) is set to simulate physics but Collision Enabled is incompatible
[2015.12.10-08.33.53:357][550]LogPhysics:Warning: FBodyInstance::ApplyMaterialToShape_AssumesLocked : PComplexMats is empty - falling back on simple physical material.
[2015.12.10-08.33.53:357][550]LogPhysics:Warning: FBodyInstance::ApplyMaterialToShape_AssumesLocked : PComplexMats is empty - falling back on simple physical material.
[2015.12.10-08.33.53:357][550]LogPhysics:Warning: FBodyInstance::ApplyMaterialToShape_AssumesLocked : PComplexMats is empty - falling back on simple physical material.
[2015.12.10-08.33.53:357][550]LogPhysics:Warning: FBodyInstance::ApplyMaterialToShape_AssumesLocked : PComplexMats is empty - falling back on simple physical material.
[2015.12.10-08.33.53:357][550]LogPhysics:Warning: FBodyInstance::ApplyMaterialToShape_AssumesLocked : PComplexMats is empty - falling back on simple physical material.
[2015.12.10-08.33.53:358][550]PIE:Warning: Warning Invalid Simulate Options: Body (PawnCarBP2_404.Root) is set to simulate physics but Collision Enabled is incompatible
[2015.12.10-08.33.53:358][550]PIE:Warning: Warning Invalid Simulate Options: Body (PawnCarBP2_404.Root) is set to simulate physics but Collision Enabled is incompatible
[2015.12.10-08.33.53:359][550]LogPhysics:Warning: FBodyInstance::ApplyMaterialToShape_AssumesLocked : PComplexMats is empty - falling back on simple physical material.
[2015.12.10-08.33.53:359][550]LogPhysics:Warning: FBodyInstance::ApplyMaterialToShape_AssumesLocked : PComplexMats is empty - falling back on simple physical material.
[2015.12.10-08.33.53:360][550]LogPhysics:Warning: FBodyInstance::ApplyMaterialToShape_AssumesLocked : PComplexMats is empty - falling back on simple physical material.
[2015.12.10-08.33.53:360][550]LogPhysics:Warning: FBodyInstance::ApplyMaterialToShape_AssumesLocked : PComplexMats is empty - falling back on simple physical material.
[2015.12.10-08.33.53:360][550]LogPhysics:Warning: FBodyInstance::ApplyMaterialToShape_AssumesLocked : PComplexMats is empty - falling back on simple physical material.
[2015.12.10-08.33.53:361][550]LogWorld: Bringing World /Game/Maps/UEDPIE_0_Simon.Simon up for play (max tick rate 60) at 2015.12.10-09.33.53
[2015.12.10-08.33.53:362][550]LogActor:Warning: GameSession /Game/Maps/UEDPIE_0_Simon.Simon:PersistentLevel.GameSession_0 has natively added scene component(s), but none of them were set as the actor's RootComponent - picking one arbitrarily
[2015.12.10-08.33.53:363][550]LogActor:Warning: GameNetworkManager /Game/Maps/UEDPIE_0_Simon.Simon:PersistentLevel.GameNetworkManager_0 has natively added scene component(s), but none of them were set as the actor's RootComponent - picking one arbitrarily
[2015.12.10-08.33.53:364][550]LogWorld: Bringing up level for play took: 0.009861
[2015.12.10-08.33.53:367][550]LogPlayerManagement:Error: Failed to Create Player: A local player already exists for controller ID 0,
[2015.12.10-08.33.53:367][550]LogScript:Warning: Accessed None 'CallFunc_CreatePlayer_ReturnValue'
	UnrealProjectGameModeBP_C /Game/Maps/UEDPIE_0_Simon.Simon:PersistentLevel.UnrealProjectGameModeBP_C_0
	Function /Game/Blueprints/UnrealProjectGameModeBP.UnrealProjectGameModeBP_C:ExecuteUbergraph_UnrealProjectGameModeBP:015C
[2015.12.10-08.33.53:367][550]PIE:Error: Error Accessed None 'CallFunc_CreatePlayer_ReturnValue' from node Possess in graph 'EventGraph' in blueprint UnrealProjectGameModeBP
[2015.12.10-08.33.53:367][550]LogScript:Warning: Accessed None 'CallFunc_CreatePlayer_ReturnValue'
	UnrealProjectGameModeBP_C /Game/Maps/UEDPIE_0_Simon.Simon:PersistentLevel.UnrealProjectGameModeBP_C_0
	Function /Game/Blueprints/UnrealProjectGameModeBP.UnrealProjectGameModeBP_C:ExecuteUbergraph_UnrealProjectGameModeBP:017D
[2015.12.10-08.33.53:367][550]PIE:Error: Error Accessed None 'CallFunc_CreatePlayer_ReturnValue' from node Possess in graph 'EventGraph' in blueprint UnrealProjectGameModeBP
[2015.12.10-08.33.53:367][550]LogBlueprintUserMessages: [UnrealProjectGameModeBP_C_0] Works
[2015.12.10-08.33.53:370][550]LogBlueprintUserMessages: [UnrealProjectGameModeBP_C_0] Works
[2015.12.10-08.33.53:437][550]PIE: Info Play in editor start time for /Game/Maps/UEDPIE_0_Simon -0.119
[2015.12.10-08.33.53:438][550]LogBlueprintUserMessages: Late PlayInEditor Detection: Level '/Game/Maps/Simon.Simon:PersistentLevel' has LevelScriptBlueprint '/Game/Maps/Simon.Simon:PersistentLevel.Simon' with GeneratedClass '/Game/Maps/Simon.Simon_C' with ClassGeneratedBy '/Game/Maps/Simon.Simon:PersistentLevel.Simon'
[2015.12.10-08.33.53:439][550]PIE:Warning: Warning PawnCarBP2_404.Root has to have 'CollisionEnabled' set to 'Query and Physics' or 'Physics only' if you'd like to AddTorque. 
[2015.12.10-08.33.54:859][550]LogCrashTracker: 


[2015.12.10-08.33.54:859][550]LogCrashTracker: 


[2015.12.10-08.33.54:859][550]LogWindows: === Critical error: ===
Fatal error!



[2015.12.10-08.33.55:098][550]LogExit: Executing StaticShutdownAfterError
[2015.12.10-08.33.55:107][550]LogPhysics:Warning: PHYSX: ..\..\PhysX\src\NpScene.cpp (2946) 8 : PxScene::unlockWrite() called without matching call to PxScene::lockWrite(), behaviour will be undefined.
[2015.12.10-08.33.55:107][550]LogPhysics:Warning: PHYSX: ..\..\PhysX\src\NpScene.cpp (2946) 8 : PxScene::unlockWrite() called without matching call to PxScene::lockWrite(), behaviour will be undefined.
[2015.12.10-08.33.55:108][550]LogPhysics:Warning: PHYSX: ..\..\PhysX\src\NpScene.cpp (2946) 8 : PxScene::unlockWrite() called without matching call to PxScene::lockWrite(), behaviour will be undefined.
[2015.12.10-08.33.55:108][550]LogPhysics:Warning: PHYSX: ..\..\PhysX\src\NpScene.cpp (2946) 8 : PxScene::unlockWrite() called without matching call to PxScene::lockWrite(), behaviour will be undefined.
[2015.12.10-08.33.55:108][550]LogWindows: FPlatformMisc::RequestExit(1)
[2015.12.10-08.33.55:108][550]Log file closed, 12/10/15 09:33:55
