[2015.12.10-08.26.42:309][  0]Log file open, 12/10/15 09:26:42
[2015.12.10-08.26.42:309][  0]LogInit:Display: Running engine for game: UnrealProject
[2015.12.10-08.26.42:309][  0]LogInit:Display: RandInit(-1746957701) SRandInit(-1746957700).
[2015.12.10-08.26.42:309][  0]LogTaskGraph: Started task graph with 4 named threads and 5 total threads.
[2015.12.10-08.26.42:309][  0]LogStats: Stats thread started at 0.057782
[2015.12.10-08.26.42:309][  0]LogInit: Version: 4.9.2-2707645+++depot+UE4-Releases+4.9
[2015.12.10-08.26.42:309][  0]LogInit: API Version: 2672455
[2015.12.10-08.26.42:309][  0]LogInit: Compiled (64-bit): Sep 28 2015 10:25:44
[2015.12.10-08.26.42:309][  0]LogInit: Compiled with Visual C++: 18.00.21005.01
[2015.12.10-08.26.42:309][  0]LogInit: Build Configuration: Development
[2015.12.10-08.26.42:309][  0]LogInit: Branch Name: ++depot+UE4-Releases+4.9
[2015.12.10-08.26.42:309][  0]LogInit: Command line:  
[2015.12.10-08.26.42:309][  0]LogInit: Base directory: D:/Program Files/Epic Games/4.9/Engine/Binaries/Win64/
[2015.12.10-08.26.42:309][  0]LogInit: Rocket: 1
[2015.12.10-08.26.42:317][  0]LogInit: Using libcurl 7.41.0
[2015.12.10-08.26.42:317][  0]LogInit:  - built for x86_64-pc-win32
[2015.12.10-08.26.42:317][  0]LogInit:  - supports SSL with WinSSL
[2015.12.10-08.26.42:317][  0]LogInit:  - other features:
[2015.12.10-08.26.42:317][  0]LogInit:      CURL_VERSION_SSL
[2015.12.10-08.26.42:317][  0]LogInit:      CURL_VERSION_IPV6
[2015.12.10-08.26.42:317][  0]LogInit:      CURL_VERSION_ASYNCHDNS
[2015.12.10-08.26.42:317][  0]LogInit:      CURL_VERSION_LARGEFILE
[2015.12.10-08.26.42:317][  0]LogInit:      CURL_VERSION_IDN
[2015.12.10-08.26.42:317][  0]LogInit:  CurlRequestOptions (configurable via config and command line):
[2015.12.10-08.26.42:317][  0]LogInit:  - bVerifyPeer = true  - Libcurl will verify peer certificate
[2015.12.10-08.26.42:317][  0]LogInit:  - bUseHttpProxy = false  - Libcurl will NOT use HTTP proxy
[2015.12.10-08.26.42:317][  0]LogInit:  - bDontReuseConnections = false  - Libcurl will reuse connections
[2015.12.10-08.26.42:317][  0]LogInit:  - CertBundlePath = nullptr  - Libcurl will use whatever was configured at build time.
[2015.12.10-08.26.42:326][  0]LogInit: Presizing for 0 objects not considered by GC, pre-allocating 0 bytes.
[2015.12.10-08.26.42:335][  0]LogInit: Object subsystem initialized
[2015.12.10-08.26.42:338][  0]LogInit: Selected Device Profile: [Windows]
[2015.12.10-08.26.42:338][  0]LogInit: Applying CVar settings loaded from the selected device profile: [Windows]
[2015.12.10-08.26.42:349][  0]LogInit: Computer: SIMONLAPTOP
[2015.12.10-08.26.42:349][  0]LogInit: User: Simon
[2015.12.10-08.26.42:349][  0]LogInit: CPU Page size=4096, Cores=2
[2015.12.10-08.26.42:349][  0]LogInit: High frequency timer resolution =2.533198 MHz
[2015.12.10-08.26.42:349][  0]LogMemory: Memory total: Physical=7.9GB (8GB approx)
[2015.12.10-08.26.42:349][  0]LogMemory: Platform Memory Stats for Windows
[2015.12.10-08.26.42:349][  0]LogMemory: Process Physical Memory: 54.08 MB used, 54.08 MB peak
[2015.12.10-08.26.42:349][  0]LogMemory: Process Virtual Memory: 57.23 MB used, 57.23 MB peak
[2015.12.10-08.26.42:349][  0]LogMemory: Physical Memory: 4025.32 MB used, 8080.91 MB total
[2015.12.10-08.26.42:349][  0]LogMemory: Virtual Memory: 369.49 MB used, 134217728.00 MB total
[2015.12.10-08.26.42:401][  0]LogTextLocalizationManager: No specific translations for ('en-US') exist, so ('en') translations will be used.
[2015.12.10-08.26.43:849][  0]LogD3D11RHI: Found D3D11 adapter 0: NVIDIA GeForce 840M            (Feature Level 11_0)
[2015.12.10-08.26.43:849][  0]LogD3D11RHI: Adapter has 1996MB of dedicated video memory, 0MB of dedicated system memory, and 4040MB of shared system memory, 1 output[s]
[2015.12.10-08.26.43:858][  0]LogD3D11RHI: Found D3D11 adapter 1: Intel(R) HD Graphics Family (Feature Level 11_0)
[2015.12.10-08.26.43:858][  0]LogD3D11RHI: Adapter has 112MB of dedicated video memory, 0MB of dedicated system memory, and 4040MB of shared system memory, 0 output[s]
[2015.12.10-08.26.43:860][  0]LogD3D11RHI: Found D3D11 adapter 2: Microsoft Basic Render Driver (Feature Level 11_0)
[2015.12.10-08.26.43:860][  0]LogD3D11RHI: Adapter has 0MB of dedicated video memory, 0MB of dedicated system memory, and 4040MB of shared system memory, 0 output[s]
[2015.12.10-08.26.43:860][  0]LogD3D11RHI: Chosen D3D11 Adapter Id = 0
[2015.12.10-08.26.43:867][  0]LogD3D11RHI: !Direct3DDevice
[2015.12.10-08.26.43:867][  0]LogRHI: Texture pool is 1361 MB (70% of 1945 MB)
[2015.12.10-08.26.43:886][  0]LogD3D11RHI: Async texture creation enabled
[2015.12.10-08.26.43:902][  0]LogShaderCompilers: Guid format shader working directory is 14 characters bigger than the processId version (C:/Users/Simon/Documents/GitHub/MAH_Arena_UnrealProject/UnrealProject/Intermediate/Shaders/WorkingDirectory/10472/).
[2015.12.10-08.26.43:902][  0]LogShaderCompilers: Cleaned the shader compiler working directory 'C:/Users/Simon/Documents/GitHub/MAH_Arena_UnrealProject/UnrealProject/Intermediate/Shaders/tmp/A41087104262805E57896F8FA919C2EF/'.
[2015.12.10-08.26.43:902][  0]LogShaderCompilers:Display: Using Local Shader Compiler.
[2015.12.10-08.26.45:833][  0]LogTemp:Display: Loaded TP AllDesktopTargetPlatform
[2015.12.10-08.26.45:841][  0]LogTemp:Display: Loaded TP WindowsClientTargetPlatform
[2015.12.10-08.26.45:848][  0]LogTemp:Display: Loaded TP WindowsNoEditorTargetPlatform
[2015.12.10-08.26.45:853][  0]LogTemp:Display: Loaded TP WindowsServerTargetPlatform
[2015.12.10-08.26.45:861][  0]LogTemp:Display: Loaded TP WindowsTargetPlatform
[2015.12.10-08.26.45:864][  0]LogTemp:Display: Loaded TP AndroidTargetPlatform
[2015.12.10-08.26.45:867][  0]LogTemp:Display: Loaded TP Android_ASTCTargetPlatform
[2015.12.10-08.26.45:870][  0]LogTemp:Display: Loaded TP Android_ATCTargetPlatform
[2015.12.10-08.26.45:876][  0]LogTemp:Display: Loaded TP Android_DXTTargetPlatform
[2015.12.10-08.26.45:880][  0]LogTemp:Display: Loaded TP Android_ETC1TargetPlatform
[2015.12.10-08.26.45:883][  0]LogTemp:Display: Loaded TP Android_ETC2TargetPlatform
[2015.12.10-08.26.45:887][  0]LogTemp:Display: Loaded TP Android_PVRTCTargetPlatform
[2015.12.10-08.26.45:888][  0]LogTemp:Display: Loaded TP HTML5TargetPlatform
[2015.12.10-08.26.45:907][  0]LogTemp:Display: Loaded TP IOSTargetPlatform
[2015.12.10-08.26.45:911][  0]LogTemp:Display: Loaded TP LinuxNoEditorTargetPlatform
[2015.12.10-08.26.45:916][  0]LogTemp:Display: Loaded TP LinuxServerTargetPlatform
[2015.12.10-08.26.45:920][  0]LogTemp:Display: Loaded TP LinuxTargetPlatform
[2015.12.10-08.26.45:920][  0]LogTargetPlatformManager:Display: Building Assets For Windows
[2015.12.10-08.26.46:042][  0]LogDerivedDataCache:Display: Max Cache Size: 512 MB
[2015.12.10-08.26.46:114][  0]LogDerivedDataCache: Loaded boot cache 0.07s 41MB C:/Users/Simon/AppData/Local/UnrealEngine/4.9/DerivedDataCache/Boot.ddc.
[2015.12.10-08.26.46:114][  0]LogDerivedDataCache:Display: Loaded Boot cache: C:/Users/Simon/AppData/Local/UnrealEngine/4.9/DerivedDataCache/Boot.ddc
[2015.12.10-08.26.46:114][  0]LogDerivedDataCache: FDerivedDataBackendGraph:  Pak pak cache file C:/Users/Simon/Documents/GitHub/MAH_Arena_UnrealProject/UnrealProject/DerivedDataCache/DDC.ddp not found, will not use a pak cache.
[2015.12.10-08.26.46:114][  0]LogDerivedDataCache: Unable to find inner node Pak for hierarchical cache Hierarchy.
[2015.12.10-08.26.46:114][  0]LogDerivedDataCache: FDerivedDataBackendGraph:  CompressedPak pak cache file C:/Users/Simon/Documents/GitHub/MAH_Arena_UnrealProject/UnrealProject/DerivedDataCache/Compressed.ddp not found, will not use a pak cache.
[2015.12.10-08.26.46:114][  0]LogDerivedDataCache: Unable to find inner node CompressedPak for hierarchical cache Hierarchy.
[2015.12.10-08.26.46:356][  0]LogDerivedDataCache:Display: Pak cache opened for reading ../../../Engine/DerivedDataCache/Compressed.ddp.
[2015.12.10-08.26.46:370][  0]LogDerivedDataCache: Using Local data cache path C:/Users/Simon/AppData/Local/UnrealEngine/Common/DerivedDataCache: Writable
[2015.12.10-08.26.46:728][  0]LogInit: Selected Device Profile: [Windows]
[2015.12.10-08.26.46:733][  0]LogContentStreaming: Texture pool size is 0.000000MB
[2015.12.10-08.26.47:009][  0]LogMeshUtilities: No automatic mesh reduction module available
[2015.12.10-08.26.47:009][  0]LogMeshUtilities: No automatic mesh merging module available
[2015.12.10-08.26.47:458][  0]LogInit: WinSock: version 1.1 (2.2), MaxSocks=32767, MaxUdp=65467
[2015.12.10-08.26.48:654][  0]UdpMessaging: Initializing bridge on interface 0.0.0.0:0 to multicast group 230.0.0.1:6666.
[2015.12.10-08.26.48:826][  0]LogAssetRegistry: FAssetRegistry took 0.0116 seconds to start up
[2015.12.10-08.26.49:215][  0]SourceControl: Info Source control is disabled
[2015.12.10-08.26.49:230][  0]SourceControl: Info Source control is disabled
[2015.12.10-08.26.49:263][  0]SourceControl: Info Source control is disabled
[2015.12.10-08.26.49:292][  0]SourceControl: Info Source control is disabled
[2015.12.10-08.26.49:700][  0]LogLinker:Warning: Asset '../../../Engine/Plugins/Runtime/LeapMotionController/Content/LM_PassthroughMaterial.uasset' has been saved with empty engine version. The asset will be loaded but may be incompatible.
[2015.12.10-08.26.49:869][  0]LogObj: 28384 objects as part of root set at end of initial load.
[2015.12.10-08.26.49:869][  0]LogUObjectAllocator: 6053448 out of 0 bytes used by permanent object pool.
[2015.12.10-08.26.49:959][  0]LogEngine: Initializing Engine...
[2015.12.10-08.26.49:963][  0]LogHMD: Can't find Oculus library dev build: is proper Runtime installed? Version: 0.7.0.0
[2015.12.10-08.26.49:969][  0]LogHMD: SteamVR failed to initialize.  Err: 108
[2015.12.10-08.26.50:212][  0]LogAIModule: Creating AISystem for world NewWorld
[2015.12.10-08.26.50:219][  0]LogInit: XAudio2 using 'Speakers (Conexant SmartAudio HD)' : 2 channels at 48 kHz using 32 bits per sample (channel mask 0x3)
[2015.12.10-08.26.50:476][  0]LogInit: FAudioDevice initialized.
[2015.12.10-08.26.50:504][  0]LogDerivedDataCache: Saved boot cache 0.03s 41MB C:/Users/Simon/AppData/Local/UnrealEngine/4.9/DerivedDataCache/Boot.ddc.
[2015.12.10-08.26.50:513][  0]LogInit: Texture streaming: Enabled
[2015.12.10-08.26.50:532][  0]LogAnalytics: Creating configured Analytics provider AnalyticsET
[2015.12.10-08.26.50:532][  0]LogAnalytics: [UEEditor.Rocket.Release] APIServer = http://et2.epicgames.com/ET2/. AppVersion = 4.9.2-2707645+++depot+UE4-Releases+4.9
[2015.12.10-08.26.50:532][  0]LogAnalytics: [UEEditor.Rocket.Release] SetUserId 6513f12644b2a44aef06b6b2b101a60b|0986fcf50a56434a9f04b1f02afeed0b|3549f2f7-93b8-499b-b80b-3e19a3b9ffc4
[2015.12.10-08.26.50:533][  0]LogAnalytics: [UEEditor.Rocket.Release] AnalyticsET::StartSession
[2015.12.10-08.26.50:565][  0]LogWindowsTextInputMethodSystem:Display: IME system now deactivated.
[2015.12.10-08.26.50:566][  0]LogWindowsTextInputMethodSystem:Display: IME system now deactivated.
[2015.12.10-08.26.50:595][  0]LogInit: Transaction tracking system initialized
[2015.12.10-08.26.50:710][  0]BlueprintLog: New page: Editor Load
[2015.12.10-08.26.51:004][  0]LocalizationService: Info Localization service is disabled
[2015.12.10-08.26.51:546][  0]LogConsoleResponse:Display: 
[2015.12.10-08.26.51:768][  0]LogCook:Display: Done creating registry. It took  0.00s.
[2015.12.10-08.26.51:938][  0]LogFileCache: Scanning file cache for directory 'C:/Users/Simon/Documents/GitHub/MAH_Arena_UnrealProject/UnrealProject/Content/' took 0.02s
[2015.12.10-08.26.51:938][  0]SourceControl: Info Source control is disabled
[2015.12.10-08.26.51:938][  0]Cmd: MAP LOAD FILE="C:/Users/Simon/Documents/GitHub/MAH_Arena_UnrealProject/UnrealProject/Content/StarterContent/Maps/Minimal_Default.umap" TEMPLATE=0 SHOWPROGRESS=1 FEATURELEVEL=3
[2015.12.10-08.26.51:941][  0]LightingResults: New page: Lighting Build
[2015.12.10-08.26.51:949][  0]MapCheck: New page: Map Check
[2015.12.10-08.26.51:949][  0]LightingResults: New page: Lighting Build
[2015.12.10-08.26.51:981][  0]LogParticles: Destroying 0 GPU particle simulations for FXSystem 0x000001DD555F4400
[2015.12.10-08.26.52:577][  0]LogAIModule: Creating AISystem for world Minimal_Default
[2015.12.10-08.26.52:586][  0]LogEditorServer: Finished looking for orphan Actors (0.000 secs)
[2015.12.10-08.26.52:590][  0]Cmd: MAP CHECKDEP NOCLEARLOG
[2015.12.10-08.26.52:670][  0]MapCheck: Info Map check complete: 0 Error(s), 0 Warning(s), took 80.559ms to complete.
[2015.12.10-08.26.52:670][  0]LogFileHelpers: Loading map 'Minimal_Default' took 0.732
[2015.12.10-08.26.52:867][  0]LogCollectionManager: Loaded 0 collections in 0.003581 seconds
[2015.12.10-08.26.52:926][  0]LogFileCache: Scanning file cache for directory 'C:/Users/Simon/Documents/GitHub/MAH_Arena_UnrealProject/UnrealProject/Saved/Collections/' took 0.01s
[2015.12.10-08.26.52:926][  0]LogFileCache: Scanning file cache for directory 'C:/Users/Simon/Documents/GitHub/MAH_Arena_UnrealProject/UnrealProject/Content/Developers/Simon/Collections/' took 0.01s
[2015.12.10-08.26.52:926][  0]LogFileCache: Scanning file cache for directory 'C:/Users/Simon/Documents/GitHub/MAH_Arena_UnrealProject/UnrealProject/Content/Collections/' took 0.01s
[2015.12.10-08.26.52:926][  0]LogContentBrowser: Native class hierarchy populated in 0.0153 seconds. Added 1871 classes and 336 folders.
[2015.12.10-08.26.52:949][  0]LogCollectionManager: Rebuilt the GUID cache for 0 collections in 0.000010 seconds
[2015.12.10-08.26.52:972][  0]LogContentBrowser: Native class hierarchy updated for 'WidgetCarousel' in 0.0033 seconds. Added 0 classes and 0 folders.
[2015.12.10-08.26.53:086][  0]LogContentBrowser: Native class hierarchy updated for 'AddContentDialog' in 0.0032 seconds. Added 0 classes and 0 folders.
[2015.12.10-08.26.53:097][  0]LogContentBrowser: Native class hierarchy updated for 'SceneOutliner' in 0.0033 seconds. Added 1 classes and 2 folders.
[2015.12.10-08.26.53:155][  0]LogCrashTracker: Crashtracker disabled due to settings.
[2015.12.10-08.26.53:167][  0]LogUObjectGlobals:Warning: Failed to find object 'Class None.'
[2015.12.10-08.26.53:189][  0]LogLoad: Full Startup: 11.96 seconds (BP compile: 0.10 seconds)
[2015.12.10-08.26.53:432][  0]LogContentStreaming: Texture pool size now 400 MB
[2015.12.10-08.26.53:664][  0]LogRenderer: Reallocating scene render targets to support 896x444 (Frame:2).
[2015.12.10-08.26.54:018][  4]LogAssetRegistry: Asset discovery search completed in 5.2039 seconds
[2015.12.10-08.26.54:018][  4]LogCollectionManager: Rebuilt the object cache for 0 collections in 0.000001 seconds (found 0 objects)
[2015.12.10-08.26.54:018][  4]LogCollectionManager: Fixed up redirectors for 0 collections in 0.000035 seconds (updated 0 objects)
[2015.12.10-08.27.03:488][375]LogRenderer: Reallocating scene render targets to support 1004x456 (Frame:5).
[2015.12.10-08.27.17:304][ 54]LogVSAccessor:Warning: Visual Studio is open but could not be queried - it may be blocked by a modal operation
[2015.12.10-08.27.21:963][ 55]LogVSAccessor:Warning: Couldn't goto line number '0' in 'C:/Users/Simon/Documents/GitHub/MAH_Arena_UnrealProject/UnrealProject/Source/UnrealProject/PawnCar.h'
[2015.12.10-08.27.22:069][ 55]LogVSAccessor:Warning: Couldn't goto line number '0' in 'C:/Users/Simon/Documents/GitHub/MAH_Arena_UnrealProject/UnrealProject/Source/UnrealProject/PawnCar.cpp'
[2015.12.10-08.31.26:841][ 50]Recompiling UnrealProject...
[2015.12.10-08.31.26:841][ 50]Launching UnrealBuildTool... [D:/Program Files/Epic Games/4.9/Engine/Binaries/DotNET/UnrealBuildTool.exe UnrealProject -ModuleWithSuffix UnrealProject 4529 Win64 Development -editorrecompile -canskiplink "C:/Users/Simon/Documents/GitHub/MAH_Arena_UnrealProject/UnrealProject/UnrealProject.uproject" -rocket  -rocket]
[2015.12.10-08.31.26:843][ 50]Warning: Starting HotReload took  0.0s.
[2015.12.10-08.31.29:803][206]LogAIModule: Creating AISystem for world Simon
[2015.12.10-08.31.29:859][206]Cmd: MAP LOAD FILE="C:/Users/Simon/Documents/GitHub/MAH_Arena_UnrealProject/UnrealProject/Content/Maps/Simon.umap" TEMPLATE=0 SHOWPROGRESS=1 FEATURELEVEL=3
[2015.12.10-08.31.29:859][206]LightingResults: New page: Lighting Build
[2015.12.10-08.31.29:889][206]LoadErrors: New page: Loading map: Simon.umap
[2015.12.10-08.31.29:890][206]MapCheck: New page: Map Check
[2015.12.10-08.31.29:890][206]LightingResults: New page: Lighting Build
[2015.12.10-08.31.29:925][206]LogParticles: Destroying 0 GPU particle simulations for FXSystem 0x000001DD58653880
[2015.12.10-08.31.29:938][206]PIE:Warning: Warning Invalid Simulate Options: Body (PawnCarBP_668.Root) is set to simulate physics but Collision Enabled is incompatible
[2015.12.10-08.31.29:938][206]PIE:Warning: Warning Invalid Simulate Options: Body (PawnCarBP_668.Root) is set to simulate physics but Collision Enabled is incompatible
[2015.12.10-08.31.29:939][206]PIE:Warning: Warning Invalid Simulate Options: Body (PawnCarBP2_404.Root) is set to simulate physics but Collision Enabled is incompatible
[2015.12.10-08.31.29:939][206]PIE:Warning: Warning Invalid Simulate Options: Body (PawnCarBP2_404.Root) is set to simulate physics but Collision Enabled is incompatible
[2015.12.10-08.31.29:944][206]LogEditorServer: Finished looking for orphan Actors (0.000 secs)
[2015.12.10-08.31.30:012][206]Cmd: MAP CHECKDEP NOCLEARLOG
[2015.12.10-08.31.30:098][206]MapCheck: Info Map check complete: 0 Error(s), 0 Warning(s), took 85.779ms to complete.
[2015.12.10-08.31.30:098][206]LogFileHelpers: Loading map 'Simon' took 0.242
[2015.12.10-08.31.30:105][206]LoadErrors:Error: Error /Game/Maps/Simon : Failed import for PawnCarBP_C /Game/PawnCarBP.Default__PawnCarBP_C [redirection] in /Game/Maps/Simon
[2015.12.10-08.31.30:106][206]LoadErrors:Error: Error /Game/Maps/Simon : Failed import for BoxComponent /Game/PawnCarBP.Default__PawnCarBP_C:Root
[2015.12.10-08.31.30:106][206]LoadErrors:Error: Error /Game/Maps/Simon : Failed import for FloatingPawnMovement /Game/PawnCarBP.Default__PawnCarBP_C:Movement
[2015.12.10-08.31.30:106][206]LoadErrors:Error: Error /Game/Maps/Simon : Failed import for StaticMeshComponent /Game/PawnCarBP.Default__PawnCarBP_C:StaticMesh
[2015.12.10-08.32.07:881][783]CompilerResultsLog: New page: Compilation - Dec 10, 2015, 10:32:07 AM
[2015.12.10-08.32.07:881][783]CompilerResultsLog: Info Creating makefile for hot reloading UnrealProject (game project files are newer)
[2015.12.10-08.32.07:881][783]CompilerResultsLog: Info Compiling game modules for hot reload
[2015.12.10-08.32.07:881][783]CompilerResultsLog: Info Parsing headers for UnrealProjectEditor
[2015.12.10-08.32.07:882][783]CompilerResultsLog: Info   Running UnrealHeaderTool "C:/Users/Simon/Documents/GitHub/MAH_Arena_UnrealProject/UnrealProject/UnrealProject.uproject" "C:\Users\Simon\Documents\GitHub\MAH_Arena_UnrealProject\UnrealProject\Intermediate\Build\Win64\UnrealProjectEditor\Development\UnrealHeaderTool.manifest" -LogCmds="loginit warning, logexit warning, logdatabase error" -rocket -installed
[2015.12.10-08.32.07:882][783]CompilerResultsLog: Info Reflection code generated for UnrealProjectEditor in 18.2498651 seconds
[2015.12.10-08.32.07:882][783]CompilerResultsLog: Info Performing 2 actions (2 in parallel)
[2015.12.10-08.32.07:882][783]CompilerResultsLog: Info PawnCar.cpp
[2015.12.10-08.32.07:882][783]CompilerResultsLog: Info [2/2] Link UE4Editor-UnrealProject-4529.dll
[2015.12.10-08.32.07:882][783]CompilerResultsLog: Info    Creating library C:\Users\Simon\Documents\GitHub\MAH_Arena_UnrealProject\UnrealProject\Intermediate/Build/Win64\UE4Editor\Development\UE4Editor-UnrealProject-4529.lib and object C:\Users\Simon\Documents\GitHub\MAH_Arena_UnrealProject\UnrealProject\Intermediate/Build/Win64\UE4Editor\Development\UE4Editor-UnrealProject-4529.exp
[2015.12.10-08.32.07:882][783]CompilerResultsLog: Info -------- End Detailed Actions Stats -----------------------------------------------------------
[2015.12.10-08.32.07:882][783]CompilerResultsLog: Info Total build time: 40.98 seconds
[2015.12.10-08.32.07:882][783]LogMainFrame: MainFrame: Module compiling took 41.045 seconds
[2015.12.10-08.32.08:047][783]LogContentBrowser: Native class hierarchy updated for 'UnrealProject' in 0.0031 seconds. Added 4 classes and 3 folders.
[2015.12.10-08.32.08:050][783]Warning: HotReload successful (1 functions remapped  0 scriptstructs remapped)
[2015.12.10-08.32.08:178][783]LogContentBrowser: Native class hierarchy populated in 0.0176 seconds. Added 1872 classes and 338 folders.
[2015.12.10-08.32.12:299][957]LogBlueprintUserMessages: Early PlayInEditor Detection: Level '/Game/Maps/Simon.Simon:PersistentLevel' has LevelScriptBlueprint '/Game/Maps/Simon.Simon:PersistentLevel.Simon' with GeneratedClass '/Game/Maps/Simon.Simon_C' with ClassGeneratedBy '/Game/Maps/Simon.Simon:PersistentLevel.Simon'
[2015.12.10-08.32.12:299][957]LogPlayLevel: PlayLevel: No blueprints needed recompiling
[2015.12.10-08.32.12:300][957]PIE: New page: PIE session: Simon (Dec 10, 2015, 10:32:12 AM)
[2015.12.10-08.32.12:300][957]LogPlayLevel: Creating play world package: /Game/Maps/UEDPIE_0_Simon
[2015.12.10-08.32.12:311][957]LogPlayLevel: PIE: StaticDuplicateObject took: (0.011079s)
[2015.12.10-08.32.12:312][957]LogAIModule: Creating AISystem for world Simon
[2015.12.10-08.32.12:312][957]LogPlayLevel: PIE: World Init took: (0.001233s)
[2015.12.10-08.32.12:312][957]LogPlayLevel: PIE: Created PIE world by copying editor world from /Game/Maps/Simon.Simon to /Game/Maps/UEDPIE_0_Simon.Simon (0.012636s)
[2015.12.10-08.32.12:354][957]LogInit: XAudio2 using 'Speakers (Conexant SmartAudio HD)' : 2 channels at 48 kHz using 32 bits per sample (channel mask 0x3)
[2015.12.10-08.32.12:370][957]LogInit: FAudioDevice initialized.
[2015.12.10-08.32.12:486][957]LogWorld: Game class is 'UnrealProjectGameModeBP_C'
[2015.12.10-08.32.12:498][957]PIE:Warning: Warning Invalid Simulate Options: Body (PawnCarBP_668.Root) is set to simulate physics but Collision Enabled is incompatible
[2015.12.10-08.32.12:498][957]PIE:Warning: Warning Invalid Simulate Options: Body (PawnCarBP_668.Root) is set to simulate physics but Collision Enabled is incompatible
[2015.12.10-08.32.12:499][957]LogPhysics:Warning: FBodyInstance::ApplyMaterialToShape_AssumesLocked : PComplexMats is empty - falling back on simple physical material.
[2015.12.10-08.32.12:499][957]LogPhysics:Warning: FBodyInstance::ApplyMaterialToShape_AssumesLocked : PComplexMats is empty - falling back on simple physical material.
[2015.12.10-08.32.12:500][957]LogPhysics:Warning: FBodyInstance::ApplyMaterialToShape_AssumesLocked : PComplexMats is empty - falling back on simple physical material.
[2015.12.10-08.32.12:500][957]LogPhysics:Warning: FBodyInstance::ApplyMaterialToShape_AssumesLocked : PComplexMats is empty - falling back on simple physical material.
[2015.12.10-08.32.12:500][957]LogPhysics:Warning: FBodyInstance::ApplyMaterialToShape_AssumesLocked : PComplexMats is empty - falling back on simple physical material.
[2015.12.10-08.32.12:501][957]PIE:Warning: Warning Invalid Simulate Options: Body (PawnCarBP2_404.Root) is set to simulate physics but Collision Enabled is incompatible
[2015.12.10-08.32.12:501][957]PIE:Warning: Warning Invalid Simulate Options: Body (PawnCarBP2_404.Root) is set to simulate physics but Collision Enabled is incompatible
[2015.12.10-08.32.12:502][957]LogPhysics:Warning: FBodyInstance::ApplyMaterialToShape_AssumesLocked : PComplexMats is empty - falling back on simple physical material.
[2015.12.10-08.32.12:502][957]LogPhysics:Warning: FBodyInstance::ApplyMaterialToShape_AssumesLocked : PComplexMats is empty - falling back on simple physical material.
[2015.12.10-08.32.12:502][957]LogPhysics:Warning: FBodyInstance::ApplyMaterialToShape_AssumesLocked : PComplexMats is empty - falling back on simple physical material.
[2015.12.10-08.32.12:502][957]LogPhysics:Warning: FBodyInstance::ApplyMaterialToShape_AssumesLocked : PComplexMats is empty - falling back on simple physical material.
[2015.12.10-08.32.12:502][957]LogPhysics:Warning: FBodyInstance::ApplyMaterialToShape_AssumesLocked : PComplexMats is empty - falling back on simple physical material.
[2015.12.10-08.32.12:503][957]LogWorld: Bringing World /Game/Maps/UEDPIE_0_Simon.Simon up for play (max tick rate 60) at 2015.12.10-09.32.12
[2015.12.10-08.32.12:503][957]LogActor:Warning: GameSession /Game/Maps/UEDPIE_0_Simon.Simon:PersistentLevel.GameSession_0 has natively added scene component(s), but none of them were set as the actor's RootComponent - picking one arbitrarily
[2015.12.10-08.32.12:503][957]LogActor:Warning: GameNetworkManager /Game/Maps/UEDPIE_0_Simon.Simon:PersistentLevel.GameNetworkManager_0 has natively added scene component(s), but none of them were set as the actor's RootComponent - picking one arbitrarily
[2015.12.10-08.32.12:505][957]LogWorld: Bringing up level for play took: 0.016765
[2015.12.10-08.32.12:507][957]LogPlayerManagement:Error: Failed to Create Player: A local player already exists for controller ID 0,
[2015.12.10-08.32.12:507][957]LogScript:Warning: Accessed None 'CallFunc_CreatePlayer_ReturnValue'
	UnrealProjectGameModeBP_C /Game/Maps/UEDPIE_0_Simon.Simon:PersistentLevel.UnrealProjectGameModeBP_C_0
	Function /Game/Blueprints/UnrealProjectGameModeBP.UnrealProjectGameModeBP_C:ExecuteUbergraph_UnrealProjectGameModeBP:015C
[2015.12.10-08.32.12:507][957]PIE:Error: Error Accessed None 'CallFunc_CreatePlayer_ReturnValue' from node Possess in graph 'EventGraph' in blueprint UnrealProjectGameModeBP
[2015.12.10-08.32.12:507][957]LogScript:Warning: Accessed None 'CallFunc_CreatePlayer_ReturnValue'
	UnrealProjectGameModeBP_C /Game/Maps/UEDPIE_0_Simon.Simon:PersistentLevel.UnrealProjectGameModeBP_C_0
	Function /Game/Blueprints/UnrealProjectGameModeBP.UnrealProjectGameModeBP_C:ExecuteUbergraph_UnrealProjectGameModeBP:017D
[2015.12.10-08.32.12:507][957]PIE:Error: Error Accessed None 'CallFunc_CreatePlayer_ReturnValue' from node Possess in graph 'EventGraph' in blueprint UnrealProjectGameModeBP
[2015.12.10-08.32.12:508][957]LogBlueprintUserMessages: [UnrealProjectGameModeBP_C_0] Works
[2015.12.10-08.32.12:517][957]LogBlueprintUserMessages: [UnrealProjectGameModeBP_C_0] Works
[2015.12.10-08.32.12:620][957]PIE: Info Play in editor start time for /Game/Maps/UEDPIE_0_Simon 1.064
[2015.12.10-08.32.12:620][957]LogBlueprintUserMessages: Late PlayInEditor Detection: Level '/Game/Maps/Simon.Simon:PersistentLevel' has LevelScriptBlueprint '/Game/Maps/Simon.Simon:PersistentLevel.Simon' with GeneratedClass '/Game/Maps/Simon.Simon_C' with ClassGeneratedBy '/Game/Maps/Simon.Simon:PersistentLevel.Simon'
[2015.12.10-08.32.12:622][957]PIE:Warning: Warning PawnCarBP_668.Root has to have 'CollisionEnabled' set to 'Query and Physics' or 'Physics only' if you'd like to AddTorque. 
[2015.12.10-08.32.13:591][957]LogCrashTracker: 


[2015.12.10-08.32.13:597][957]LogCrashTracker: 


[2015.12.10-08.32.13:597][957]LogWindows: === Critical error: ===
Fatal error!



[2015.12.10-08.32.13:770][957]LogExit: Executing StaticShutdownAfterError
[2015.12.10-08.32.13:775][957]LogPhysics:Warning: PHYSX: ..\..\PhysX\src\NpScene.cpp (2946) 8 : PxScene::unlockWrite() called without matching call to PxScene::lockWrite(), behaviour will be undefined.
[2015.12.10-08.32.13:775][957]LogPhysics:Warning: PHYSX: ..\..\PhysX\src\NpScene.cpp (2946) 8 : PxScene::unlockWrite() called without matching call to PxScene::lockWrite(), behaviour will be undefined.
[2015.12.10-08.32.13:775][957]LogPhysics:Warning: PHYSX: ..\..\PhysX\src\NpScene.cpp (2946) 8 : PxScene::unlockWrite() called without matching call to PxScene::lockWrite(), behaviour will be undefined.
[2015.12.10-08.32.13:775][957]LogPhysics:Warning: PHYSX: ..\..\PhysX\src\NpScene.cpp (2946) 8 : PxScene::unlockWrite() called without matching call to PxScene::lockWrite(), behaviour will be undefined.
[2015.12.10-08.32.13:775][957]LogWindows: FPlatformMisc::RequestExit(1)
[2015.12.10-08.32.13:775][957]Log file closed, 12/10/15 09:32:13
