[2015.12.10-09.34.03:783][  0]Log file open, 12/10/15 10:34:03
[2015.12.10-09.34.03:783][  0]LogInit:Display: Running engine for game: UnrealProject
[2015.12.10-09.34.03:783][  0]LogInit:Display: RandInit(-1412261923) SRandInit(-1412261923).
[2015.12.10-09.34.03:783][  0]LogTaskGraph: Started task graph with 4 named threads and 5 total threads.
[2015.12.10-09.34.03:783][  0]LogStats: Stats thread started at 0.061242
[2015.12.10-09.34.03:783][  0]LogInit: Version: 4.9.2-2707645+++depot+UE4-Releases+4.9
[2015.12.10-09.34.03:783][  0]LogInit: API Version: 2672455
[2015.12.10-09.34.03:783][  0]LogInit: Compiled (64-bit): Sep 28 2015 10:25:44
[2015.12.10-09.34.03:783][  0]LogInit: Compiled with Visual C++: 18.00.21005.01
[2015.12.10-09.34.03:783][  0]LogInit: Build Configuration: Development
[2015.12.10-09.34.03:783][  0]LogInit: Branch Name: ++depot+UE4-Releases+4.9
[2015.12.10-09.34.03:783][  0]LogInit: Command line: 
[2015.12.10-09.34.03:783][  0]LogInit: Base directory: D:/Program Files/Epic Games/4.9/Engine/Binaries/Win64/
[2015.12.10-09.34.03:783][  0]LogInit: Rocket: 1
[2015.12.10-09.34.03:794][  0]LogInit: Using libcurl 7.41.0
[2015.12.10-09.34.03:794][  0]LogInit:  - built for x86_64-pc-win32
[2015.12.10-09.34.03:794][  0]LogInit:  - supports SSL with WinSSL
[2015.12.10-09.34.03:794][  0]LogInit:  - other features:
[2015.12.10-09.34.03:794][  0]LogInit:      CURL_VERSION_SSL
[2015.12.10-09.34.03:794][  0]LogInit:      CURL_VERSION_IPV6
[2015.12.10-09.34.03:794][  0]LogInit:      CURL_VERSION_ASYNCHDNS
[2015.12.10-09.34.03:794][  0]LogInit:      CURL_VERSION_LARGEFILE
[2015.12.10-09.34.03:794][  0]LogInit:      CURL_VERSION_IDN
[2015.12.10-09.34.03:794][  0]LogInit:  CurlRequestOptions (configurable via config and command line):
[2015.12.10-09.34.03:794][  0]LogInit:  - bVerifyPeer = true  - Libcurl will verify peer certificate
[2015.12.10-09.34.03:794][  0]LogInit:  - bUseHttpProxy = false  - Libcurl will NOT use HTTP proxy
[2015.12.10-09.34.03:794][  0]LogInit:  - bDontReuseConnections = false  - Libcurl will reuse connections
[2015.12.10-09.34.03:794][  0]LogInit:  - CertBundlePath = nullptr  - Libcurl will use whatever was configured at build time.
[2015.12.10-09.34.03:801][  0]LogInit: Presizing for 0 objects not considered by GC, pre-allocating 0 bytes.
[2015.12.10-09.34.03:810][  0]LogInit: Object subsystem initialized
[2015.12.10-09.34.03:811][  0]LogInit: Selected Device Profile: [Windows]
[2015.12.10-09.34.03:811][  0]LogInit: Applying CVar settings loaded from the selected device profile: [Windows]
[2015.12.10-09.34.03:823][  0]LogInit: Computer: TIMS-DATOR
[2015.12.10-09.34.03:823][  0]LogInit: User: Tim
[2015.12.10-09.34.03:823][  0]LogInit: CPU Page size=4096, Cores=2
[2015.12.10-09.34.03:823][  0]LogInit: High frequency timer resolution =2.338339 MHz
[2015.12.10-09.34.03:823][  0]LogMemory: Memory total: Physical=7.9GB (8GB approx)
[2015.12.10-09.34.03:823][  0]LogMemory: Platform Memory Stats for Windows
[2015.12.10-09.34.03:823][  0]LogMemory: Process Physical Memory: 55.03 MB used, 55.03 MB peak
[2015.12.10-09.34.03:823][  0]LogMemory: Process Virtual Memory: 55.32 MB used, 55.32 MB peak
[2015.12.10-09.34.03:823][  0]LogMemory: Physical Memory: 5571.07 MB used, 8094.46 MB total
[2015.12.10-09.34.03:823][  0]LogMemory: Virtual Memory: 363.64 MB used, 134217728.00 MB total
[2015.12.10-09.34.03:870][  0]LogTextLocalizationManager: No translations for ('sv-SE') exist, falling back to 'en' for localization and internationalization data.
[2015.12.10-09.34.04:819][  0]LogD3D11RHI: Found D3D11 adapter 0: NVIDIA GeForce 940M   (Feature Level 11_0)
[2015.12.10-09.34.04:819][  0]LogD3D11RHI: Adapter has 1996MB of dedicated video memory, 0MB of dedicated system memory, and 4047MB of shared system memory, 1 output[s]
[2015.12.10-09.34.04:825][  0]LogD3D11RHI: Found D3D11 adapter 1: Intel(R) HD Graphics 5500 (Feature Level 11_0)
[2015.12.10-09.34.04:825][  0]LogD3D11RHI: Adapter has 128MB of dedicated video memory, 0MB of dedicated system memory, and 4047MB of shared system memory, 0 output[s]
[2015.12.10-09.34.04:826][  0]LogD3D11RHI: Found D3D11 adapter 2: Microsoft Basic Render Driver (Feature Level 11_0)
[2015.12.10-09.34.04:826][  0]LogD3D11RHI: Adapter has 0MB of dedicated video memory, 0MB of dedicated system memory, and 4047MB of shared system memory, 0 output[s]
[2015.12.10-09.34.04:826][  0]LogD3D11RHI: Chosen D3D11 Adapter Id = 0
[2015.12.10-09.34.04:849][  0]LogD3D11RHI: !Direct3DDevice
[2015.12.10-09.34.04:849][  0]LogRHI: Texture pool is 1361 MB (70% of 1945 MB)
[2015.12.10-09.34.04:868][  0]LogD3D11RHI: Async texture creation enabled
[2015.12.10-09.34.04:885][  0]LogShaderCompilers: Guid format shader working directory is 13 characters bigger than the processId version (../../../../../../Users/Tim/Documents/MAH_Arena_UnrealProject/UnrealProject/Intermediate/Shaders/WorkingDirectory/144004/).
[2015.12.10-09.34.04:885][  0]LogShaderCompilers: Cleaned the shader compiler working directory '../../../../../../Users/Tim/Documents/MAH_Arena_UnrealProject/UnrealProject/Intermediate/Shaders/tmp/B6F9FCBF4DB8570E8221ABA8597CED8E/'.
[2015.12.10-09.34.04:885][  0]LogShaderCompilers:Display: Using Local Shader Compiler.
[2015.12.10-09.34.06:314][  0]LogTemp:Display: Loaded TP AllDesktopTargetPlatform
[2015.12.10-09.34.06:322][  0]LogTemp:Display: Loaded TP WindowsClientTargetPlatform
[2015.12.10-09.34.06:331][  0]LogTemp:Display: Loaded TP WindowsNoEditorTargetPlatform
[2015.12.10-09.34.06:340][  0]LogTemp:Display: Loaded TP WindowsServerTargetPlatform
[2015.12.10-09.34.06:347][  0]LogTemp:Display: Loaded TP WindowsTargetPlatform
[2015.12.10-09.34.06:359][  0]LogTemp:Display: Loaded TP AndroidTargetPlatform
[2015.12.10-09.34.06:364][  0]LogTemp:Display: Loaded TP Android_ASTCTargetPlatform
[2015.12.10-09.34.06:370][  0]LogTemp:Display: Loaded TP Android_ATCTargetPlatform
[2015.12.10-09.34.06:379][  0]LogTemp:Display: Loaded TP Android_DXTTargetPlatform
[2015.12.10-09.34.06:382][  0]LogTemp:Display: Loaded TP Android_ETC1TargetPlatform
[2015.12.10-09.34.06:389][  0]LogTemp:Display: Loaded TP Android_ETC2TargetPlatform
[2015.12.10-09.34.06:395][  0]LogTemp:Display: Loaded TP Android_PVRTCTargetPlatform
[2015.12.10-09.34.06:397][  0]LogTemp:Display: Loaded TP HTML5TargetPlatform
[2015.12.10-09.34.06:417][  0]LogTemp:Display: Loaded TP IOSTargetPlatform
[2015.12.10-09.34.06:423][  0]LogTemp:Display: Loaded TP LinuxNoEditorTargetPlatform
[2015.12.10-09.34.06:426][  0]LogTemp:Display: Loaded TP LinuxServerTargetPlatform
[2015.12.10-09.34.06:430][  0]LogTemp:Display: Loaded TP LinuxTargetPlatform
[2015.12.10-09.34.06:430][  0]LogTargetPlatformManager:Display: Building Assets For Windows
[2015.12.10-09.34.06:504][  0]LogDerivedDataCache:Display: Max Cache Size: 512 MB
[2015.12.10-09.34.06:557][  0]LogDerivedDataCache: Loaded boot cache 0.05s 41MB C:/Users/Tim/AppData/Local/UnrealEngine/4.9/DerivedDataCache/Boot.ddc.
[2015.12.10-09.34.06:557][  0]LogDerivedDataCache:Display: Loaded Boot cache: C:/Users/Tim/AppData/Local/UnrealEngine/4.9/DerivedDataCache/Boot.ddc
[2015.12.10-09.34.06:557][  0]LogDerivedDataCache: FDerivedDataBackendGraph:  Pak pak cache file ../../../../../../Users/Tim/Documents/MAH_Arena_UnrealProject/UnrealProject/DerivedDataCache/DDC.ddp not found, will not use a pak cache.
[2015.12.10-09.34.06:557][  0]LogDerivedDataCache: Unable to find inner node Pak for hierarchical cache Hierarchy.
[2015.12.10-09.34.06:557][  0]LogDerivedDataCache: FDerivedDataBackendGraph:  CompressedPak pak cache file ../../../../../../Users/Tim/Documents/MAH_Arena_UnrealProject/UnrealProject/DerivedDataCache/Compressed.ddp not found, will not use a pak cache.
[2015.12.10-09.34.06:557][  0]LogDerivedDataCache: Unable to find inner node CompressedPak for hierarchical cache Hierarchy.
[2015.12.10-09.34.06:704][  0]LogDerivedDataCache:Display: Pak cache opened for reading ../../../Engine/DerivedDataCache/Compressed.ddp.
[2015.12.10-09.34.06:716][  0]LogDerivedDataCache: Using Local data cache path C:/Users/Tim/AppData/Local/UnrealEngine/Common/DerivedDataCache: Writable
[2015.12.10-09.34.06:898][  0]LogInit: Selected Device Profile: [Windows]
[2015.12.10-09.34.06:900][  0]LogContentStreaming: Texture pool size is 0.000000MB
[2015.12.10-09.34.07:046][  0]LogMeshUtilities: No automatic mesh reduction module available
[2015.12.10-09.34.07:046][  0]LogMeshUtilities: No automatic mesh merging module available
[2015.12.10-09.34.07:336][  0]LogInit: WinSock: version 1.1 (2.2), MaxSocks=32767, MaxUdp=65467
[2015.12.10-09.34.08:107][  0]UdpMessaging: Initializing bridge on interface 0.0.0.0:0 to multicast group 230.0.0.1:6666.
[2015.12.10-09.34.08:215][  0]LogAssetRegistry: FAssetRegistry took 0.0111 seconds to start up
[2015.12.10-09.34.08:389][  0]SourceControl: Info Source control is disabled
[2015.12.10-09.34.08:399][  0]SourceControl: Info Source control is disabled
[2015.12.10-09.34.08:410][  0]SourceControl: Info Source control is disabled
[2015.12.10-09.34.08:421][  0]SourceControl: Info Source control is disabled
[2015.12.10-09.34.08:547][  0]LogLinker:Warning: Asset '../../../Engine/Plugins/Runtime/LeapMotionController/Content/LM_PassthroughMaterial.uasset' has been saved with empty engine version. The asset will be loaded but may be incompatible.
[2015.12.10-09.34.08:612][  0]LogObj: 28386 objects as part of root set at end of initial load.
[2015.12.10-09.34.08:612][  0]LogUObjectAllocator: 6053800 out of 0 bytes used by permanent object pool.
[2015.12.10-09.34.08:672][  0]LogEngine: Initializing Engine...
[2015.12.10-09.34.08:674][  0]LogHMD: Can't find Oculus library dev build: is proper Runtime installed? Version: 0.7.0.0
[2015.12.10-09.34.08:675][  0]LogHMD: SteamVR failed to initialize.  Err: 110
[2015.12.10-09.34.08:840][  0]LogAIModule: Creating AISystem for world NewWorld
[2015.12.10-09.34.08:845][  0]LogInit: XAudio2 using 'Speakers (Conexant SmartAudio HD)' : 2 channels at 48 kHz using 32 bits per sample (channel mask 0x3)
[2015.12.10-09.34.08:893][  0]LogInit: FAudioDevice initialized.
[2015.12.10-09.34.08:923][  0]LogDerivedDataCache: Saved boot cache 0.03s 41MB C:/Users/Tim/AppData/Local/UnrealEngine/4.9/DerivedDataCache/Boot.ddc.
[2015.12.10-09.34.08:930][  0]LogInit: Texture streaming: Enabled
[2015.12.10-09.34.08:936][  0]LogAnalytics: Creating configured Analytics provider AnalyticsET
[2015.12.10-09.34.08:936][  0]LogAnalytics: [UEEditor.Rocket.Release] APIServer = http://et2.epicgames.com/ET2/. AppVersion = 4.9.2-2707645+++depot+UE4-Releases+4.9
[2015.12.10-09.34.08:936][  0]LogAnalytics: [UEEditor.Rocket.Release] SetUserId b62f53434c0b82edd9906fb3b3756150|a52f7d62b5914d13b7110ccf331056a2|b3312637-65e8-4fd5-8bd6-6cd8b4ccec00
[2015.12.10-09.34.08:936][  0]LogAnalytics: [UEEditor.Rocket.Release] AnalyticsET::StartSession
[2015.12.10-09.34.09:017][  0]LogWindowsTextInputMethodSystem:Display: IME system now deactivated.
[2015.12.10-09.34.09:017][  0]LogWindowsTextInputMethodSystem:Display: IME system now deactivated.
[2015.12.10-09.34.09:039][  0]LogInit: Transaction tracking system initialized
[2015.12.10-09.34.09:072][  0]BlueprintLog: New page: Editor Load
[2015.12.10-09.34.09:165][  0]LocalizationService: Info Localization service is disabled
[2015.12.10-09.34.09:245][  0]LogConsoleResponse:Display: 
[2015.12.10-09.34.09:421][  0]LogCook:Display: Done creating registry. It took  0.00s.
[2015.12.10-09.34.09:479][  0]LogFileCache: Scanning file cache for directory 'D:/Users/Tim/Documents/MAH_Arena_UnrealProject/UnrealProject/Content/' took 0.01s
[2015.12.10-09.34.09:484][  0]SourceControl: Info Source control is disabled
[2015.12.10-09.34.09:484][  0]Cmd: MAP LOAD FILE="../../../../../../Users/Tim/Documents/MAH_Arena_UnrealProject/UnrealProject/Content/StarterContent/Maps/Minimal_Default.umap" TEMPLATE=0 SHOWPROGRESS=1 FEATURELEVEL=3
[2015.12.10-09.34.09:485][  0]LightingResults: New page: Lighting Build
[2015.12.10-09.34.09:489][  0]MapCheck: New page: Map Check
[2015.12.10-09.34.09:489][  0]LightingResults: New page: Lighting Build
[2015.12.10-09.34.09:512][  0]LogParticles: Destroying 0 GPU particle simulations for FXSystem 0x000000795E6C4400
[2015.12.10-09.34.09:896][  0]LogAIModule: Creating AISystem for world Minimal_Default
[2015.12.10-09.34.09:905][  0]LogEditorServer: Finished looking for orphan Actors (0.000 secs)
[2015.12.10-09.34.09:906][  0]Cmd: MAP CHECKDEP NOCLEARLOG
[2015.12.10-09.34.09:960][  0]MapCheck: Info Map check complete: 0 Error(s), 0 Warning(s), took 54.392ms to complete.
[2015.12.10-09.34.09:961][  0]LogFileHelpers: Loading map 'Minimal_Default' took 0.477
[2015.12.10-09.34.10:096][  0]LogCollectionManager: Loaded 0 collections in 0.002641 seconds
[2015.12.10-09.34.10:144][  0]LogFileCache: Scanning file cache for directory 'D:/Users/Tim/Documents/MAH_Arena_UnrealProject/UnrealProject/Saved/Collections/' took 0.01s
[2015.12.10-09.34.10:144][  0]LogFileCache: Scanning file cache for directory 'D:/Users/Tim/Documents/MAH_Arena_UnrealProject/UnrealProject/Content/Developers/Tim/Collections/' took 0.01s
[2015.12.10-09.34.10:145][  0]LogFileCache: Scanning file cache for directory 'D:/Users/Tim/Documents/MAH_Arena_UnrealProject/UnrealProject/Content/Collections/' took 0.01s
[2015.12.10-09.34.10:145][  0]LogContentBrowser: Native class hierarchy populated in 0.0128 seconds. Added 1871 classes and 336 folders.
[2015.12.10-09.34.10:150][  0]LogCollectionManager: Rebuilt the GUID cache for 0 collections in 0.000003 seconds
[2015.12.10-09.34.10:160][  0]LogContentBrowser: Native class hierarchy updated for 'WidgetCarousel' in 0.0022 seconds. Added 0 classes and 0 folders.
[2015.12.10-09.34.10:223][  0]LogContentBrowser: Native class hierarchy updated for 'AddContentDialog' in 0.0020 seconds. Added 0 classes and 0 folders.
[2015.12.10-09.34.10:229][  0]LogContentBrowser: Native class hierarchy updated for 'SceneOutliner' in 0.0020 seconds. Added 1 classes and 2 folders.
[2015.12.10-09.34.10:313][  0]LogCrashTracker: Crashtracker disabled due to settings.
[2015.12.10-09.34.10:321][  0]LogUObjectGlobals:Warning: Failed to find object 'Class None.'
[2015.12.10-09.34.10:346][  0]LogLoad: Full Startup: 7.43 seconds (BP compile: 0.05 seconds)
[2015.12.10-09.34.10:434][  0]LogContentStreaming: Texture pool size now 1000 MB
[2015.12.10-09.34.10:578][  0]LogRenderer: Reallocating scene render targets to support 956x528 (Frame:2).
[2015.12.10-09.34.10:892][  3]LogAssetRegistry: Asset discovery search completed in 2.6883 seconds
[2015.12.10-09.34.10:892][  3]LogCollectionManager: Rebuilt the object cache for 0 collections in 0.000001 seconds (found 0 objects)
[2015.12.10-09.34.10:892][  3]LogCollectionManager: Fixed up redirectors for 0 collections in 0.000036 seconds (updated 0 objects)
[2015.12.10-09.34.27:082][939]LogAIModule: Creating AISystem for world Tim
[2015.12.10-09.34.27:134][939]Cmd: MAP LOAD FILE="../../../../../../Users/Tim/Documents/MAH_Arena_UnrealProject/UnrealProject/Content/Maps/Tim.umap" TEMPLATE=0 SHOWPROGRESS=1 FEATURELEVEL=3
[2015.12.10-09.34.27:134][939]LightingResults: New page: Lighting Build
[2015.12.10-09.34.27:158][939]LoadErrors: New page: Loading map: Tim.umap
[2015.12.10-09.34.27:158][939]MapCheck: New page: Map Check
[2015.12.10-09.34.27:159][939]LightingResults: New page: Lighting Build
[2015.12.10-09.34.27:182][939]LogParticles: Destroying 0 GPU particle simulations for FXSystem 0x000000794F63B560
[2015.12.10-09.34.27:187][939]PIE:Warning: Warning Invalid Simulate Options: Body (PawnCarBP_290.Root) is set to simulate physics but Collision Enabled is incompatible
[2015.12.10-09.34.27:187][939]PIE:Warning: Warning Invalid Simulate Options: Body (PawnCarBP_290.Root) is set to simulate physics but Collision Enabled is incompatible
[2015.12.10-09.34.27:188][939]PIE:Warning: Warning Invalid Simulate Options: Body (PawnCarBP2_198.Root) is set to simulate physics but Collision Enabled is incompatible
[2015.12.10-09.34.27:188][939]PIE:Warning: Warning Invalid Simulate Options: Body (PawnCarBP2_198.Root) is set to simulate physics but Collision Enabled is incompatible
[2015.12.10-09.34.27:231][939]LogEditorServer: Finished looking for orphan Actors (0.000 secs)
[2015.12.10-09.34.27:270][939]Cmd: MAP CHECKDEP NOCLEARLOG
[2015.12.10-09.34.27:316][939]MapCheck: Info Map check complete: 0 Error(s), 0 Warning(s), took 45.724ms to complete.
[2015.12.10-09.34.27:317][939]LogFileHelpers: Loading map 'Tim' took 0.185
[2015.12.10-09.34.48:775][209]LogEditorViewport: Clicking on Actor (LMB): StaticMeshActor (Floor)
[2015.12.10-09.34.50:446][301]Cmd: OBJ SAVEPACKAGE PACKAGE="/Game/Maps/Tim" FILE="../../../../../../Users/Tim/Documents/MAH_Arena_UnrealProject/UnrealProject/Content/Maps/Tim.umap" SILENT=true AUTOSAVING=false KEEPDIRTY=false
[2015.12.10-09.34.50:574][301]LogSavePackage: Save=97.106110ms
[2015.12.10-09.34.50:574][301]LogSavePackage: Moving '../../../../../../Users/Tim/Documents/MAH_Arena_UnrealProject/UnrealProject/Saved/Tim0BEFE59846C9603E1E80A590EFA02CE2.tmp' to '../../../../../../Users/Tim/Documents/MAH_Arena_UnrealProject/UnrealProject/Content/Maps/Tim.umap'
[2015.12.10-09.34.50:575][301]LogSavePackage: Total save time: 106.577359ms
[2015.12.10-09.34.50:575][301]LogSavePackage:Warning: Finished SavePackage ../../../../../../Users/Tim/Documents/MAH_Arena_UnrealProject/UnrealProject/Content/Maps/Tim.umap
[2015.12.10-09.34.51:450][336]LogWindowsTextInputMethodSystem:Display: IME system now deactivated.
[2015.12.10-09.34.51:450][336]LogWindowsTextInputMethodSystem:Display: IME system now deactivated.
[2015.12.10-09.34.52:015][337]Cmd: QUIT_EDITOR
[2015.12.10-09.34.52:347][337]LogExit: Preparing to exit.
[2015.12.10-09.34.53:218][337]LogExit: Editor shut down
[2015.12.10-09.34.53:218][337]LogExit: Transaction tracking system shut down
[2015.12.10-09.34.53:219][337]LogParticles: Destroying 0 GPU particle simulations for FXSystem 0x000000795A0FDB20
[2015.12.10-09.34.53:219][337]LogParticles: Destroying 0 GPU particle simulations for FXSystem 0x000000796C567880
[2015.12.10-09.34.53:219][337]LogParticles: Destroying 0 GPU particle simulations for FXSystem 0x000000796D3AAFC0
[2015.12.10-09.34.53:221][337]LogParticles: Destroying 0 GPU particle simulations for FXSystem 0x000000794DECBE20
[2015.12.10-09.34.53:221][337]LogParticles: Destroying 0 GPU particle simulations for FXSystem 0x000000796C5DCE00
[2015.12.10-09.34.53:365][337]LogExit: Object subsystem successfully closed.
[2015.12.10-09.34.53:382][337]LogD3D11RHI: Shutdown
[2015.12.10-09.34.53:382][337]LogD3D11RHI: CleanupD3DDevice
[2015.12.10-09.34.53:458][337]LogD3D11RHI: ~FD3D11DynamicRHI
[2015.12.10-09.34.53:479][337]LogModuleManager: Shutting down and abandoning module CrashTracker (198)
[2015.12.10-09.34.53:479][337]LogModuleManager: Shutting down and abandoning module SceneOutliner (197)
[2015.12.10-09.34.53:479][337]LogModuleManager: Shutting down and abandoning module SuperSearch (196)
[2015.12.10-09.34.53:479][337]LogModuleManager: Shutting down and abandoning module WidgetCarousel (195)
[2015.12.10-09.34.53:479][337]LogModuleManager: Shutting down and abandoning module AddContentDialog (194)
[2015.12.10-09.34.53:481][337]LogModuleManager: Shutting down and abandoning module EditorWidgets (193)
[2015.12.10-09.34.53:481][337]LogModuleManager: Shutting down and abandoning module CollectionManager (192)
[2015.12.10-09.34.53:481][337]LogModuleManager: Shutting down and abandoning module StatsViewer (191)
[2015.12.10-09.34.53:481][337]LogModuleManager: Shutting down and abandoning module FoliageEdit (190)
[2015.12.10-09.34.53:481][337]LogModuleManager: Shutting down and abandoning module LandscapeEditor (189)
[2015.12.10-09.34.53:481][337]LogModuleManager: Shutting down and abandoning module ActorPickerMode (188)
[2015.12.10-09.34.53:481][337]LogModuleManager: Shutting down and abandoning module GeometryMode (187)
[2015.12.10-09.34.53:481][337]LogModuleManager: Shutting down and abandoning module TextureAlignMode (186)
[2015.12.10-09.34.53:481][337]LogModuleManager: Shutting down and abandoning module BspMode (185)
[2015.12.10-09.34.53:481][337]LogModuleManager: Shutting down and abandoning module PlacementMode (184)
[2015.12.10-09.34.53:481][337]LogModuleManager: Shutting down and abandoning module AutomationWorker (183)
[2015.12.10-09.34.53:481][337]LogModuleManager: Shutting down and abandoning module CharacterAI (182)
[2015.12.10-09.34.53:481][337]LogModuleManager: Shutting down and abandoning module SmartSnapping (181)
[2015.12.10-09.34.53:481][337]LogModuleManager: Shutting down and abandoning module ViewportSnapping (180)
[2015.12.10-09.34.53:481][337]LogModuleManager: Shutting down and abandoning module LogVisualizer (179)
[2015.12.10-09.34.53:482][337]LogModuleManager: Shutting down and abandoning module GameProjectGeneration (178)
[2015.12.10-09.34.53:482][337]LogModuleManager: Shutting down and abandoning module IntroTutorials (177)
[2015.12.10-09.34.53:482][337]LogModuleManager: Shutting down and abandoning module EditorLiveStreaming (176)
[2015.12.10-09.34.53:482][337]LogModuleManager: Shutting down and abandoning module IOSPlatformEditor (175)
[2015.12.10-09.34.53:482][337]LogModuleManager: Shutting down and abandoning module HTML5PlatformEditor (174)
[2015.12.10-09.34.53:482][337]LogModuleManager: Shutting down and abandoning module AndroidDeviceDetection (173)
[2015.12.10-09.34.54:221][337]LogModuleManager: Shutting down and abandoning module AndroidPlatformEditor (172)
[2015.12.10-09.34.54:221][337]LogModuleManager: Shutting down and abandoning module IOSRuntimeSettings (171)
[2015.12.10-09.34.54:221][337]LogModuleManager: Shutting down and abandoning module AndroidRuntimeSettings (170)
[2015.12.10-09.34.54:221][337]LogModuleManager: Shutting down and abandoning module MergeActors (169)
[2015.12.10-09.34.54:221][337]LogModuleManager: Shutting down and abandoning module SizeMap (168)
[2015.12.10-09.34.54:221][337]LogModuleManager: Shutting down and abandoning module TreeMap (167)
[2015.12.10-09.34.54:221][337]LogModuleManager: Shutting down and abandoning module ReferenceViewer (166)
[2015.12.10-09.34.54:221][337]LogModuleManager: Shutting down and abandoning module LocalizationService (165)
[2015.12.10-09.34.54:221][337]LogModuleManager: Shutting down and abandoning module LocalizationDashboard (164)
[2015.12.10-09.34.54:221][337]LogModuleManager: Shutting down and abandoning module HardwareTargeting (163)
[2015.12.10-09.34.54:221][337]LogModuleManager: Shutting down and abandoning module DeviceProfileEditor (162)
[2015.12.10-09.34.54:221][337]LogModuleManager: Shutting down and abandoning module UndoHistory (161)
[2015.12.10-09.34.54:221][337]LogModuleManager: Shutting down and abandoning module GameplayTagsEditor (160)
[2015.12.10-09.34.54:221][337]LogModuleManager: Shutting down and abandoning module UserFeedback (159)
[2015.12.10-09.34.54:221][337]LogModuleManager: Shutting down and abandoning module XmlParser (158)
[2015.12.10-09.34.54:221][337]LogModuleManager: Shutting down and abandoning module Blutility (157)
[2015.12.10-09.34.54:221][337]LogModuleManager: Shutting down and abandoning module ProjectTargetPlatformEditor (156)
[2015.12.10-09.34.54:221][337]LogModuleManager: Shutting down and abandoning module ProjectSettingsViewer (155)
[2015.12.10-09.34.54:221][337]LogModuleManager: Shutting down and abandoning module InputBindingEditor (154)
[2015.12.10-09.34.54:221][337]LogModuleManager: Shutting down and abandoning module EditorSettingsViewer (153)
[2015.12.10-09.34.54:221][337]LogModuleManager: Shutting down and abandoning module SettingsEditor (152)
[2015.12.10-09.34.54:222][337]LogModuleManager: Shutting down and abandoning module ProjectLauncher (151)
[2015.12.10-09.34.54:222][337]LogModuleManager: Shutting down and abandoning module SessionFrontend (150)
[2015.12.10-09.34.54:222][337]LogModuleManager: Shutting down and abandoning module ProfilerClient (149)
[2015.12.10-09.34.54:222][337]LogModuleManager: Shutting down and abandoning module TargetDeviceServices (148)
[2015.12.10-09.34.54:222][337]LogModuleManager: Shutting down and abandoning module DeviceManager (147)
[2015.12.10-09.34.54:222][337]LogModuleManager: Shutting down and abandoning module AutomationController (146)
[2015.12.10-09.34.54:222][337]LogModuleManager: Shutting down and abandoning module AutomationWindow (145)
[2015.12.10-09.34.54:222][337]LogModuleManager: Shutting down and abandoning module Layers (144)
[2015.12.10-09.34.54:222][337]LogModuleManager: Shutting down and abandoning module ComponentVisualizers (143)
[2015.12.10-09.34.54:222][337]LogModuleManager: Shutting down and abandoning module DetailCustomizations (142)
[2015.12.10-09.34.54:222][337]LogModuleManager: Shutting down and abandoning module PackagesDialog (141)
[2015.12.10-09.34.54:222][337]LogModuleManager: Shutting down and abandoning module Persona (140)
[2015.12.10-09.34.54:222][337]LogModuleManager: Shutting down and abandoning module Kismet (139)
[2015.12.10-09.34.54:223][337]LogModuleManager: Shutting down and abandoning module GraphEditor (138)
[2015.12.10-09.34.54:223][337]LogModuleManager: Shutting down and abandoning module ClassViewer (137)
[2015.12.10-09.34.54:223][337]LogModuleManager: Shutting down and abandoning module Toolbox (136)
[2015.12.10-09.34.54:223][337]LogModuleManager: Shutting down and abandoning module ModuleUI (135)
[2015.12.10-09.34.54:223][337]LogModuleManager: Shutting down and abandoning module MovieSceneTools (134)
[2015.12.10-09.34.54:223][337]LogModuleManager: Shutting down and abandoning module OutputLog (133)
[2015.12.10-09.34.54:223][337]LogModuleManager: Shutting down and abandoning module GammaUI (132)
[2015.12.10-09.34.54:223][337]LogModuleManager: Shutting down and abandoning module Documentation (131)
[2015.12.10-09.34.54:223][337]LogModuleManager: Shutting down and abandoning module GameLiveStreaming (130)
[2015.12.10-09.34.54:223][337]LogModuleManager: Shutting down and abandoning module StreamingPauseRendering (129)
[2015.12.10-09.34.54:223][337]LogModuleManager: Shutting down and abandoning module AnalyticsET (128)
[2015.12.10-09.34.54:223][337]LogModuleManager: Shutting down and abandoning module Analytics (127)
[2015.12.10-09.34.54:223][337]LogModuleManager: Shutting down and abandoning module AITestSuite (126)
[2015.12.10-09.34.54:223][337]LogModuleManager: Shutting down and abandoning module GameplayDebugger (125)
[2015.12.10-09.34.54:223][337]LogModuleManager: Shutting down and abandoning module AIModule (124)
[2015.12.10-09.34.54:223][337]LogModuleManager: Shutting down and abandoning module ProfilerService (123)
[2015.12.10-09.34.54:232][337]LogModuleManager: Shutting down and abandoning module TaskGraph (122)
[2015.12.10-09.34.54:232][337]LogModuleManager: Shutting down and abandoning module SlateRemote (121)
[2015.12.10-09.34.54:232][337]LogModuleManager: Shutting down and abandoning module SteamVRController (120)
[2015.12.10-09.34.54:232][337]LogModuleManager: Shutting down and abandoning module SteamVR (119)
[2015.12.10-09.34.54:232][337]LogModuleManager: Shutting down and abandoning module ProceduralMeshComponent (118)
[2015.12.10-09.34.54:232][337]LogModuleManager: Shutting down and abandoning module OculusRift (117)
[2015.12.10-09.34.54:232][337]LogModuleManager: Shutting down and abandoning module OculusLibrary (116)
[2015.12.10-09.34.54:232][337]LogModuleManager: Shutting down and abandoning module LeapMotionController (115)
[2015.12.10-09.34.54:274][337]LogModuleManager: Shutting down and abandoning module CustomMeshComponent (114)
[2015.12.10-09.34.54:274][337]LogModuleManager: Shutting down and abandoning module CableComponent (113)
[2015.12.10-09.34.54:274][337]LogModuleManager: Shutting down and abandoning module ArchVisCharacter (112)
[2015.12.10-09.34.54:274][337]LogModuleManager: Shutting down and abandoning module MessagingDebugger (111)
[2015.12.10-09.34.54:274][337]LogModuleManager: Shutting down and abandoning module MediaPlayerEditor (110)
[2015.12.10-09.34.54:274][337]LogModuleManager: Shutting down and abandoning module HTML5Networking (109)
[2015.12.10-09.34.54:274][337]LogModuleManager: Shutting down and abandoning module SpeedTreeImporter (108)
[2015.12.10-09.34.54:274][337]LogModuleManager: Shutting down and abandoning module PluginBrowser (107)
[2015.12.10-09.34.54:274][337]LogModuleManager: Shutting down and abandoning module EpicSurvey (106)
[2015.12.10-09.34.54:274][337]LogModuleManager: Shutting down and abandoning module DesktopPlatform (105)
[2015.12.10-09.34.54:274][337]LogModuleManager: Shutting down and abandoning module VisualStudioSourceCodeAccess (104)
[2015.12.10-09.34.54:274][337]LogModuleManager: Shutting down and abandoning module UObjectPlugin (103)
[2015.12.10-09.34.54:274][337]LogModuleManager: Shutting down and abandoning module SubversionSourceControl (102)
[2015.12.10-09.34.54:274][337]LogModuleManager: Shutting down and abandoning module PerforceSourceControl (101)
[2015.12.10-09.34.54:274][337]LogModuleManager: Shutting down and abandoning module SourceControl (100)
[2015.12.10-09.34.54:274][337]LogModuleManager: Shutting down and abandoning module GitSourceControl (99)
[2015.12.10-09.34.54:274][337]LogModuleManager: Shutting down and abandoning module LightPropagationVolumeEditor (98)
[2015.12.10-09.34.54:274][337]LogModuleManager: Shutting down and abandoning module PaperTiledImporter (97)
[2015.12.10-09.34.54:274][337]LogModuleManager: Shutting down and abandoning module PaperSpriteSheetImporter (96)
[2015.12.10-09.34.54:274][337]LogModuleManager: Shutting down and abandoning module MeshPaint (95)
[2015.12.10-09.34.54:274][337]LogModuleManager: Shutting down and abandoning module SlateReflector (94)
[2015.12.10-09.34.54:274][337]LogModuleManager: Shutting down and abandoning module HotReload (93)
[2015.12.10-09.34.54:274][337]LogModuleManager: Shutting down and abandoning module MainFrame (92)
[2015.12.10-09.34.54:274][337]LogModuleManager: Shutting down and abandoning module LevelEditor (91)
[2015.12.10-09.34.54:275][337]LogModuleManager: Shutting down and abandoning module DirectoryWatcher (90)
[2015.12.10-09.34.54:276][337]LogModuleManager: Shutting down and abandoning module AssetRegistry (89)
[2015.12.10-09.34.54:369][337]LogModuleManager: Shutting down and abandoning module ContentBrowser (88)
[2015.12.10-09.34.54:370][337]LogModuleManager: Shutting down and abandoning module Paper2DEditor (87)
[2015.12.10-09.34.54:370][337]LogModuleManager: Shutting down and abandoning module UnrealProject (86)
[2015.12.10-09.34.54:370][337]LogModuleManager: Shutting down and abandoning module UdpMessaging (85)
[2015.12.10-09.34.54:471][337]LogModuleManager: Shutting down and abandoning module LightPropagationVolumeRuntime (84)
[2015.12.10-09.34.54:471][337]LogModuleManager: Shutting down and abandoning module Paper2D (83)
[2015.12.10-09.34.54:471][337]LogModuleManager: Shutting down and abandoning module WindowsMoviePlayer (82)
[2015.12.10-09.34.54:475][337]LogModuleManager: Shutting down and abandoning module Media (81)
[2015.12.10-09.34.54:475][337]LogModuleManager: Shutting down and abandoning module WmfMedia (80)
[2015.12.10-09.34.54:475][337]LogModuleManager: Shutting down and abandoning module OnlineBlueprintSupport (79)
[2015.12.10-09.34.54:475][337]LogModuleManager: Shutting down and abandoning module GameplayTasksEditor (78)
[2015.12.10-09.34.54:475][337]LogModuleManager: Shutting down and abandoning module PropertyEditor (77)
[2015.12.10-09.34.54:475][337]LogModuleManager: Shutting down and abandoning module BehaviorTreeEditor (76)
[2015.12.10-09.34.54:475][337]LogModuleManager: Shutting down and abandoning module FunctionalTesting (75)
[2015.12.10-09.34.54:475][337]LogModuleManager: Shutting down and abandoning module CollisionAnalyzer (74)
[2015.12.10-09.34.54:475][337]LogModuleManager: Shutting down and abandoning module WorkspaceMenuStructure (73)
[2015.12.10-09.34.54:475][337]LogModuleManager: Shutting down and abandoning module MessageLog (72)
[2015.12.10-09.34.54:475][337]LogModuleManager: Shutting down and abandoning module Sequencer (71)
[2015.12.10-09.34.54:475][337]LogModuleManager: Shutting down and abandoning module AssetTools (70)
[2015.12.10-09.34.54:475][337]LogModuleManager: Shutting down and abandoning module UMGEditor (69)
[2015.12.10-09.34.54:475][337]LogModuleManager: Shutting down and abandoning module UMG (68)
[2015.12.10-09.34.54:475][337]LogModuleManager: Shutting down and abandoning module Slate (67)
[2015.12.10-09.34.54:475][337]LogModuleManager: Shutting down and abandoning module EditorStyle (66)
[2015.12.10-09.34.54:477][337]LogModuleManager: Shutting down and abandoning module SessionServices (65)
[2015.12.10-09.34.54:477][337]LogModuleManager: Shutting down and abandoning module SourceCodeAccess (64)
[2015.12.10-09.34.54:477][337]LogModuleManager: Shutting down and abandoning module HeadMountedDisplay (63)
[2015.12.10-09.34.54:477][337]LogModuleManager: Shutting down and abandoning module XAudio2 (62)
[2015.12.10-09.34.54:477][337]LogModuleManager: Shutting down and abandoning module Networking (60)
[2015.12.10-09.34.54:477][337]LogModuleManager: Shutting down and abandoning module Core (59)
[2015.12.10-09.34.54:477][337]LogModuleManager: Shutting down and abandoning module KismetCompiler (58)
[2015.12.10-09.34.54:477][337]LogModuleManager: Shutting down and abandoning module PhysXFormats (57)
[2015.12.10-09.34.54:477][337]LogModuleManager: Shutting down and abandoning module MeshUtilities (56)
[2015.12.10-09.34.54:477][337]LogModuleManager: Shutting down and abandoning module CookingStats (55)
[2015.12.10-09.34.54:477][337]LogModuleManager: Shutting down and abandoning module DerivedDataCache (54)
[2015.12.10-09.34.54:746][337]LogDerivedDataCache: Shutdown
[2015.12.10-09.34.54:746][337]LogModuleManager: Shutting down and abandoning module ShaderFormatOpenGL (53)
[2015.12.10-09.34.54:746][337]LogModuleManager: Shutting down and abandoning module ShaderFormatD3D (52)
[2015.12.10-09.34.54:746][337]LogModuleManager: Shutting down and abandoning module MetalShaderFormat (51)
[2015.12.10-09.34.54:746][337]LogModuleManager: Shutting down and abandoning module TextureFormatUncompressed (50)
[2015.12.10-09.34.54:746][337]LogModuleManager: Shutting down and abandoning module TextureFormatPVR (49)
[2015.12.10-09.34.54:746][337]LogModuleManager: Shutting down and abandoning module TextureFormatIntelISPCTexComp (48)
[2015.12.10-09.34.54:746][337]LogModuleManager: Shutting down and abandoning module TextureFormatDXT (47)
[2015.12.10-09.34.54:746][337]LogModuleManager: Shutting down and abandoning module ImageWrapper (46)
[2015.12.10-09.34.54:746][337]LogModuleManager: Shutting down and abandoning module TextureFormatASTC (45)
[2015.12.10-09.34.54:746][337]LogModuleManager: Shutting down and abandoning module TextureFormatAndroid (44)
[2015.12.10-09.34.54:746][337]LogModuleManager: Shutting down and abandoning module AudioFormatOpus (43)
[2015.12.10-09.34.54:746][337]LogModuleManager: Shutting down and abandoning module AudioFormatOgg (42)
[2015.12.10-09.34.54:746][337]LogModuleManager: Shutting down and abandoning module AudioFormatADPCM (41)
[2015.12.10-09.34.54:746][337]LogModuleManager: Shutting down and abandoning module LinuxTargetPlatform (40)
[2015.12.10-09.34.54:746][337]LogModuleManager: Shutting down and abandoning module LinuxServerTargetPlatform (39)
[2015.12.10-09.34.54:746][337]LogModuleManager: Shutting down and abandoning module LinuxNoEditorTargetPlatform (38)
[2015.12.10-09.34.54:746][337]LogModuleManager: Shutting down and abandoning module Messaging (37)
[2015.12.10-09.34.54:746][337]LogModuleManager: Shutting down and abandoning module IOSTargetPlatform (36)
[2015.12.10-09.34.54:746][337]LogModuleManager: Shutting down and abandoning module HTML5TargetPlatform (35)
[2015.12.10-09.34.54:746][337]LogModuleManager: Shutting down and abandoning module Android_PVRTCTargetPlatform (34)
[2015.12.10-09.34.54:746][337]LogModuleManager: Shutting down and abandoning module Android_ETC2TargetPlatform (33)
[2015.12.10-09.34.54:747][337]LogModuleManager: Shutting down and abandoning module Android_ETC1TargetPlatform (32)
[2015.12.10-09.34.54:747][337]LogModuleManager: Shutting down and abandoning module Android_DXTTargetPlatform (31)
[2015.12.10-09.34.54:747][337]LogModuleManager: Shutting down and abandoning module Android_ATCTargetPlatform (30)
[2015.12.10-09.34.54:747][337]LogModuleManager: Shutting down and abandoning module Android_ASTCTargetPlatform (29)
[2015.12.10-09.34.54:747][337]LogModuleManager: Shutting down and abandoning module AndroidTargetPlatform (28)
[2015.12.10-09.34.54:747][337]LogModuleManager: Shutting down and abandoning module WindowsTargetPlatform (27)
[2015.12.10-09.34.54:747][337]LogModuleManager: Shutting down and abandoning module WindowsServerTargetPlatform (26)
[2015.12.10-09.34.54:747][337]LogModuleManager: Shutting down and abandoning module WindowsNoEditorTargetPlatform (25)
[2015.12.10-09.34.54:747][337]LogModuleManager: Shutting down and abandoning module WindowsClientTargetPlatform (24)
[2015.12.10-09.34.54:747][337]LogModuleManager: Shutting down and abandoning module AllDesktopTargetPlatform (23)
[2015.12.10-09.34.54:747][337]LogModuleManager: Shutting down and abandoning module TargetPlatform (22)
[2015.12.10-09.34.54:747][337]LogModuleManager: Shutting down and abandoning module InputCore (21)
[2015.12.10-09.34.54:747][337]LogModuleManager: Shutting down and abandoning module Settings (20)
[2015.12.10-09.34.54:747][337]LogModuleManager: Shutting down and abandoning module OnlineSubsystem (18)
[2015.12.10-09.34.54:747][337]LogModuleManager: Shutting down and abandoning module HTTP (17)
[2015.12.10-09.34.56:751][337]LogModuleManager: Shutting down and abandoning module XMPP (16)
[2015.12.10-09.34.56:751][337]LogModuleManager: Shutting down and abandoning module ExampleDeviceProfileSelector (15)
[2015.12.10-09.34.56:751][337]LogModuleManager: Shutting down and abandoning module TextureCompressor (14)
[2015.12.10-09.34.56:751][337]LogModuleManager: Shutting down and abandoning module ShaderCore (13)
[2015.12.10-09.34.56:751][337]LogModuleManager: Shutting down and abandoning module Landscape (12)
[2015.12.10-09.34.56:751][337]LogModuleManager: Shutting down and abandoning module SlateRHIRenderer (11)
[2015.12.10-09.34.56:752][337]LogModuleManager: Shutting down and abandoning module OpenGLDrv (10)
[2015.12.10-09.34.56:752][337]LogModuleManager: Shutting down and abandoning module D3D11RHI (9)
[2015.12.10-09.34.56:752][337]LogModuleManager: Shutting down and abandoning module AnimGraphRuntime (8)
[2015.12.10-09.34.56:752][337]LogModuleManager: Shutting down and abandoning module Renderer (7)
[2015.12.10-09.34.56:752][337]LogModuleManager: Shutting down and abandoning module Engine (6)
[2015.12.10-09.34.56:752][337]LogModuleManager: Shutting down and abandoning module CoreUObject (5)
[2015.12.10-09.34.56:752][337]LogModuleManager: Shutting down and abandoning module NetworkFile (4)
[2015.12.10-09.34.56:752][337]LogModuleManager: Shutting down and abandoning module StreamingFile (3)
[2015.12.10-09.34.56:752][337]LogModuleManager: Shutting down and abandoning module SandboxFile (2)
[2015.12.10-09.34.56:752][337]LogModuleManager: Shutting down and abandoning module PakFile (1)
[2015.12.10-09.34.56:752][337]LogExit: Exiting.
[2015.12.10-09.34.56:755][337]Log file closed, 12/10/15 10:34:56
