[2015.11.12-09.46.11:825][  0]Log file open, 11/12/15 10:46:11
[2015.11.12-09.46.11:825][  0]LogInit:Display: Running engine for game: UnrealProject
[2015.11.12-09.46.11:825][  0]LogInit:Display: RandInit(1906607456) SRandInit(1906607457).
[2015.11.12-09.46.11:825][  0]LogTaskGraph: Started task graph with 4 named threads and 5 total threads.
[2015.11.12-09.46.11:825][  0]LogStats: Stats thread started at 0.077172
[2015.11.12-09.46.11:825][  0]LogInit: Version: 4.9.2-2707645+++depot+UE4-Releases+4.9
[2015.11.12-09.46.11:825][  0]LogInit: API Version: 2672455
[2015.11.12-09.46.11:825][  0]LogInit: Compiled (64-bit): Sep 28 2015 10:25:44
[2015.11.12-09.46.11:825][  0]LogInit: Compiled with Visual C++: 18.00.21005.01
[2015.11.12-09.46.11:825][  0]LogInit: Build Configuration: Development
[2015.11.12-09.46.11:825][  0]LogInit: Branch Name: ++depot+UE4-Releases+4.9
[2015.11.12-09.46.11:825][  0]LogInit: Command line: 
[2015.11.12-09.46.11:825][  0]LogInit: Base directory: D:/Program Files/Epic Games/4.9/Engine/Binaries/Win64/
[2015.11.12-09.46.11:825][  0]LogInit: Rocket: 1
[2015.11.12-09.46.11:832][  0]LogInit: Using libcurl 7.41.0
[2015.11.12-09.46.11:832][  0]LogInit:  - built for x86_64-pc-win32
[2015.11.12-09.46.11:832][  0]LogInit:  - supports SSL with WinSSL
[2015.11.12-09.46.11:832][  0]LogInit:  - other features:
[2015.11.12-09.46.11:832][  0]LogInit:      CURL_VERSION_SSL
[2015.11.12-09.46.11:832][  0]LogInit:      CURL_VERSION_IPV6
[2015.11.12-09.46.11:832][  0]LogInit:      CURL_VERSION_ASYNCHDNS
[2015.11.12-09.46.11:832][  0]LogInit:      CURL_VERSION_LARGEFILE
[2015.11.12-09.46.11:832][  0]LogInit:      CURL_VERSION_IDN
[2015.11.12-09.46.11:832][  0]LogInit:  CurlRequestOptions (configurable via config and command line):
[2015.11.12-09.46.11:832][  0]LogInit:  - bVerifyPeer = true  - Libcurl will verify peer certificate
[2015.11.12-09.46.11:832][  0]LogInit:  - bUseHttpProxy = false  - Libcurl will NOT use HTTP proxy
[2015.11.12-09.46.11:832][  0]LogInit:  - bDontReuseConnections = false  - Libcurl will reuse connections
[2015.11.12-09.46.11:832][  0]LogInit:  - CertBundlePath = nullptr  - Libcurl will use whatever was configured at build time.
[2015.11.12-09.46.11:839][  0]LogInit: Presizing for 0 objects not considered by GC, pre-allocating 0 bytes.
[2015.11.12-09.46.11:848][  0]LogInit: Object subsystem initialized
[2015.11.12-09.46.11:850][  0]LogInit: Selected Device Profile: [Windows]
[2015.11.12-09.46.11:850][  0]LogInit: Applying CVar settings loaded from the selected device profile: [Windows]
[2015.11.12-09.46.11:859][  0]LogInit: Computer: SIMONLAPTOP
[2015.11.12-09.46.11:859][  0]LogInit: User: Simon
[2015.11.12-09.46.11:859][  0]LogInit: CPU Page size=4096, Cores=2
[2015.11.12-09.46.11:859][  0]LogInit: High frequency timer resolution =2.533197 MHz
[2015.11.12-09.46.11:859][  0]LogMemory: Memory total: Physical=7.9GB (8GB approx)
[2015.11.12-09.46.11:859][  0]LogMemory: Platform Memory Stats for Windows
[2015.11.12-09.46.11:859][  0]LogMemory: Process Physical Memory: 53.93 MB used, 53.93 MB peak
[2015.11.12-09.46.11:859][  0]LogMemory: Process Virtual Memory: 57.27 MB used, 57.27 MB peak
[2015.11.12-09.46.11:859][  0]LogMemory: Physical Memory: 4400.32 MB used, 8080.91 MB total
[2015.11.12-09.46.11:859][  0]LogMemory: Virtual Memory: 365.56 MB used, 134217728.00 MB total
[2015.11.12-09.46.11:899][  0]LogTextLocalizationManager: No specific translations for ('en-US') exist, so ('en') translations will be used.
[2015.11.12-09.46.12:680][  0]LogD3D11RHI: Found D3D11 adapter 0: NVIDIA GeForce 840M            (Feature Level 11_0)
[2015.11.12-09.46.12:680][  0]LogD3D11RHI: Adapter has 1996MB of dedicated video memory, 0MB of dedicated system memory, and 4040MB of shared system memory, 1 output[s]
[2015.11.12-09.46.12:686][  0]LogD3D11RHI: Found D3D11 adapter 1: Intel(R) HD Graphics Family (Feature Level 11_0)
[2015.11.12-09.46.12:686][  0]LogD3D11RHI: Adapter has 112MB of dedicated video memory, 0MB of dedicated system memory, and 4040MB of shared system memory, 0 output[s]
[2015.11.12-09.46.12:688][  0]LogD3D11RHI: Found D3D11 adapter 2: Microsoft Basic Render Driver (Feature Level 11_0)
[2015.11.12-09.46.12:688][  0]LogD3D11RHI: Adapter has 0MB of dedicated video memory, 0MB of dedicated system memory, and 4040MB of shared system memory, 0 output[s]
[2015.11.12-09.46.12:688][  0]LogD3D11RHI: Chosen D3D11 Adapter Id = 0
[2015.11.12-09.46.12:692][  0]LogD3D11RHI: !Direct3DDevice
[2015.11.12-09.46.12:692][  0]LogRHI: Texture pool is 1361 MB (70% of 1945 MB)
[2015.11.12-09.46.12:705][  0]LogD3D11RHI: Async texture creation enabled
[2015.11.12-09.46.12:717][  0]LogShaderCompilers: Guid format shader working directory is 15 characters bigger than the processId version (C:/Users/Simon/Documents/GitHub/MAH_Arena_UnrealProject/UnrealProject/Intermediate/Shaders/WorkingDirectory/8844/).
[2015.11.12-09.46.12:717][  0]LogShaderCompilers: Cleaned the shader compiler working directory 'C:/Users/Simon/Documents/GitHub/MAH_Arena_UnrealProject/UnrealProject/Intermediate/Shaders/tmp/74594AD04309080AAAAFA0AB16AAAF5F/'.
[2015.11.12-09.46.12:717][  0]LogShaderCompilers:Display: Using Local Shader Compiler.
[2015.11.12-09.46.13:778][  0]LogTemp:Display: Loaded TP AllDesktopTargetPlatform
[2015.11.12-09.46.13:783][  0]LogTemp:Display: Loaded TP WindowsClientTargetPlatform
[2015.11.12-09.46.13:787][  0]LogTemp:Display: Loaded TP WindowsNoEditorTargetPlatform
[2015.11.12-09.46.13:792][  0]LogTemp:Display: Loaded TP WindowsServerTargetPlatform
[2015.11.12-09.46.13:797][  0]LogTemp:Display: Loaded TP WindowsTargetPlatform
[2015.11.12-09.46.13:800][  0]LogTemp:Display: Loaded TP AndroidTargetPlatform
[2015.11.12-09.46.13:804][  0]LogTemp:Display: Loaded TP Android_ASTCTargetPlatform
[2015.11.12-09.46.13:807][  0]LogTemp:Display: Loaded TP Android_ATCTargetPlatform
[2015.11.12-09.46.13:810][  0]LogTemp:Display: Loaded TP Android_DXTTargetPlatform
[2015.11.12-09.46.13:813][  0]LogTemp:Display: Loaded TP Android_ETC1TargetPlatform
[2015.11.12-09.46.13:817][  0]LogTemp:Display: Loaded TP Android_ETC2TargetPlatform
[2015.11.12-09.46.13:820][  0]LogTemp:Display: Loaded TP Android_PVRTCTargetPlatform
[2015.11.12-09.46.13:821][  0]LogTemp:Display: Loaded TP HTML5TargetPlatform
[2015.11.12-09.46.13:837][  0]LogTemp:Display: Loaded TP IOSTargetPlatform
[2015.11.12-09.46.13:840][  0]LogTemp:Display: Loaded TP LinuxNoEditorTargetPlatform
[2015.11.12-09.46.13:843][  0]LogTemp:Display: Loaded TP LinuxServerTargetPlatform
[2015.11.12-09.46.13:846][  0]LogTemp:Display: Loaded TP LinuxTargetPlatform
[2015.11.12-09.46.13:847][  0]LogTargetPlatformManager:Display: Building Assets For Windows
[2015.11.12-09.46.13:911][  0]LogDerivedDataCache:Display: Max Cache Size: 512 MB
[2015.11.12-09.46.13:955][  0]LogDerivedDataCache: Loaded boot cache 0.04s 41MB C:/Users/Simon/AppData/Local/UnrealEngine/4.9/DerivedDataCache/Boot.ddc.
[2015.11.12-09.46.13:956][  0]LogDerivedDataCache:Display: Loaded Boot cache: C:/Users/Simon/AppData/Local/UnrealEngine/4.9/DerivedDataCache/Boot.ddc
[2015.11.12-09.46.13:956][  0]LogDerivedDataCache: FDerivedDataBackendGraph:  Pak pak cache file C:/Users/Simon/Documents/GitHub/MAH_Arena_UnrealProject/UnrealProject/DerivedDataCache/DDC.ddp not found, will not use a pak cache.
[2015.11.12-09.46.13:956][  0]LogDerivedDataCache: Unable to find inner node Pak for hierarchical cache Hierarchy.
[2015.11.12-09.46.13:956][  0]LogDerivedDataCache: FDerivedDataBackendGraph:  CompressedPak pak cache file C:/Users/Simon/Documents/GitHub/MAH_Arena_UnrealProject/UnrealProject/DerivedDataCache/Compressed.ddp not found, will not use a pak cache.
[2015.11.12-09.46.13:956][  0]LogDerivedDataCache: Unable to find inner node CompressedPak for hierarchical cache Hierarchy.
[2015.11.12-09.46.14:098][  0]LogDerivedDataCache:Display: Pak cache opened for reading ../../../Engine/DerivedDataCache/Compressed.ddp.
[2015.11.12-09.46.14:110][  0]LogDerivedDataCache: Using Local data cache path C:/Users/Simon/AppData/Local/UnrealEngine/Common/DerivedDataCache: Writable
[2015.11.12-09.46.14:300][  0]LogInit: Selected Device Profile: [Windows]
[2015.11.12-09.46.14:303][  0]LogContentStreaming: Texture pool size is 0.000000MB
[2015.11.12-09.46.14:423][  0]LogMeshUtilities: No automatic mesh reduction module available
[2015.11.12-09.46.14:423][  0]LogMeshUtilities: No automatic mesh merging module available
[2015.11.12-09.46.14:661][  0]LogInit: WinSock: version 1.1 (2.2), MaxSocks=32767, MaxUdp=65467
[2015.11.12-09.46.15:303][  0]UdpMessaging: Initializing bridge on interface 0.0.0.0:0 to multicast group 230.0.0.1:6666.
[2015.11.12-09.46.15:403][  0]LogAssetRegistry: FAssetRegistry took 0.0111 seconds to start up
[2015.11.12-09.46.15:578][  0]SourceControl: Info Source control is disabled
[2015.11.12-09.46.15:589][  0]SourceControl: Info Source control is disabled
[2015.11.12-09.46.15:600][  0]SourceControl: Info Source control is disabled
[2015.11.12-09.46.15:609][  0]SourceControl: Info Source control is disabled
[2015.11.12-09.46.15:763][  0]LogLinker:Warning: Asset '../../../Engine/Plugins/Runtime/LeapMotionController/Content/LM_PassthroughMaterial.uasset' has been saved with empty engine version. The asset will be loaded but may be incompatible.
[2015.11.12-09.46.15:829][  0]LogObj: 28381 objects as part of root set at end of initial load.
[2015.11.12-09.46.15:829][  0]LogUObjectAllocator: 6052896 out of 0 bytes used by permanent object pool.
[2015.11.12-09.46.15:884][  0]LogEngine: Initializing Engine...
[2015.11.12-09.46.15:887][  0]LogHMD: Can't find Oculus library dev build: is proper Runtime installed? Version: 0.7.0.0
[2015.11.12-09.46.15:893][  0]LogHMD: SteamVR failed to initialize.  Err: 108
[2015.11.12-09.46.16:026][  0]LogAIModule: Creating AISystem for world NewWorld
[2015.11.12-09.46.16:070][  0]LogInit: XAudio2 using 'Speakers (Conexant SmartAudio HD)' : 2 channels at 48 kHz using 32 bits per sample (channel mask 0x3)
[2015.11.12-09.46.16:244][  0]LogInit: FAudioDevice initialized.
[2015.11.12-09.46.16:264][  0]LogDerivedDataCache: Saved boot cache 0.02s 41MB C:/Users/Simon/AppData/Local/UnrealEngine/4.9/DerivedDataCache/Boot.ddc.
[2015.11.12-09.46.16:269][  0]LogInit: Texture streaming: Enabled
[2015.11.12-09.46.16:272][  0]LogAnalytics: Creating configured Analytics provider AnalyticsET
[2015.11.12-09.46.16:273][  0]LogAnalytics: [UEEditor.Rocket.Release] APIServer = http://et2.epicgames.com/ET2/. AppVersion = 4.9.2-2707645+++depot+UE4-Releases+4.9
[2015.11.12-09.46.16:273][  0]LogAnalytics: [UEEditor.Rocket.Release] SetUserId 6513f12644b2a44aef06b6b2b101a60b|0986fcf50a56434a9f04b1f02afeed0b|3549f2f7-93b8-499b-b80b-3e19a3b9ffc4
[2015.11.12-09.46.16:273][  0]LogAnalytics: [UEEditor.Rocket.Release] AnalyticsET::StartSession
[2015.11.12-09.46.16:300][  0]LogInit: Transaction tracking system initialized
[2015.11.12-09.46.16:323][  0]BlueprintLog: New page: Editor Load
[2015.11.12-09.46.16:396][  0]LocalizationService: Info Localization service is disabled
[2015.11.12-09.46.16:627][  0]LogConsoleResponse:Display: 
[2015.11.12-09.46.16:769][  0]LogCook:Display: Done creating registry. It took  0.00s.
[2015.11.12-09.46.16:831][  0]LogFileCache: Scanning file cache for directory 'C:/Users/Simon/Documents/GitHub/MAH_Arena_UnrealProject/UnrealProject/Content/' took 0.02s
[2015.11.12-09.46.16:831][  0]SourceControl: Info Source control is disabled
[2015.11.12-09.46.16:831][  0]Cmd: MAP LOAD FILE="C:/Users/Simon/Documents/GitHub/MAH_Arena_UnrealProject/UnrealProject/Content/StarterContent/Maps/Minimal_Default.umap" TEMPLATE=0 SHOWPROGRESS=1 FEATURELEVEL=3
[2015.11.12-09.46.16:832][  0]LogEditorServer:Warning: Can't find file 'C:/Users/Simon/Documents/GitHub/MAH_Arena_UnrealProject/UnrealProject/Content/StarterContent/Maps/Minimal_Default.umap'
[2015.11.12-09.46.16:832][  0]Cmd: MAP CHECKDEP NOCLEARLOG
[2015.11.12-09.46.16:871][  0]MapCheck: Info Map check complete: 0 Error(s), 0 Warning(s), took 38.973ms to complete.
[2015.11.12-09.46.16:871][  0]LogFileHelpers: Loading map 'Minimal_Default' took 0.039
[2015.11.12-09.46.16:979][  0]LogCollectionManager: Loaded 0 collections in 0.002756 seconds
[2015.11.12-09.46.17:026][  0]LogFileCache: Scanning file cache for directory 'C:/Users/Simon/Documents/GitHub/MAH_Arena_UnrealProject/UnrealProject/Saved/Collections/' took 0.01s
[2015.11.12-09.46.17:026][  0]LogFileCache: Scanning file cache for directory 'C:/Users/Simon/Documents/GitHub/MAH_Arena_UnrealProject/UnrealProject/Content/Developers/Simon/Collections/' took 0.01s
[2015.11.12-09.46.17:026][  0]LogFileCache: Scanning file cache for directory 'C:/Users/Simon/Documents/GitHub/MAH_Arena_UnrealProject/UnrealProject/Content/Collections/' took 0.01s
[2015.11.12-09.46.17:026][  0]LogContentBrowser: Native class hierarchy populated in 0.0130 seconds. Added 1871 classes and 336 folders.
[2015.11.12-09.46.17:031][  0]LogCollectionManager: Rebuilt the GUID cache for 0 collections in 0.000004 seconds
[2015.11.12-09.46.17:039][  0]LogContentBrowser: Native class hierarchy updated for 'WidgetCarousel' in 0.0019 seconds. Added 0 classes and 0 folders.
[2015.11.12-09.46.17:086][  0]LogContentBrowser: Native class hierarchy updated for 'AddContentDialog' in 0.0030 seconds. Added 0 classes and 0 folders.
[2015.11.12-09.46.17:093][  0]LogContentBrowser: Native class hierarchy updated for 'SceneOutliner' in 0.0024 seconds. Added 1 classes and 2 folders.
[2015.11.12-09.46.17:115][  0]LogCrashTracker: Crashtracker disabled due to settings.
[2015.11.12-09.46.17:123][  0]LogUObjectGlobals:Warning: Failed to find object 'Class None.'
[2015.11.12-09.46.17:146][  0]LogLoad: Full Startup: 6.26 seconds (BP compile: 0.00 seconds)
[2015.11.12-09.46.17:530][  0]LogContentStreaming: Texture pool size now 400 MB
[2015.11.12-09.46.17:673][  0]LogRenderer: Reallocating scene render targets to support 1004x456 (Frame:2).
[2015.11.12-09.46.18:164][  2]LogAssetRegistry: Asset discovery search completed in 2.7719 seconds
[2015.11.12-09.46.18:164][  2]LogCollectionManager: Rebuilt the object cache for 0 collections in 0.000001 seconds (found 0 objects)
[2015.11.12-09.46.18:164][  2]LogCollectionManager: Fixed up redirectors for 0 collections in 0.000022 seconds (updated 0 objects)
[2015.11.12-09.47.04:425][419]LogVSAccessor:Warning: Visual Studio is open but could not be queried - it may be blocked by a modal operation
[2015.11.12-09.47.05:661][420]LogVSAccessor:Warning: Couldn't goto line number '0' in 'C:/Users/Simon/Documents/GitHub/MAH_Arena_UnrealProject/UnrealProject/Source/UnrealProject/Actors/WorldCamera.h'
[2015.11.12-09.47.05:716][420]LogVSAccessor:Warning: Couldn't goto line number '0' in 'C:/Users/Simon/Documents/GitHub/MAH_Arena_UnrealProject/UnrealProject/Source/UnrealProject/Actors/WorldCamera.cpp'
[2015.11.12-09.50.17:227][ 68]LogWindowsTextInputMethodSystem:Display: IME system now deactivated.
[2015.11.12-09.50.17:484][ 69]Cmd: QUIT_EDITOR
[2015.11.12-09.50.17:756][ 69]LogExit: Preparing to exit.
[2015.11.12-09.50.18:440][ 69]LogExit: Editor shut down
[2015.11.12-09.50.18:441][ 69]LogParticles: Destroying 0 GPU particle simulations for FXSystem 0x0000006722998400
[2015.11.12-09.50.18:441][ 69]LogExit: Transaction tracking system shut down
[2015.11.12-09.50.18:442][ 69]LogParticles: Destroying 0 GPU particle simulations for FXSystem 0x00000067129C1260
[2015.11.12-09.50.18:442][ 69]LogParticles: Destroying 0 GPU particle simulations for FXSystem 0x0000006713420720
[2015.11.12-09.50.18:574][ 69]LogExit: Object subsystem successfully closed.
[2015.11.12-09.50.18:589][ 69]LogD3D11RHI: Shutdown
[2015.11.12-09.50.18:589][ 69]LogD3D11RHI: CleanupD3DDevice
[2015.11.12-09.50.18:653][ 69]LogD3D11RHI: ~FD3D11DynamicRHI
[2015.11.12-09.50.18:669][ 69]LogModuleManager: Shutting down and abandoning module CrashTracker (197)
[2015.11.12-09.50.18:670][ 69]LogModuleManager: Shutting down and abandoning module SceneOutliner (196)
[2015.11.12-09.50.18:670][ 69]LogModuleManager: Shutting down and abandoning module SuperSearch (195)
[2015.11.12-09.50.18:670][ 69]LogModuleManager: Shutting down and abandoning module WidgetCarousel (194)
[2015.11.12-09.50.18:670][ 69]LogModuleManager: Shutting down and abandoning module AddContentDialog (193)
[2015.11.12-09.50.18:671][ 69]LogModuleManager: Shutting down and abandoning module EditorWidgets (192)
[2015.11.12-09.50.18:671][ 69]LogModuleManager: Shutting down and abandoning module CollectionManager (191)
[2015.11.12-09.50.18:671][ 69]LogModuleManager: Shutting down and abandoning module FoliageEdit (190)
[2015.11.12-09.50.18:671][ 69]LogModuleManager: Shutting down and abandoning module LandscapeEditor (189)
[2015.11.12-09.50.18:671][ 69]LogModuleManager: Shutting down and abandoning module ActorPickerMode (188)
[2015.11.12-09.50.18:671][ 69]LogModuleManager: Shutting down and abandoning module GeometryMode (187)
[2015.11.12-09.50.18:671][ 69]LogModuleManager: Shutting down and abandoning module TextureAlignMode (186)
[2015.11.12-09.50.18:671][ 69]LogModuleManager: Shutting down and abandoning module BspMode (185)
[2015.11.12-09.50.18:671][ 69]LogModuleManager: Shutting down and abandoning module PlacementMode (184)
[2015.11.12-09.50.18:671][ 69]LogModuleManager: Shutting down and abandoning module AutomationWorker (183)
[2015.11.12-09.50.18:671][ 69]LogModuleManager: Shutting down and abandoning module CharacterAI (182)
[2015.11.12-09.50.18:671][ 69]LogModuleManager: Shutting down and abandoning module SmartSnapping (181)
[2015.11.12-09.50.18:671][ 69]LogModuleManager: Shutting down and abandoning module ViewportSnapping (180)
[2015.11.12-09.50.18:671][ 69]LogModuleManager: Shutting down and abandoning module LogVisualizer (179)
[2015.11.12-09.50.18:671][ 69]LogModuleManager: Shutting down and abandoning module GameProjectGeneration (178)
[2015.11.12-09.50.18:671][ 69]LogModuleManager: Shutting down and abandoning module IntroTutorials (177)
[2015.11.12-09.50.18:671][ 69]LogModuleManager: Shutting down and abandoning module EditorLiveStreaming (176)
[2015.11.12-09.50.18:671][ 69]LogModuleManager: Shutting down and abandoning module IOSPlatformEditor (175)
[2015.11.12-09.50.18:671][ 69]LogModuleManager: Shutting down and abandoning module HTML5PlatformEditor (174)
[2015.11.12-09.50.18:671][ 69]LogModuleManager: Shutting down and abandoning module AndroidDeviceDetection (173)
[2015.11.12-09.50.19:559][ 69]LogModuleManager: Shutting down and abandoning module AndroidPlatformEditor (172)
[2015.11.12-09.50.19:559][ 69]LogModuleManager: Shutting down and abandoning module IOSRuntimeSettings (171)
[2015.11.12-09.50.19:559][ 69]LogModuleManager: Shutting down and abandoning module AndroidRuntimeSettings (170)
[2015.11.12-09.50.19:559][ 69]LogModuleManager: Shutting down and abandoning module MergeActors (169)
[2015.11.12-09.50.19:559][ 69]LogModuleManager: Shutting down and abandoning module SizeMap (168)
[2015.11.12-09.50.19:559][ 69]LogModuleManager: Shutting down and abandoning module TreeMap (167)
[2015.11.12-09.50.19:559][ 69]LogModuleManager: Shutting down and abandoning module ReferenceViewer (166)
[2015.11.12-09.50.19:559][ 69]LogModuleManager: Shutting down and abandoning module LocalizationService (165)
[2015.11.12-09.50.19:559][ 69]LogModuleManager: Shutting down and abandoning module LocalizationDashboard (164)
[2015.11.12-09.50.19:559][ 69]LogModuleManager: Shutting down and abandoning module HardwareTargeting (163)
[2015.11.12-09.50.19:559][ 69]LogModuleManager: Shutting down and abandoning module DeviceProfileEditor (162)
[2015.11.12-09.50.19:559][ 69]LogModuleManager: Shutting down and abandoning module UndoHistory (161)
[2015.11.12-09.50.19:559][ 69]LogModuleManager: Shutting down and abandoning module GameplayTagsEditor (160)
[2015.11.12-09.50.19:559][ 69]LogModuleManager: Shutting down and abandoning module UserFeedback (159)
[2015.11.12-09.50.19:559][ 69]LogModuleManager: Shutting down and abandoning module XmlParser (158)
[2015.11.12-09.50.19:559][ 69]LogModuleManager: Shutting down and abandoning module Blutility (157)
[2015.11.12-09.50.19:559][ 69]LogModuleManager: Shutting down and abandoning module ProjectTargetPlatformEditor (156)
[2015.11.12-09.50.19:559][ 69]LogModuleManager: Shutting down and abandoning module ProjectSettingsViewer (155)
[2015.11.12-09.50.19:559][ 69]LogModuleManager: Shutting down and abandoning module InputBindingEditor (154)
[2015.11.12-09.50.19:559][ 69]LogModuleManager: Shutting down and abandoning module EditorSettingsViewer (153)
[2015.11.12-09.50.19:559][ 69]LogModuleManager: Shutting down and abandoning module SettingsEditor (152)
[2015.11.12-09.50.19:559][ 69]LogModuleManager: Shutting down and abandoning module ProjectLauncher (151)
[2015.11.12-09.50.19:559][ 69]LogModuleManager: Shutting down and abandoning module SessionFrontend (150)
[2015.11.12-09.50.19:559][ 69]LogModuleManager: Shutting down and abandoning module ProfilerClient (149)
[2015.11.12-09.50.19:559][ 69]LogModuleManager: Shutting down and abandoning module TargetDeviceServices (148)
[2015.11.12-09.50.19:559][ 69]LogModuleManager: Shutting down and abandoning module DeviceManager (147)
[2015.11.12-09.50.19:560][ 69]LogModuleManager: Shutting down and abandoning module AutomationController (146)
[2015.11.12-09.50.19:560][ 69]LogModuleManager: Shutting down and abandoning module AutomationWindow (145)
[2015.11.12-09.50.19:560][ 69]LogModuleManager: Shutting down and abandoning module Layers (144)
[2015.11.12-09.50.19:560][ 69]LogModuleManager: Shutting down and abandoning module ComponentVisualizers (143)
[2015.11.12-09.50.19:560][ 69]LogModuleManager: Shutting down and abandoning module DetailCustomizations (142)
[2015.11.12-09.50.19:560][ 69]LogModuleManager: Shutting down and abandoning module PackagesDialog (141)
[2015.11.12-09.50.19:560][ 69]LogModuleManager: Shutting down and abandoning module Persona (140)
[2015.11.12-09.50.19:560][ 69]LogModuleManager: Shutting down and abandoning module Kismet (139)
[2015.11.12-09.50.19:560][ 69]LogModuleManager: Shutting down and abandoning module GraphEditor (138)
[2015.11.12-09.50.19:560][ 69]LogModuleManager: Shutting down and abandoning module ClassViewer (137)
[2015.11.12-09.50.19:560][ 69]LogModuleManager: Shutting down and abandoning module Toolbox (136)
[2015.11.12-09.50.19:560][ 69]LogModuleManager: Shutting down and abandoning module ModuleUI (135)
[2015.11.12-09.50.19:560][ 69]LogModuleManager: Shutting down and abandoning module MovieSceneTools (134)
[2015.11.12-09.50.19:560][ 69]LogModuleManager: Shutting down and abandoning module OutputLog (133)
[2015.11.12-09.50.19:560][ 69]LogModuleManager: Shutting down and abandoning module GammaUI (132)
[2015.11.12-09.50.19:560][ 69]LogModuleManager: Shutting down and abandoning module Documentation (131)
[2015.11.12-09.50.19:560][ 69]LogModuleManager: Shutting down and abandoning module GameLiveStreaming (130)
[2015.11.12-09.50.19:560][ 69]LogModuleManager: Shutting down and abandoning module StreamingPauseRendering (129)
[2015.11.12-09.50.19:560][ 69]LogModuleManager: Shutting down and abandoning module AnalyticsET (128)
[2015.11.12-09.50.19:560][ 69]LogModuleManager: Shutting down and abandoning module Analytics (127)
[2015.11.12-09.50.19:560][ 69]LogModuleManager: Shutting down and abandoning module AITestSuite (126)
[2015.11.12-09.50.19:560][ 69]LogModuleManager: Shutting down and abandoning module GameplayDebugger (125)
[2015.11.12-09.50.19:560][ 69]LogModuleManager: Shutting down and abandoning module AIModule (124)
[2015.11.12-09.50.19:560][ 69]LogModuleManager: Shutting down and abandoning module ProfilerService (123)
[2015.11.12-09.50.19:772][ 69]LogModuleManager: Shutting down and abandoning module TaskGraph (122)
[2015.11.12-09.50.19:772][ 69]LogModuleManager: Shutting down and abandoning module SlateRemote (121)
[2015.11.12-09.50.19:772][ 69]LogModuleManager: Shutting down and abandoning module SteamVRController (120)
[2015.11.12-09.50.19:772][ 69]LogModuleManager: Shutting down and abandoning module SteamVR (119)
[2015.11.12-09.50.19:772][ 69]LogModuleManager: Shutting down and abandoning module ProceduralMeshComponent (118)
[2015.11.12-09.50.19:772][ 69]LogModuleManager: Shutting down and abandoning module OculusRift (117)
[2015.11.12-09.50.19:772][ 69]LogModuleManager: Shutting down and abandoning module OculusLibrary (116)
[2015.11.12-09.50.19:772][ 69]LogModuleManager: Shutting down and abandoning module LeapMotionController (115)
[2015.11.12-09.50.19:782][ 69]LogModuleManager: Shutting down and abandoning module CustomMeshComponent (114)
[2015.11.12-09.50.19:782][ 69]LogModuleManager: Shutting down and abandoning module CableComponent (113)
[2015.11.12-09.50.19:782][ 69]LogModuleManager: Shutting down and abandoning module ArchVisCharacter (112)
[2015.11.12-09.50.19:782][ 69]LogModuleManager: Shutting down and abandoning module MessagingDebugger (111)
[2015.11.12-09.50.19:782][ 69]LogModuleManager: Shutting down and abandoning module MediaPlayerEditor (110)
[2015.11.12-09.50.19:782][ 69]LogModuleManager: Shutting down and abandoning module HTML5Networking (109)
[2015.11.12-09.50.19:782][ 69]LogModuleManager: Shutting down and abandoning module SpeedTreeImporter (108)
[2015.11.12-09.50.19:782][ 69]LogModuleManager: Shutting down and abandoning module PluginBrowser (107)
[2015.11.12-09.50.19:782][ 69]LogModuleManager: Shutting down and abandoning module EpicSurvey (106)
[2015.11.12-09.50.19:782][ 69]LogModuleManager: Shutting down and abandoning module DesktopPlatform (105)
[2015.11.12-09.50.19:782][ 69]LogModuleManager: Shutting down and abandoning module VisualStudioSourceCodeAccess (104)
[2015.11.12-09.50.19:782][ 69]LogModuleManager: Shutting down and abandoning module UObjectPlugin (103)
[2015.11.12-09.50.19:782][ 69]LogModuleManager: Shutting down and abandoning module SubversionSourceControl (102)
[2015.11.12-09.50.19:782][ 69]LogModuleManager: Shutting down and abandoning module PerforceSourceControl (101)
[2015.11.12-09.50.19:782][ 69]LogModuleManager: Shutting down and abandoning module SourceControl (100)
[2015.11.12-09.50.19:782][ 69]LogModuleManager: Shutting down and abandoning module GitSourceControl (99)
[2015.11.12-09.50.19:782][ 69]LogModuleManager: Shutting down and abandoning module LightPropagationVolumeEditor (98)
[2015.11.12-09.50.19:782][ 69]LogModuleManager: Shutting down and abandoning module PaperTiledImporter (97)
[2015.11.12-09.50.19:783][ 69]LogModuleManager: Shutting down and abandoning module PaperSpriteSheetImporter (96)
[2015.11.12-09.50.19:783][ 69]LogModuleManager: Shutting down and abandoning module MeshPaint (95)
[2015.11.12-09.50.19:783][ 69]LogModuleManager: Shutting down and abandoning module SlateReflector (94)
[2015.11.12-09.50.19:783][ 69]LogModuleManager: Shutting down and abandoning module HotReload (93)
[2015.11.12-09.50.19:783][ 69]LogModuleManager: Shutting down and abandoning module MainFrame (92)
[2015.11.12-09.50.19:783][ 69]LogModuleManager: Shutting down and abandoning module LevelEditor (91)
[2015.11.12-09.50.19:784][ 69]LogModuleManager: Shutting down and abandoning module DirectoryWatcher (90)
[2015.11.12-09.50.19:785][ 69]LogModuleManager: Shutting down and abandoning module AssetRegistry (89)
[2015.11.12-09.50.19:863][ 69]LogModuleManager: Shutting down and abandoning module ContentBrowser (88)
[2015.11.12-09.50.19:864][ 69]LogModuleManager: Shutting down and abandoning module Paper2DEditor (87)
[2015.11.12-09.50.19:864][ 69]LogModuleManager: Shutting down and abandoning module UnrealProject (86)
[2015.11.12-09.50.19:864][ 69]LogModuleManager: Shutting down and abandoning module UdpMessaging (85)
[2015.11.12-09.50.19:965][ 69]LogModuleManager: Shutting down and abandoning module LightPropagationVolumeRuntime (84)
[2015.11.12-09.50.19:965][ 69]LogModuleManager: Shutting down and abandoning module Paper2D (83)
[2015.11.12-09.50.19:965][ 69]LogModuleManager: Shutting down and abandoning module WindowsMoviePlayer (82)
[2015.11.12-09.50.19:967][ 69]LogModuleManager: Shutting down and abandoning module Media (81)
[2015.11.12-09.50.19:967][ 69]LogModuleManager: Shutting down and abandoning module WmfMedia (80)
[2015.11.12-09.50.19:967][ 69]LogModuleManager: Shutting down and abandoning module OnlineBlueprintSupport (79)
[2015.11.12-09.50.19:967][ 69]LogModuleManager: Shutting down and abandoning module GameplayTasksEditor (78)
[2015.11.12-09.50.19:967][ 69]LogModuleManager: Shutting down and abandoning module PropertyEditor (77)
[2015.11.12-09.50.19:967][ 69]LogModuleManager: Shutting down and abandoning module BehaviorTreeEditor (76)
[2015.11.12-09.50.19:967][ 69]LogModuleManager: Shutting down and abandoning module FunctionalTesting (75)
[2015.11.12-09.50.19:967][ 69]LogModuleManager: Shutting down and abandoning module CollisionAnalyzer (74)
[2015.11.12-09.50.19:967][ 69]LogModuleManager: Shutting down and abandoning module WorkspaceMenuStructure (73)
[2015.11.12-09.50.19:967][ 69]LogModuleManager: Shutting down and abandoning module MessageLog (72)
[2015.11.12-09.50.19:967][ 69]LogModuleManager: Shutting down and abandoning module Sequencer (71)
[2015.11.12-09.50.19:967][ 69]LogModuleManager: Shutting down and abandoning module AssetTools (70)
[2015.11.12-09.50.19:967][ 69]LogModuleManager: Shutting down and abandoning module UMGEditor (69)
[2015.11.12-09.50.19:967][ 69]LogModuleManager: Shutting down and abandoning module UMG (68)
[2015.11.12-09.50.19:967][ 69]LogModuleManager: Shutting down and abandoning module Slate (67)
[2015.11.12-09.50.19:967][ 69]LogModuleManager: Shutting down and abandoning module EditorStyle (66)
[2015.11.12-09.50.19:969][ 69]LogModuleManager: Shutting down and abandoning module SessionServices (65)
[2015.11.12-09.50.19:969][ 69]LogModuleManager: Shutting down and abandoning module SourceCodeAccess (64)
[2015.11.12-09.50.19:969][ 69]LogModuleManager: Shutting down and abandoning module HeadMountedDisplay (63)
[2015.11.12-09.50.19:969][ 69]LogModuleManager: Shutting down and abandoning module XAudio2 (62)
[2015.11.12-09.50.19:969][ 69]LogModuleManager: Shutting down and abandoning module Networking (60)
[2015.11.12-09.50.19:969][ 69]LogModuleManager: Shutting down and abandoning module Core (59)
[2015.11.12-09.50.19:969][ 69]LogModuleManager: Shutting down and abandoning module KismetCompiler (58)
[2015.11.12-09.50.19:969][ 69]LogModuleManager: Shutting down and abandoning module PhysXFormats (57)
[2015.11.12-09.50.19:969][ 69]LogModuleManager: Shutting down and abandoning module MeshUtilities (56)
[2015.11.12-09.50.19:969][ 69]LogModuleManager: Shutting down and abandoning module CookingStats (55)
[2015.11.12-09.50.19:969][ 69]LogModuleManager: Shutting down and abandoning module DerivedDataCache (54)
[2015.11.12-09.50.20:001][ 69]LogDerivedDataCache: Shutdown
[2015.11.12-09.50.20:001][ 69]LogModuleManager: Shutting down and abandoning module ShaderFormatOpenGL (53)
[2015.11.12-09.50.20:001][ 69]LogModuleManager: Shutting down and abandoning module ShaderFormatD3D (52)
[2015.11.12-09.50.20:001][ 69]LogModuleManager: Shutting down and abandoning module MetalShaderFormat (51)
[2015.11.12-09.50.20:001][ 69]LogModuleManager: Shutting down and abandoning module TextureFormatUncompressed (50)
[2015.11.12-09.50.20:001][ 69]LogModuleManager: Shutting down and abandoning module TextureFormatPVR (49)
[2015.11.12-09.50.20:001][ 69]LogModuleManager: Shutting down and abandoning module TextureFormatIntelISPCTexComp (48)
[2015.11.12-09.50.20:001][ 69]LogModuleManager: Shutting down and abandoning module TextureFormatDXT (47)
[2015.11.12-09.50.20:001][ 69]LogModuleManager: Shutting down and abandoning module ImageWrapper (46)
[2015.11.12-09.50.20:001][ 69]LogModuleManager: Shutting down and abandoning module TextureFormatASTC (45)
[2015.11.12-09.50.20:001][ 69]LogModuleManager: Shutting down and abandoning module TextureFormatAndroid (44)
[2015.11.12-09.50.20:001][ 69]LogModuleManager: Shutting down and abandoning module AudioFormatOpus (43)
[2015.11.12-09.50.20:001][ 69]LogModuleManager: Shutting down and abandoning module AudioFormatOgg (42)
[2015.11.12-09.50.20:001][ 69]LogModuleManager: Shutting down and abandoning module AudioFormatADPCM (41)
[2015.11.12-09.50.20:001][ 69]LogModuleManager: Shutting down and abandoning module LinuxTargetPlatform (40)
[2015.11.12-09.50.20:001][ 69]LogModuleManager: Shutting down and abandoning module LinuxServerTargetPlatform (39)
[2015.11.12-09.50.20:001][ 69]LogModuleManager: Shutting down and abandoning module LinuxNoEditorTargetPlatform (38)
[2015.11.12-09.50.20:001][ 69]LogModuleManager: Shutting down and abandoning module Messaging (37)
[2015.11.12-09.50.20:001][ 69]LogModuleManager: Shutting down and abandoning module IOSTargetPlatform (36)
[2015.11.12-09.50.20:001][ 69]LogModuleManager: Shutting down and abandoning module HTML5TargetPlatform (35)
[2015.11.12-09.50.20:001][ 69]LogModuleManager: Shutting down and abandoning module Android_PVRTCTargetPlatform (34)
[2015.11.12-09.50.20:001][ 69]LogModuleManager: Shutting down and abandoning module Android_ETC2TargetPlatform (33)
[2015.11.12-09.50.20:001][ 69]LogModuleManager: Shutting down and abandoning module Android_ETC1TargetPlatform (32)
[2015.11.12-09.50.20:001][ 69]LogModuleManager: Shutting down and abandoning module Android_DXTTargetPlatform (31)
[2015.11.12-09.50.20:001][ 69]LogModuleManager: Shutting down and abandoning module Android_ATCTargetPlatform (30)
[2015.11.12-09.50.20:001][ 69]LogModuleManager: Shutting down and abandoning module Android_ASTCTargetPlatform (29)
[2015.11.12-09.50.20:001][ 69]LogModuleManager: Shutting down and abandoning module AndroidTargetPlatform (28)
[2015.11.12-09.50.20:001][ 69]LogModuleManager: Shutting down and abandoning module WindowsTargetPlatform (27)
[2015.11.12-09.50.20:001][ 69]LogModuleManager: Shutting down and abandoning module WindowsServerTargetPlatform (26)
[2015.11.12-09.50.20:001][ 69]LogModuleManager: Shutting down and abandoning module WindowsNoEditorTargetPlatform (25)
[2015.11.12-09.50.20:001][ 69]LogModuleManager: Shutting down and abandoning module WindowsClientTargetPlatform (24)
[2015.11.12-09.50.20:001][ 69]LogModuleManager: Shutting down and abandoning module AllDesktopTargetPlatform (23)
[2015.11.12-09.50.20:001][ 69]LogModuleManager: Shutting down and abandoning module TargetPlatform (22)
[2015.11.12-09.50.20:001][ 69]LogModuleManager: Shutting down and abandoning module InputCore (21)
[2015.11.12-09.50.20:001][ 69]LogModuleManager: Shutting down and abandoning module Settings (20)
[2015.11.12-09.50.20:001][ 69]LogModuleManager: Shutting down and abandoning module OnlineSubsystem (18)
[2015.11.12-09.50.20:001][ 69]LogModuleManager: Shutting down and abandoning module HTTP (17)
[2015.11.12-09.50.22:005][ 69]LogModuleManager: Shutting down and abandoning module XMPP (16)
[2015.11.12-09.50.22:005][ 69]LogModuleManager: Shutting down and abandoning module ExampleDeviceProfileSelector (15)
[2015.11.12-09.50.22:005][ 69]LogModuleManager: Shutting down and abandoning module TextureCompressor (14)
[2015.11.12-09.50.22:005][ 69]LogModuleManager: Shutting down and abandoning module ShaderCore (13)
[2015.11.12-09.50.22:005][ 69]LogModuleManager: Shutting down and abandoning module Landscape (12)
[2015.11.12-09.50.22:005][ 69]LogModuleManager: Shutting down and abandoning module SlateRHIRenderer (11)
[2015.11.12-09.50.22:006][ 69]LogModuleManager: Shutting down and abandoning module OpenGLDrv (10)
[2015.11.12-09.50.22:006][ 69]LogModuleManager: Shutting down and abandoning module D3D11RHI (9)
[2015.11.12-09.50.22:006][ 69]LogModuleManager: Shutting down and abandoning module AnimGraphRuntime (8)
[2015.11.12-09.50.22:006][ 69]LogModuleManager: Shutting down and abandoning module Renderer (7)
[2015.11.12-09.50.22:006][ 69]LogModuleManager: Shutting down and abandoning module Engine (6)
[2015.11.12-09.50.22:006][ 69]LogModuleManager: Shutting down and abandoning module CoreUObject (5)
[2015.11.12-09.50.22:006][ 69]LogModuleManager: Shutting down and abandoning module NetworkFile (4)
[2015.11.12-09.50.22:006][ 69]LogModuleManager: Shutting down and abandoning module StreamingFile (3)
[2015.11.12-09.50.22:006][ 69]LogModuleManager: Shutting down and abandoning module SandboxFile (2)
[2015.11.12-09.50.22:006][ 69]LogModuleManager: Shutting down and abandoning module PakFile (1)
[2015.11.12-09.50.22:006][ 69]LogExit: Exiting.
[2015.11.12-09.50.22:008][ 69]Log file closed, 11/12/15 10:50:22
