[2015.11.30-16.46.27:088][  0]Log file open, 11/30/15 17:46:27
[2015.11.30-16.46.27:088][  0]LogInit:Display: Running engine for game: UnrealProject
[2015.11.30-16.46.27:088][  0]LogInit:Display: RandInit(-1238034340) SRandInit(-1238034339).
[2015.11.30-16.46.27:088][  0]LogTaskGraph: Started task graph with 4 named threads and 7 total threads.
[2015.11.30-16.46.27:088][  0]LogStats: Stats thread started at 0.160703
[2015.11.30-16.46.27:088][  0]LogInit: Version: 4.9.1-2689999+++depot+UE4-Releases+4.9
[2015.11.30-16.46.27:088][  0]LogInit: API Version: 2672455
[2015.11.30-16.46.27:088][  0]LogInit: Compiled (64-bit): Sep 14 2015 04:12:03
[2015.11.30-16.46.27:088][  0]LogInit: Compiled with Visual C++: 18.00.21005.01
[2015.11.30-16.46.27:088][  0]LogInit: Build Configuration: Development
[2015.11.30-16.46.27:088][  0]LogInit: Branch Name: ++depot+UE4-Releases+4.9
[2015.11.30-16.46.27:088][  0]LogInit: Command line:  
[2015.11.30-16.46.27:088][  0]LogInit: Base directory: D:/Programs/UE4/Epic Games/4.9/Engine/Binaries/Win64/
[2015.11.30-16.46.27:088][  0]LogInit: Rocket: 1
[2015.11.30-16.46.27:119][  0]LogInit: Using libcurl 7.41.0
[2015.11.30-16.46.27:119][  0]LogInit:  - built for x86_64-pc-win32
[2015.11.30-16.46.27:119][  0]LogInit:  - supports SSL with WinSSL
[2015.11.30-16.46.27:119][  0]LogInit:  - other features:
[2015.11.30-16.46.27:119][  0]LogInit:      CURL_VERSION_SSL
[2015.11.30-16.46.27:119][  0]LogInit:      CURL_VERSION_IPV6
[2015.11.30-16.46.27:119][  0]LogInit:      CURL_VERSION_ASYNCHDNS
[2015.11.30-16.46.27:119][  0]LogInit:      CURL_VERSION_LARGEFILE
[2015.11.30-16.46.27:119][  0]LogInit:      CURL_VERSION_IDN
[2015.11.30-16.46.27:119][  0]LogInit:  CurlRequestOptions (configurable via config and command line):
[2015.11.30-16.46.27:119][  0]LogInit:  - bVerifyPeer = true  - Libcurl will verify peer certificate
[2015.11.30-16.46.27:119][  0]LogInit:  - bUseHttpProxy = false  - Libcurl will NOT use HTTP proxy
[2015.11.30-16.46.27:119][  0]LogInit:  - bDontReuseConnections = false  - Libcurl will reuse connections
[2015.11.30-16.46.27:119][  0]LogInit:  - CertBundlePath = nullptr  - Libcurl will use whatever was configured at build time.
[2015.11.30-16.46.27:195][  0]LogInit: Presizing for 0 objects not considered by GC, pre-allocating 0 bytes.
[2015.11.30-16.46.27:202][  0]LogInit: Object subsystem initialized
[2015.11.30-16.46.27:218][  0]LogInit: Selected Device Profile: [Windows]
[2015.11.30-16.46.27:218][  0]LogInit: Applying CVar settings loaded from the selected device profile: [Windows]
[2015.11.30-16.46.27:246][  0]LogInit: Computer: 2FAST2COMPUTER
[2015.11.30-16.46.27:246][  0]LogInit: User: Patrik
[2015.11.30-16.46.27:246][  0]LogInit: CPU Page size=4096, Cores=4
[2015.11.30-16.46.27:246][  0]LogInit: High frequency timer resolution =3.320339 MHz
[2015.11.30-16.46.27:246][  0]LogMemory: Memory total: Physical=15.9GB (16GB approx)
[2015.11.30-16.46.27:246][  0]LogMemory: Platform Memory Stats for Windows
[2015.11.30-16.46.27:246][  0]LogMemory: Process Physical Memory: 54.46 MB used, 54.46 MB peak
[2015.11.30-16.46.27:246][  0]LogMemory: Process Virtual Memory: 55.39 MB used, 55.39 MB peak
[2015.11.30-16.46.27:246][  0]LogMemory: Physical Memory: 3919.77 MB used, 16267.09 MB total
[2015.11.30-16.46.27:246][  0]LogMemory: Virtual Memory: 364.27 MB used, 134217728.00 MB total
[2015.11.30-16.46.27:675][  0]LogTextLocalizationManager: No translations for ('sv-SE') exist, falling back to 'en' for localization and internationalization data.
[2015.11.30-16.46.28:527][  0]LogD3D11RHI: Found D3D11 adapter 0: NVIDIA GeForce GTX 660 Ti (Feature Level 11_0)
[2015.11.30-16.46.28:527][  0]LogD3D11RHI: Adapter has 1988MB of dedicated video memory, 0MB of dedicated system memory, and 8133MB of shared system memory, 3 output[s]
[2015.11.30-16.46.28:530][  0]LogD3D11RHI: Found D3D11 adapter 1: Intel(R) HD Graphics 4000 (Feature Level 11_0)
[2015.11.30-16.46.28:530][  0]LogD3D11RHI: Adapter has 32MB of dedicated video memory, 0MB of dedicated system memory, and 1760MB of shared system memory, 0 output[s]
[2015.11.30-16.46.28:531][  0]LogD3D11RHI: Found D3D11 adapter 2: Microsoft Basic Render Driver (Feature Level 11_0)
[2015.11.30-16.46.28:531][  0]LogD3D11RHI: Adapter has 0MB of dedicated video memory, 0MB of dedicated system memory, and 8133MB of shared system memory, 0 output[s]
[2015.11.30-16.46.28:531][  0]LogD3D11RHI: Chosen D3D11 Adapter Id = 0
[2015.11.30-16.46.28:543][  0]LogD3D11RHI: !Direct3DDevice
[2015.11.30-16.46.28:543][  0]LogRHI: Texture pool is 1361 MB (70% of 1945 MB)
[2015.11.30-16.46.28:556][  0]LogD3D11RHI: Async texture creation enabled
[2015.11.30-16.46.28:572][  0]LogShaderCompilers: Guid format shader working directory is 14 characters bigger than the processId version (../../../../../../../Documents and projects/Github/MAH_Arena_UnrealProject/UnrealProject/Intermediate/Shaders/WorkingDirectory/96768/).
[2015.11.30-16.46.28:572][  0]LogShaderCompilers: Cleaned the shader compiler working directory '../../../../../../../Documents and projects/Github/MAH_Arena_UnrealProject/UnrealProject/Intermediate/Shaders/tmp/B8757EF740793AABCF71449E898ACB69/'.
[2015.11.30-16.46.28:572][  0]LogShaderCompilers:Display: Using Local Shader Compiler.
[2015.11.30-16.46.30:824][  0]LogTemp:Display: Loaded TP AllDesktopTargetPlatform
[2015.11.30-16.46.30:828][  0]LogTemp:Display: Loaded TP WindowsClientTargetPlatform
[2015.11.30-16.46.30:833][  0]LogTemp:Display: Loaded TP WindowsNoEditorTargetPlatform
[2015.11.30-16.46.30:837][  0]LogTemp:Display: Loaded TP WindowsServerTargetPlatform
[2015.11.30-16.46.30:841][  0]LogTemp:Display: Loaded TP WindowsTargetPlatform
[2015.11.30-16.46.30:846][  0]LogTemp:Display: Loaded TP AndroidTargetPlatform
[2015.11.30-16.46.30:849][  0]LogTemp:Display: Loaded TP Android_ASTCTargetPlatform
[2015.11.30-16.46.30:852][  0]LogTemp:Display: Loaded TP Android_ATCTargetPlatform
[2015.11.30-16.46.30:855][  0]LogTemp:Display: Loaded TP Android_DXTTargetPlatform
[2015.11.30-16.46.30:858][  0]LogTemp:Display: Loaded TP Android_ETC1TargetPlatform
[2015.11.30-16.46.30:861][  0]LogTemp:Display: Loaded TP Android_ETC2TargetPlatform
[2015.11.30-16.46.30:863][  0]LogTemp:Display: Loaded TP Android_PVRTCTargetPlatform
[2015.11.30-16.46.30:864][  0]LogTemp:Display: Loaded TP HTML5TargetPlatform
[2015.11.30-16.46.30:943][  0]LogTemp:Display: Loaded TP IOSTargetPlatform
[2015.11.30-16.46.30:946][  0]LogTemp:Display: Loaded TP LinuxNoEditorTargetPlatform
[2015.11.30-16.46.30:949][  0]LogTemp:Display: Loaded TP LinuxServerTargetPlatform
[2015.11.30-16.46.30:954][  0]LogTemp:Display: Loaded TP LinuxTargetPlatform
[2015.11.30-16.46.30:954][  0]LogTargetPlatformManager:Display: Building Assets For Windows
[2015.11.30-16.46.31:432][  0]LogDerivedDataCache:Display: Max Cache Size: 512 MB
[2015.11.30-16.46.31:761][  0]LogDerivedDataCache: Loaded boot cache 0.33s 42MB C:/Users/Patrik/AppData/Local/UnrealEngine/4.9/DerivedDataCache/Boot.ddc.
[2015.11.30-16.46.31:761][  0]LogDerivedDataCache:Display: Loaded Boot cache: C:/Users/Patrik/AppData/Local/UnrealEngine/4.9/DerivedDataCache/Boot.ddc
[2015.11.30-16.46.31:762][  0]LogDerivedDataCache: FDerivedDataBackendGraph:  Pak pak cache file ../../../../../../../Documents and projects/Github/MAH_Arena_UnrealProject/UnrealProject/DerivedDataCache/DDC.ddp not found, will not use a pak cache.
[2015.11.30-16.46.31:762][  0]LogDerivedDataCache: Unable to find inner node Pak for hierarchical cache Hierarchy.
[2015.11.30-16.46.31:762][  0]LogDerivedDataCache: FDerivedDataBackendGraph:  CompressedPak pak cache file ../../../../../../../Documents and projects/Github/MAH_Arena_UnrealProject/UnrealProject/DerivedDataCache/Compressed.ddp not found, will not use a pak cache.
[2015.11.30-16.46.31:762][  0]LogDerivedDataCache: Unable to find inner node CompressedPak for hierarchical cache Hierarchy.
[2015.11.30-16.46.31:959][  0]LogDerivedDataCache:Display: Pak cache opened for reading ../../../Engine/DerivedDataCache/Compressed.ddp.
[2015.11.30-16.46.31:973][  0]LogDerivedDataCache: Using Local data cache path C:/Users/Patrik/AppData/Local/UnrealEngine/Common/DerivedDataCache: Writable
[2015.11.30-16.46.39:880][  0]LogInit: Selected Device Profile: [Windows]
[2015.11.30-16.46.39:968][  0]LogContentStreaming: Texture pool size is 0.000000MB
[2015.11.30-16.46.41:229][  0]LogMeshUtilities: No automatic mesh reduction module available
[2015.11.30-16.46.41:229][  0]LogMeshUtilities: No automatic mesh merging module available
[2015.11.30-16.46.44:198][  0]LogInit: WinSock: version 1.1 (2.2), MaxSocks=32767, MaxUdp=65467
[2015.11.30-16.46.49:214][  0]UdpMessaging: Initializing bridge on interface 0.0.0.0:0 to multicast group 230.0.0.1:6666.
[2015.11.30-16.46.49:681][  0]LogAssetRegistry: FAssetRegistry took 0.0308 seconds to start up
[2015.11.30-16.46.51:526][  0]SourceControl: Info Source control is disabled
[2015.11.30-16.46.51:534][  0]SourceControl: Info Source control is disabled
[2015.11.30-16.46.51:641][  0]SourceControl: Info Source control is disabled
[2015.11.30-16.46.51:673][  0]SourceControl: Info Source control is disabled
[2015.11.30-16.46.52:621][  0]LogLinker:Warning: Asset '../../../Engine/Plugins/Runtime/LeapMotionController/Content/LM_PassthroughMaterial.uasset' has been saved with empty engine version. The asset will be loaded but may be incompatible.
[2015.11.30-16.46.52:858][  0]LogObj: 28382 objects as part of root set at end of initial load.
[2015.11.30-16.46.52:858][  0]LogUObjectAllocator: 6053064 out of 0 bytes used by permanent object pool.
[2015.11.30-16.46.53:671][  0]LogEngine: Initializing Engine...
[2015.11.30-16.46.53:704][  0]LogHMD: Can't find Oculus library dev build: is proper Runtime installed? Version: 0.7.0.0
[2015.11.30-16.46.53:731][  0]LogHMD: SteamVR failed to initialize.  Err: 110
[2015.11.30-16.46.54:815][  0]LogAIModule: Creating AISystem for world NewWorld
[2015.11.30-16.46.55:076][  0]LogInit: XAudio2 using 'PHILIPS FTV-4 (NVIDIA High Definition Audio)' : 2 channels at 48 kHz using 16 bits per sample (channel mask 0x3)
[2015.11.30-16.46.55:099][  0]LogInit: FAudioDevice initialized.
[2015.11.30-16.46.55:119][  0]LogDerivedDataCache: Saved boot cache 0.02s 42MB C:/Users/Patrik/AppData/Local/UnrealEngine/4.9/DerivedDataCache/Boot.ddc.
[2015.11.30-16.46.55:169][  0]LogInit: Texture streaming: Enabled
[2015.11.30-16.46.55:216][  0]LogAnalytics: Creating configured Analytics provider AnalyticsET
[2015.11.30-16.46.55:243][  0]LogAnalytics: [UEEditor.Rocket.Release] APIServer = http://et2.epicgames.com/ET2/. AppVersion = 4.9.1-2689999+++depot+UE4-Releases+4.9
[2015.11.30-16.46.55:243][  0]LogAnalytics: [UEEditor.Rocket.Release] SetUserId 75b1651448aed74c20c7d4add0562cd6|13486bde023f4a2ab96e5809842d42e4|b60df82a-f797-42d7-91b9-baed788aeecd
[2015.11.30-16.46.55:253][  0]LogAnalytics: [UEEditor.Rocket.Release] AnalyticsET::StartSession
[2015.11.30-16.46.55:562][  0]LogInit: Transaction tracking system initialized
[2015.11.30-16.46.57:131][  0]BlueprintLog: New page: Editor Load
[2015.11.30-16.46.59:600][  0]LocalizationService: Info Localization service is disabled
[2015.11.30-16.47.01:175][  0]LogConsoleResponse:Display: 
[2015.11.30-16.47.06:895][  0]LogFileCache: Scanning file cache for directory 'D:/Documents and projects/Github/MAH_Arena_UnrealProject/UnrealProject/Content/' took 0.01s
[2015.11.30-16.47.06:895][  0]LogCook:Display: Done creating registry. It took  0.00s.
[2015.11.30-16.47.08:771][  0]SourceControl: Info Source control is disabled
[2015.11.30-16.47.08:881][  0]Cmd: MAP LOAD FILE="../../../../../../../Documents and projects/Github/MAH_Arena_UnrealProject/UnrealProject/Content/StarterContent/Maps/Minimal_Default.umap" TEMPLATE=0 SHOWPROGRESS=1 FEATURELEVEL=3
[2015.11.30-16.47.08:919][  0]LightingResults: New page: Lighting Build
[2015.11.30-16.47.09:142][  0]MapCheck: New page: Map Check
[2015.11.30-16.47.09:142][  0]LightingResults: New page: Lighting Build
[2015.11.30-16.47.09:503][  0]LogParticles: Destroying 0 GPU particle simulations for FXSystem 0x00000017550BC400
[2015.11.30-16.47.16:952][  0]LogAIModule: Creating AISystem for world Minimal_Default
[2015.11.30-16.47.18:115][  0]LogEditorServer: Finished looking for orphan Actors (0.000 secs)
[2015.11.30-16.47.18:195][  0]Cmd: MAP CHECKDEP NOCLEARLOG
[2015.11.30-16.47.18:328][  0]MapCheck: Info Map check complete: 0 Error(s), 0 Warning(s), took 133.43ms to complete.
[2015.11.30-16.47.18:341][  0]LogFileHelpers: Loading map 'Minimal_Default' took 9.520
[2015.11.30-16.47.21:358][  0]LogCollectionManager: Loaded 0 collections in 0.001402 seconds
[2015.11.30-16.47.21:500][  0]LogFileCache: Scanning file cache for directory 'D:/Documents and projects/Github/MAH_Arena_UnrealProject/UnrealProject/Saved/Collections/' took 0.01s
[2015.11.30-16.47.21:500][  0]LogFileCache: Scanning file cache for directory 'D:/Documents and projects/Github/MAH_Arena_UnrealProject/UnrealProject/Content/Developers/Patrik/Collections/' took 0.01s
[2015.11.30-16.47.21:500][  0]LogFileCache: Scanning file cache for directory 'D:/Documents and projects/Github/MAH_Arena_UnrealProject/UnrealProject/Content/Collections/' took 0.01s
[2015.11.30-16.47.21:500][  0]LogContentBrowser: Native class hierarchy populated in 0.0494 seconds. Added 1871 classes and 336 folders.
[2015.11.30-16.47.21:629][  0]LogCollectionManager: Rebuilt the GUID cache for 0 collections in 0.000003 seconds
[2015.11.30-16.47.21:793][  0]LogContentBrowser: Native class hierarchy updated for 'WidgetCarousel' in 0.0030 seconds. Added 0 classes and 0 folders.
[2015.11.30-16.47.23:257][  0]LogContentBrowser: Native class hierarchy updated for 'AddContentDialog' in 0.0030 seconds. Added 0 classes and 0 folders.
[2015.11.30-16.47.23:522][  0]LogContentBrowser: Native class hierarchy updated for 'SceneOutliner' in 0.0030 seconds. Added 1 classes and 2 folders.
[2015.11.30-16.47.24:440][  0]LogCrashTracker: Crashtracker disabled due to settings.
[2015.11.30-16.47.24:587][  0]LogUObjectGlobals:Warning: Failed to find object 'Class None.'
[2015.11.30-16.47.24:650][  0]LogLoad: Full Startup: 59.78 seconds (BP compile: 0.59 seconds)
[2015.11.30-16.47.24:909][  0]LogContentStreaming: Texture pool size now 1000 MB
[2015.11.30-16.47.25:275][  0]LogRenderer: Reallocating scene render targets to support 1208x576 (Frame:2).
[2015.11.30-16.47.25:820][  5]LogAssetRegistry: Asset discovery search completed in 36.1515 seconds
[2015.11.30-16.47.25:820][  5]LogCollectionManager: Rebuilt the object cache for 0 collections in 0.000001 seconds (found 0 objects)
[2015.11.30-16.47.25:834][  5]LogCollectionManager: Fixed up redirectors for 0 collections in 0.000045 seconds (updated 0 objects)
[2015.11.30-16.47.39:456][303]LogBlueprintUserMessages: Early PlayInEditor Detection: Level '/Game/StarterContent/Maps/Minimal_Default.Minimal_Default:PersistentLevel' has LevelScriptBlueprint '/Game/StarterContent/Maps/Minimal_Default.Minimal_Default:PersistentLevel.Minimal_Default' with GeneratedClass '/Game/StarterContent/Maps/Minimal_Default.Minimal_Default_C' with ClassGeneratedBy '/Game/StarterContent/Maps/Minimal_Default.Minimal_Default:PersistentLevel.Minimal_Default'
[2015.11.30-16.47.39:456][303]LogPlayLevel: PlayLevel: No blueprints needed recompiling
[2015.11.30-16.47.39:479][303]PIE: New page: PIE session: Minimal_Default (Nov 30, 2015, 6:47:39 PM)
[2015.11.30-16.47.39:479][303]LogPlayLevel: Creating play world package: /Game/StarterContent/Maps/UEDPIE_0_Minimal_Default
[2015.11.30-16.47.39:497][303]LogPlayLevel: PIE: StaticDuplicateObject took: (0.017588s)
[2015.11.30-16.47.39:498][303]LogAIModule: Creating AISystem for world Minimal_Default
[2015.11.30-16.47.39:498][303]LogPlayLevel: PIE: World Init took: (0.000698s)
[2015.11.30-16.47.39:498][303]LogPlayLevel: PIE: Created PIE world by copying editor world from /Game/StarterContent/Maps/Minimal_Default.Minimal_Default to /Game/StarterContent/Maps/UEDPIE_0_Minimal_Default.Minimal_Default (0.018557s)
[2015.11.30-16.47.39:534][303]LogInit: XAudio2 using 'PHILIPS FTV-4 (NVIDIA High Definition Audio)' : 2 channels at 48 kHz using 16 bits per sample (channel mask 0x3)
[2015.11.30-16.47.39:537][303]LogInit: FAudioDevice initialized.
[2015.11.30-16.47.39:621][303]LogWorld: Game class is 'UnrealProjectGameMode'
[2015.11.30-16.47.39:661][303]LogWorld: Bringing World /Game/StarterContent/Maps/UEDPIE_0_Minimal_Default.Minimal_Default up for play (max tick rate 0) at 2015.11.30-17.47.39
[2015.11.30-16.47.39:662][303]LogActor:Warning: GameSession /Game/StarterContent/Maps/UEDPIE_0_Minimal_Default.Minimal_Default:PersistentLevel.GameSession_0 has natively added scene component(s), but none of them were set as the actor's RootComponent - picking one arbitrarily
[2015.11.30-16.47.39:667][303]LogActor:Warning: GameNetworkManager /Game/StarterContent/Maps/UEDPIE_0_Minimal_Default.Minimal_Default:PersistentLevel.GameNetworkManager_0 has natively added scene component(s), but none of them were set as the actor's RootComponent - picking one arbitrarily
[2015.11.30-16.47.39:667][303]LogWorld: Bringing up level for play took: 0.010008
[2015.11.30-16.47.39:774][303]PIE: Info Play in editor start time for /Game/StarterContent/Maps/UEDPIE_0_Minimal_Default 0.325
[2015.11.30-16.47.39:774][303]LogBlueprintUserMessages: Late PlayInEditor Detection: Level '/Game/StarterContent/Maps/Minimal_Default.Minimal_Default:PersistentLevel' has LevelScriptBlueprint '/Game/StarterContent/Maps/Minimal_Default.Minimal_Default:PersistentLevel.Minimal_Default' with GeneratedClass '/Game/StarterContent/Maps/Minimal_Default.Minimal_Default_C' with ClassGeneratedBy '/Game/StarterContent/Maps/Minimal_Default.Minimal_Default:PersistentLevel.Minimal_Default'
[2015.11.30-16.47.40:263][303]LogCrashTracker: 


[2015.11.30-16.47.40:311][303]LogCrashTracker: 


[2015.11.30-16.47.40:311][303]LogWindows: === Critical error: ===
Fatal error!



[2015.11.30-16.47.40:434][303]LogExit: Executing StaticShutdownAfterError
[2015.11.30-16.47.40:595][303]LogPhysics:Warning: PHYSX: ..\..\PhysX\src\NpScene.cpp (2946) 8 : PxScene::unlockWrite() called without matching call to PxScene::lockWrite(), behaviour will be undefined.
[2015.11.30-16.47.40:595][303]LogPhysics:Warning: PHYSX: ..\..\PhysX\src\NpScene.cpp (2946) 8 : PxScene::unlockWrite() called without matching call to PxScene::lockWrite(), behaviour will be undefined.
[2015.11.30-16.47.40:595][303]LogPhysics:Warning: PHYSX: ..\..\PhysX\src\NpScene.cpp (2946) 8 : PxScene::unlockWrite() called without matching call to PxScene::lockWrite(), behaviour will be undefined.
[2015.11.30-16.47.40:596][303]LogPhysics:Warning: PHYSX: ..\..\PhysX\src\NpScene.cpp (2946) 8 : PxScene::unlockWrite() called without matching call to PxScene::lockWrite(), behaviour will be undefined.
[2015.11.30-16.47.40:617][303]LogWindows: FPlatformMisc::RequestExit(1)
[2015.11.30-16.47.40:617][303]Log file closed, 11/30/15 17:47:40
