[2015.11.12-10.01.20:607][  0]Log file open, 11/12/15 11:01:20
[2015.11.12-10.01.20:607][  0]LogInit:Display: Running engine for game: UnrealProject
[2015.11.12-10.01.20:607][  0]LogInit:Display: RandInit(-86006269) SRandInit(-86006269).
[2015.11.12-10.01.20:607][  0]LogTaskGraph: Started task graph with 4 named threads and 5 total threads.
[2015.11.12-10.01.20:607][  0]LogStats: Stats thread started at 0.063579
[2015.11.12-10.01.20:607][  0]LogInit: Version: 4.9.2-2707645+++depot+UE4-Releases+4.9
[2015.11.12-10.01.20:607][  0]LogInit: API Version: 2672455
[2015.11.12-10.01.20:607][  0]LogInit: Compiled (64-bit): Sep 28 2015 10:25:44
[2015.11.12-10.01.20:607][  0]LogInit: Compiled with Visual C++: 18.00.21005.01
[2015.11.12-10.01.20:607][  0]LogInit: Build Configuration: Development
[2015.11.12-10.01.20:607][  0]LogInit: Branch Name: ++depot+UE4-Releases+4.9
[2015.11.12-10.01.20:607][  0]LogInit: Command line:  
[2015.11.12-10.01.20:607][  0]LogInit: Base directory: D:/Program Files/Epic Games/4.9/Engine/Binaries/Win64/
[2015.11.12-10.01.20:607][  0]LogInit: Rocket: 1
[2015.11.12-10.01.20:613][  0]LogInit: Using libcurl 7.41.0
[2015.11.12-10.01.20:613][  0]LogInit:  - built for x86_64-pc-win32
[2015.11.12-10.01.20:613][  0]LogInit:  - supports SSL with WinSSL
[2015.11.12-10.01.20:613][  0]LogInit:  - other features:
[2015.11.12-10.01.20:613][  0]LogInit:      CURL_VERSION_SSL
[2015.11.12-10.01.20:613][  0]LogInit:      CURL_VERSION_IPV6
[2015.11.12-10.01.20:613][  0]LogInit:      CURL_VERSION_ASYNCHDNS
[2015.11.12-10.01.20:613][  0]LogInit:      CURL_VERSION_LARGEFILE
[2015.11.12-10.01.20:613][  0]LogInit:      CURL_VERSION_IDN
[2015.11.12-10.01.20:613][  0]LogInit:  CurlRequestOptions (configurable via config and command line):
[2015.11.12-10.01.20:613][  0]LogInit:  - bVerifyPeer = true  - Libcurl will verify peer certificate
[2015.11.12-10.01.20:613][  0]LogInit:  - bUseHttpProxy = false  - Libcurl will NOT use HTTP proxy
[2015.11.12-10.01.20:613][  0]LogInit:  - bDontReuseConnections = false  - Libcurl will reuse connections
[2015.11.12-10.01.20:613][  0]LogInit:  - CertBundlePath = nullptr  - Libcurl will use whatever was configured at build time.
[2015.11.12-10.01.20:619][  0]LogInit: Presizing for 0 objects not considered by GC, pre-allocating 0 bytes.
[2015.11.12-10.01.20:626][  0]LogInit: Object subsystem initialized
[2015.11.12-10.01.20:627][  0]LogInit: Selected Device Profile: [Windows]
[2015.11.12-10.01.20:627][  0]LogInit: Applying CVar settings loaded from the selected device profile: [Windows]
[2015.11.12-10.01.20:636][  0]LogInit: Computer: SIMONLAPTOP
[2015.11.12-10.01.20:636][  0]LogInit: User: Simon
[2015.11.12-10.01.20:636][  0]LogInit: CPU Page size=4096, Cores=2
[2015.11.12-10.01.20:637][  0]LogInit: High frequency timer resolution =2.533197 MHz
[2015.11.12-10.01.20:637][  0]LogMemory: Memory total: Physical=7.9GB (8GB approx)
[2015.11.12-10.01.20:637][  0]LogMemory: Platform Memory Stats for Windows
[2015.11.12-10.01.20:637][  0]LogMemory: Process Physical Memory: 53.94 MB used, 53.94 MB peak
[2015.11.12-10.01.20:637][  0]LogMemory: Process Virtual Memory: 55.31 MB used, 55.31 MB peak
[2015.11.12-10.01.20:637][  0]LogMemory: Physical Memory: 3815.45 MB used, 8080.91 MB total
[2015.11.12-10.01.20:637][  0]LogMemory: Virtual Memory: 363.63 MB used, 134217728.00 MB total
[2015.11.12-10.01.20:672][  0]LogTextLocalizationManager: No specific translations for ('en-US') exist, so ('en') translations will be used.
[2015.11.12-10.01.21:454][  0]LogD3D11RHI: Found D3D11 adapter 0: NVIDIA GeForce 840M            (Feature Level 11_0)
[2015.11.12-10.01.21:454][  0]LogD3D11RHI: Adapter has 1996MB of dedicated video memory, 0MB of dedicated system memory, and 4040MB of shared system memory, 1 output[s]
[2015.11.12-10.01.21:461][  0]LogD3D11RHI: Found D3D11 adapter 1: Intel(R) HD Graphics Family (Feature Level 11_0)
[2015.11.12-10.01.21:461][  0]LogD3D11RHI: Adapter has 112MB of dedicated video memory, 0MB of dedicated system memory, and 4040MB of shared system memory, 0 output[s]
[2015.11.12-10.01.21:462][  0]LogD3D11RHI: Found D3D11 adapter 2: Microsoft Basic Render Driver (Feature Level 11_0)
[2015.11.12-10.01.21:462][  0]LogD3D11RHI: Adapter has 0MB of dedicated video memory, 0MB of dedicated system memory, and 4040MB of shared system memory, 0 output[s]
[2015.11.12-10.01.21:462][  0]LogD3D11RHI: Chosen D3D11 Adapter Id = 0
[2015.11.12-10.01.21:467][  0]LogD3D11RHI: !Direct3DDevice
[2015.11.12-10.01.21:467][  0]LogRHI: Texture pool is 1361 MB (70% of 1945 MB)
[2015.11.12-10.01.21:481][  0]LogD3D11RHI: Async texture creation enabled
[2015.11.12-10.01.21:495][  0]LogShaderCompilers: Guid format shader working directory is 16 characters bigger than the processId version (C:/Users/Simon/Documents/GitHub/MAH_Arena_UnrealProject/UnrealProject/Intermediate/Shaders/WorkingDirectory/672/).
[2015.11.12-10.01.21:495][  0]LogShaderCompilers: Cleaned the shader compiler working directory 'C:/Users/Simon/Documents/GitHub/MAH_Arena_UnrealProject/UnrealProject/Intermediate/Shaders/tmp/F115F1094961310CE39285A80594FD3C/'.
[2015.11.12-10.01.21:495][  0]LogShaderCompilers:Display: Using Local Shader Compiler.
[2015.11.12-10.01.22:564][  0]LogTemp:Display: Loaded TP AllDesktopTargetPlatform
[2015.11.12-10.01.22:569][  0]LogTemp:Display: Loaded TP WindowsClientTargetPlatform
[2015.11.12-10.01.22:573][  0]LogTemp:Display: Loaded TP WindowsNoEditorTargetPlatform
[2015.11.12-10.01.22:579][  0]LogTemp:Display: Loaded TP WindowsServerTargetPlatform
[2015.11.12-10.01.22:584][  0]LogTemp:Display: Loaded TP WindowsTargetPlatform
[2015.11.12-10.01.22:587][  0]LogTemp:Display: Loaded TP AndroidTargetPlatform
[2015.11.12-10.01.22:590][  0]LogTemp:Display: Loaded TP Android_ASTCTargetPlatform
[2015.11.12-10.01.22:593][  0]LogTemp:Display: Loaded TP Android_ATCTargetPlatform
[2015.11.12-10.01.22:596][  0]LogTemp:Display: Loaded TP Android_DXTTargetPlatform
[2015.11.12-10.01.22:599][  0]LogTemp:Display: Loaded TP Android_ETC1TargetPlatform
[2015.11.12-10.01.22:603][  0]LogTemp:Display: Loaded TP Android_ETC2TargetPlatform
[2015.11.12-10.01.22:607][  0]LogTemp:Display: Loaded TP Android_PVRTCTargetPlatform
[2015.11.12-10.01.22:607][  0]LogTemp:Display: Loaded TP HTML5TargetPlatform
[2015.11.12-10.01.22:624][  0]LogTemp:Display: Loaded TP IOSTargetPlatform
[2015.11.12-10.01.22:627][  0]LogTemp:Display: Loaded TP LinuxNoEditorTargetPlatform
[2015.11.12-10.01.22:630][  0]LogTemp:Display: Loaded TP LinuxServerTargetPlatform
[2015.11.12-10.01.22:634][  0]LogTemp:Display: Loaded TP LinuxTargetPlatform
[2015.11.12-10.01.22:634][  0]LogTargetPlatformManager:Display: Building Assets For Windows
[2015.11.12-10.01.22:708][  0]LogDerivedDataCache:Display: Max Cache Size: 512 MB
[2015.11.12-10.01.22:762][  0]LogDerivedDataCache: Loaded boot cache 0.05s 41MB C:/Users/Simon/AppData/Local/UnrealEngine/4.9/DerivedDataCache/Boot.ddc.
[2015.11.12-10.01.22:762][  0]LogDerivedDataCache:Display: Loaded Boot cache: C:/Users/Simon/AppData/Local/UnrealEngine/4.9/DerivedDataCache/Boot.ddc
[2015.11.12-10.01.22:762][  0]LogDerivedDataCache: FDerivedDataBackendGraph:  Pak pak cache file C:/Users/Simon/Documents/GitHub/MAH_Arena_UnrealProject/UnrealProject/DerivedDataCache/DDC.ddp not found, will not use a pak cache.
[2015.11.12-10.01.22:762][  0]LogDerivedDataCache: Unable to find inner node Pak for hierarchical cache Hierarchy.
[2015.11.12-10.01.22:762][  0]LogDerivedDataCache: FDerivedDataBackendGraph:  CompressedPak pak cache file C:/Users/Simon/Documents/GitHub/MAH_Arena_UnrealProject/UnrealProject/DerivedDataCache/Compressed.ddp not found, will not use a pak cache.
[2015.11.12-10.01.22:762][  0]LogDerivedDataCache: Unable to find inner node CompressedPak for hierarchical cache Hierarchy.
[2015.11.12-10.01.22:933][  0]LogDerivedDataCache:Display: Pak cache opened for reading ../../../Engine/DerivedDataCache/Compressed.ddp.
[2015.11.12-10.01.22:945][  0]LogDerivedDataCache: Using Local data cache path C:/Users/Simon/AppData/Local/UnrealEngine/Common/DerivedDataCache: Writable
[2015.11.12-10.01.23:110][  0]LogInit: Selected Device Profile: [Windows]
[2015.11.12-10.01.23:113][  0]LogContentStreaming: Texture pool size is 0.000000MB
[2015.11.12-10.01.23:233][  0]LogMeshUtilities: No automatic mesh reduction module available
[2015.11.12-10.01.23:233][  0]LogMeshUtilities: No automatic mesh merging module available
[2015.11.12-10.01.23:474][  0]LogInit: WinSock: version 1.1 (2.2), MaxSocks=32767, MaxUdp=65467
[2015.11.12-10.01.24:141][  0]UdpMessaging: Initializing bridge on interface 0.0.0.0:0 to multicast group 230.0.0.1:6666.
[2015.11.12-10.01.24:247][  0]LogAssetRegistry: FAssetRegistry took 0.0107 seconds to start up
[2015.11.12-10.01.24:412][  0]SourceControl: Info Source control is disabled
[2015.11.12-10.01.24:423][  0]SourceControl: Info Source control is disabled
[2015.11.12-10.01.24:437][  0]SourceControl: Info Source control is disabled
[2015.11.12-10.01.24:451][  0]SourceControl: Info Source control is disabled
[2015.11.12-10.01.24:594][  0]LogLinker:Warning: Asset '../../../Engine/Plugins/Runtime/LeapMotionController/Content/LM_PassthroughMaterial.uasset' has been saved with empty engine version. The asset will be loaded but may be incompatible.
[2015.11.12-10.01.24:657][  0]LogObj: 28381 objects as part of root set at end of initial load.
[2015.11.12-10.01.24:657][  0]LogUObjectAllocator: 6052904 out of 0 bytes used by permanent object pool.
[2015.11.12-10.01.24:713][  0]LogEngine: Initializing Engine...
[2015.11.12-10.01.24:716][  0]LogHMD: Can't find Oculus library dev build: is proper Runtime installed? Version: 0.7.0.0
[2015.11.12-10.01.24:722][  0]LogHMD: SteamVR failed to initialize.  Err: 108
[2015.11.12-10.01.24:848][  0]LogAIModule: Creating AISystem for world NewWorld
[2015.11.12-10.01.24:892][  0]LogInit: XAudio2 using 'Speakers (Conexant SmartAudio HD)' : 2 channels at 48 kHz using 32 bits per sample (channel mask 0x3)
[2015.11.12-10.01.25:066][  0]LogInit: FAudioDevice initialized.
[2015.11.12-10.01.25:092][  0]LogDerivedDataCache: Saved boot cache 0.03s 41MB C:/Users/Simon/AppData/Local/UnrealEngine/4.9/DerivedDataCache/Boot.ddc.
[2015.11.12-10.01.25:097][  0]LogInit: Texture streaming: Enabled
[2015.11.12-10.01.25:101][  0]LogAnalytics: Creating configured Analytics provider AnalyticsET
[2015.11.12-10.01.25:101][  0]LogAnalytics: [UEEditor.Rocket.Release] APIServer = http://et2.epicgames.com/ET2/. AppVersion = 4.9.2-2707645+++depot+UE4-Releases+4.9
[2015.11.12-10.01.25:101][  0]LogAnalytics: [UEEditor.Rocket.Release] SetUserId 6513f12644b2a44aef06b6b2b101a60b|0986fcf50a56434a9f04b1f02afeed0b|3549f2f7-93b8-499b-b80b-3e19a3b9ffc4
[2015.11.12-10.01.25:101][  0]LogAnalytics: [UEEditor.Rocket.Release] AnalyticsET::StartSession
[2015.11.12-10.01.25:110][  0]LogWindowsTextInputMethodSystem:Display: IME system now deactivated.
[2015.11.12-10.01.25:131][  0]LogInit: Transaction tracking system initialized
[2015.11.12-10.01.25:163][  0]BlueprintLog: New page: Editor Load
[2015.11.12-10.01.25:250][  0]LocalizationService: Info Localization service is disabled
[2015.11.12-10.01.25:541][  0]LogConsoleResponse:Display: 
[2015.11.12-10.01.25:699][  0]LogCook:Display: Done creating registry. It took  0.00s.
[2015.11.12-10.01.25:747][  0]LogFileCache: Scanning file cache for directory 'C:/Users/Simon/Documents/GitHub/MAH_Arena_UnrealProject/UnrealProject/Content/' took 0.02s
[2015.11.12-10.01.25:747][  0]SourceControl: Info Source control is disabled
[2015.11.12-10.01.25:747][  0]Cmd: MAP LOAD FILE="C:/Users/Simon/Documents/GitHub/MAH_Arena_UnrealProject/UnrealProject/Content/StarterContent/Maps/Minimal_Default.umap" TEMPLATE=0 SHOWPROGRESS=1 FEATURELEVEL=3
[2015.11.12-10.01.25:747][  0]LogEditorServer:Warning: Can't find file 'C:/Users/Simon/Documents/GitHub/MAH_Arena_UnrealProject/UnrealProject/Content/StarterContent/Maps/Minimal_Default.umap'
[2015.11.12-10.01.25:747][  0]Cmd: MAP CHECKDEP NOCLEARLOG
[2015.11.12-10.01.25:795][  0]MapCheck: Info Map check complete: 0 Error(s), 0 Warning(s), took 47.322ms to complete.
[2015.11.12-10.01.25:795][  0]LogFileHelpers: Loading map 'Minimal_Default' took 0.048
[2015.11.12-10.01.25:923][  0]LogCollectionManager: Loaded 0 collections in 0.002584 seconds
[2015.11.12-10.01.25:966][  0]LogFileCache: Scanning file cache for directory 'C:/Users/Simon/Documents/GitHub/MAH_Arena_UnrealProject/UnrealProject/Saved/Collections/' took 0.01s
[2015.11.12-10.01.25:966][  0]LogFileCache: Scanning file cache for directory 'C:/Users/Simon/Documents/GitHub/MAH_Arena_UnrealProject/UnrealProject/Content/Developers/Simon/Collections/' took 0.01s
[2015.11.12-10.01.25:966][  0]LogFileCache: Scanning file cache for directory 'C:/Users/Simon/Documents/GitHub/MAH_Arena_UnrealProject/UnrealProject/Content/Collections/' took 0.01s
[2015.11.12-10.01.25:966][  0]LogContentBrowser: Native class hierarchy populated in 0.0095 seconds. Added 1871 classes and 336 folders.
[2015.11.12-10.01.25:970][  0]LogCollectionManager: Rebuilt the GUID cache for 0 collections in 0.000003 seconds
[2015.11.12-10.01.25:977][  0]LogContentBrowser: Native class hierarchy updated for 'WidgetCarousel' in 0.0018 seconds. Added 0 classes and 0 folders.
[2015.11.12-10.01.26:020][  0]LogContentBrowser: Native class hierarchy updated for 'AddContentDialog' in 0.0019 seconds. Added 0 classes and 0 folders.
[2015.11.12-10.01.26:027][  0]LogContentBrowser: Native class hierarchy updated for 'SceneOutliner' in 0.0037 seconds. Added 1 classes and 2 folders.
[2015.11.12-10.01.26:054][  0]LogCrashTracker: Crashtracker disabled due to settings.
[2015.11.12-10.01.26:059][  0]LogUObjectGlobals:Warning: Failed to find object 'Class None.'
[2015.11.12-10.01.26:082][  0]LogLoad: Full Startup: 6.31 seconds (BP compile: 0.00 seconds)
[2015.11.12-10.01.26:207][  0]LogContentStreaming: Texture pool size now 400 MB
[2015.11.12-10.01.26:400][  0]LogRenderer: Reallocating scene render targets to support 816x348 (Frame:2).
[2015.11.12-10.01.26:613][  3]LogAssetRegistry: Asset discovery search completed in 2.3766 seconds
[2015.11.12-10.01.26:613][  3]LogCollectionManager: Rebuilt the object cache for 0 collections in 0.000001 seconds (found 0 objects)
[2015.11.12-10.01.26:613][  3]LogCollectionManager: Fixed up redirectors for 0 collections in 0.000034 seconds (updated 0 objects)
[2015.11.12-10.01.28:014][ 80]LogRenderer: Reallocating scene render targets to support 1004x456 (Frame:6).
[2015.11.12-10.01.30:199][207]Recompiling UnrealProject...
[2015.11.12-10.01.30:199][207]Launching UnrealBuildTool... [D:/Program Files/Epic Games/4.9/Engine/Binaries/DotNET/UnrealBuildTool.exe UnrealProject -ModuleWithSuffix UnrealProject 7049 Win64 Development -editorrecompile -canskiplink "C:/Users/Simon/Documents/GitHub/MAH_Arena_UnrealProject/UnrealProject/UnrealProject.uproject" -rocket  -rocket]
[2015.11.12-10.01.30:200][207]Warning: Starting HotReload took  0.0s.
[2015.11.12-10.01.31:163][254]CompilerResultsLog: New page: Compilation - Nov 12, 2015, 12:01:31 PM
[2015.11.12-10.01.31:163][254]CompilerResultsLog: Info Compiling game modules for hot reload
[2015.11.12-10.01.31:163][254]CompilerResultsLog: Info Target is up to date.
[2015.11.12-10.01.31:163][254]LogMainFrame: MainFrame: Module compiling took 0.968 seconds
[2015.11.12-10.01.55:988][742]Recompiling UnrealProject...
[2015.11.12-10.01.55:988][742]Launching UnrealBuildTool... [D:/Program Files/Epic Games/4.9/Engine/Binaries/DotNET/UnrealBuildTool.exe UnrealProject -ModuleWithSuffix UnrealProject 2649 Win64 Development -editorrecompile -canskiplink "C:/Users/Simon/Documents/GitHub/MAH_Arena_UnrealProject/UnrealProject/UnrealProject.uproject" -rocket  -rocket]
[2015.11.12-10.01.55:990][742]Warning: Starting HotReload took  0.0s.
[2015.11.12-10.01.56:906][787]CompilerResultsLog: New page: Compilation - Nov 12, 2015, 12:01:56 PM
[2015.11.12-10.01.56:906][787]CompilerResultsLog: Info Compiling game modules for hot reload
[2015.11.12-10.01.56:906][787]CompilerResultsLog: Info Target is up to date.
[2015.11.12-10.01.56:906][787]LogMainFrame: MainFrame: Module compiling took 0.922 seconds
[2015.11.12-10.01.59:189][923]LogPlayLevel: PlayLevel: No blueprints needed recompiling
[2015.11.12-10.01.59:189][923]PIE: New page: PIE session: Untitled_0 (Nov 12, 2015, 12:01:59 PM)
[2015.11.12-10.01.59:189][923]LogPlayLevel: Creating play world package: /Temp/UEDPIE_0_Untitled_0
[2015.11.12-10.01.59:189][923]LogPlayLevel: PIE: StaticDuplicateObject took: (0.000493s)
[2015.11.12-10.01.59:190][923]LogAIModule: Creating AISystem for world NewWorld
[2015.11.12-10.01.59:190][923]LogPlayLevel: PIE: World Init took: (0.000655s)
[2015.11.12-10.01.59:190][923]LogPlayLevel: PIE: Created PIE world by copying editor world from /Temp/Untitled_0.NewWorld to /Temp/UEDPIE_0_Untitled_0.NewWorld (0.001303s)
[2015.11.12-10.01.59:253][923]LogInit: XAudio2 using 'Speakers (Conexant SmartAudio HD)' : 2 channels at 48 kHz using 32 bits per sample (channel mask 0x3)
[2015.11.12-10.01.59:308][923]LogInit: FAudioDevice initialized.
[2015.11.12-10.01.59:354][923]LogWorld: Game class is 'UnrealProjectGameMode'
[2015.11.12-10.01.59:356][923]LogWorld: Bringing World /Temp/UEDPIE_0_Untitled_0.NewWorld up for play (max tick rate 60) at 2015.11.12-11.01.59
[2015.11.12-10.01.59:356][923]LogActor:Warning: GameSession /Temp/UEDPIE_0_Untitled_0.NewWorld:PersistentLevel.GameSession_0 has natively added scene component(s), but none of them were set as the actor's RootComponent - picking one arbitrarily
[2015.11.12-10.01.59:356][923]LogActor:Warning: GameNetworkManager /Temp/UEDPIE_0_Untitled_0.NewWorld:PersistentLevel.GameNetworkManager_0 has natively added scene component(s), but none of them were set as the actor's RootComponent - picking one arbitrarily
[2015.11.12-10.01.59:356][923]LogWorld: Bringing up level for play took: 0.000825
[2015.11.12-10.01.59:359][923]PIE: Info Play in editor start time for /Temp/UEDPIE_0_Untitled_0 1.023
[2015.11.12-10.01.59:542][923]LogCrashTracker: 


[2015.11.12-10.01.59:542][923]LogCrashTracker: 


[2015.11.12-10.01.59:542][923]LogWindows: === Critical error: ===
Fatal error!



[2015.11.12-10.01.59:706][923]LogExit: Executing StaticShutdownAfterError
[2015.11.12-10.01.59:710][923]LogPhysics:Warning: PHYSX: ..\..\PhysX\src\NpScene.cpp (2946) 8 : PxScene::unlockWrite() called without matching call to PxScene::lockWrite(), behaviour will be undefined.
[2015.11.12-10.01.59:710][923]LogPhysics:Warning: PHYSX: ..\..\PhysX\src\NpScene.cpp (2946) 8 : PxScene::unlockWrite() called without matching call to PxScene::lockWrite(), behaviour will be undefined.
[2015.11.12-10.01.59:711][923]LogPhysics:Warning: PHYSX: ..\..\PhysX\src\NpScene.cpp (2946) 8 : PxScene::unlockWrite() called without matching call to PxScene::lockWrite(), behaviour will be undefined.
[2015.11.12-10.01.59:711][923]LogPhysics:Warning: PHYSX: ..\..\PhysX\src\NpScene.cpp (2946) 8 : PxScene::unlockWrite() called without matching call to PxScene::lockWrite(), behaviour will be undefined.
[2015.11.12-10.01.59:711][923]LogWindows: FPlatformMisc::RequestExit(1)
[2015.11.12-10.01.59:711][923]Log file closed, 11/12/15 11:01:59
