[2015.11.12-09.27.56:478][  0]Log file open, 11/12/15 10:27:56
[2015.11.12-09.27.56:478][  0]LogInit:Display: Running engine for game: UnrealProject
[2015.11.12-09.27.56:478][  0]LogInit:Display: RandInit(-868232268) SRandInit(-868232268).
[2015.11.12-09.27.56:478][  0]LogTaskGraph: Started task graph with 4 named threads and 5 total threads.
[2015.11.12-09.27.56:478][  0]LogStats: Stats thread started at 0.063781
[2015.11.12-09.27.56:478][  0]LogInit: Version: 4.9.2-2707645+++depot+UE4-Releases+4.9
[2015.11.12-09.27.56:478][  0]LogInit: API Version: 2672455
[2015.11.12-09.27.56:478][  0]LogInit: Compiled (64-bit): Sep 28 2015 10:25:44
[2015.11.12-09.27.56:478][  0]LogInit: Compiled with Visual C++: 18.00.21005.01
[2015.11.12-09.27.56:478][  0]LogInit: Build Configuration: Development
[2015.11.12-09.27.56:478][  0]LogInit: Branch Name: ++depot+UE4-Releases+4.9
[2015.11.12-09.27.56:478][  0]LogInit: Command line: 
[2015.11.12-09.27.56:478][  0]LogInit: Base directory: D:/Program Files/Epic Games/4.9/Engine/Binaries/Win64/
[2015.11.12-09.27.56:478][  0]LogInit: Rocket: 1
[2015.11.12-09.27.56:501][  0]LogInit: Using libcurl 7.41.0
[2015.11.12-09.27.56:501][  0]LogInit:  - built for x86_64-pc-win32
[2015.11.12-09.27.56:501][  0]LogInit:  - supports SSL with WinSSL
[2015.11.12-09.27.56:501][  0]LogInit:  - other features:
[2015.11.12-09.27.56:501][  0]LogInit:      CURL_VERSION_SSL
[2015.11.12-09.27.56:501][  0]LogInit:      CURL_VERSION_IPV6
[2015.11.12-09.27.56:501][  0]LogInit:      CURL_VERSION_ASYNCHDNS
[2015.11.12-09.27.56:501][  0]LogInit:      CURL_VERSION_LARGEFILE
[2015.11.12-09.27.56:501][  0]LogInit:      CURL_VERSION_IDN
[2015.11.12-09.27.56:501][  0]LogInit:  CurlRequestOptions (configurable via config and command line):
[2015.11.12-09.27.56:501][  0]LogInit:  - bVerifyPeer = true  - Libcurl will verify peer certificate
[2015.11.12-09.27.56:501][  0]LogInit:  - bUseHttpProxy = false  - Libcurl will NOT use HTTP proxy
[2015.11.12-09.27.56:501][  0]LogInit:  - bDontReuseConnections = false  - Libcurl will reuse connections
[2015.11.12-09.27.56:501][  0]LogInit:  - CertBundlePath = nullptr  - Libcurl will use whatever was configured at build time.
[2015.11.12-09.27.56:509][  0]LogInit: Presizing for 0 objects not considered by GC, pre-allocating 0 bytes.
[2015.11.12-09.27.56:516][  0]LogInit: Object subsystem initialized
[2015.11.12-09.27.56:518][  0]LogInit: Selected Device Profile: [Windows]
[2015.11.12-09.27.56:518][  0]LogInit: Applying CVar settings loaded from the selected device profile: [Windows]
[2015.11.12-09.27.56:532][  0]LogInit: Computer: SIMONLAPTOP
[2015.11.12-09.27.56:532][  0]LogInit: User: Simon
[2015.11.12-09.27.56:532][  0]LogInit: CPU Page size=4096, Cores=2
[2015.11.12-09.27.56:532][  0]LogInit: High frequency timer resolution =2.533197 MHz
[2015.11.12-09.27.56:532][  0]LogMemory: Memory total: Physical=7.9GB (8GB approx)
[2015.11.12-09.27.56:532][  0]LogMemory: Platform Memory Stats for Windows
[2015.11.12-09.27.56:532][  0]LogMemory: Process Physical Memory: 53.94 MB used, 53.94 MB peak
[2015.11.12-09.27.56:532][  0]LogMemory: Process Virtual Memory: 57.24 MB used, 57.24 MB peak
[2015.11.12-09.27.56:532][  0]LogMemory: Physical Memory: 4394.57 MB used, 8080.91 MB total
[2015.11.12-09.27.56:532][  0]LogMemory: Virtual Memory: 365.56 MB used, 134217728.00 MB total
[2015.11.12-09.27.56:567][  0]LogTextLocalizationManager: No specific translations for ('en-US') exist, so ('en') translations will be used.
[2015.11.12-09.27.57:511][  0]LogD3D11RHI: Found D3D11 adapter 0: NVIDIA GeForce 840M            (Feature Level 11_0)
[2015.11.12-09.27.57:511][  0]LogD3D11RHI: Adapter has 1996MB of dedicated video memory, 0MB of dedicated system memory, and 4040MB of shared system memory, 1 output[s]
[2015.11.12-09.27.57:519][  0]LogD3D11RHI: Found D3D11 adapter 1: Intel(R) HD Graphics Family (Feature Level 11_0)
[2015.11.12-09.27.57:519][  0]LogD3D11RHI: Adapter has 112MB of dedicated video memory, 0MB of dedicated system memory, and 4040MB of shared system memory, 0 output[s]
[2015.11.12-09.27.57:520][  0]LogD3D11RHI: Found D3D11 adapter 2: Microsoft Basic Render Driver (Feature Level 11_0)
[2015.11.12-09.27.57:520][  0]LogD3D11RHI: Adapter has 0MB of dedicated video memory, 0MB of dedicated system memory, and 4040MB of shared system memory, 0 output[s]
[2015.11.12-09.27.57:520][  0]LogD3D11RHI: Chosen D3D11 Adapter Id = 0
[2015.11.12-09.27.57:524][  0]LogD3D11RHI: !Direct3DDevice
[2015.11.12-09.27.57:524][  0]LogRHI: Texture pool is 1361 MB (70% of 1945 MB)
[2015.11.12-09.27.57:539][  0]LogD3D11RHI: Async texture creation enabled
[2015.11.12-09.27.57:552][  0]LogShaderCompilers: Guid format shader working directory is 15 characters bigger than the processId version (C:/Users/Simon/Documents/GitHub/MAH_Arena_UnrealProject/UnrealProject/Intermediate/Shaders/WorkingDirectory/8484/).
[2015.11.12-09.27.57:552][  0]LogShaderCompilers: Cleaned the shader compiler working directory 'C:/Users/Simon/Documents/GitHub/MAH_Arena_UnrealProject/UnrealProject/Intermediate/Shaders/tmp/303857764D5336586FA5B9AECA4CB19C/'.
[2015.11.12-09.27.57:552][  0]LogShaderCompilers:Display: Using Local Shader Compiler.
[2015.11.12-09.27.58:803][  0]LogTemp:Display: Loaded TP AllDesktopTargetPlatform
[2015.11.12-09.27.58:809][  0]LogTemp:Display: Loaded TP WindowsClientTargetPlatform
[2015.11.12-09.27.58:813][  0]LogTemp:Display: Loaded TP WindowsNoEditorTargetPlatform
[2015.11.12-09.27.58:818][  0]LogTemp:Display: Loaded TP WindowsServerTargetPlatform
[2015.11.12-09.27.58:823][  0]LogTemp:Display: Loaded TP WindowsTargetPlatform
[2015.11.12-09.27.58:826][  0]LogTemp:Display: Loaded TP AndroidTargetPlatform
[2015.11.12-09.27.58:829][  0]LogTemp:Display: Loaded TP Android_ASTCTargetPlatform
[2015.11.12-09.27.58:833][  0]LogTemp:Display: Loaded TP Android_ATCTargetPlatform
[2015.11.12-09.27.58:836][  0]LogTemp:Display: Loaded TP Android_DXTTargetPlatform
[2015.11.12-09.27.58:839][  0]LogTemp:Display: Loaded TP Android_ETC1TargetPlatform
[2015.11.12-09.27.58:842][  0]LogTemp:Display: Loaded TP Android_ETC2TargetPlatform
[2015.11.12-09.27.58:846][  0]LogTemp:Display: Loaded TP Android_PVRTCTargetPlatform
[2015.11.12-09.27.58:846][  0]LogTemp:Display: Loaded TP HTML5TargetPlatform
[2015.11.12-09.27.58:863][  0]LogTemp:Display: Loaded TP IOSTargetPlatform
[2015.11.12-09.27.58:866][  0]LogTemp:Display: Loaded TP LinuxNoEditorTargetPlatform
[2015.11.12-09.27.58:870][  0]LogTemp:Display: Loaded TP LinuxServerTargetPlatform
[2015.11.12-09.27.58:874][  0]LogTemp:Display: Loaded TP LinuxTargetPlatform
[2015.11.12-09.27.58:874][  0]LogTargetPlatformManager:Display: Building Assets For Windows
[2015.11.12-09.27.58:951][  0]LogDerivedDataCache:Display: Max Cache Size: 512 MB
[2015.11.12-09.27.59:002][  0]LogDerivedDataCache: Loaded boot cache 0.05s 42MB C:/Users/Simon/AppData/Local/UnrealEngine/4.9/DerivedDataCache/Boot.ddc.
[2015.11.12-09.27.59:002][  0]LogDerivedDataCache:Display: Loaded Boot cache: C:/Users/Simon/AppData/Local/UnrealEngine/4.9/DerivedDataCache/Boot.ddc
[2015.11.12-09.27.59:002][  0]LogDerivedDataCache: FDerivedDataBackendGraph:  Pak pak cache file C:/Users/Simon/Documents/GitHub/MAH_Arena_UnrealProject/UnrealProject/DerivedDataCache/DDC.ddp not found, will not use a pak cache.
[2015.11.12-09.27.59:002][  0]LogDerivedDataCache: Unable to find inner node Pak for hierarchical cache Hierarchy.
[2015.11.12-09.27.59:002][  0]LogDerivedDataCache: FDerivedDataBackendGraph:  CompressedPak pak cache file C:/Users/Simon/Documents/GitHub/MAH_Arena_UnrealProject/UnrealProject/DerivedDataCache/Compressed.ddp not found, will not use a pak cache.
[2015.11.12-09.27.59:002][  0]LogDerivedDataCache: Unable to find inner node CompressedPak for hierarchical cache Hierarchy.
[2015.11.12-09.27.59:167][  0]LogDerivedDataCache:Display: Pak cache opened for reading ../../../Engine/DerivedDataCache/Compressed.ddp.
[2015.11.12-09.27.59:179][  0]LogDerivedDataCache: Using Local data cache path C:/Users/Simon/AppData/Local/UnrealEngine/Common/DerivedDataCache: Writable
[2015.11.12-09.27.59:557][  0]LogInit: Selected Device Profile: [Windows]
[2015.11.12-09.27.59:561][  0]LogContentStreaming: Texture pool size is 0.000000MB
[2015.11.12-09.27.59:726][  0]LogMeshUtilities: No automatic mesh reduction module available
[2015.11.12-09.27.59:726][  0]LogMeshUtilities: No automatic mesh merging module available
[2015.11.12-09.28.00:017][  0]LogInit: WinSock: version 1.1 (2.2), MaxSocks=32767, MaxUdp=65467
[2015.11.12-09.28.00:795][  0]UdpMessaging: Initializing bridge on interface 0.0.0.0:0 to multicast group 230.0.0.1:6666.
[2015.11.12-09.28.00:904][  0]LogAssetRegistry: FAssetRegistry took 0.0109 seconds to start up
[2015.11.12-09.28.01:098][  0]SourceControl: Info Source control is disabled
[2015.11.12-09.28.01:108][  0]SourceControl: Info Source control is disabled
[2015.11.12-09.28.01:117][  0]SourceControl: Info Source control is disabled
[2015.11.12-09.28.01:129][  0]SourceControl: Info Source control is disabled
[2015.11.12-09.28.01:259][  0]LogLinker:Warning: Asset '../../../Engine/Plugins/Runtime/LeapMotionController/Content/LM_PassthroughMaterial.uasset' has been saved with empty engine version. The asset will be loaded but may be incompatible.
[2015.11.12-09.28.01:323][  0]LogObj: 28381 objects as part of root set at end of initial load.
[2015.11.12-09.28.01:323][  0]LogUObjectAllocator: 6052896 out of 0 bytes used by permanent object pool.
[2015.11.12-09.28.01:380][  0]LogEngine: Initializing Engine...
[2015.11.12-09.28.01:383][  0]LogHMD: Can't find Oculus library dev build: is proper Runtime installed? Version: 0.7.0.0
[2015.11.12-09.28.01:389][  0]LogHMD: SteamVR failed to initialize.  Err: 108
[2015.11.12-09.28.01:535][  0]LogAIModule: Creating AISystem for world NewWorld
[2015.11.12-09.28.01:594][  0]LogInit: XAudio2 using 'Speakers (Conexant SmartAudio HD)' : 2 channels at 48 kHz using 32 bits per sample (channel mask 0x3)
[2015.11.12-09.28.01:774][  0]LogInit: FAudioDevice initialized.
[2015.11.12-09.28.01:797][  0]LogDerivedDataCache: Saved boot cache 0.02s 42MB C:/Users/Simon/AppData/Local/UnrealEngine/4.9/DerivedDataCache/Boot.ddc.
[2015.11.12-09.28.01:802][  0]LogInit: Texture streaming: Enabled
[2015.11.12-09.28.01:806][  0]LogAnalytics: Creating configured Analytics provider AnalyticsET
[2015.11.12-09.28.01:806][  0]LogAnalytics: [UEEditor.Rocket.Release] APIServer = http://et2.epicgames.com/ET2/. AppVersion = 4.9.2-2707645+++depot+UE4-Releases+4.9
[2015.11.12-09.28.01:807][  0]LogAnalytics: [UEEditor.Rocket.Release] SetUserId 6513f12644b2a44aef06b6b2b101a60b|0986fcf50a56434a9f04b1f02afeed0b|3549f2f7-93b8-499b-b80b-3e19a3b9ffc4
[2015.11.12-09.28.01:807][  0]LogAnalytics: [UEEditor.Rocket.Release] AnalyticsET::StartSession
[2015.11.12-09.28.01:819][  0]LogWindowsTextInputMethodSystem:Display: IME system now deactivated.
[2015.11.12-09.28.01:840][  0]LogInit: Transaction tracking system initialized
[2015.11.12-09.28.01:871][  0]BlueprintLog: New page: Editor Load
[2015.11.12-09.28.01:965][  0]LocalizationService: Info Localization service is disabled
[2015.11.12-09.28.02:233][  0]LogConsoleResponse:Display: 
[2015.11.12-09.28.02:402][  0]LogCook:Display: Done creating registry. It took  0.00s.
[2015.11.12-09.28.02:463][  0]LogFileCache: Scanning file cache for directory 'C:/Users/Simon/Documents/GitHub/MAH_Arena_UnrealProject/UnrealProject/Content/' took 0.02s
[2015.11.12-09.28.02:463][  0]SourceControl: Info Source control is disabled
[2015.11.12-09.28.02:463][  0]Cmd: MAP LOAD FILE="C:/Users/Simon/Documents/GitHub/MAH_Arena_UnrealProject/UnrealProject/Content/StarterContent/Maps/Minimal_Default.umap" TEMPLATE=0 SHOWPROGRESS=1 FEATURELEVEL=3
[2015.11.12-09.28.02:463][  0]LogEditorServer:Warning: Can't find file 'C:/Users/Simon/Documents/GitHub/MAH_Arena_UnrealProject/UnrealProject/Content/StarterContent/Maps/Minimal_Default.umap'
[2015.11.12-09.28.02:463][  0]Cmd: MAP CHECKDEP NOCLEARLOG
[2015.11.12-09.28.02:514][  0]MapCheck: Info Map check complete: 0 Error(s), 0 Warning(s), took 49.968ms to complete.
[2015.11.12-09.28.02:514][  0]LogFileHelpers: Loading map 'Minimal_Default' took 0.051
[2015.11.12-09.28.02:707][  0]LogCollectionManager: Loaded 0 collections in 0.001490 seconds
[2015.11.12-09.28.02:760][  0]LogFileCache: Scanning file cache for directory 'C:/Users/Simon/Documents/GitHub/MAH_Arena_UnrealProject/UnrealProject/Saved/Collections/' took 0.01s
[2015.11.12-09.28.02:760][  0]LogFileCache: Scanning file cache for directory 'C:/Users/Simon/Documents/GitHub/MAH_Arena_UnrealProject/UnrealProject/Content/Developers/Simon/Collections/' took 0.01s
[2015.11.12-09.28.02:760][  0]LogFileCache: Scanning file cache for directory 'C:/Users/Simon/Documents/GitHub/MAH_Arena_UnrealProject/UnrealProject/Content/Collections/' took 0.01s
[2015.11.12-09.28.02:760][  0]LogContentBrowser: Native class hierarchy populated in 0.0117 seconds. Added 1871 classes and 336 folders.
[2015.11.12-09.28.02:777][  0]LogCollectionManager: Rebuilt the GUID cache for 0 collections in 0.000003 seconds
[2015.11.12-09.28.02:794][  0]LogContentBrowser: Native class hierarchy updated for 'WidgetCarousel' in 0.0020 seconds. Added 0 classes and 0 folders.
[2015.11.12-09.28.03:158][  0]LogContentBrowser: Native class hierarchy updated for 'AddContentDialog' in 0.0027 seconds. Added 0 classes and 0 folders.
[2015.11.12-09.28.03:172][  0]LogContentBrowser: Native class hierarchy updated for 'SceneOutliner' in 0.0027 seconds. Added 1 classes and 2 folders.
[2015.11.12-09.28.03:258][  0]LogCrashTracker: Crashtracker disabled due to settings.
[2015.11.12-09.28.03:269][  0]LogUObjectGlobals:Warning: Failed to find object 'Class None.'
[2015.11.12-09.28.03:294][  0]LogLoad: Full Startup: 7.79 seconds (BP compile: 0.00 seconds)
[2015.11.12-09.28.03:479][  0]LogContentStreaming: Texture pool size now 400 MB
[2015.11.12-09.28.03:667][  0]LogRenderer: Reallocating scene render targets to support 1004x456 (Frame:2).
[2015.11.12-09.28.03:911][  2]LogAssetRegistry: Asset discovery search completed in 3.0173 seconds
[2015.11.12-09.28.03:914][  2]LogCollectionManager: Rebuilt the object cache for 0 collections in 0.000001 seconds (found 0 objects)
[2015.11.12-09.28.03:914][  2]LogCollectionManager: Fixed up redirectors for 0 collections in 0.000068 seconds (updated 0 objects)
[2015.11.12-09.28.22:704][161]LogAIModule: Creating AISystem for world Simon
[2015.11.12-09.28.22:752][161]Cmd: MAP LOAD FILE="C:/Users/Simon/Documents/GitHub/MAH_Arena_UnrealProject/UnrealProject/Content/StarterContent/Maps/Simon.umap" TEMPLATE=0 SHOWPROGRESS=1 FEATURELEVEL=3
[2015.11.12-09.28.22:752][161]LightingResults: New page: Lighting Build
[2015.11.12-09.28.22:756][161]LogContentBrowser: Native class hierarchy updated for 'StatsViewer' in 0.0019 seconds. Added 5 classes and 0 folders.
[2015.11.12-09.28.22:775][161]LoadErrors: New page: Loading map: Simon.umap
[2015.11.12-09.28.22:775][161]MapCheck: New page: Map Check
[2015.11.12-09.28.22:775][161]LightingResults: New page: Lighting Build
[2015.11.12-09.28.22:794][161]LogParticles: Destroying 0 GPU particle simulations for FXSystem 0x000000FB8272C400
[2015.11.12-09.28.22:805][161]LogEditorServer: Finished looking for orphan Actors (0.000 secs)
[2015.11.12-09.28.22:838][161]Cmd: MAP CHECKDEP NOCLEARLOG
[2015.11.12-09.28.22:881][161]MapCheck: Info Map check complete: 0 Error(s), 0 Warning(s), took 42.842ms to complete.
[2015.11.12-09.28.22:881][161]LogFileHelpers: Loading map 'Simon' took 0.131
[2015.11.12-09.28.23:682][233]LogPlayLevel: PlayLevel: No blueprints needed recompiling
[2015.11.12-09.28.23:683][233]PIE: New page: PIE session: Simon (Nov 12, 2015, 11:28:23 AM)
[2015.11.12-09.28.23:683][233]LogPlayLevel: Creating play world package: /Game/StarterContent/Maps/UEDPIE_0_Simon
[2015.11.12-09.28.23:685][233]LogPlayLevel: PIE: StaticDuplicateObject took: (0.001866s)
[2015.11.12-09.28.23:686][233]LogAIModule: Creating AISystem for world Simon
[2015.11.12-09.28.23:686][233]LogPlayLevel: PIE: World Init took: (0.000863s)
[2015.11.12-09.28.23:686][233]LogPlayLevel: PIE: Created PIE world by copying editor world from /Game/StarterContent/Maps/Simon.Simon to /Game/StarterContent/Maps/UEDPIE_0_Simon.Simon (0.002907s)
[2015.11.12-09.28.23:745][233]LogInit: XAudio2 using 'Speakers (Conexant SmartAudio HD)' : 2 channels at 48 kHz using 32 bits per sample (channel mask 0x3)
[2015.11.12-09.28.23:800][233]LogInit: FAudioDevice initialized.
[2015.11.12-09.28.23:860][233]LogWorld: Game class is 'UnrealProjectGameMode'
[2015.11.12-09.28.23:864][233]LogPhysics:Warning: FBodyInstance::ApplyMaterialToShape_AssumesLocked : PComplexMats is empty - falling back on simple physical material.
[2015.11.12-09.28.23:864][233]LogPhysics:Warning: FBodyInstance::ApplyMaterialToShape_AssumesLocked : PComplexMats is empty - falling back on simple physical material.
[2015.11.12-09.28.23:864][233]LogWorld: Bringing World /Game/StarterContent/Maps/UEDPIE_0_Simon.Simon up for play (max tick rate 0) at 2015.11.12-10.28.23
[2015.11.12-09.28.23:864][233]LogActor:Warning: GameSession /Game/StarterContent/Maps/UEDPIE_0_Simon.Simon:PersistentLevel.GameSession_0 has natively added scene component(s), but none of them were set as the actor's RootComponent - picking one arbitrarily
[2015.11.12-09.28.23:864][233]LogActor:Warning: GameNetworkManager /Game/StarterContent/Maps/UEDPIE_0_Simon.Simon:PersistentLevel.GameNetworkManager_0 has natively added scene component(s), but none of them were set as the actor's RootComponent - picking one arbitrarily
[2015.11.12-09.28.23:866][233]LogWorld: Bringing up level for play took: 0.004189
[2015.11.12-09.28.23:873][233]PIE: Info Play in editor start time for /Game/StarterContent/Maps/UEDPIE_0_Simon -0.463
[2015.11.12-09.28.40:720][948]LogParticles: Destroying 0 GPU particle simulations for FXSystem 0x000000FB93D220C0
[2015.11.12-09.28.51:689][ 38]LogVSAccessor:Warning: Visual Studio is open but could not be queried - it may be blocked by a modal operation
[2015.11.12-09.28.52:867][ 39]LogVSAccessor:Warning: Couldn't goto line number '0' in 'C:/Users/Simon/Documents/GitHub/MAH_Arena_UnrealProject/UnrealProject/Source/UnrealProject/Actors/WorldCamera.h'
[2015.11.12-09.28.53:041][ 39]LogVSAccessor:Warning: Couldn't goto line number '0' in 'C:/Users/Simon/Documents/GitHub/MAH_Arena_UnrealProject/UnrealProject/Source/UnrealProject/Actors/WorldCamera.cpp'
[2015.11.12-09.31.30:348][626]Recompiling UnrealProject...
[2015.11.12-09.31.30:349][626]Launching UnrealBuildTool... [D:/Program Files/Epic Games/4.9/Engine/Binaries/DotNET/UnrealBuildTool.exe UnrealProject -ModuleWithSuffix UnrealProject 9591 Win64 Development -editorrecompile -canskiplink "C:/Users/Simon/Documents/GitHub/MAH_Arena_UnrealProject/UnrealProject/UnrealProject.uproject" -rocket  -rocket]
[2015.11.12-09.31.30:351][626]Warning: Starting HotReload took  0.0s.
[2015.11.12-09.31.39:476][635]CompilerResultsLog: New page: Compilation - Nov 12, 2015, 11:31:39 AM
[2015.11.12-09.31.39:476][635]CompilerResultsLog: Info Performing full C++ include scan (hot reloading a new target)
[2015.11.12-09.31.39:476][635]CompilerResultsLog: Info Compiling game modules for hot reload
[2015.11.12-09.31.39:476][635]CompilerResultsLog: Info Performing 2 actions (2 in parallel)
[2015.11.12-09.31.39:476][635]CompilerResultsLog: Info WorldCamera.cpp
[2015.11.12-09.31.39:477][635]CompilerResultsLog:Error: Error C:\Users\Simon\Documents\GitHub\MAH_Arena_UnrealProject\UnrealProject\Source\UnrealProject\Actors\WorldCamera.cpp(14)  : error C2679: binary '-' : no operator found which takes a right-hand operand of type 'FVector' (or there is no acceptable conversion)
[2015.11.12-09.31.39:477][635]CompilerResultsLog: Info         could be 'built-in C++ operator-(AActor *, AActor *)'
[2015.11.12-09.31.39:477][635]CompilerResultsLog: Info         while trying to match the argument list '(AActor *, FVector)'
[2015.11.12-09.31.39:477][635]CompilerResultsLog:Error: Error C:\Users\Simon\Documents\GitHub\MAH_Arena_UnrealProject\UnrealProject\Source\UnrealProject\Actors\WorldCamera.cpp(14)  : error C2228: left of '.Dist' must have class/struct/union
[2015.11.12-09.31.39:477][635]CompilerResultsLog:Error: Error C:\Users\Simon\Documents\GitHub\MAH_Arena_UnrealProject\UnrealProject\Source\UnrealProject\Actors\WorldCamera.cpp(15)  : error C2679: binary '-' : no operator found which takes a right-hand operand of type 'FVector' (or there is no acceptable conversion)
[2015.11.12-09.31.39:477][635]CompilerResultsLog: Info         could be 'built-in C++ operator-(AActor *, AActor *)'
[2015.11.12-09.31.39:477][635]CompilerResultsLog: Info         while trying to match the argument list '(AActor *, FVector)'
[2015.11.12-09.31.39:477][635]CompilerResultsLog:Error: Error C:\Users\Simon\Documents\GitHub\MAH_Arena_UnrealProject\UnrealProject\Source\UnrealProject\Actors\WorldCamera.cpp(15)  : error C2228: left of '.Dist' must have class/struct/union
[2015.11.12-09.31.39:477][635]CompilerResultsLog: Info -------- End Detailed Actions Stats -----------------------------------------------------------
[2015.11.12-09.31.39:477][635]CompilerResultsLog: Info ERROR: UBT ERROR: Failed to produce item: C:\Users\Simon\Documents\GitHub\MAH_Arena_UnrealProject\UnrealProject\Binaries\Win64\UE4Editor-UnrealProject-9591.dll
[2015.11.12-09.31.39:477][635]CompilerResultsLog: Info Total build time: 9.06 seconds
[2015.11.12-09.31.39:477][635]LogMainFrame: MainFrame: Module compiling took 9.132 seconds
[2015.11.12-09.31.39:477][635]Warning: HotReload failed, recompile failed
[2015.11.12-09.32.53:648][353]Recompiling UnrealProject...
[2015.11.12-09.32.53:649][353]Launching UnrealBuildTool... [D:/Program Files/Epic Games/4.9/Engine/Binaries/DotNET/UnrealBuildTool.exe UnrealProject -ModuleWithSuffix UnrealProject 557 Win64 Development -editorrecompile -canskiplink "C:/Users/Simon/Documents/GitHub/MAH_Arena_UnrealProject/UnrealProject/UnrealProject.uproject" -rocket  -rocket]
[2015.11.12-09.32.53:651][353]Warning: Starting HotReload took  0.0s.
[2015.11.12-09.32.56:834][667]CompilerResultsLog: New page: Compilation - Nov 12, 2015, 11:32:56 AM
[2015.11.12-09.32.56:836][667]CompilerResultsLog: Info Compiling game modules for hot reload
[2015.11.12-09.32.56:836][667]CompilerResultsLog: Info Performing 2 actions (2 in parallel)
[2015.11.12-09.32.56:836][667]CompilerResultsLog: Info WorldCamera.cpp
[2015.11.12-09.32.56:836][667]CompilerResultsLog:Error: Error C:\Users\Simon\Documents\GitHub\MAH_Arena_UnrealProject\UnrealProject\Source\UnrealProject\Actors\WorldCamera.cpp(14)  : error C2679: binary '-' : no operator found which takes a right-hand operand of type 'FVector' (or there is no acceptable conversion)
[2015.11.12-09.32.56:836][667]CompilerResultsLog: Info         could be 'built-in C++ operator-(AActor *, AActor *)'
[2015.11.12-09.32.56:836][667]CompilerResultsLog: Info         while trying to match the argument list '(AActor *, FVector)'
[2015.11.12-09.32.56:836][667]CompilerResultsLog:Error: Error C:\Users\Simon\Documents\GitHub\MAH_Arena_UnrealProject\UnrealProject\Source\UnrealProject\Actors\WorldCamera.cpp(14)  : error C2228: left of '.Dist' must have class/struct/union
[2015.11.12-09.32.56:836][667]CompilerResultsLog:Error: Error C:\Users\Simon\Documents\GitHub\MAH_Arena_UnrealProject\UnrealProject\Source\UnrealProject\Actors\WorldCamera.cpp(15)  : error C2679: binary '-' : no operator found which takes a right-hand operand of type 'FVector' (or there is no acceptable conversion)
[2015.11.12-09.32.56:836][667]CompilerResultsLog: Info         could be 'built-in C++ operator-(AActor *, AActor *)'
[2015.11.12-09.32.56:836][667]CompilerResultsLog: Info         while trying to match the argument list '(AActor *, FVector)'
[2015.11.12-09.32.56:836][667]CompilerResultsLog:Error: Error C:\Users\Simon\Documents\GitHub\MAH_Arena_UnrealProject\UnrealProject\Source\UnrealProject\Actors\WorldCamera.cpp(15)  : error C2228: left of '.Dist' must have class/struct/union
[2015.11.12-09.32.56:836][667]CompilerResultsLog: Info -------- End Detailed Actions Stats -----------------------------------------------------------
[2015.11.12-09.32.56:837][667]CompilerResultsLog: Info ERROR: UBT ERROR: Failed to produce item: C:\Users\Simon\Documents\GitHub\MAH_Arena_UnrealProject\UnrealProject\Binaries\Win64\UE4Editor-UnrealProject-557.dll
[2015.11.12-09.32.56:837][667]CompilerResultsLog: Info Total build time: 3.11 seconds
[2015.11.12-09.32.56:837][667]LogMainFrame: MainFrame: Module compiling took 3.192 seconds
[2015.11.12-09.32.56:837][667]Warning: HotReload failed, recompile failed
[2015.11.12-09.33.29:799][708]Recompiling UnrealProject...
[2015.11.12-09.33.29:799][708]Launching UnrealBuildTool... [D:/Program Files/Epic Games/4.9/Engine/Binaries/DotNET/UnrealBuildTool.exe UnrealProject -ModuleWithSuffix UnrealProject 4619 Win64 Development -editorrecompile -canskiplink "C:/Users/Simon/Documents/GitHub/MAH_Arena_UnrealProject/UnrealProject/UnrealProject.uproject" -rocket  -rocket]
[2015.11.12-09.33.29:803][708]Warning: Starting HotReload took  0.0s.
[2015.11.12-09.33.33:270][832]CompilerResultsLog: New page: Compilation - Nov 12, 2015, 11:33:33 AM
[2015.11.12-09.33.33:270][832]CompilerResultsLog: Info Compiling game modules for hot reload
[2015.11.12-09.33.33:270][832]CompilerResultsLog: Info Performing 2 actions (2 in parallel)
[2015.11.12-09.33.33:270][832]CompilerResultsLog: Info WorldCamera.cpp
[2015.11.12-09.33.33:270][832]CompilerResultsLog:Error: Error C:\Users\Simon\Documents\GitHub\MAH_Arena_UnrealProject\UnrealProject\Source\UnrealProject\Actors\WorldCamera.cpp(14)  : error C2660: 'FVector::Dist' : function does not take 0 arguments
[2015.11.12-09.33.33:270][832]CompilerResultsLog:Error: Error C:\Users\Simon\Documents\GitHub\MAH_Arena_UnrealProject\UnrealProject\Source\UnrealProject\Actors\WorldCamera.cpp(15)  : error C2660: 'FVector::Dist' : function does not take 0 arguments
[2015.11.12-09.33.33:270][832]CompilerResultsLog: Info -------- End Detailed Actions Stats -----------------------------------------------------------
[2015.11.12-09.33.33:270][832]CompilerResultsLog: Info ERROR: UBT ERROR: Failed to produce item: C:\Users\Simon\Documents\GitHub\MAH_Arena_UnrealProject\UnrealProject\Binaries\Win64\UE4Editor-UnrealProject-4619.dll
[2015.11.12-09.33.33:270][832]CompilerResultsLog: Info Total build time: 3.16 seconds
[2015.11.12-09.33.33:270][832]LogMainFrame: MainFrame: Module compiling took 3.474 seconds
[2015.11.12-09.33.33:270][832]Warning: HotReload failed, recompile failed
[2015.11.12-09.34.39:400][863]Recompiling UnrealProject...
[2015.11.12-09.34.39:400][863]Launching UnrealBuildTool... [D:/Program Files/Epic Games/4.9/Engine/Binaries/DotNET/UnrealBuildTool.exe UnrealProject -ModuleWithSuffix UnrealProject 1341 Win64 Development -editorrecompile -canskiplink "C:/Users/Simon/Documents/GitHub/MAH_Arena_UnrealProject/UnrealProject/UnrealProject.uproject" -rocket  -rocket]
[2015.11.12-09.34.39:403][863]Warning: Starting HotReload took  0.0s.
[2015.11.12-09.34.43:001][197]CompilerResultsLog: New page: Compilation - Nov 12, 2015, 11:34:43 AM
[2015.11.12-09.34.43:001][197]CompilerResultsLog: Info Compiling game modules for hot reload
[2015.11.12-09.34.43:002][197]CompilerResultsLog: Info Performing 2 actions (2 in parallel)
[2015.11.12-09.34.43:002][197]CompilerResultsLog: Info WorldCamera.cpp
[2015.11.12-09.34.43:002][197]CompilerResultsLog:Error: Error C:\Users\Simon\Documents\GitHub\MAH_Arena_UnrealProject\UnrealProject\Source\UnrealProject\Actors\WorldCamera.cpp(14)  : error C2039: 'Length' : is not a member of 'FVector'
[2015.11.12-09.34.43:002][197]CompilerResultsLog: Info          d:\program files\epic games\4.9\engine\source\runtime\core\public\math\Vector.h(10)  : see declaration of 'FVector'
[2015.11.12-09.34.43:002][197]CompilerResultsLog:Error: Error C:\Users\Simon\Documents\GitHub\MAH_Arena_UnrealProject\UnrealProject\Source\UnrealProject\Actors\WorldCamera.cpp(15)  : error C2039: 'Length' : is not a member of 'FVector'
[2015.11.12-09.34.43:002][197]CompilerResultsLog: Info          d:\program files\epic games\4.9\engine\source\runtime\core\public\math\Vector.h(10)  : see declaration of 'FVector'
[2015.11.12-09.34.43:002][197]CompilerResultsLog: Info -------- End Detailed Actions Stats -----------------------------------------------------------
[2015.11.12-09.34.43:002][197]CompilerResultsLog: Info ERROR: UBT ERROR: Failed to produce item: C:\Users\Simon\Documents\GitHub\MAH_Arena_UnrealProject\UnrealProject\Binaries\Win64\UE4Editor-UnrealProject-1341.dll
[2015.11.12-09.34.43:002][197]CompilerResultsLog: Info Total build time: 3.53 seconds
[2015.11.12-09.34.43:002][197]LogMainFrame: MainFrame: Module compiling took 3.605 seconds
[2015.11.12-09.34.43:002][197]Warning: HotReload failed, recompile failed
[2015.11.12-09.35.51:098][628]Recompiling UnrealProject...
[2015.11.12-09.35.51:098][628]Launching UnrealBuildTool... [D:/Program Files/Epic Games/4.9/Engine/Binaries/DotNET/UnrealBuildTool.exe UnrealProject -ModuleWithSuffix UnrealProject 3160 Win64 Development -editorrecompile -canskiplink "C:/Users/Simon/Documents/GitHub/MAH_Arena_UnrealProject/UnrealProject/UnrealProject.uproject" -rocket  -rocket]
[2015.11.12-09.35.51:100][628]Warning: Starting HotReload took  0.0s.
[2015.11.12-09.35.56:339][142]CompilerResultsLog: New page: Compilation - Nov 12, 2015, 11:35:56 AM
[2015.11.12-09.35.56:340][142]CompilerResultsLog: Info Compiling game modules for hot reload
[2015.11.12-09.35.56:340][142]CompilerResultsLog: Info Performing 2 actions (2 in parallel)
[2015.11.12-09.35.56:340][142]CompilerResultsLog: Info WorldCamera.cpp
[2015.11.12-09.35.56:340][142]CompilerResultsLog:Error: Error c:\users\simon\documents\github\mah_arena_unrealproject\unrealproject\source\unrealproject\actors\worldcamera.cpp(14)  : error C4700: uninitialized local variable 'maxDistance' used
[2015.11.12-09.35.56:340][142]CompilerResultsLog: Info -------- End Detailed Actions Stats -----------------------------------------------------------
[2015.11.12-09.35.56:340][142]CompilerResultsLog: Info ERROR: UBT ERROR: Failed to produce item: C:\Users\Simon\Documents\GitHub\MAH_Arena_UnrealProject\UnrealProject\Binaries\Win64\UE4Editor-UnrealProject-3160.dll
[2015.11.12-09.35.56:340][142]CompilerResultsLog: Info Total build time: 5.17 seconds
[2015.11.12-09.35.56:341][142]LogMainFrame: MainFrame: Module compiling took 5.248 seconds
[2015.11.12-09.35.56:341][142]Warning: HotReload failed, recompile failed
[2015.11.12-09.36.10:099][ 17]Recompiling UnrealProject...
[2015.11.12-09.36.10:099][ 17]Launching UnrealBuildTool... [D:/Program Files/Epic Games/4.9/Engine/Binaries/DotNET/UnrealBuildTool.exe UnrealProject -ModuleWithSuffix UnrealProject 771 Win64 Development -editorrecompile -canskiplink "C:/Users/Simon/Documents/GitHub/MAH_Arena_UnrealProject/UnrealProject/UnrealProject.uproject" -rocket  -rocket]
[2015.11.12-09.36.10:101][ 17]Warning: Starting HotReload took  0.0s.
[2015.11.12-09.36.16:076][498]CompilerResultsLog: New page: Compilation - Nov 12, 2015, 11:36:16 AM
[2015.11.12-09.36.16:077][498]CompilerResultsLog: Info Compiling game modules for hot reload
[2015.11.12-09.36.16:077][498]CompilerResultsLog: Info Performing 2 actions (2 in parallel)
[2015.11.12-09.36.16:078][498]CompilerResultsLog: Info WorldCamera.cpp
[2015.11.12-09.36.16:078][498]CompilerResultsLog: Info [2/2] Link UE4Editor-UnrealProject-771.dll
[2015.11.12-09.36.16:078][498]CompilerResultsLog: Info    Creating library C:\Users\Simon\Documents\GitHub\MAH_Arena_UnrealProject\UnrealProject\Intermediate/Build/Win64\UE4Editor\Development\UE4Editor-UnrealProject-771.lib and object C:\Users\Simon\Documents\GitHub\MAH_Arena_UnrealProject\UnrealProject\Intermediate/Build/Win64\UE4Editor\Development\UE4Editor-UnrealProject-771.exp
[2015.11.12-09.36.16:078][498]CompilerResultsLog: Info -------- End Detailed Actions Stats -----------------------------------------------------------
[2015.11.12-09.36.16:078][498]CompilerResultsLog: Info Total build time: 5.90 seconds
[2015.11.12-09.36.16:078][498]LogMainFrame: MainFrame: Module compiling took 5.985 seconds
[2015.11.12-09.36.16:170][498]LogContentBrowser: Native class hierarchy updated for 'UnrealProject' in 0.0030 seconds. Added 4 classes and 3 folders.
[2015.11.12-09.36.16:171][498]Warning: HotReload successful (0 functions remapped  0 scriptstructs remapped)
[2015.11.12-09.36.16:250][498]LogContentBrowser: Native class hierarchy populated in 0.0100 seconds. Added 1872 classes and 338 folders.
[2015.11.12-09.36.18:497][723]LogPlayLevel: PlayLevel: No blueprints needed recompiling
[2015.11.12-09.36.18:497][723]PIE: New page: PIE session: Simon (Nov 12, 2015, 11:36:18 AM)
[2015.11.12-09.36.18:497][723]LogPlayLevel: Creating play world package: /Game/StarterContent/Maps/UEDPIE_0_Simon
[2015.11.12-09.36.18:500][723]LogPlayLevel: PIE: StaticDuplicateObject took: (0.003301s)
[2015.11.12-09.36.18:501][723]LogAIModule: Creating AISystem for world Simon
[2015.11.12-09.36.18:501][723]LogPlayLevel: PIE: World Init took: (0.000988s)
[2015.11.12-09.36.18:502][723]LogPlayLevel: PIE: Created PIE world by copying editor world from /Game/StarterContent/Maps/Simon.Simon to /Game/StarterContent/Maps/UEDPIE_0_Simon.Simon (0.004502s)
[2015.11.12-09.36.18:570][723]LogInit: XAudio2 using 'Speakers (Conexant SmartAudio HD)' : 2 channels at 48 kHz using 32 bits per sample (channel mask 0x3)
[2015.11.12-09.36.18:639][723]LogInit: FAudioDevice initialized.
[2015.11.12-09.36.18:678][723]LogWorld: Game class is 'UnrealProjectGameMode'
[2015.11.12-09.36.18:681][723]LogPhysics:Warning: FBodyInstance::ApplyMaterialToShape_AssumesLocked : PComplexMats is empty - falling back on simple physical material.
[2015.11.12-09.36.18:681][723]LogPhysics:Warning: FBodyInstance::ApplyMaterialToShape_AssumesLocked : PComplexMats is empty - falling back on simple physical material.
[2015.11.12-09.36.18:681][723]LogWorld: Bringing World /Game/StarterContent/Maps/UEDPIE_0_Simon.Simon up for play (max tick rate 0) at 2015.11.12-10.36.18
[2015.11.12-09.36.18:681][723]LogActor:Warning: GameSession /Game/StarterContent/Maps/UEDPIE_0_Simon.Simon:PersistentLevel.GameSession_1 has natively added scene component(s), but none of them were set as the actor's RootComponent - picking one arbitrarily
[2015.11.12-09.36.18:682][723]LogActor:Warning: GameNetworkManager /Game/StarterContent/Maps/UEDPIE_0_Simon.Simon:PersistentLevel.GameNetworkManager_1 has natively added scene component(s), but none of them were set as the actor's RootComponent - picking one arbitrarily
[2015.11.12-09.36.18:682][723]LogWorld: Bringing up level for play took: 0.002784
[2015.11.12-09.36.18:683][723]PIE: Info Play in editor start time for /Game/StarterContent/Maps/UEDPIE_0_Simon 0.346
[2015.11.12-09.36.26:494][550]LogParticles: Destroying 0 GPU particle simulations for FXSystem 0x000000FBF6E90FE0
[2015.11.12-09.37.31:351][902]Recompiling UnrealProject...
[2015.11.12-09.37.31:352][902]Launching UnrealBuildTool... [D:/Program Files/Epic Games/4.9/Engine/Binaries/DotNET/UnrealBuildTool.exe UnrealProject -ModuleWithSuffix UnrealProject 776 Win64 Development -editorrecompile -canskiplink "C:/Users/Simon/Documents/GitHub/MAH_Arena_UnrealProject/UnrealProject/UnrealProject.uproject" -rocket  -rocket]
[2015.11.12-09.37.31:353][902]Warning: Starting HotReload took  0.0s.
[2015.11.12-09.37.36:794][430]CompilerResultsLog: New page: Compilation - Nov 12, 2015, 11:37:36 AM
[2015.11.12-09.37.36:794][430]CompilerResultsLog: Info Compiling game modules for hot reload
[2015.11.12-09.37.36:794][430]CompilerResultsLog: Info Performing 2 actions (2 in parallel)
[2015.11.12-09.37.36:794][430]CompilerResultsLog: Info WorldCamera.cpp
[2015.11.12-09.37.36:795][430]CompilerResultsLog: Info [2/2] Link UE4Editor-UnrealProject-776.dll
[2015.11.12-09.37.36:795][430]CompilerResultsLog: Info    Creating library C:\Users\Simon\Documents\GitHub\MAH_Arena_UnrealProject\UnrealProject\Intermediate/Build/Win64\UE4Editor\Development\UE4Editor-UnrealProject-776.lib and object C:\Users\Simon\Documents\GitHub\MAH_Arena_UnrealProject\UnrealProject\Intermediate/Build/Win64\UE4Editor\Development\UE4Editor-UnrealProject-776.exp
[2015.11.12-09.37.36:795][430]CompilerResultsLog: Info -------- End Detailed Actions Stats -----------------------------------------------------------
[2015.11.12-09.37.36:795][430]CompilerResultsLog: Info Total build time: 5.37 seconds
[2015.11.12-09.37.36:795][430]LogMainFrame: MainFrame: Module compiling took 5.447 seconds
[2015.11.12-09.37.36:887][430]LogContentBrowser: Native class hierarchy updated for 'UnrealProject' in 0.0026 seconds. Added 4 classes and 3 folders.
[2015.11.12-09.37.36:888][430]Warning: HotReload successful (0 functions remapped  0 scriptstructs remapped)
[2015.11.12-09.37.36:958][430]LogContentBrowser: Native class hierarchy populated in 0.0097 seconds. Added 1872 classes and 338 folders.
[2015.11.12-09.37.37:978][522]LogPlayLevel: PlayLevel: No blueprints needed recompiling
[2015.11.12-09.37.37:978][522]PIE: New page: PIE session: Simon (Nov 12, 2015, 11:37:37 AM)
[2015.11.12-09.37.37:978][522]LogPlayLevel: Creating play world package: /Game/StarterContent/Maps/UEDPIE_0_Simon
[2015.11.12-09.37.37:980][522]LogPlayLevel: PIE: StaticDuplicateObject took: (0.002098s)
[2015.11.12-09.37.37:981][522]LogAIModule: Creating AISystem for world Simon
[2015.11.12-09.37.37:981][522]LogPlayLevel: PIE: World Init took: (0.000891s)
[2015.11.12-09.37.37:981][522]LogPlayLevel: PIE: Created PIE world by copying editor world from /Game/StarterContent/Maps/Simon.Simon to /Game/StarterContent/Maps/UEDPIE_0_Simon.Simon (0.003228s)
[2015.11.12-09.37.38:069][522]LogInit: XAudio2 using 'Speakers (Conexant SmartAudio HD)' : 2 channels at 48 kHz using 32 bits per sample (channel mask 0x3)
[2015.11.12-09.37.38:134][522]LogInit: FAudioDevice initialized.
[2015.11.12-09.37.38:167][522]LogWorld: Game class is 'UnrealProjectGameMode'
[2015.11.12-09.37.38:169][522]LogPhysics:Warning: FBodyInstance::ApplyMaterialToShape_AssumesLocked : PComplexMats is empty - falling back on simple physical material.
[2015.11.12-09.37.38:169][522]LogPhysics:Warning: FBodyInstance::ApplyMaterialToShape_AssumesLocked : PComplexMats is empty - falling back on simple physical material.
[2015.11.12-09.37.38:169][522]LogWorld: Bringing World /Game/StarterContent/Maps/UEDPIE_0_Simon.Simon up for play (max tick rate 0) at 2015.11.12-10.37.38
[2015.11.12-09.37.38:169][522]LogActor:Warning: GameSession /Game/StarterContent/Maps/UEDPIE_0_Simon.Simon:PersistentLevel.GameSession_2 has natively added scene component(s), but none of them were set as the actor's RootComponent - picking one arbitrarily
[2015.11.12-09.37.38:170][522]LogActor:Warning: GameNetworkManager /Game/StarterContent/Maps/UEDPIE_0_Simon.Simon:PersistentLevel.GameNetworkManager_2 has natively added scene component(s), but none of them were set as the actor's RootComponent - picking one arbitrarily
[2015.11.12-09.37.38:170][522]LogWorld: Bringing up level for play took: 0.002651
[2015.11.12-09.37.38:171][522]PIE: Info Play in editor start time for /Game/StarterContent/Maps/UEDPIE_0_Simon -0.165
[2015.11.12-09.37.49:576][727]LogParticles: Destroying 0 GPU particle simulations for FXSystem 0x000000FBFF712200
[2015.11.12-09.41.30:588][ 31]LogVSAccessor:Warning: Visual Studio is open but could not be queried - it may be blocked by a modal operation
[2015.11.12-09.41.30:616][ 32]LogVSAccessor:Warning: Visual Studio is open but could not be queried - it may be blocked by a modal operation
[2015.11.12-09.41.30:937][ 33]LogVSAccessor:Warning: Visual Studio is open but could not be queried - it may be blocked by a modal operation
[2015.11.12-09.41.31:271][ 34]LogVSAccessor:Warning: Visual Studio is open but could not be queried - it may be blocked by a modal operation
[2015.11.12-09.41.31:604][ 35]LogVSAccessor:Warning: Visual Studio is open but could not be queried - it may be blocked by a modal operation
[2015.11.12-09.41.31:937][ 36]LogVSAccessor:Warning: Visual Studio is open but could not be queried - it may be blocked by a modal operation
[2015.11.12-09.41.32:271][ 37]LogVSAccessor:Warning: Visual Studio is open but could not be queried - it may be blocked by a modal operation
[2015.11.12-09.41.32:605][ 38]LogVSAccessor:Warning: Visual Studio is open but could not be queried - it may be blocked by a modal operation
[2015.11.12-09.41.32:938][ 39]LogVSAccessor:Warning: Visual Studio is open but could not be queried - it may be blocked by a modal operation
[2015.11.12-09.41.34:209][ 40]LogVSAccessor:Warning: Couldn't goto line number '0' in 'C:/Users/Simon/Documents/GitHub/MAH_Arena_UnrealProject/UnrealProject/Source/UnrealProject/Actors/WorldCamera.h'
[2015.11.12-09.41.34:308][ 40]LogVSAccessor:Warning: Couldn't goto line number '0' in 'C:/Users/Simon/Documents/GitHub/MAH_Arena_UnrealProject/UnrealProject/Source/UnrealProject/Actors/WorldCamera.cpp'
[2015.11.12-09.42.19:351][314]LogVSAccessor:Warning: Visual Studio is open but could not be queried - it may be blocked by a modal operation
[2015.11.12-09.42.20:446][315]LogVSAccessor:Warning: Couldn't goto line number '0' in 'C:/Users/Simon/Documents/GitHub/MAH_Arena_UnrealProject/UnrealProject/Source/UnrealProject/Actors/WorldCamera.h'
[2015.11.12-09.42.20:515][315]LogVSAccessor:Warning: Couldn't goto line number '0' in 'C:/Users/Simon/Documents/GitHub/MAH_Arena_UnrealProject/UnrealProject/Source/UnrealProject/Actors/WorldCamera.cpp'
[2015.11.12-09.43.30:325][736]LogVSAccessor:Warning: Visual Studio is open but could not be queried - it may be blocked by a modal operation
[2015.11.12-09.43.31:520][737]LogVSAccessor:Warning: Couldn't goto line number '0' in 'C:/Users/Simon/Documents/GitHub/MAH_Arena_UnrealProject/UnrealProject/Source/UnrealProject/Actors/WorldCamera.h'
[2015.11.12-09.43.31:566][737]LogVSAccessor:Warning: Couldn't goto line number '0' in 'C:/Users/Simon/Documents/GitHub/MAH_Arena_UnrealProject/UnrealProject/Source/UnrealProject/Actors/WorldCamera.cpp'
[2015.11.12-09.45.30:610][234]LogWindowsTextInputMethodSystem:Display: IME system now deactivated.
[2015.11.12-09.45.31:072][235]Cmd: QUIT_EDITOR
[2015.11.12-09.45.31:492][235]LogExit: Preparing to exit.
[2015.11.12-09.45.32:460][235]LogExit: Editor shut down
[2015.11.12-09.45.32:461][235]LogExit: Transaction tracking system shut down
[2015.11.12-09.45.32:461][235]LogParticles: Destroying 0 GPU particle simulations for FXSystem 0x000000FBF5628CC0
[2015.11.12-09.45.32:461][235]LogParticles: Destroying 0 GPU particle simulations for FXSystem 0x000000FB93BEF920
[2015.11.12-09.45.32:462][235]LogParticles: Destroying 0 GPU particle simulations for FXSystem 0x000000FBF58A87C0
[2015.11.12-09.45.32:589][235]LogExit: Object subsystem successfully closed.
[2015.11.12-09.45.32:605][235]LogD3D11RHI: Shutdown
[2015.11.12-09.45.32:605][235]LogD3D11RHI: CleanupD3DDevice
[2015.11.12-09.45.32:672][235]LogD3D11RHI: ~FD3D11DynamicRHI
[2015.11.12-09.45.32:686][235]LogModuleManager: Shutting down and abandoning module StatsViewer (198)
[2015.11.12-09.45.32:686][235]LogModuleManager: Shutting down and abandoning module CrashTracker (197)
[2015.11.12-09.45.32:686][235]LogModuleManager: Shutting down and abandoning module SceneOutliner (196)
[2015.11.12-09.45.32:686][235]LogModuleManager: Shutting down and abandoning module SuperSearch (195)
[2015.11.12-09.45.32:686][235]LogModuleManager: Shutting down and abandoning module WidgetCarousel (194)
[2015.11.12-09.45.32:686][235]LogModuleManager: Shutting down and abandoning module AddContentDialog (193)
[2015.11.12-09.45.32:688][235]LogModuleManager: Shutting down and abandoning module EditorWidgets (192)
[2015.11.12-09.45.32:689][235]LogModuleManager: Shutting down and abandoning module CollectionManager (191)
[2015.11.12-09.45.32:689][235]LogModuleManager: Shutting down and abandoning module FoliageEdit (190)
[2015.11.12-09.45.32:689][235]LogModuleManager: Shutting down and abandoning module LandscapeEditor (189)
[2015.11.12-09.45.32:689][235]LogModuleManager: Shutting down and abandoning module ActorPickerMode (188)
[2015.11.12-09.45.32:689][235]LogModuleManager: Shutting down and abandoning module GeometryMode (187)
[2015.11.12-09.45.32:689][235]LogModuleManager: Shutting down and abandoning module TextureAlignMode (186)
[2015.11.12-09.45.32:689][235]LogModuleManager: Shutting down and abandoning module BspMode (185)
[2015.11.12-09.45.32:689][235]LogModuleManager: Shutting down and abandoning module PlacementMode (184)
[2015.11.12-09.45.32:689][235]LogModuleManager: Shutting down and abandoning module AutomationWorker (183)
[2015.11.12-09.45.32:689][235]LogModuleManager: Shutting down and abandoning module CharacterAI (182)
[2015.11.12-09.45.32:689][235]LogModuleManager: Shutting down and abandoning module SmartSnapping (181)
[2015.11.12-09.45.32:689][235]LogModuleManager: Shutting down and abandoning module ViewportSnapping (180)
[2015.11.12-09.45.32:689][235]LogModuleManager: Shutting down and abandoning module LogVisualizer (179)
[2015.11.12-09.45.32:689][235]LogModuleManager: Shutting down and abandoning module GameProjectGeneration (178)
[2015.11.12-09.45.32:689][235]LogModuleManager: Shutting down and abandoning module IntroTutorials (177)
[2015.11.12-09.45.32:689][235]LogModuleManager: Shutting down and abandoning module EditorLiveStreaming (176)
[2015.11.12-09.45.32:689][235]LogModuleManager: Shutting down and abandoning module IOSPlatformEditor (175)
[2015.11.12-09.45.32:689][235]LogModuleManager: Shutting down and abandoning module HTML5PlatformEditor (174)
[2015.11.12-09.45.32:689][235]LogModuleManager: Shutting down and abandoning module AndroidDeviceDetection (173)
[2015.11.12-09.45.32:740][235]LogModuleManager: Shutting down and abandoning module AndroidPlatformEditor (172)
[2015.11.12-09.45.32:740][235]LogModuleManager: Shutting down and abandoning module IOSRuntimeSettings (171)
[2015.11.12-09.45.32:740][235]LogModuleManager: Shutting down and abandoning module AndroidRuntimeSettings (170)
[2015.11.12-09.45.32:740][235]LogModuleManager: Shutting down and abandoning module MergeActors (169)
[2015.11.12-09.45.32:740][235]LogModuleManager: Shutting down and abandoning module SizeMap (168)
[2015.11.12-09.45.32:740][235]LogModuleManager: Shutting down and abandoning module TreeMap (167)
[2015.11.12-09.45.32:740][235]LogModuleManager: Shutting down and abandoning module ReferenceViewer (166)
[2015.11.12-09.45.32:740][235]LogModuleManager: Shutting down and abandoning module LocalizationService (165)
[2015.11.12-09.45.32:740][235]LogModuleManager: Shutting down and abandoning module LocalizationDashboard (164)
[2015.11.12-09.45.32:740][235]LogModuleManager: Shutting down and abandoning module HardwareTargeting (163)
[2015.11.12-09.45.32:740][235]LogModuleManager: Shutting down and abandoning module DeviceProfileEditor (162)
[2015.11.12-09.45.32:740][235]LogModuleManager: Shutting down and abandoning module UndoHistory (161)
[2015.11.12-09.45.32:740][235]LogModuleManager: Shutting down and abandoning module GameplayTagsEditor (160)
[2015.11.12-09.45.32:740][235]LogModuleManager: Shutting down and abandoning module UserFeedback (159)
[2015.11.12-09.45.32:740][235]LogModuleManager: Shutting down and abandoning module XmlParser (158)
[2015.11.12-09.45.32:740][235]LogModuleManager: Shutting down and abandoning module Blutility (157)
[2015.11.12-09.45.32:740][235]LogModuleManager: Shutting down and abandoning module ProjectTargetPlatformEditor (156)
[2015.11.12-09.45.32:740][235]LogModuleManager: Shutting down and abandoning module ProjectSettingsViewer (155)
[2015.11.12-09.45.32:740][235]LogModuleManager: Shutting down and abandoning module InputBindingEditor (154)
[2015.11.12-09.45.32:740][235]LogModuleManager: Shutting down and abandoning module EditorSettingsViewer (153)
[2015.11.12-09.45.32:740][235]LogModuleManager: Shutting down and abandoning module SettingsEditor (152)
[2015.11.12-09.45.32:740][235]LogModuleManager: Shutting down and abandoning module ProjectLauncher (151)
[2015.11.12-09.45.32:740][235]LogModuleManager: Shutting down and abandoning module SessionFrontend (150)
[2015.11.12-09.45.32:740][235]LogModuleManager: Shutting down and abandoning module ProfilerClient (149)
[2015.11.12-09.45.32:740][235]LogModuleManager: Shutting down and abandoning module TargetDeviceServices (148)
[2015.11.12-09.45.32:740][235]LogModuleManager: Shutting down and abandoning module DeviceManager (147)
[2015.11.12-09.45.32:740][235]LogModuleManager: Shutting down and abandoning module AutomationController (146)
[2015.11.12-09.45.32:741][235]LogModuleManager: Shutting down and abandoning module AutomationWindow (145)
[2015.11.12-09.45.32:741][235]LogModuleManager: Shutting down and abandoning module Layers (144)
[2015.11.12-09.45.32:741][235]LogModuleManager: Shutting down and abandoning module ComponentVisualizers (143)
[2015.11.12-09.45.32:741][235]LogModuleManager: Shutting down and abandoning module DetailCustomizations (142)
[2015.11.12-09.45.32:741][235]LogModuleManager: Shutting down and abandoning module PackagesDialog (141)
[2015.11.12-09.45.32:741][235]LogModuleManager: Shutting down and abandoning module Persona (140)
[2015.11.12-09.45.32:741][235]LogModuleManager: Shutting down and abandoning module Kismet (139)
[2015.11.12-09.45.32:741][235]LogModuleManager: Shutting down and abandoning module GraphEditor (138)
[2015.11.12-09.45.32:741][235]LogModuleManager: Shutting down and abandoning module ClassViewer (137)
[2015.11.12-09.45.32:741][235]LogModuleManager: Shutting down and abandoning module Toolbox (136)
[2015.11.12-09.45.32:741][235]LogModuleManager: Shutting down and abandoning module ModuleUI (135)
[2015.11.12-09.45.32:741][235]LogModuleManager: Shutting down and abandoning module MovieSceneTools (134)
[2015.11.12-09.45.32:741][235]LogModuleManager: Shutting down and abandoning module OutputLog (133)
[2015.11.12-09.45.32:741][235]LogModuleManager: Shutting down and abandoning module GammaUI (132)
[2015.11.12-09.45.32:741][235]LogModuleManager: Shutting down and abandoning module Documentation (131)
[2015.11.12-09.45.32:741][235]LogModuleManager: Shutting down and abandoning module GameLiveStreaming (130)
[2015.11.12-09.45.32:741][235]LogModuleManager: Shutting down and abandoning module StreamingPauseRendering (129)
[2015.11.12-09.45.32:741][235]LogModuleManager: Shutting down and abandoning module AnalyticsET (128)
[2015.11.12-09.45.32:741][235]LogModuleManager: Shutting down and abandoning module Analytics (127)
[2015.11.12-09.45.32:741][235]LogModuleManager: Shutting down and abandoning module AITestSuite (126)
[2015.11.12-09.45.32:741][235]LogModuleManager: Shutting down and abandoning module GameplayDebugger (125)
[2015.11.12-09.45.32:741][235]LogModuleManager: Shutting down and abandoning module AIModule (124)
[2015.11.12-09.45.32:741][235]LogModuleManager: Shutting down and abandoning module ProfilerService (123)
[2015.11.12-09.45.32:835][235]LogModuleManager: Shutting down and abandoning module TaskGraph (122)
[2015.11.12-09.45.32:835][235]LogModuleManager: Shutting down and abandoning module SlateRemote (121)
[2015.11.12-09.45.32:835][235]LogModuleManager: Shutting down and abandoning module SteamVRController (120)
[2015.11.12-09.45.32:835][235]LogModuleManager: Shutting down and abandoning module SteamVR (119)
[2015.11.12-09.45.32:835][235]LogModuleManager: Shutting down and abandoning module ProceduralMeshComponent (118)
[2015.11.12-09.45.32:835][235]LogModuleManager: Shutting down and abandoning module OculusRift (117)
[2015.11.12-09.45.32:835][235]LogModuleManager: Shutting down and abandoning module OculusLibrary (116)
[2015.11.12-09.45.32:835][235]LogModuleManager: Shutting down and abandoning module LeapMotionController (115)
[2015.11.12-09.45.32:843][235]LogModuleManager: Shutting down and abandoning module CustomMeshComponent (114)
[2015.11.12-09.45.32:843][235]LogModuleManager: Shutting down and abandoning module CableComponent (113)
[2015.11.12-09.45.32:843][235]LogModuleManager: Shutting down and abandoning module ArchVisCharacter (112)
[2015.11.12-09.45.32:843][235]LogModuleManager: Shutting down and abandoning module MessagingDebugger (111)
[2015.11.12-09.45.32:843][235]LogModuleManager: Shutting down and abandoning module MediaPlayerEditor (110)
[2015.11.12-09.45.32:843][235]LogModuleManager: Shutting down and abandoning module HTML5Networking (109)
[2015.11.12-09.45.32:843][235]LogModuleManager: Shutting down and abandoning module SpeedTreeImporter (108)
[2015.11.12-09.45.32:843][235]LogModuleManager: Shutting down and abandoning module PluginBrowser (107)
[2015.11.12-09.45.32:843][235]LogModuleManager: Shutting down and abandoning module EpicSurvey (106)
[2015.11.12-09.45.32:843][235]LogModuleManager: Shutting down and abandoning module DesktopPlatform (105)
[2015.11.12-09.45.32:843][235]LogModuleManager: Shutting down and abandoning module VisualStudioSourceCodeAccess (104)
[2015.11.12-09.45.32:843][235]LogModuleManager: Shutting down and abandoning module UObjectPlugin (103)
[2015.11.12-09.45.32:843][235]LogModuleManager: Shutting down and abandoning module SubversionSourceControl (102)
[2015.11.12-09.45.32:843][235]LogModuleManager: Shutting down and abandoning module PerforceSourceControl (101)
[2015.11.12-09.45.32:843][235]LogModuleManager: Shutting down and abandoning module SourceControl (100)
[2015.11.12-09.45.32:843][235]LogModuleManager: Shutting down and abandoning module GitSourceControl (99)
[2015.11.12-09.45.32:843][235]LogModuleManager: Shutting down and abandoning module LightPropagationVolumeEditor (98)
[2015.11.12-09.45.32:843][235]LogModuleManager: Shutting down and abandoning module PaperTiledImporter (97)
[2015.11.12-09.45.32:843][235]LogModuleManager: Shutting down and abandoning module PaperSpriteSheetImporter (96)
[2015.11.12-09.45.32:843][235]LogModuleManager: Shutting down and abandoning module MeshPaint (95)
[2015.11.12-09.45.32:843][235]LogModuleManager: Shutting down and abandoning module SlateReflector (94)
[2015.11.12-09.45.32:843][235]LogModuleManager: Shutting down and abandoning module HotReload (93)
[2015.11.12-09.45.32:843][235]LogModuleManager: Shutting down and abandoning module MainFrame (92)
[2015.11.12-09.45.32:843][235]LogModuleManager: Shutting down and abandoning module LevelEditor (91)
[2015.11.12-09.45.32:844][235]LogModuleManager: Shutting down and abandoning module DirectoryWatcher (90)
[2015.11.12-09.45.32:845][235]LogModuleManager: Shutting down and abandoning module AssetRegistry (89)
[2015.11.12-09.45.32:894][235]LogModuleManager: Shutting down and abandoning module ContentBrowser (88)
[2015.11.12-09.45.32:895][235]LogModuleManager: Shutting down and abandoning module Paper2DEditor (87)
[2015.11.12-09.45.32:895][235]LogModuleManager: Shutting down and abandoning module UnrealProject (86)
[2015.11.12-09.45.32:895][235]LogModuleManager: Shutting down and abandoning module UdpMessaging (85)
[2015.11.12-09.45.32:997][235]LogModuleManager: Shutting down and abandoning module LightPropagationVolumeRuntime (84)
[2015.11.12-09.45.32:997][235]LogModuleManager: Shutting down and abandoning module Paper2D (83)
[2015.11.12-09.45.32:997][235]LogModuleManager: Shutting down and abandoning module WindowsMoviePlayer (82)
[2015.11.12-09.45.33:002][235]LogModuleManager: Shutting down and abandoning module Media (81)
[2015.11.12-09.45.33:002][235]LogModuleManager: Shutting down and abandoning module WmfMedia (80)
[2015.11.12-09.45.33:002][235]LogModuleManager: Shutting down and abandoning module OnlineBlueprintSupport (79)
[2015.11.12-09.45.33:002][235]LogModuleManager: Shutting down and abandoning module GameplayTasksEditor (78)
[2015.11.12-09.45.33:002][235]LogModuleManager: Shutting down and abandoning module PropertyEditor (77)
[2015.11.12-09.45.33:002][235]LogModuleManager: Shutting down and abandoning module BehaviorTreeEditor (76)
[2015.11.12-09.45.33:002][235]LogModuleManager: Shutting down and abandoning module FunctionalTesting (75)
[2015.11.12-09.45.33:002][235]LogModuleManager: Shutting down and abandoning module CollisionAnalyzer (74)
[2015.11.12-09.45.33:002][235]LogModuleManager: Shutting down and abandoning module WorkspaceMenuStructure (73)
[2015.11.12-09.45.33:002][235]LogModuleManager: Shutting down and abandoning module MessageLog (72)
[2015.11.12-09.45.33:002][235]LogModuleManager: Shutting down and abandoning module Sequencer (71)
[2015.11.12-09.45.33:002][235]LogModuleManager: Shutting down and abandoning module AssetTools (70)
[2015.11.12-09.45.33:003][235]LogModuleManager: Shutting down and abandoning module UMGEditor (69)
[2015.11.12-09.45.33:003][235]LogModuleManager: Shutting down and abandoning module UMG (68)
[2015.11.12-09.45.33:003][235]LogModuleManager: Shutting down and abandoning module Slate (67)
[2015.11.12-09.45.33:003][235]LogModuleManager: Shutting down and abandoning module EditorStyle (66)
[2015.11.12-09.45.33:004][235]LogModuleManager: Shutting down and abandoning module SessionServices (65)
[2015.11.12-09.45.33:004][235]LogModuleManager: Shutting down and abandoning module SourceCodeAccess (64)
[2015.11.12-09.45.33:004][235]LogModuleManager: Shutting down and abandoning module HeadMountedDisplay (63)
[2015.11.12-09.45.33:004][235]LogModuleManager: Shutting down and abandoning module XAudio2 (62)
[2015.11.12-09.45.33:004][235]LogModuleManager: Shutting down and abandoning module Networking (60)
[2015.11.12-09.45.33:004][235]LogModuleManager: Shutting down and abandoning module Core (59)
[2015.11.12-09.45.33:004][235]LogModuleManager: Shutting down and abandoning module KismetCompiler (58)
[2015.11.12-09.45.33:004][235]LogModuleManager: Shutting down and abandoning module PhysXFormats (57)
[2015.11.12-09.45.33:004][235]LogModuleManager: Shutting down and abandoning module MeshUtilities (56)
[2015.11.12-09.45.33:004][235]LogModuleManager: Shutting down and abandoning module CookingStats (55)
[2015.11.12-09.45.33:005][235]LogModuleManager: Shutting down and abandoning module DerivedDataCache (54)
[2015.11.12-09.45.33:088][235]LogDerivedDataCache: Shutdown
[2015.11.12-09.45.33:088][235]LogModuleManager: Shutting down and abandoning module ShaderFormatOpenGL (53)
[2015.11.12-09.45.33:088][235]LogModuleManager: Shutting down and abandoning module ShaderFormatD3D (52)
[2015.11.12-09.45.33:088][235]LogModuleManager: Shutting down and abandoning module MetalShaderFormat (51)
[2015.11.12-09.45.33:088][235]LogModuleManager: Shutting down and abandoning module TextureFormatUncompressed (50)
[2015.11.12-09.45.33:088][235]LogModuleManager: Shutting down and abandoning module TextureFormatPVR (49)
[2015.11.12-09.45.33:088][235]LogModuleManager: Shutting down and abandoning module TextureFormatIntelISPCTexComp (48)
[2015.11.12-09.45.33:088][235]LogModuleManager: Shutting down and abandoning module TextureFormatDXT (47)
[2015.11.12-09.45.33:088][235]LogModuleManager: Shutting down and abandoning module ImageWrapper (46)
[2015.11.12-09.45.33:088][235]LogModuleManager: Shutting down and abandoning module TextureFormatASTC (45)
[2015.11.12-09.45.33:088][235]LogModuleManager: Shutting down and abandoning module TextureFormatAndroid (44)
[2015.11.12-09.45.33:088][235]LogModuleManager: Shutting down and abandoning module AudioFormatOpus (43)
[2015.11.12-09.45.33:088][235]LogModuleManager: Shutting down and abandoning module AudioFormatOgg (42)
[2015.11.12-09.45.33:088][235]LogModuleManager: Shutting down and abandoning module AudioFormatADPCM (41)
[2015.11.12-09.45.33:088][235]LogModuleManager: Shutting down and abandoning module LinuxTargetPlatform (40)
[2015.11.12-09.45.33:088][235]LogModuleManager: Shutting down and abandoning module LinuxServerTargetPlatform (39)
[2015.11.12-09.45.33:088][235]LogModuleManager: Shutting down and abandoning module LinuxNoEditorTargetPlatform (38)
[2015.11.12-09.45.33:088][235]LogModuleManager: Shutting down and abandoning module Messaging (37)
[2015.11.12-09.45.33:088][235]LogModuleManager: Shutting down and abandoning module IOSTargetPlatform (36)
[2015.11.12-09.45.33:088][235]LogModuleManager: Shutting down and abandoning module HTML5TargetPlatform (35)
[2015.11.12-09.45.33:088][235]LogModuleManager: Shutting down and abandoning module Android_PVRTCTargetPlatform (34)
[2015.11.12-09.45.33:088][235]LogModuleManager: Shutting down and abandoning module Android_ETC2TargetPlatform (33)
[2015.11.12-09.45.33:088][235]LogModuleManager: Shutting down and abandoning module Android_ETC1TargetPlatform (32)
[2015.11.12-09.45.33:088][235]LogModuleManager: Shutting down and abandoning module Android_DXTTargetPlatform (31)
[2015.11.12-09.45.33:088][235]LogModuleManager: Shutting down and abandoning module Android_ATCTargetPlatform (30)
[2015.11.12-09.45.33:088][235]LogModuleManager: Shutting down and abandoning module Android_ASTCTargetPlatform (29)
[2015.11.12-09.45.33:088][235]LogModuleManager: Shutting down and abandoning module AndroidTargetPlatform (28)
[2015.11.12-09.45.33:088][235]LogModuleManager: Shutting down and abandoning module WindowsTargetPlatform (27)
[2015.11.12-09.45.33:088][235]LogModuleManager: Shutting down and abandoning module WindowsServerTargetPlatform (26)
[2015.11.12-09.45.33:088][235]LogModuleManager: Shutting down and abandoning module WindowsNoEditorTargetPlatform (25)
[2015.11.12-09.45.33:088][235]LogModuleManager: Shutting down and abandoning module WindowsClientTargetPlatform (24)
[2015.11.12-09.45.33:088][235]LogModuleManager: Shutting down and abandoning module AllDesktopTargetPlatform (23)
[2015.11.12-09.45.33:088][235]LogModuleManager: Shutting down and abandoning module TargetPlatform (22)
[2015.11.12-09.45.33:088][235]LogModuleManager: Shutting down and abandoning module InputCore (21)
[2015.11.12-09.45.33:088][235]LogModuleManager: Shutting down and abandoning module Settings (20)
[2015.11.12-09.45.33:088][235]LogModuleManager: Shutting down and abandoning module OnlineSubsystem (18)
[2015.11.12-09.45.33:088][235]LogModuleManager: Shutting down and abandoning module HTTP (17)
[2015.11.12-09.45.35:091][235]LogModuleManager: Shutting down and abandoning module XMPP (16)
[2015.11.12-09.45.35:091][235]LogModuleManager: Shutting down and abandoning module ExampleDeviceProfileSelector (15)
[2015.11.12-09.45.35:091][235]LogModuleManager: Shutting down and abandoning module TextureCompressor (14)
[2015.11.12-09.45.35:091][235]LogModuleManager: Shutting down and abandoning module ShaderCore (13)
[2015.11.12-09.45.35:091][235]LogModuleManager: Shutting down and abandoning module Landscape (12)
[2015.11.12-09.45.35:091][235]LogModuleManager: Shutting down and abandoning module SlateRHIRenderer (11)
[2015.11.12-09.45.35:092][235]LogModuleManager: Shutting down and abandoning module OpenGLDrv (10)
[2015.11.12-09.45.35:092][235]LogModuleManager: Shutting down and abandoning module D3D11RHI (9)
[2015.11.12-09.45.35:092][235]LogModuleManager: Shutting down and abandoning module AnimGraphRuntime (8)
[2015.11.12-09.45.35:092][235]LogModuleManager: Shutting down and abandoning module Renderer (7)
[2015.11.12-09.45.35:092][235]LogModuleManager: Shutting down and abandoning module Engine (6)
[2015.11.12-09.45.35:092][235]LogModuleManager: Shutting down and abandoning module CoreUObject (5)
[2015.11.12-09.45.35:092][235]LogModuleManager: Shutting down and abandoning module NetworkFile (4)
[2015.11.12-09.45.35:092][235]LogModuleManager: Shutting down and abandoning module StreamingFile (3)
[2015.11.12-09.45.35:092][235]LogModuleManager: Shutting down and abandoning module SandboxFile (2)
[2015.11.12-09.45.35:092][235]LogModuleManager: Shutting down and abandoning module PakFile (1)
[2015.11.12-09.45.35:092][235]LogExit: Exiting.
[2015.11.12-09.45.35:093][235]Log file closed, 11/12/15 10:45:35
