[2016.01.11-12.02.47:255][  0]Log file open, 01/11/16 13:02:47
[2016.01.11-12.02.47:255][  0]LogInit:Display: Running engine for game: UnrealProject
[2016.01.11-12.02.47:255][  0]LogInit:Display: RandInit(1486211363) SRandInit(1486211364).
[2016.01.11-12.02.47:255][  0]LogTaskGraph: Started task graph with 4 named threads and 5 total threads.
[2016.01.11-12.02.47:256][  0]LogStats: Stats thread started at 0.173427
[2016.01.11-12.02.47:256][  0]LogInit: Version: 4.9.2-2707645+++depot+UE4-Releases+4.9
[2016.01.11-12.02.47:256][  0]LogInit: API Version: 2672455
[2016.01.11-12.02.47:256][  0]LogInit: Compiled (64-bit): Sep 28 2015 10:25:44
[2016.01.11-12.02.47:256][  0]LogInit: Compiled with Visual C++: 18.00.21005.01
[2016.01.11-12.02.47:256][  0]LogInit: Build Configuration: Development
[2016.01.11-12.02.47:256][  0]LogInit: Branch Name: ++depot+UE4-Releases+4.9
[2016.01.11-12.02.47:256][  0]LogInit: Command line:  /Temp/Autosaves/Game/Maps/UEDPCStartLevel -game -PIEVIACONSOLE -ResX=1280 -ResY=720  -Multiprocess 
[2016.01.11-12.02.47:256][  0]LogInit: Base directory: D:/Program Files/Epic Games/4.9/Engine/Binaries/Win64/
[2016.01.11-12.02.47:256][  0]LogInit: Rocket: 1
[2016.01.11-12.02.47:308][  0]LogInit: Using libcurl 7.41.0
[2016.01.11-12.02.47:308][  0]LogInit:  - built for x86_64-pc-win32
[2016.01.11-12.02.47:308][  0]LogInit:  - supports SSL with WinSSL
[2016.01.11-12.02.47:308][  0]LogInit:  - other features:
[2016.01.11-12.02.47:308][  0]LogInit:      CURL_VERSION_SSL
[2016.01.11-12.02.47:308][  0]LogInit:      CURL_VERSION_IPV6
[2016.01.11-12.02.47:308][  0]LogInit:      CURL_VERSION_ASYNCHDNS
[2016.01.11-12.02.47:308][  0]LogInit:      CURL_VERSION_LARGEFILE
[2016.01.11-12.02.47:308][  0]LogInit:      CURL_VERSION_IDN
[2016.01.11-12.02.47:308][  0]LogInit:  CurlRequestOptions (configurable via config and command line):
[2016.01.11-12.02.47:308][  0]LogInit:  - bVerifyPeer = true  - Libcurl will verify peer certificate
[2016.01.11-12.02.47:308][  0]LogInit:  - bUseHttpProxy = false  - Libcurl will NOT use HTTP proxy
[2016.01.11-12.02.47:308][  0]LogInit:  - bDontReuseConnections = false  - Libcurl will reuse connections
[2016.01.11-12.02.47:308][  0]LogInit:  - CertBundlePath = nullptr  - Libcurl will use whatever was configured at build time.
[2016.01.11-12.02.47:386][  0]LogInit: Presizing for 0 objects not considered by GC, pre-allocating 0 bytes.
[2016.01.11-12.02.47:403][  0]LogInit: Object subsystem initialized
[2016.01.11-12.02.47:406][  0]LogInit: Selected Device Profile: [Windows]
[2016.01.11-12.02.47:406][  0]LogInit: Applying CVar settings loaded from the selected device profile: [Windows]
[2016.01.11-12.02.47:435][  0]LogInit: Computer: SIMONLAPTOP
[2016.01.11-12.02.47:435][  0]LogInit: User: Simon
[2016.01.11-12.02.47:435][  0]LogInit: CPU Page size=4096, Cores=2
[2016.01.11-12.02.47:435][  0]LogInit: High frequency timer resolution =2.533198 MHz
[2016.01.11-12.02.47:435][  0]LogMemory: Memory total: Physical=7.9GB (8GB approx)
[2016.01.11-12.02.47:435][  0]LogMemory: Platform Memory Stats for Windows
[2016.01.11-12.02.47:435][  0]LogMemory: Process Physical Memory: 53.53 MB used, 53.53 MB peak
[2016.01.11-12.02.47:435][  0]LogMemory: Process Virtual Memory: 57.25 MB used, 57.25 MB peak
[2016.01.11-12.02.47:435][  0]LogMemory: Physical Memory: 5142.02 MB used, 8080.91 MB total
[2016.01.11-12.02.47:435][  0]LogMemory: Virtual Memory: 369.46 MB used, 134217728.00 MB total
[2016.01.11-12.02.48:009][  0]LogTextLocalizationManager: No specific translations for ('en-US') exist, so ('en') translations will be used.
[2016.01.11-12.02.49:588][  0]LogD3D11RHI: Found D3D11 adapter 0: NVIDIA GeForce 840M            (Feature Level 11_0)
[2016.01.11-12.02.49:588][  0]LogD3D11RHI: Adapter has 1996MB of dedicated video memory, 0MB of dedicated system memory, and 4040MB of shared system memory, 1 output[s]
[2016.01.11-12.02.49:597][  0]LogD3D11RHI: Found D3D11 adapter 1: Intel(R) HD Graphics Family (Feature Level 11_0)
[2016.01.11-12.02.49:597][  0]LogD3D11RHI: Adapter has 112MB of dedicated video memory, 0MB of dedicated system memory, and 4040MB of shared system memory, 0 output[s]
[2016.01.11-12.02.49:599][  0]LogD3D11RHI: Found D3D11 adapter 2: Microsoft Basic Render Driver (Feature Level 11_0)
[2016.01.11-12.02.49:599][  0]LogD3D11RHI: Adapter has 0MB of dedicated video memory, 0MB of dedicated system memory, and 4040MB of shared system memory, 0 output[s]
[2016.01.11-12.02.49:599][  0]LogD3D11RHI: Chosen D3D11 Adapter Id = 0
[2016.01.11-12.02.49:607][  0]LogD3D11RHI: !Direct3DDevice
[2016.01.11-12.02.49:607][  0]LogRHI: Texture pool is 1361 MB (70% of 1945 MB)
[2016.01.11-12.02.49:626][  0]LogD3D11RHI: Async texture creation enabled
[2016.01.11-12.02.49:643][  0]LogShaderCompilers: Guid format shader working directory is 16 characters bigger than the processId version (C:/Users/Simon/Documents/GitHub/MAH_Arena_UnrealProject/UnrealProject/Intermediate/Shaders/WorkingDirectory/736/).
[2016.01.11-12.02.49:643][  0]LogShaderCompilers: Cleaned the shader compiler working directory 'C:/Users/Simon/Documents/GitHub/MAH_Arena_UnrealProject/UnrealProject/Intermediate/Shaders/tmp/A4DB6D504BA8243B3A44E7B939CD4C9D/'.
[2016.01.11-12.02.49:643][  0]LogShaderCompilers:Display: Using Local Shader Compiler.
[2016.01.11-12.02.52:072][  0]LogTemp:Display: Loaded TP AllDesktopTargetPlatform
[2016.01.11-12.02.52:077][  0]LogTemp:Display: Loaded TP WindowsClientTargetPlatform
[2016.01.11-12.02.52:082][  0]LogTemp:Display: Loaded TP WindowsNoEditorTargetPlatform
[2016.01.11-12.02.52:088][  0]LogTemp:Display: Loaded TP WindowsServerTargetPlatform
[2016.01.11-12.02.52:094][  0]LogTemp:Display: Loaded TP WindowsTargetPlatform
[2016.01.11-12.02.52:101][  0]LogTemp:Display: Loaded TP AndroidTargetPlatform
[2016.01.11-12.02.52:104][  0]LogTemp:Display: Loaded TP Android_ASTCTargetPlatform
[2016.01.11-12.02.52:109][  0]LogTemp:Display: Loaded TP Android_ATCTargetPlatform
[2016.01.11-12.02.52:115][  0]LogTemp:Display: Loaded TP Android_DXTTargetPlatform
[2016.01.11-12.02.52:119][  0]LogTemp:Display: Loaded TP Android_ETC1TargetPlatform
[2016.01.11-12.02.52:123][  0]LogTemp:Display: Loaded TP Android_ETC2TargetPlatform
[2016.01.11-12.02.52:127][  0]LogTemp:Display: Loaded TP Android_PVRTCTargetPlatform
[2016.01.11-12.02.52:127][  0]LogTemp:Display: Loaded TP HTML5TargetPlatform
[2016.01.11-12.02.52:172][  0]LogTemp:Display: Loaded TP IOSTargetPlatform
[2016.01.11-12.02.52:175][  0]LogTemp:Display: Loaded TP LinuxNoEditorTargetPlatform
[2016.01.11-12.02.52:179][  0]LogTemp:Display: Loaded TP LinuxServerTargetPlatform
[2016.01.11-12.02.52:185][  0]LogTemp:Display: Loaded TP LinuxTargetPlatform
[2016.01.11-12.02.52:185][  0]LogTargetPlatformManager:Display: Building Assets For Windows
[2016.01.11-12.02.52:554][  0]LogDerivedDataCache:Display: Max Cache Size: 512 MB
[2016.01.11-12.02.52:609][  0]LogDerivedDataCache: Loaded boot cache 0.06s 41MB C:/Users/Simon/AppData/Local/UnrealEngine/4.9/DerivedDataCache/Boot.ddc.
[2016.01.11-12.02.52:609][  0]LogDerivedDataCache:Display: Loaded Boot cache: C:/Users/Simon/AppData/Local/UnrealEngine/4.9/DerivedDataCache/Boot.ddc
[2016.01.11-12.02.52:610][  0]LogDerivedDataCache: FDerivedDataBackendGraph:  Pak pak cache file C:/Users/Simon/Documents/GitHub/MAH_Arena_UnrealProject/UnrealProject/DerivedDataCache/DDC.ddp not found, will not use a pak cache.
[2016.01.11-12.02.52:610][  0]LogDerivedDataCache: Unable to find inner node Pak for hierarchical cache Hierarchy.
[2016.01.11-12.02.52:610][  0]LogDerivedDataCache: FDerivedDataBackendGraph:  CompressedPak pak cache file C:/Users/Simon/Documents/GitHub/MAH_Arena_UnrealProject/UnrealProject/DerivedDataCache/Compressed.ddp not found, will not use a pak cache.
[2016.01.11-12.02.52:610][  0]LogDerivedDataCache: Unable to find inner node CompressedPak for hierarchical cache Hierarchy.
[2016.01.11-12.02.52:842][  0]LogDerivedDataCache:Display: Pak cache opened for reading ../../../Engine/DerivedDataCache/Compressed.ddp.
[2016.01.11-12.02.52:854][  0]LogDerivedDataCache: Using Local data cache path C:/Users/Simon/AppData/Local/UnrealEngine/Common/DerivedDataCache: Writable
[2016.01.11-12.02.57:944][  0]LogInit: Selected Device Profile: [Windows]
[2016.01.11-12.02.57:948][  0]LogContentStreaming: Texture pool size is 1000.000000MB
[2016.01.11-12.02.58:095][  0]LogMeshUtilities: No automatic mesh reduction module available
[2016.01.11-12.02.58:095][  0]LogMeshUtilities: No automatic mesh merging module available
[2016.01.11-12.02.58:359][  0]LogInit: WinSock: version 1.1 (2.2), MaxSocks=32767, MaxUdp=65467
[2016.01.11-12.02.58:645][  0]LogWindowsMoviePlayer: Unable to load movie: C:/Users/Simon/Documents/GitHub/MAH_Arena_UnrealProject/UnrealProject/Content/Movies/Default_Startup.mp4
[2016.01.11-12.02.58:899][  0]SourceControl: Info Source control is disabled
[2016.01.11-12.02.58:899][  0]SourceControl: Info Source control is disabled
[2016.01.11-12.02.58:927][  0]SourceControl: Info Source control is disabled
[2016.01.11-12.02.59:087][  0]LogLinker:Warning: Asset '../../../Engine/Plugins/Runtime/LeapMotionController/Content/LM_PassthroughMaterial.uasset' has been saved with empty engine version. The asset will be loaded but may be incompatible.
[2016.01.11-12.02.59:251][  0]LogObj: 27722 objects as part of root set at end of initial load.
[2016.01.11-12.02.59:251][  0]LogUObjectAllocator: 5797600 out of 0 bytes used by permanent object pool.
[2016.01.11-12.02.59:339][  0]LogEngine: Initializing Engine...
[2016.01.11-12.02.59:345][  0]LogHMD: Can't find Oculus library dev build: is proper Runtime installed? Version: 0.7.0.0
[2016.01.11-12.02.59:437][  0]LogHMD: SteamVR failed to initialize.  Err: 108
[2016.01.11-12.02.59:602][  0]LogInit: XAudio2 using 'Speakers (Conexant SmartAudio HD)' : 2 channels at 48 kHz using 32 bits per sample (channel mask 0x3)
[2016.01.11-12.02.59:624][  0]LogInit: FAudioDevice initialized.
[2016.01.11-12.02.59:631][  0]LogInit: Texture streaming: Enabled
[2016.01.11-12.02.59:741][  0]LogNet: Browse: /Temp/Autosaves/Game/Maps/UEDPCStartLevel?Name=Player
[2016.01.11-12.02.59:743][  0]LogLoad: LoadMap: /Temp/Autosaves/Game/Maps/UEDPCStartLevel?Name=Player
[2016.01.11-12.02.59:775][  0]LogParticles: Destroying 0 GPU particle simulations for FXSystem 0x000001C528FED800
[2016.01.11-12.02.59:806][  0]LogMemory: Platform Memory Stats for Windows
[2016.01.11-12.02.59:806][  0]LogMemory: Process Physical Memory: 399.75 MB used, 399.75 MB peak
[2016.01.11-12.02.59:806][  0]LogMemory: Process Virtual Memory: 454.95 MB used, 454.95 MB peak
[2016.01.11-12.02.59:806][  0]LogMemory: Physical Memory: 5438.74 MB used, 8080.91 MB total
[2016.01.11-12.02.59:806][  0]LogMemory: Virtual Memory: 992.94 MB used, 134217728.00 MB total
[2016.01.11-12.02.59:806][  0]LogMemory: 
[2016.01.11-12.02.59:806][  0]Allocator Stats for TBB: (not implemented)
[2016.01.11-12.03.00:065][  0]LogAIModule: Creating AISystem for world StartLevel
[2016.01.11-12.03.00:066][  0]LogWorld: Game class is 'MainMenuGameModeBP_C'
[2016.01.11-12.03.00:069][  0]LogWorld: Bringing World /Temp/Autosaves/Game/Maps/UEDPCStartLevel.StartLevel up for play (max tick rate 0) at 2016.01.11-13.03.00
[2016.01.11-12.03.00:071][  0]LogWorld: Bringing up level for play took: 0.003714
[2016.01.11-12.03.00:131][  0]LogInit:Display: Game Engine Initialized.
[2016.01.11-12.03.00:347][  0]LogLoad: Full Startup: 16.43 seconds (BP compile: 0.09 seconds)
[2016.01.11-12.03.00:364][  0]LogWindowsTextInputMethodSystem:Display: IME system now deactivated.
[2016.01.11-12.03.00:364][  0]LogWindowsTextInputMethodSystem:Display: IME system now deactivated.
[2016.01.11-12.03.00:472][  2]LogRenderer: Reallocating scene render targets to support 1280x720 (Frame:2).
[2016.01.11-12.03.10:589][614]LogPackageName:Warning: Found ambiguous long package name for 'Simon.umap'. Returning '/Game/Maps/Simon', but could also be '/Game/StarterContent/Maps/Simon'.
[2016.01.11-12.03.10:589][614]LogPackageName: SearchForPackageOnDisk took   0.055s to resolve Simon.umap.
[2016.01.11-12.03.10:642][614]LogPackageName:Warning: Found ambiguous long package name for 'Simon.umap'. Returning '/Game/Maps/Simon', but could also be '/Game/StarterContent/Maps/Simon'.
[2016.01.11-12.03.10:642][614]LogPackageName: SearchForPackageOnDisk took   0.053s to resolve Simon.umap.
[2016.01.11-12.03.10:642][614]LogNet: Browse: /Game/Maps/Simon
[2016.01.11-12.03.10:642][614]LogLoad: LoadMap: /Game/Maps/Simon
[2016.01.11-12.03.10:663][614]LogParticles: Destroying 0 GPU particle simulations for FXSystem 0x000001C531B41120
[2016.01.11-12.03.10:686][614]LogMemory: Platform Memory Stats for Windows
[2016.01.11-12.03.10:686][614]LogMemory: Process Physical Memory: 435.68 MB used, 442.91 MB peak
[2016.01.11-12.03.10:686][614]LogMemory: Process Virtual Memory: 644.81 MB used, 652.66 MB peak
[2016.01.11-12.03.10:686][614]LogMemory: Physical Memory: 5414.60 MB used, 8080.91 MB total
[2016.01.11-12.03.10:686][614]LogMemory: Virtual Memory: 1239.65 MB used, 134217728.00 MB total
[2016.01.11-12.03.10:686][614]LogMemory: 
[2016.01.11-12.03.10:686][614]Allocator Stats for TBB: (not implemented)
[2016.01.11-12.03.11:293][614]LogAIModule: Creating AISystem for world Simon
[2016.01.11-12.03.11:585][614]LogWorld: Game class is 'UnrealProjectGameModeBP_C'
[2016.01.11-12.03.11:590][614]LogPhysics:Warning: FBodyInstance::ApplyMaterialToShape_AssumesLocked : PComplexMats is empty - falling back on simple physical material.
[2016.01.11-12.03.11:590][614]LogPhysics:Warning: FBodyInstance::ApplyMaterialToShape_AssumesLocked : PComplexMats is empty - falling back on simple physical material.
[2016.01.11-12.03.11:590][614]LogPhysics:Warning: FBodyInstance::ApplyMaterialToShape_AssumesLocked : PComplexMats is empty - falling back on simple physical material.
[2016.01.11-12.03.11:590][614]LogPhysics:Warning: FBodyInstance::ApplyMaterialToShape_AssumesLocked : PComplexMats is empty - falling back on simple physical material.
[2016.01.11-12.03.11:590][614]LogPhysics:Warning: FBodyInstance::ApplyMaterialToShape_AssumesLocked : PComplexMats is empty - falling back on simple physical material.
[2016.01.11-12.03.11:590][614]LogPhysics:Warning: FBodyInstance::ApplyMaterialToShape_AssumesLocked : PComplexMats is empty - falling back on simple physical material.
[2016.01.11-12.03.11:590][614]LogPhysics:Warning: FBodyInstance::ApplyMaterialToShape_AssumesLocked : PComplexMats is empty - falling back on simple physical material.
[2016.01.11-12.03.11:590][614]LogPhysics:Warning: FBodyInstance::ApplyMaterialToShape_AssumesLocked : PComplexMats is empty - falling back on simple physical material.
[2016.01.11-12.03.11:590][614]LogPhysics:Warning: FBodyInstance::ApplyMaterialToShape_AssumesLocked : PComplexMats is empty - falling back on simple physical material.
[2016.01.11-12.03.11:590][614]LogPhysics:Warning: FBodyInstance::ApplyMaterialToShape_AssumesLocked : PComplexMats is empty - falling back on simple physical material.
[2016.01.11-12.03.11:591][614]LogPhysics:Warning: FBodyInstance::ApplyMaterialToShape_AssumesLocked : PComplexMats is empty - falling back on simple physical material.
[2016.01.11-12.03.11:591][614]LogPhysics:Warning: FBodyInstance::ApplyMaterialToShape_AssumesLocked : PComplexMats is empty - falling back on simple physical material.
[2016.01.11-12.03.11:591][614]LogPhysics:Warning: FBodyInstance::ApplyMaterialToShape_AssumesLocked : PComplexMats is empty - falling back on simple physical material.
[2016.01.11-12.03.11:591][614]LogPhysics:Warning: FBodyInstance::ApplyMaterialToShape_AssumesLocked : PComplexMats is empty - falling back on simple physical material.
[2016.01.11-12.03.11:591][614]LogPhysics:Warning: FBodyInstance::ApplyMaterialToShape_AssumesLocked : PComplexMats is empty - falling back on simple physical material.
[2016.01.11-12.03.11:591][614]LogPhysics:Warning: FBodyInstance::ApplyMaterialToShape_AssumesLocked : PComplexMats is empty - falling back on simple physical material.
[2016.01.11-12.03.11:591][614]LogPhysics:Warning: FBodyInstance::ApplyMaterialToShape_AssumesLocked : PComplexMats is empty - falling back on simple physical material.
[2016.01.11-12.03.11:591][614]LogPhysics:Warning: FBodyInstance::ApplyMaterialToShape_AssumesLocked : PComplexMats is empty - falling back on simple physical material.
[2016.01.11-12.03.11:591][614]LogPhysics:Warning: FBodyInstance::ApplyMaterialToShape_AssumesLocked : PComplexMats is empty - falling back on simple physical material.
[2016.01.11-12.03.11:591][614]LogPhysics:Warning: FBodyInstance::ApplyMaterialToShape_AssumesLocked : PComplexMats is empty - falling back on simple physical material.
[2016.01.11-12.03.11:595][614]LogPhysics:Warning: FBodyInstance::ApplyMaterialToShape_AssumesLocked : PComplexMats is empty - falling back on simple physical material.
[2016.01.11-12.03.11:595][614]LogPhysics:Warning: FBodyInstance::ApplyMaterialToShape_AssumesLocked : PComplexMats is empty - falling back on simple physical material.
[2016.01.11-12.03.11:595][614]LogPhysics:Warning: FBodyInstance::ApplyMaterialToShape_AssumesLocked : PComplexMats is empty - falling back on simple physical material.
[2016.01.11-12.03.11:595][614]LogPhysics:Warning: FBodyInstance::ApplyMaterialToShape_AssumesLocked : PComplexMats is empty - falling back on simple physical material.
[2016.01.11-12.03.11:595][614]LogPhysics:Warning: FBodyInstance::ApplyMaterialToShape_AssumesLocked : PComplexMats is empty - falling back on simple physical material.
[2016.01.11-12.03.11:596][614]LogPhysics:Warning: FBodyInstance::ApplyMaterialToShape_AssumesLocked : PComplexMats is empty - falling back on simple physical material.
[2016.01.11-12.03.11:596][614]LogPhysics:Warning: FBodyInstance::ApplyMaterialToShape_AssumesLocked : PComplexMats is empty - falling back on simple physical material.
[2016.01.11-12.03.11:596][614]LogPhysics:Warning: FBodyInstance::ApplyMaterialToShape_AssumesLocked : PComplexMats is empty - falling back on simple physical material.
[2016.01.11-12.03.11:596][614]LogPhysics:Warning: FBodyInstance::ApplyMaterialToShape_AssumesLocked : PComplexMats is empty - falling back on simple physical material.
[2016.01.11-12.03.11:596][614]LogPhysics:Warning: FBodyInstance::ApplyMaterialToShape_AssumesLocked : PComplexMats is empty - falling back on simple physical material.
[2016.01.11-12.03.11:596][614]LogPhysics:Warning: FBodyInstance::ApplyMaterialToShape_AssumesLocked : PComplexMats is empty - falling back on simple physical material.
[2016.01.11-12.03.11:596][614]LogPhysics:Warning: FBodyInstance::ApplyMaterialToShape_AssumesLocked : PComplexMats is empty - falling back on simple physical material.
[2016.01.11-12.03.11:596][614]LogPhysics:Warning: FBodyInstance::ApplyMaterialToShape_AssumesLocked : PComplexMats is empty - falling back on simple physical material.
[2016.01.11-12.03.11:596][614]LogPhysics:Warning: FBodyInstance::ApplyMaterialToShape_AssumesLocked : PComplexMats is empty - falling back on simple physical material.
[2016.01.11-12.03.11:596][614]LogPhysics:Warning: FBodyInstance::ApplyMaterialToShape_AssumesLocked : PComplexMats is empty - falling back on simple physical material.
[2016.01.11-12.03.11:596][614]LogPhysics:Warning: FBodyInstance::ApplyMaterialToShape_AssumesLocked : PComplexMats is empty - falling back on simple physical material.
[2016.01.11-12.03.11:596][614]LogPhysics:Warning: FBodyInstance::ApplyMaterialToShape_AssumesLocked : PComplexMats is empty - falling back on simple physical material.
[2016.01.11-12.03.11:597][614]LogPhysics:Warning: FBodyInstance::ApplyMaterialToShape_AssumesLocked : PComplexMats is empty - falling back on simple physical material.
[2016.01.11-12.03.11:597][614]LogPhysics:Warning: FBodyInstance::ApplyMaterialToShape_AssumesLocked : PComplexMats is empty - falling back on simple physical material.
[2016.01.11-12.03.11:597][614]LogPhysics:Warning: FBodyInstance::ApplyMaterialToShape_AssumesLocked : PComplexMats is empty - falling back on simple physical material.
[2016.01.11-12.03.11:597][614]LogPhysics:Warning: FBodyInstance::ApplyMaterialToShape_AssumesLocked : PComplexMats is empty - falling back on simple physical material.
[2016.01.11-12.03.11:597][614]LogPhysics:Warning: FBodyInstance::ApplyMaterialToShape_AssumesLocked : PComplexMats is empty - falling back on simple physical material.
[2016.01.11-12.03.11:597][614]LogPhysics:Warning: FBodyInstance::ApplyMaterialToShape_AssumesLocked : PComplexMats is empty - falling back on simple physical material.
[2016.01.11-12.03.11:597][614]LogPhysics:Warning: FBodyInstance::ApplyMaterialToShape_AssumesLocked : PComplexMats is empty - falling back on simple physical material.
[2016.01.11-12.03.11:597][614]LogPhysics:Warning: FBodyInstance::ApplyMaterialToShape_AssumesLocked : PComplexMats is empty - falling back on simple physical material.
[2016.01.11-12.03.11:597][614]LogPhysics:Warning: FBodyInstance::ApplyMaterialToShape_AssumesLocked : PComplexMats is empty - falling back on simple physical material.
[2016.01.11-12.03.11:597][614]LogPhysics:Warning: FBodyInstance::ApplyMaterialToShape_AssumesLocked : PComplexMats is empty - falling back on simple physical material.
[2016.01.11-12.03.11:597][614]LogPhysics:Warning: FBodyInstance::ApplyMaterialToShape_AssumesLocked : PComplexMats is empty - falling back on simple physical material.
[2016.01.11-12.03.11:598][614]LogPhysics:Warning: FBodyInstance::ApplyMaterialToShape_AssumesLocked : PComplexMats is empty - falling back on simple physical material.
[2016.01.11-12.03.11:598][614]LogPhysics:Warning: FBodyInstance::ApplyMaterialToShape_AssumesLocked : PComplexMats is empty - falling back on simple physical material.
[2016.01.11-12.03.11:598][614]LogPhysics:Warning: FBodyInstance::ApplyMaterialToShape_AssumesLocked : PComplexMats is empty - falling back on simple physical material.
[2016.01.11-12.03.11:598][614]LogPhysics:Warning: FBodyInstance::ApplyMaterialToShape_AssumesLocked : PComplexMats is empty - falling back on simple physical material.
[2016.01.11-12.03.11:598][614]LogWorld: Bringing World /Game/Maps/Simon.Simon up for play (max tick rate 0) at 2016.01.11-13.03.11
[2016.01.11-12.03.11:602][614]LogWorld: Bringing up level for play took: 0.016212
[2016.01.11-12.03.11:603][614]LogPlayerManagement:Error: Failed to Create Player: A local player already exists for controller ID 0,
[2016.01.11-12.03.11:607][614]LogTemp: hej StaticMesh'/Game/Models/example_0.example_0'
[2016.01.11-12.03.11:611][614]LogStaticMesh: Building static mesh example_0...
[2016.01.11-12.03.11:682][614]LogStaticMesh: Built static mesh [0.070875.2s] /Game/Models/example_0.example_0
[2016.01.11-12.03.11:692][614]LogPhysics:Warning: FBodyInstance::ApplyMaterialToShape_AssumesLocked : PComplexMats is empty - falling back on simple physical material.
[2016.01.11-12.03.11:692][614]LogPhysics:Warning: FBodyInstance::ApplyMaterialToShape_AssumesLocked : PComplexMats is empty - falling back on simple physical material.
[2016.01.11-12.03.11:692][614]LogPhysics:Warning: FBodyInstance::ApplyMaterialToShape_AssumesLocked : PComplexMats is empty - falling back on simple physical material.
[2016.01.11-12.03.11:692][614]LogPhysics:Warning: FBodyInstance::ApplyMaterialToShape_AssumesLocked : PComplexMats is empty - falling back on simple physical material.
[2016.01.11-12.03.11:692][614]LogTemp: hej StaticMesh'/Game/Models/example_0.example_0'
[2016.01.11-12.03.11:692][614]LogPhysics:Warning: FBodyInstance::ApplyMaterialToShape_AssumesLocked : PComplexMats is empty - falling back on simple physical material.
[2016.01.11-12.03.11:692][614]LogPhysics:Warning: FBodyInstance::ApplyMaterialToShape_AssumesLocked : PComplexMats is empty - falling back on simple physical material.
[2016.01.11-12.03.11:692][614]LogPhysics:Warning: FBodyInstance::ApplyMaterialToShape_AssumesLocked : PComplexMats is empty - falling back on simple physical material.
[2016.01.11-12.03.11:692][614]LogPhysics:Warning: FBodyInstance::ApplyMaterialToShape_AssumesLocked : PComplexMats is empty - falling back on simple physical material.
[2016.01.11-12.03.11:692][614]LogTemp: hej StaticMesh'/Game/Models/example_0.example_0'
[2016.01.11-12.03.11:692][614]LogPhysics:Warning: FBodyInstance::ApplyMaterialToShape_AssumesLocked : PComplexMats is empty - falling back on simple physical material.
[2016.01.11-12.03.11:693][614]LogPhysics:Warning: FBodyInstance::ApplyMaterialToShape_AssumesLocked : PComplexMats is empty - falling back on simple physical material.
[2016.01.11-12.03.11:693][614]LogPhysics:Warning: FBodyInstance::ApplyMaterialToShape_AssumesLocked : PComplexMats is empty - falling back on simple physical material.
[2016.01.11-12.03.11:693][614]LogPhysics:Warning: FBodyInstance::ApplyMaterialToShape_AssumesLocked : PComplexMats is empty - falling back on simple physical material.
[2016.01.11-12.03.11:693][614]LogTemp: hej StaticMesh'/Game/Models/example_0.example_0'
[2016.01.11-12.03.11:693][614]LogPhysics:Warning: FBodyInstance::ApplyMaterialToShape_AssumesLocked : PComplexMats is empty - falling back on simple physical material.
[2016.01.11-12.03.11:693][614]LogPhysics:Warning: FBodyInstance::ApplyMaterialToShape_AssumesLocked : PComplexMats is empty - falling back on simple physical material.
[2016.01.11-12.03.11:693][614]LogPhysics:Warning: FBodyInstance::ApplyMaterialToShape_AssumesLocked : PComplexMats is empty - falling back on simple physical material.
[2016.01.11-12.03.11:693][614]LogPhysics:Warning: FBodyInstance::ApplyMaterialToShape_AssumesLocked : PComplexMats is empty - falling back on simple physical material.
[2016.01.11-12.03.11:693][614]LogPhysics:Warning: FBodyInstance::ApplyMaterialToShape_AssumesLocked : PComplexMats is empty - falling back on simple physical material.
[2016.01.11-12.03.11:693][614]LogPhysics:Warning: FBodyInstance::ApplyMaterialToShape_AssumesLocked : PComplexMats is empty - falling back on simple physical material.
[2016.01.11-12.03.39:429][515]LogPackageName: SearchForPackageOnDisk took   0.067s to resolve Startlevel.umap.
[2016.01.11-12.03.39:485][515]LogPackageName: SearchForPackageOnDisk took   0.056s to resolve Startlevel.umap.
[2016.01.11-12.03.39:485][515]LogNet: Browse: /Game/Maps/StartLevel
[2016.01.11-12.03.39:485][515]LogLoad: LoadMap: /Game/Maps/StartLevel
[2016.01.11-12.03.39:486][515]LogPhysics:Warning: FBodyInstance::ApplyMaterialToShape_AssumesLocked : PComplexMats is empty - falling back on simple physical material.
[2016.01.11-12.03.39:486][515]LogPhysics:Warning: FBodyInstance::ApplyMaterialToShape_AssumesLocked : PComplexMats is empty - falling back on simple physical material.
[2016.01.11-12.03.39:520][515]LogParticles: Destroying 0 GPU particle simulations for FXSystem 0x000001C528D21440
[2016.01.11-12.03.39:556][515]LogMemory: Platform Memory Stats for Windows
[2016.01.11-12.03.39:556][515]LogMemory: Process Physical Memory: 449.07 MB used, 479.43 MB peak
[2016.01.11-12.03.39:556][515]LogMemory: Process Virtual Memory: 727.51 MB used, 787.10 MB peak
[2016.01.11-12.03.39:556][515]LogMemory: Physical Memory: 5492.25 MB used, 8080.91 MB total
[2016.01.11-12.03.39:556][515]LogMemory: Virtual Memory: 1333.65 MB used, 134217728.00 MB total
[2016.01.11-12.03.39:556][515]LogMemory: 
[2016.01.11-12.03.39:556][515]Allocator Stats for TBB: (not implemented)
[2016.01.11-12.03.39:743][515]LogAIModule: Creating AISystem for world StartLevel
[2016.01.11-12.03.39:743][515]LogWorld: Game class is 'MainMenuGameModeBP_C'
[2016.01.11-12.03.39:744][515]LogWorld: Bringing World /Game/Maps/StartLevel.StartLevel up for play (max tick rate 0) at 2016.01.11-13.03.39
[2016.01.11-12.03.39:744][515]LogWorld: Bringing up level for play took: 0.000478
[2016.01.11-12.03.39:744][515]LogGameMode: Warning - PATHS NOT DEFINED or NO PLAYERSTART with positive rating
[2016.01.11-12.03.39:745][515]LogGameMode: Warning - PATHS NOT DEFINED or NO PLAYERSTART with positive rating
[2016.01.11-12.03.39:745][515]LogGameMode: Warning - PATHS NOT DEFINED or NO PLAYERSTART with positive rating
[2016.01.11-12.03.39:745][515]LogGameMode: Warning - PATHS NOT DEFINED or NO PLAYERSTART with positive rating
[2016.01.11-12.03.43:665][731]LogPackageName: SearchForPackageOnDisk took   0.068s to resolve Patrik.umap.
[2016.01.11-12.03.43:742][731]LogPackageName: SearchForPackageOnDisk took   0.076s to resolve Patrik.umap.
[2016.01.11-12.03.43:742][731]LogNet: Browse: /Game/Maps/Patrik
[2016.01.11-12.03.43:742][731]LogLoad: LoadMap: /Game/Maps/Patrik
[2016.01.11-12.03.43:780][731]LogParticles: Destroying 0 GPU particle simulations for FXSystem 0x000001C52574F380
[2016.01.11-12.03.43:805][731]LogMemory: Platform Memory Stats for Windows
[2016.01.11-12.03.43:805][731]LogMemory: Process Physical Memory: 494.50 MB used, 508.46 MB peak
[2016.01.11-12.03.43:805][731]LogMemory: Process Virtual Memory: 778.07 MB used, 857.91 MB peak
[2016.01.11-12.03.43:805][731]LogMemory: Physical Memory: 5535.45 MB used, 8080.91 MB total
[2016.01.11-12.03.43:805][731]LogMemory: Virtual Memory: 1366.96 MB used, 134217728.00 MB total
[2016.01.11-12.03.43:805][731]LogMemory: 
[2016.01.11-12.03.43:805][731]Allocator Stats for TBB: (not implemented)
[2016.01.11-12.03.44:206][731]LogAIModule: Creating AISystem for world Patrik
[2016.01.11-12.03.44:526][731]LogWorld: Game class is 'UnrealProjectGameModeBP_C'
[2016.01.11-12.03.44:528][731]LogPhysics:Warning: FBodyInstance::ApplyMaterialToShape_AssumesLocked : PComplexMats is empty - falling back on simple physical material.
[2016.01.11-12.03.44:528][731]LogPhysics:Warning: FBodyInstance::ApplyMaterialToShape_AssumesLocked : PComplexMats is empty - falling back on simple physical material.
[2016.01.11-12.03.44:528][731]LogPhysics:Warning: FBodyInstance::ApplyMaterialToShape_AssumesLocked : PComplexMats is empty - falling back on simple physical material.
[2016.01.11-12.03.44:528][731]LogPhysics:Warning: FBodyInstance::ApplyMaterialToShape_AssumesLocked : PComplexMats is empty - falling back on simple physical material.
[2016.01.11-12.03.44:528][731]LogPhysics:Warning: FBodyInstance::ApplyMaterialToShape_AssumesLocked : PComplexMats is empty - falling back on simple physical material.
[2016.01.11-12.03.44:529][731]LogPhysics:Warning: FBodyInstance::ApplyMaterialToShape_AssumesLocked : PComplexMats is empty - falling back on simple physical material.
[2016.01.11-12.03.44:529][731]LogPhysics:Warning: FBodyInstance::ApplyMaterialToShape_AssumesLocked : PComplexMats is empty - falling back on simple physical material.
[2016.01.11-12.03.44:529][731]LogPhysics:Warning: FBodyInstance::ApplyMaterialToShape_AssumesLocked : PComplexMats is empty - falling back on simple physical material.
[2016.01.11-12.03.44:529][731]LogPhysics:Warning: FBodyInstance::ApplyMaterialToShape_AssumesLocked : PComplexMats is empty - falling back on simple physical material.
[2016.01.11-12.03.44:529][731]LogPhysics:Warning: FBodyInstance::ApplyMaterialToShape_AssumesLocked : PComplexMats is empty - falling back on simple physical material.
[2016.01.11-12.03.44:529][731]LogPhysics:Warning: FBodyInstance::ApplyMaterialToShape_AssumesLocked : PComplexMats is empty - falling back on simple physical material.
[2016.01.11-12.03.44:529][731]LogPhysics:Warning: FBodyInstance::ApplyMaterialToShape_AssumesLocked : PComplexMats is empty - falling back on simple physical material.
[2016.01.11-12.03.44:529][731]LogPhysics:Warning: FBodyInstance::ApplyMaterialToShape_AssumesLocked : PComplexMats is empty - falling back on simple physical material.
[2016.01.11-12.03.44:529][731]LogPhysics:Warning: FBodyInstance::ApplyMaterialToShape_AssumesLocked : PComplexMats is empty - falling back on simple physical material.
[2016.01.11-12.03.44:529][731]LogPhysics:Warning: FBodyInstance::ApplyMaterialToShape_AssumesLocked : PComplexMats is empty - falling back on simple physical material.
[2016.01.11-12.03.44:529][731]LogPhysics:Warning: FBodyInstance::ApplyMaterialToShape_AssumesLocked : PComplexMats is empty - falling back on simple physical material.
[2016.01.11-12.03.44:529][731]LogPhysics:Warning: FBodyInstance::ApplyMaterialToShape_AssumesLocked : PComplexMats is empty - falling back on simple physical material.
[2016.01.11-12.03.44:530][731]LogPhysics:Warning: FBodyInstance::ApplyMaterialToShape_AssumesLocked : PComplexMats is empty - falling back on simple physical material.
[2016.01.11-12.03.44:530][731]LogPhysics:Warning: FBodyInstance::ApplyMaterialToShape_AssumesLocked : PComplexMats is empty - falling back on simple physical material.
[2016.01.11-12.03.44:530][731]LogPhysics:Warning: FBodyInstance::ApplyMaterialToShape_AssumesLocked : PComplexMats is empty - falling back on simple physical material.
[2016.01.11-12.03.44:532][731]LogPhysics:Warning: FBodyInstance::ApplyMaterialToShape_AssumesLocked : PComplexMats is empty - falling back on simple physical material.
[2016.01.11-12.03.44:533][731]LogPhysics:Warning: FBodyInstance::ApplyMaterialToShape_AssumesLocked : PComplexMats is empty - falling back on simple physical material.
[2016.01.11-12.03.44:533][731]LogPhysics:Warning: FBodyInstance::ApplyMaterialToShape_AssumesLocked : PComplexMats is empty - falling back on simple physical material.
[2016.01.11-12.03.44:533][731]LogPhysics:Warning: FBodyInstance::ApplyMaterialToShape_AssumesLocked : PComplexMats is empty - falling back on simple physical material.
[2016.01.11-12.03.44:533][731]LogPhysics:Warning: FBodyInstance::ApplyMaterialToShape_AssumesLocked : PComplexMats is empty - falling back on simple physical material.
[2016.01.11-12.03.44:533][731]LogPhysics:Warning: FBodyInstance::ApplyMaterialToShape_AssumesLocked : PComplexMats is empty - falling back on simple physical material.
[2016.01.11-12.03.44:533][731]LogPhysics:Warning: FBodyInstance::ApplyMaterialToShape_AssumesLocked : PComplexMats is empty - falling back on simple physical material.
[2016.01.11-12.03.44:533][731]LogPhysics:Warning: FBodyInstance::ApplyMaterialToShape_AssumesLocked : PComplexMats is empty - falling back on simple physical material.
[2016.01.11-12.03.44:533][731]LogPhysics:Warning: FBodyInstance::ApplyMaterialToShape_AssumesLocked : PComplexMats is empty - falling back on simple physical material.
[2016.01.11-12.03.44:534][731]LogPhysics:Warning: FBodyInstance::ApplyMaterialToShape_AssumesLocked : PComplexMats is empty - falling back on simple physical material.
[2016.01.11-12.03.44:534][731]LogPhysics:Warning: FBodyInstance::ApplyMaterialToShape_AssumesLocked : PComplexMats is empty - falling back on simple physical material.
[2016.01.11-12.03.44:534][731]LogPhysics:Warning: FBodyInstance::ApplyMaterialToShape_AssumesLocked : PComplexMats is empty - falling back on simple physical material.
[2016.01.11-12.03.44:534][731]LogPhysics:Warning: FBodyInstance::ApplyMaterialToShape_AssumesLocked : PComplexMats is empty - falling back on simple physical material.
[2016.01.11-12.03.44:534][731]LogPhysics:Warning: FBodyInstance::ApplyMaterialToShape_AssumesLocked : PComplexMats is empty - falling back on simple physical material.
[2016.01.11-12.03.44:534][731]LogPhysics:Warning: FBodyInstance::ApplyMaterialToShape_AssumesLocked : PComplexMats is empty - falling back on simple physical material.
[2016.01.11-12.03.44:534][731]LogPhysics:Warning: FBodyInstance::ApplyMaterialToShape_AssumesLocked : PComplexMats is empty - falling back on simple physical material.
[2016.01.11-12.03.44:534][731]LogPhysics:Warning: FBodyInstance::ApplyMaterialToShape_AssumesLocked : PComplexMats is empty - falling back on simple physical material.
[2016.01.11-12.03.44:534][731]LogPhysics:Warning: FBodyInstance::ApplyMaterialToShape_AssumesLocked : PComplexMats is empty - falling back on simple physical material.
[2016.01.11-12.03.44:534][731]LogPhysics:Warning: FBodyInstance::ApplyMaterialToShape_AssumesLocked : PComplexMats is empty - falling back on simple physical material.
[2016.01.11-12.03.44:534][731]LogPhysics:Warning: FBodyInstance::ApplyMaterialToShape_AssumesLocked : PComplexMats is empty - falling back on simple physical material.
[2016.01.11-12.03.44:535][731]LogPhysics:Warning: FBodyInstance::ApplyMaterialToShape_AssumesLocked : PComplexMats is empty - falling back on simple physical material.
[2016.01.11-12.03.44:535][731]LogPhysics:Warning: FBodyInstance::ApplyMaterialToShape_AssumesLocked : PComplexMats is empty - falling back on simple physical material.
[2016.01.11-12.03.44:535][731]LogPhysics:Warning: FBodyInstance::ApplyMaterialToShape_AssumesLocked : PComplexMats is empty - falling back on simple physical material.
[2016.01.11-12.03.44:535][731]LogPhysics:Warning: FBodyInstance::ApplyMaterialToShape_AssumesLocked : PComplexMats is empty - falling back on simple physical material.
[2016.01.11-12.03.44:535][731]LogPhysics:Warning: FBodyInstance::ApplyMaterialToShape_AssumesLocked : PComplexMats is empty - falling back on simple physical material.
[2016.01.11-12.03.44:535][731]LogPhysics:Warning: FBodyInstance::ApplyMaterialToShape_AssumesLocked : PComplexMats is empty - falling back on simple physical material.
[2016.01.11-12.03.44:535][731]LogPhysics:Warning: FBodyInstance::ApplyMaterialToShape_AssumesLocked : PComplexMats is empty - falling back on simple physical material.
[2016.01.11-12.03.44:535][731]LogPhysics:Warning: FBodyInstance::ApplyMaterialToShape_AssumesLocked : PComplexMats is empty - falling back on simple physical material.
[2016.01.11-12.03.44:535][731]LogPhysics:Warning: FBodyInstance::ApplyMaterialToShape_AssumesLocked : PComplexMats is empty - falling back on simple physical material.
[2016.01.11-12.03.44:536][731]LogPhysics:Warning: FBodyInstance::ApplyMaterialToShape_AssumesLocked : PComplexMats is empty - falling back on simple physical material.
[2016.01.11-12.03.44:536][731]LogPhysics:Warning: FBodyInstance::ApplyMaterialToShape_AssumesLocked : PComplexMats is empty - falling back on simple physical material.
[2016.01.11-12.03.44:536][731]LogPhysics:Warning: FBodyInstance::ApplyMaterialToShape_AssumesLocked : PComplexMats is empty - falling back on simple physical material.
[2016.01.11-12.03.44:536][731]LogWorld: Bringing World /Game/Maps/Patrik.Patrik up for play (max tick rate 0) at 2016.01.11-13.03.44
[2016.01.11-12.03.44:537][731]LogWorld: Bringing up level for play took: 0.009602
[2016.01.11-12.03.44:537][731]LogGameMode: Warning - PATHS NOT DEFINED or NO PLAYERSTART with positive rating
[2016.01.11-12.03.44:537][731]LogGameMode: Warning - PATHS NOT DEFINED or NO PLAYERSTART with positive rating
[2016.01.11-12.03.44:538][731]LogGameMode: Warning - PATHS NOT DEFINED or NO PLAYERSTART with positive rating
[2016.01.11-12.03.44:538][731]LogGameMode: Warning - PATHS NOT DEFINED or NO PLAYERSTART with positive rating
[2016.01.11-12.03.44:538][731]LogPlayerManagement:Error: Failed to Create Player: A local player already exists for controller ID 0,
[2016.01.11-12.03.44:538][731]LogPlayerManagement:Error: Failed to Create Player: A local player already exists for controller ID 1,
[2016.01.11-12.03.44:538][731]LogPlayerManagement:Error: Failed to Create Player: A local player already exists for controller ID 2,
[2016.01.11-12.03.44:538][731]LogPlayerManagement:Error: Failed to Create Player: A local player already exists for controller ID 3,
[2016.01.11-12.03.44:541][731]LogTemp: hej StaticMesh'/Game/Models/example_0.example_0'
[2016.01.11-12.03.44:545][731]LogPhysics:Warning: FBodyInstance::ApplyMaterialToShape_AssumesLocked : PComplexMats is empty - falling back on simple physical material.
[2016.01.11-12.03.44:545][731]LogPhysics:Warning: FBodyInstance::ApplyMaterialToShape_AssumesLocked : PComplexMats is empty - falling back on simple physical material.
[2016.01.11-12.03.44:545][731]LogPhysics:Warning: FBodyInstance::ApplyMaterialToShape_AssumesLocked : PComplexMats is empty - falling back on simple physical material.
[2016.01.11-12.03.44:545][731]LogPhysics:Warning: FBodyInstance::ApplyMaterialToShape_AssumesLocked : PComplexMats is empty - falling back on simple physical material.
[2016.01.11-12.03.44:545][731]LogTemp: hej StaticMesh'/Game/Models/example_0.example_0'
[2016.01.11-12.03.44:545][731]LogPhysics:Warning: FBodyInstance::ApplyMaterialToShape_AssumesLocked : PComplexMats is empty - falling back on simple physical material.
[2016.01.11-12.03.44:545][731]LogPhysics:Warning: FBodyInstance::ApplyMaterialToShape_AssumesLocked : PComplexMats is empty - falling back on simple physical material.
[2016.01.11-12.03.44:545][731]LogPhysics:Warning: FBodyInstance::ApplyMaterialToShape_AssumesLocked : PComplexMats is empty - falling back on simple physical material.
[2016.01.11-12.03.44:545][731]LogPhysics:Warning: FBodyInstance::ApplyMaterialToShape_AssumesLocked : PComplexMats is empty - falling back on simple physical material.
[2016.01.11-12.03.44:545][731]LogTemp: hej StaticMesh'/Game/Models/example_0.example_0'
[2016.01.11-12.03.44:545][731]LogPhysics:Warning: FBodyInstance::ApplyMaterialToShape_AssumesLocked : PComplexMats is empty - falling back on simple physical material.
[2016.01.11-12.03.44:545][731]LogPhysics:Warning: FBodyInstance::ApplyMaterialToShape_AssumesLocked : PComplexMats is empty - falling back on simple physical material.
[2016.01.11-12.03.44:545][731]LogPhysics:Warning: FBodyInstance::ApplyMaterialToShape_AssumesLocked : PComplexMats is empty - falling back on simple physical material.
[2016.01.11-12.03.44:545][731]LogPhysics:Warning: FBodyInstance::ApplyMaterialToShape_AssumesLocked : PComplexMats is empty - falling back on simple physical material.
[2016.01.11-12.03.44:545][731]LogTemp: hej StaticMesh'/Game/Models/example_0.example_0'
[2016.01.11-12.03.44:545][731]LogPhysics:Warning: FBodyInstance::ApplyMaterialToShape_AssumesLocked : PComplexMats is empty - falling back on simple physical material.
[2016.01.11-12.03.44:545][731]LogPhysics:Warning: FBodyInstance::ApplyMaterialToShape_AssumesLocked : PComplexMats is empty - falling back on simple physical material.
[2016.01.11-12.03.44:545][731]LogPhysics:Warning: FBodyInstance::ApplyMaterialToShape_AssumesLocked : PComplexMats is empty - falling back on simple physical material.
[2016.01.11-12.03.44:545][731]LogPhysics:Warning: FBodyInstance::ApplyMaterialToShape_AssumesLocked : PComplexMats is empty - falling back on simple physical material.
[2016.01.11-12.03.44:545][731]LogPhysics:Warning: FBodyInstance::ApplyMaterialToShape_AssumesLocked : PComplexMats is empty - falling back on simple physical material.
[2016.01.11-12.03.44:546][731]LogPhysics:Warning: FBodyInstance::ApplyMaterialToShape_AssumesLocked : PComplexMats is empty - falling back on simple physical material.
[2016.01.11-12.03.46:345][822]LogWindowsTextInputMethodSystem:Display: IME system now deactivated.
[2016.01.11-12.03.46:345][822]LogWindowsTextInputMethodSystem:Display: IME system now deactivated.
[2016.01.11-12.03.46:351][822]LogEngine: All Windows Closed
[2016.01.11-12.03.46:351][822]LogWindows: FPlatformMisc::RequestExit(0)
[2016.01.11-12.03.46:451][823]LogPhysics:Warning: FBodyInstance::ApplyMaterialToShape_AssumesLocked : PComplexMats is empty - falling back on simple physical material.
[2016.01.11-12.03.46:451][823]LogPhysics:Warning: FBodyInstance::ApplyMaterialToShape_AssumesLocked : PComplexMats is empty - falling back on simple physical material.
[2016.01.11-12.03.46:452][823]LogExit: Preparing to exit.
[2016.01.11-12.03.46:604][823]LogExit: Game engine shut down
[2016.01.11-12.03.46:795][823]LogParticles: Destroying 0 GPU particle simulations for FXSystem 0x000001C5274D7880
[2016.01.11-12.03.46:795][823]LogExit: Object subsystem successfully closed.
[2016.01.11-12.03.46:812][823]LogD3D11RHI: Shutdown
[2016.01.11-12.03.46:812][823]LogD3D11RHI: CleanupD3DDevice
[2016.01.11-12.03.46:881][823]LogD3D11RHI: ~FD3D11DynamicRHI
[2016.01.11-12.03.46:894][823]LogModuleManager: Shutting down and abandoning module AndroidDeviceDetection (116)
[2016.01.11-12.03.47:377][823]LogModuleManager: Shutting down and abandoning module AutomationController (115)
[2016.01.11-12.03.47:377][823]LogModuleManager: Shutting down and abandoning module AutomationWorker (114)
[2016.01.11-12.03.47:377][823]LogModuleManager: Shutting down and abandoning module CharacterAI (113)
[2016.01.11-12.03.47:377][823]LogModuleManager: Shutting down and abandoning module AITestSuite (112)
[2016.01.11-12.03.47:377][823]LogModuleManager: Shutting down and abandoning module GameplayDebugger (111)
[2016.01.11-12.03.47:377][823]LogModuleManager: Shutting down and abandoning module AIModule (110)
[2016.01.11-12.03.47:377][823]LogModuleManager: Shutting down and abandoning module GameLiveStreaming (109)
[2016.01.11-12.03.47:377][823]LogModuleManager: Shutting down and abandoning module StreamingPauseRendering (108)
[2016.01.11-12.03.47:377][823]LogModuleManager: Shutting down and abandoning module ProfilerService (107)
[2016.01.11-12.03.47:563][823]LogModuleManager: Shutting down and abandoning module TaskGraph (106)
[2016.01.11-12.03.47:563][823]LogModuleManager: Shutting down and abandoning module SlateRemote (105)
[2016.01.11-12.03.47:563][823]LogModuleManager: Shutting down and abandoning module SteamVRController (104)
[2016.01.11-12.03.47:563][823]LogModuleManager: Shutting down and abandoning module SteamVR (103)
[2016.01.11-12.03.47:563][823]LogModuleManager: Shutting down and abandoning module ProceduralMeshComponent (102)
[2016.01.11-12.03.47:563][823]LogModuleManager: Shutting down and abandoning module OculusRift (101)
[2016.01.11-12.03.47:563][823]LogModuleManager: Shutting down and abandoning module OculusLibrary (100)
[2016.01.11-12.03.47:563][823]LogModuleManager: Shutting down and abandoning module LeapMotionController (99)
[2016.01.11-12.03.47:589][823]LogModuleManager: Shutting down and abandoning module CustomMeshComponent (98)
[2016.01.11-12.03.47:589][823]LogModuleManager: Shutting down and abandoning module CableComponent (97)
[2016.01.11-12.03.47:589][823]LogModuleManager: Shutting down and abandoning module ArchVisCharacter (96)
[2016.01.11-12.03.47:589][823]LogModuleManager: Shutting down and abandoning module HTML5Networking (95)
[2016.01.11-12.03.47:589][823]LogModuleManager: Shutting down and abandoning module DesktopPlatform (94)
[2016.01.11-12.03.47:589][823]LogModuleManager: Shutting down and abandoning module DirectoryWatcher (93)
[2016.01.11-12.03.47:589][823]LogModuleManager: Shutting down and abandoning module HotReload (92)
[2016.01.11-12.03.47:590][823]LogModuleManager: Shutting down and abandoning module VisualStudioSourceCodeAccess (91)
[2016.01.11-12.03.47:590][823]LogModuleManager: Shutting down and abandoning module UObjectPlugin (90)
[2016.01.11-12.03.47:590][823]LogModuleManager: Shutting down and abandoning module SubversionSourceControl (89)
[2016.01.11-12.03.47:590][823]LogModuleManager: Shutting down and abandoning module SourceControl (88)
[2016.01.11-12.03.47:590][823]LogModuleManager: Shutting down and abandoning module PerforceSourceControl (87)
[2016.01.11-12.03.47:590][823]LogModuleManager: Shutting down and abandoning module UnrealProject (86)
[2016.01.11-12.03.47:590][823]LogModuleManager: Shutting down and abandoning module UdpMessaging (85)
[2016.01.11-12.03.47:590][823]LogModuleManager: Shutting down and abandoning module LightPropagationVolumeRuntime (84)
[2016.01.11-12.03.47:590][823]LogModuleManager: Shutting down and abandoning module Paper2D (83)
[2016.01.11-12.03.47:590][823]LogModuleManager: Shutting down and abandoning module WindowsMoviePlayer (82)
[2016.01.11-12.03.47:598][823]LogModuleManager: Shutting down and abandoning module Media (81)
[2016.01.11-12.03.47:598][823]LogModuleManager: Shutting down and abandoning module WmfMedia (80)
[2016.01.11-12.03.47:598][823]LogModuleManager: Shutting down and abandoning module OnlineBlueprintSupport (79)
[2016.01.11-12.03.47:598][823]LogModuleManager: Shutting down and abandoning module GameplayTasksEditor (78)
[2016.01.11-12.03.47:598][823]LogModuleManager: Shutting down and abandoning module PropertyEditor (77)
[2016.01.11-12.03.47:599][823]LogModuleManager: Shutting down and abandoning module BehaviorTreeEditor (76)
[2016.01.11-12.03.47:599][823]LogModuleManager: Shutting down and abandoning module FunctionalTesting (75)
[2016.01.11-12.03.47:599][823]LogModuleManager: Shutting down and abandoning module CollisionAnalyzer (74)
[2016.01.11-12.03.47:599][823]LogModuleManager: Shutting down and abandoning module WorkspaceMenuStructure (73)
[2016.01.11-12.03.47:599][823]LogModuleManager: Shutting down and abandoning module MessageLog (72)
[2016.01.11-12.03.47:599][823]LogModuleManager: Shutting down and abandoning module Sequencer (71)
[2016.01.11-12.03.47:599][823]LogModuleManager: Shuttin