[2015.12.10-07.16.53:291][  0]Log file open, 12/10/15 08:16:53
[2015.12.10-07.16.53:291][  0]LogInit:Display: Running engine for game: UnrealProject
[2015.12.10-07.16.53:291][  0]LogInit:Display: RandInit(522678577) SRandInit(522678577).
[2015.12.10-07.16.53:291][  0]LogTaskGraph: Started task graph with 4 named threads and 5 total threads.
[2015.12.10-07.16.53:291][  0]LogStats: Stats thread started at 0.664860
[2015.12.10-07.16.53:291][  0]LogInit: Version: 4.9.2-2707645+++depot+UE4-Releases+4.9
[2015.12.10-07.16.53:291][  0]LogInit: API Version: 2672455
[2015.12.10-07.16.53:291][  0]LogInit: Compiled (64-bit): Sep 28 2015 10:25:44
[2015.12.10-07.16.53:291][  0]LogInit: Compiled with Visual C++: 18.00.21005.01
[2015.12.10-07.16.53:291][  0]LogInit: Build Configuration: Development
[2015.12.10-07.16.53:291][  0]LogInit: Branch Name: ++depot+UE4-Releases+4.9
[2015.12.10-07.16.53:291][  0]LogInit: Command line:  
[2015.12.10-07.16.53:291][  0]LogInit: Base directory: D:/Program Files/Epic Games/4.9/Engine/Binaries/Win64/
[2015.12.10-07.16.53:291][  0]LogInit: Rocket: 1
[2015.12.10-07.16.53:365][  0]LogInit: Using libcurl 7.41.0
[2015.12.10-07.16.53:365][  0]LogInit:  - built for x86_64-pc-win32
[2015.12.10-07.16.53:365][  0]LogInit:  - supports SSL with WinSSL
[2015.12.10-07.16.53:365][  0]LogInit:  - other features:
[2015.12.10-07.16.53:365][  0]LogInit:      CURL_VERSION_SSL
[2015.12.10-07.16.53:365][  0]LogInit:      CURL_VERSION_IPV6
[2015.12.10-07.16.53:365][  0]LogInit:      CURL_VERSION_ASYNCHDNS
[2015.12.10-07.16.53:365][  0]LogInit:      CURL_VERSION_LARGEFILE
[2015.12.10-07.16.53:365][  0]LogInit:      CURL_VERSION_IDN
[2015.12.10-07.16.53:366][  0]LogInit:  CurlRequestOptions (configurable via config and command line):
[2015.12.10-07.16.53:367][  0]LogInit:  - bVerifyPeer = true  - Libcurl will verify peer certificate
[2015.12.10-07.16.53:367][  0]LogInit:  - bUseHttpProxy = false  - Libcurl will NOT use HTTP proxy
[2015.12.10-07.16.53:367][  0]LogInit:  - bDontReuseConnections = false  - Libcurl will reuse connections
[2015.12.10-07.16.53:367][  0]LogInit:  - CertBundlePath = nullptr  - Libcurl will use whatever was configured at build time.
[2015.12.10-07.16.53:458][  0]LogInit: Presizing for 0 objects not considered by GC, pre-allocating 0 bytes.
[2015.12.10-07.16.53:483][  0]LogInit: Object subsystem initialized
[2015.12.10-07.16.53:507][  0]LogInit: Selected Device Profile: [Windows]
[2015.12.10-07.16.53:507][  0]LogInit: Applying CVar settings loaded from the selected device profile: [Windows]
[2015.12.10-07.16.53:552][  0]LogInit: Computer: SIMONLAPTOP
[2015.12.10-07.16.53:552][  0]LogInit: User: Simon
[2015.12.10-07.16.53:552][  0]LogInit: CPU Page size=4096, Cores=2
[2015.12.10-07.16.53:552][  0]LogInit: High frequency timer resolution =2.533198 MHz
[2015.12.10-07.16.53:553][  0]LogMemory: Memory total: Physical=7.9GB (8GB approx)
[2015.12.10-07.16.53:553][  0]LogMemory: Platform Memory Stats for Windows
[2015.12.10-07.16.53:553][  0]LogMemory: Process Physical Memory: 54.74 MB used, 54.74 MB peak
[2015.12.10-07.16.53:553][  0]LogMemory: Process Virtual Memory: 58.21 MB used, 58.21 MB peak
[2015.12.10-07.16.53:553][  0]LogMemory: Physical Memory: 4062.29 MB used, 8080.91 MB total
[2015.12.10-07.16.53:553][  0]LogMemory: Virtual Memory: 370.96 MB used, 134217728.00 MB total
[2015.12.10-07.16.54:113][  0]LogTextLocalizationManager: No specific translations for ('en-US') exist, so ('en') translations will be used.
[2015.12.10-07.16.56:025][  0]LogD3D11RHI: Found D3D11 adapter 0: NVIDIA GeForce 840M            (Feature Level 11_0)
[2015.12.10-07.16.56:025][  0]LogD3D11RHI: Adapter has 1996MB of dedicated video memory, 0MB of dedicated system memory, and 4040MB of shared system memory, 1 output[s]
[2015.12.10-07.16.56:034][  0]LogD3D11RHI: Found D3D11 adapter 1: Intel(R) HD Graphics Family (Feature Level 11_0)
[2015.12.10-07.16.56:034][  0]LogD3D11RHI: Adapter has 112MB of dedicated video memory, 0MB of dedicated system memory, and 4040MB of shared system memory, 0 output[s]
[2015.12.10-07.16.56:036][  0]LogD3D11RHI: Found D3D11 adapter 2: Microsoft Basic Render Driver (Feature Level 11_0)
[2015.12.10-07.16.56:036][  0]LogD3D11RHI: Adapter has 0MB of dedicated video memory, 0MB of dedicated system memory, and 4040MB of shared system memory, 0 output[s]
[2015.12.10-07.16.56:036][  0]LogD3D11RHI: Chosen D3D11 Adapter Id = 0
[2015.12.10-07.16.56:042][  0]LogD3D11RHI: !Direct3DDevice
[2015.12.10-07.16.56:042][  0]LogRHI: Texture pool is 1361 MB (70% of 1945 MB)
[2015.12.10-07.16.56:064][  0]LogD3D11RHI: Async texture creation enabled
[2015.12.10-07.16.56:109][  0]LogShaderCompilers: Guid format shader working directory is 15 characters bigger than the processId version (C:/Users/Simon/Documents/GitHub/MAH_Arena_UnrealProject/UnrealProject/Intermediate/Shaders/WorkingDirectory/4968/).
[2015.12.10-07.16.56:109][  0]LogShaderCompilers: Cleaned the shader compiler working directory 'C:/Users/Simon/Documents/GitHub/MAH_Arena_UnrealProject/UnrealProject/Intermediate/Shaders/tmp/2BF68196417356CBDB7B85A80E95B1E0/'.
[2015.12.10-07.16.56:109][  0]LogShaderCompilers:Display: Using Local Shader Compiler.
[2015.12.10-07.16.59:364][  0]LogTemp:Display: Loaded TP AllDesktopTargetPlatform
[2015.12.10-07.16.59:370][  0]LogTemp:Display: Loaded TP WindowsClientTargetPlatform
[2015.12.10-07.16.59:376][  0]LogTemp:Display: Loaded TP WindowsNoEditorTargetPlatform
[2015.12.10-07.16.59:381][  0]LogTemp:Display: Loaded TP WindowsServerTargetPlatform
[2015.12.10-07.16.59:386][  0]LogTemp:Display: Loaded TP WindowsTargetPlatform
[2015.12.10-07.16.59:394][  0]LogTemp:Display: Loaded TP AndroidTargetPlatform
[2015.12.10-07.16.59:398][  0]LogTemp:Display: Loaded TP Android_ASTCTargetPlatform
[2015.12.10-07.16.59:402][  0]LogTemp:Display: Loaded TP Android_ATCTargetPlatform
[2015.12.10-07.16.59:408][  0]LogTemp:Display: Loaded TP Android_DXTTargetPlatform
[2015.12.10-07.16.59:412][  0]LogTemp:Display: Loaded TP Android_ETC1TargetPlatform
[2015.12.10-07.16.59:416][  0]LogTemp:Display: Loaded TP Android_ETC2TargetPlatform
[2015.12.10-07.16.59:420][  0]LogTemp:Display: Loaded TP Android_PVRTCTargetPlatform
[2015.12.10-07.16.59:422][  0]LogTemp:Display: Loaded TP HTML5TargetPlatform
[2015.12.10-07.16.59:474][  0]LogTemp:Display: Loaded TP IOSTargetPlatform
[2015.12.10-07.16.59:478][  0]LogTemp:Display: Loaded TP LinuxNoEditorTargetPlatform
[2015.12.10-07.16.59:483][  0]LogTemp:Display: Loaded TP LinuxServerTargetPlatform
[2015.12.10-07.16.59:492][  0]LogTemp:Display: Loaded TP LinuxTargetPlatform
[2015.12.10-07.16.59:492][  0]LogTargetPlatformManager:Display: Building Assets For Windows
[2015.12.10-07.17.00:003][  0]LogDerivedDataCache:Display: Max Cache Size: 512 MB
[2015.12.10-07.17.00:254][  0]LogDerivedDataCache: Loaded boot cache 0.25s 43MB C:/Users/Simon/AppData/Local/UnrealEngine/4.9/DerivedDataCache/Boot.ddc.
[2015.12.10-07.17.00:254][  0]LogDerivedDataCache:Display: Loaded Boot cache: C:/Users/Simon/AppData/Local/UnrealEngine/4.9/DerivedDataCache/Boot.ddc
[2015.12.10-07.17.00:254][  0]LogDerivedDataCache: FDerivedDataBackendGraph:  Pak pak cache file C:/Users/Simon/Documents/GitHub/MAH_Arena_UnrealProject/UnrealProject/DerivedDataCache/DDC.ddp not found, will not use a pak cache.
[2015.12.10-07.17.00:254][  0]LogDerivedDataCache: Unable to find inner node Pak for hierarchical cache Hierarchy.
[2015.12.10-07.17.00:254][  0]LogDerivedDataCache: FDerivedDataBackendGraph:  CompressedPak pak cache file C:/Users/Simon/Documents/GitHub/MAH_Arena_UnrealProject/UnrealProject/DerivedDataCache/Compressed.ddp not found, will not use a pak cache.
[2015.12.10-07.17.00:254][  0]LogDerivedDataCache: Unable to find inner node CompressedPak for hierarchical cache Hierarchy.
[2015.12.10-07.17.00:480][  0]LogDerivedDataCache:Display: Pak cache opened for reading ../../../Engine/DerivedDataCache/Compressed.ddp.
[2015.12.10-07.17.00:493][  0]LogDerivedDataCache: Using Local data cache path C:/Users/Simon/AppData/Local/UnrealEngine/Common/DerivedDataCache: Writable
[2015.12.10-07.17.05:162][  0]LogInit: Selected Device Profile: [Windows]
[2015.12.10-07.17.05:168][  0]LogContentStreaming: Texture pool size is 0.000000MB
[2015.12.10-07.17.05:575][  0]LogMeshUtilities: No automatic mesh reduction module available
[2015.12.10-07.17.05:575][  0]LogMeshUtilities: No automatic mesh merging module available
[2015.12.10-07.17.06:381][  0]LogInit: WinSock: version 1.1 (2.2), MaxSocks=32767, MaxUdp=65467
[2015.12.10-07.17.10:268][  0]UdpMessaging: Initializing bridge on interface 0.0.0.0:0 to multicast group 230.0.0.1:6666.
[2015.12.10-07.17.10:475][  0]LogAssetRegistry: FAssetRegistry took 0.0134 seconds to start up
[2015.12.10-07.17.11:061][  0]SourceControl: Info Source control is disabled
[2015.12.10-07.17.11:072][  0]SourceControl: Info Source control is disabled
[2015.12.10-07.17.11:089][  0]SourceControl: Info Source control is disabled
[2015.12.10-07.17.11:106][  0]SourceControl: Info Source control is disabled
[2015.12.10-07.17.11:432][  0]LogLinker:Warning: Asset '../../../Engine/Plugins/Runtime/LeapMotionController/Content/LM_PassthroughMaterial.uasset' has been saved with empty engine version. The asset will be loaded but may be incompatible.
[2015.12.10-07.17.11:636][  0]LogObj: 28380 objects as part of root set at end of initial load.
[2015.12.10-07.17.11:636][  0]LogUObjectAllocator: 6052760 out of 0 bytes used by permanent object pool.
[2015.12.10-07.17.11:781][  0]LogEngine: Initializing Engine...
[2015.12.10-07.17.11:786][  0]LogHMD: Can't find Oculus library dev build: is proper Runtime installed? Version: 0.7.0.0
[2015.12.10-07.17.11:920][  0]LogHMD: SteamVR failed to initialize.  Err: 108
[2015.12.10-07.17.12:426][  0]LogAIModule: Creating AISystem for world NewWorld
[2015.12.10-07.17.12:464][  0]LogInit: XAudio2 using 'Speakers (Conexant SmartAudio HD)' : 2 channels at 48 kHz using 32 bits per sample (channel mask 0x3)
[2015.12.10-07.17.12:668][  0]LogInit: FAudioDevice initialized.
[2015.12.10-07.17.12:704][  0]LogDerivedDataCache: Saved boot cache 0.04s 43MB C:/Users/Simon/AppData/Local/UnrealEngine/4.9/DerivedDataCache/Boot.ddc.
[2015.12.10-07.17.12:716][  0]LogInit: Texture streaming: Enabled
[2015.12.10-07.17.12:730][  0]LogAnalytics: Creating configured Analytics provider AnalyticsET
[2015.12.10-07.17.12:731][  0]LogAnalytics: [UEEditor.Rocket.Release] APIServer = http://et2.epicgames.com/ET2/. AppVersion = 4.9.2-2707645+++depot+UE4-Releases+4.9
[2015.12.10-07.17.12:731][  0]LogAnalytics: [UEEditor.Rocket.Release] SetUserId 6513f12644b2a44aef06b6b2b101a60b|0986fcf50a56434a9f04b1f02afeed0b|3549f2f7-93b8-499b-b80b-3e19a3b9ffc4
[2015.12.10-07.17.12:731][  0]LogAnalytics: [UEEditor.Rocket.Release] AnalyticsET::StartSession
[2015.12.10-07.17.12:807][  0]LogInit: Transaction tracking system initialized
[2015.12.10-07.17.12:925][  0]BlueprintLog: New page: Editor Load
[2015.12.10-07.17.13:301][  0]LocalizationService: Info Localization service is disabled
[2015.12.10-07.17.14:141][  0]LogConsoleResponse:Display: 
[2015.12.10-07.17.14:500][  0]LogCook:Display: Done creating registry. It took  0.00s.
[2015.12.10-07.17.14:772][  0]LogFileCache: Scanning file cache for directory 'C:/Users/Simon/Documents/GitHub/MAH_Arena_UnrealProject/UnrealProject/Content/' took 0.02s
[2015.12.10-07.17.14:772][  0]SourceControl: Info Source control is disabled
[2015.12.10-07.17.14:775][  0]Cmd: MAP LOAD FILE="C:/Users/Simon/Documents/GitHub/MAH_Arena_UnrealProject/UnrealProject/Content/StarterContent/Maps/Minimal_Default.umap" TEMPLATE=0 SHOWPROGRESS=1 FEATURELEVEL=3
[2015.12.10-07.17.14:786][  0]LightingResults: New page: Lighting Build
[2015.12.10-07.17.14:801][  0]MapCheck: New page: Map Check
[2015.12.10-07.17.14:801][  0]LightingResults: New page: Lighting Build
[2015.12.10-07.17.14:946][  0]LogParticles: Destroying 0 GPU particle simulations for FXSystem 0x00000279659C4B80
[2015.12.10-07.17.15:634][  0]LogAIModule: Creating AISystem for world Minimal_Default
[2015.12.10-07.17.15:663][  0]LogEditorServer: Finished looking for orphan Actors (0.000 secs)
[2015.12.10-07.17.15:666][  0]Cmd: MAP CHECKDEP NOCLEARLOG
[2015.12.10-07.17.15:752][  0]MapCheck: Info Map check complete: 0 Error(s), 0 Warning(s), took 86.098ms to complete.
[2015.12.10-07.17.15:753][  0]LogFileHelpers: Loading map 'Minimal_Default' took 0.979
[2015.12.10-07.17.15:999][  0]LogCollectionManager: Loaded 0 collections in 0.002587 seconds
[2015.12.10-07.17.16:061][  0]LogFileCache: Scanning file cache for directory 'C:/Users/Simon/Documents/GitHub/MAH_Arena_UnrealProject/UnrealProject/Saved/Collections/' took 0.01s
[2015.12.10-07.17.16:061][  0]LogFileCache: Scanning file cache for directory 'C:/Users/Simon/Documents/GitHub/MAH_Arena_UnrealProject/UnrealProject/Content/Developers/Simon/Collections/' took 0.01s
[2015.12.10-07.17.16:061][  0]LogFileCache: Scanning file cache for directory 'C:/Users/Simon/Documents/GitHub/MAH_Arena_UnrealProject/UnrealProject/Content/Collections/' took 0.01s
[2015.12.10-07.17.16:061][  0]LogContentBrowser: Native class hierarchy populated in 0.0194 seconds. Added 1871 classes and 336 folders.
[2015.12.10-07.17.16:082][  0]LogCollectionManager: Rebuilt the GUID cache for 0 collections in 0.000004 seconds
[2015.12.10-07.17.16:115][  0]LogContentBrowser: Native class hierarchy updated for 'WidgetCarousel' in 0.0032 seconds. Added 0 classes and 0 folders.
[2015.12.10-07.17.16:659][  0]LogContentBrowser: Native class hierarchy updated for 'AddContentDialog' in 0.0028 seconds. Added 0 classes and 0 folders.
[2015.12.10-07.17.16:673][  0]LogContentBrowser: Native class hierarchy updated for 'SceneOutliner' in 0.0030 seconds. Added 1 classes and 2 folders.
[2015.12.10-07.17.16:765][  0]LogCrashTracker: Crashtracker disabled due to settings.
[2015.12.10-07.17.16:791][  0]LogUObjectGlobals:Warning: Failed to find object 'Class None.'
[2015.12.10-07.17.16:816][  0]LogLoad: Full Startup: 26.64 seconds (BP compile: 0.14 seconds)
[2015.12.10-07.17.16:967][  0]LogContentStreaming: Texture pool size now 400 MB
[2015.12.10-07.17.17:138][  0]LogRenderer: Reallocating scene render targets to support 1004x456 (Frame:2).
[2015.12.10-07.17.21:213][162]LogAssetRegistry: Asset discovery search completed in 10.7497 seconds
[2015.12.10-07.17.21:213][162]LogCollectionManager: Rebuilt the object cache for 0 collections in 0.000002 seconds (found 0 objects)
[2015.12.10-07.17.21:213][162]LogCollectionManager: Fixed up redirectors for 0 collections in 0.000664 seconds (updated 0 objects)
[2015.12.10-07.17.40:682][263]LogStreaming:Warning: Failed to open ANSI TEXT file C:/Users/Simon/Documents/GitHub/MAH_Arena_UnrealProject/UnrealProject/Saved/HardwareSurvey/dxdiag.txt
[2015.12.10-07.17.40:703][264]LogSynthBenchmark:Display: FSynthBenchmark (V0.95):  requested WorkScale=1.00
[2015.12.10-07.17.40:703][264]LogSynthBenchmark:Display: ===============
[2015.12.10-07.17.40:703][264]LogSynthBenchmark:Display: Main Processor:
[2015.12.10-07.17.40:754][264]LogSynthBenchmark:Display:          ... 0.024246 s/Run 'RayIntersect'
[2015.12.10-07.17.40:754][264]LogSynthBenchmark:Display:          ... 0.026656 s/Run 'Fractal'
[2015.12.10-07.17.40:754][264]LogSynthBenchmark:Display: 
[2015.12.10-07.17.40:754][264]LogSynthBenchmark:Display:   CompiledTarget_x_Bits: 64
[2015.12.10-07.17.40:754][264]LogSynthBenchmark:Display:   UE_BUILD_SHIPPING: 0
[2015.12.10-07.17.40:754][264]LogSynthBenchmark:Display:   UE_BUILD_TEST: 0
[2015.12.10-07.17.40:754][264]LogSynthBenchmark:Display:   UE_BUILD_DEBUG: 0
[2015.12.10-07.17.40:754][264]LogSynthBenchmark:Display:   TotalPhysicalGBRam: 8
[2015.12.10-07.17.40:754][264]LogSynthBenchmark:Display:   NumberOfCores (physical): 2
[2015.12.10-07.17.40:754][264]LogSynthBenchmark:Display:   NumberOfCores (logical): 4
[2015.12.10-07.17.40:754][264]LogSynthBenchmark:Display:   CPU Perf Index 0: 105.6
[2015.12.10-07.17.40:754][264]LogSynthBenchmark:Display:   CPU Perf Index 1: 107.3
[2015.12.10-07.17.40:754][264]LogSynthBenchmark:Display:  
[2015.12.10-07.17.40:754][264]LogSynthBenchmark:Display: Graphics:
[2015.12.10-07.17.40:754][264]LogSynthBenchmark:Display:   Adapter Name: 'NVIDIA GeForce 840M           '
[2015.12.10-07.17.40:754][264]LogSynthBenchmark:Display:   (On Optimus the name might be wrong, memory should be ok)
[2015.12.10-07.17.40:754][264]LogSynthBenchmark:Display:   Vendor Id: 0x10de
[2015.12.10-07.17.40:754][264]LogSynthBenchmark:Display:   GPU Memory: 1997/0/4041 MB
[2015.12.10-07.17.40:754][264]LogSynthBenchmark:Display:   CPUIndex: 105.6
[2015.12.10-07.17.40:754][264]LogSynthBenchmark:Display:   GPUIndex: -1.$
[2015.12.10-07.17.40:754][264]LogSynthBenchmark:Display: 
[2015.12.10-07.17.40:754][264]LogSynthBenchmark:Display:          ... Total Time: 0.051400 sec
[2015.12.10-07.18.25:232][893]LogStaticMesh: Building static mesh carCollisionMesh...
[2015.12.10-07.18.25:240][893]LogStaticMesh: Built static mesh [0.011458.2s] /Game/Models/carCollisionMesh.carCollisionMesh
[2015.12.10-07.18.25:272][893]LogAIModule: Creating AISystem for world Simon
[2015.12.10-07.18.25:324][893]Cmd: MAP LOAD FILE="C:/Users/Simon/Documents/GitHub/MAH_Arena_UnrealProject/UnrealProject/Content/Maps/Simon.umap" TEMPLATE=0 SHOWPROGRESS=1 FEATURELEVEL=3
[2015.12.10-07.18.25:324][893]LightingResults: New page: Lighting Build
[2015.12.10-07.18.25:346][893]LoadErrors: New page: Loading map: Simon.umap
[2015.12.10-07.18.25:353][893]MapCheck: New page: Map Check
[2015.12.10-07.18.25:353][893]LightingResults: New page: Lighting Build
[2015.12.10-07.18.25:378][893]LogParticles: Destroying 0 GPU particle simulations for FXSystem 0x00000279553828E0
[2015.12.10-07.18.25:386][893]PIE:Warning: Warning Invalid Simulate Options: Body (PawnCarBP_668.Root) is set to simulate physics but Collision Enabled is incompatible
[2015.12.10-07.18.25:386][893]PIE:Warning: Warning Invalid Simulate Options: Body (PawnCarBP_668.Root) is set to simulate physics but Collision Enabled is incompatible
[2015.12.10-07.18.25:389][893]PIE:Warning: Warning Invalid Simulate Options: Body (PawnCarBP2_404.Root) is set to simulate physics but Collision Enabled is incompatible
[2015.12.10-07.18.25:389][893]PIE:Warning: Warning Invalid Simulate Options: Body (PawnCarBP2_404.Root) is set to simulate physics but Collision Enabled is incompatible
[2015.12.10-07.18.25:400][893]LogEditorServer: Finished looking for orphan Actors (0.000 secs)
[2015.12.10-07.18.25:433][893]Cmd: MAP CHECKDEP NOCLEARLOG
[2015.12.10-07.18.25:487][893]MapCheck: Info Map check complete: 0 Error(s), 0 Warning(s), took 54.192ms to complete.
[2015.12.10-07.18.25:489][893]LogFileHelpers: Loading map 'Simon' took 0.167
[2015.12.10-07.18.27:279][976]LogBlueprintUserMessages: Early PlayInEditor Detection: Level '/Game/Maps/Simon.Simon:PersistentLevel' has LevelScriptBlueprint '/Game/Maps/Simon.Simon:PersistentLevel.Simon' with GeneratedClass '/Game/Maps/Simon.Simon_C' with ClassGeneratedBy '/Game/Maps/Simon.Simon:PersistentLevel.Simon'
[2015.12.10-07.18.27:279][976]LogPlayLevel: PlayLevel: No blueprints needed recompiling
[2015.12.10-07.18.27:282][976]PIE: New page: PIE session: Simon (Dec 10, 2015, 9:18:27 AM)
[2015.12.10-07.18.27:283][976]LogPlayLevel: Creating play world package: /Game/Maps/UEDPIE_0_Simon
[2015.12.10-07.18.27:297][976]LogPlayLevel: PIE: StaticDuplicateObject took: (0.014280s)
[2015.12.10-07.18.27:298][976]LogAIModule: Creating AISystem for world Simon
[2015.12.10-07.18.27:298][976]LogPlayLevel: PIE: World Init took: (0.000848s)
[2015.12.10-07.18.27:301][976]LogPlayLevel: PIE: Created PIE world by copying editor world from /Game/Maps/Simon.Simon to /Game/Maps/UEDPIE_0_Simon.Simon (0.018059s)
[2015.12.10-07.18.27:301][976]LogActorComponent: UnregisterComponent: (/Engine/Transient.Movement) Not registered. Aborting.
[2015.12.10-07.18.27:340][976]LogInit: XAudio2 using 'Speakers (Conexant SmartAudio HD)' : 2 channels at 48 kHz using 32 bits per sample (channel mask 0x3)
[2015.12.10-07.18.27:353][976]LogInit: FAudioDevice initialized.
[2015.12.10-07.18.27:416][976]LogWorld: Game class is 'UnrealProjectGameMode'
[2015.12.10-07.18.27:439][976]PIE:Warning: Warning Invalid Simulate Options: Body (PawnCarBP_668.Root) is set to simulate physics but Collision Enabled is incompatible
[2015.12.10-07.18.27:439][976]PIE:Warning: Warning Invalid Simulate Options: Body (PawnCarBP_668.Root) is set to simulate physics but Collision Enabled is incompatible
[2015.12.10-07.18.27:442][976]LogPhysics:Warning: FBodyInstance::ApplyMaterialToShape_AssumesLocked : PComplexMats is empty - falling back on simple physical material.
[2015.12.10-07.18.27:443][976]LogPhysics:Warning: FBodyInstance::ApplyMaterialToShape_AssumesLocked : PComplexMats is empty - falling back on simple physical material.
[2015.12.10-07.18.27:444][976]LogPhysics:Warning: FBodyInstance::ApplyMaterialToShape_AssumesLocked : PComplexMats is empty - falling back on simple physical material.
[2015.12.10-07.18.27:444][976]LogPhysics:Warning: FBodyInstance::ApplyMaterialToShape_AssumesLocked : PComplexMats is empty - falling back on simple physical material.
[2015.12.10-07.18.27:444][976]LogPhysics:Warning: FBodyInstance::ApplyMaterialToShape_AssumesLocked : PComplexMats is empty - falling back on simple physical material.
[2015.12.10-07.18.27:445][976]PIE:Warning: Warning Invalid Simulate Options: Body (PawnCarBP2_404.Root) is set to simulate physics but Collision Enabled is incompatible
[2015.12.10-07.18.27:446][976]PIE:Warning: Warning Invalid Simulate Options: Body (PawnCarBP2_404.Root) is set to simulate physics but Collision Enabled is incompatible
[2015.12.10-07.18.27:447][976]LogPhysics:Warning: FBodyInstance::ApplyMaterialToShape_AssumesLocked : PComplexMats is empty - falling back on simple physical material.
[2015.12.10-07.18.27:447][976]LogPhysics:Warning: FBodyInstance::ApplyMaterialToShape_AssumesLocked : PComplexMats is empty - falling back on simple physical material.
[2015.12.10-07.18.27:448][976]LogPhysics:Warning: FBodyInstance::ApplyMaterialToShape_AssumesLocked : PComplexMats is empty - falling back on simple physical material.
[2015.12.10-07.18.27:448][976]LogPhysics:Warning: FBodyInstance::ApplyMaterialToShape_AssumesLocked : PComplexMats is empty - falling back on simple physical material.
[2015.12.10-07.18.27:448][976]LogPhysics:Warning: FBodyInstance::ApplyMaterialToShape_AssumesLocked : PComplexMats is empty - falling back on simple physical material.
[2015.12.10-07.18.27:449][976]LogWorld: Bringing World /Game/Maps/UEDPIE_0_Simon.Simon up for play (max tick rate 60) at 2015.12.10-08.18.27
[2015.12.10-07.18.27:449][976]LogActor:Warning: GameSession /Game/Maps/UEDPIE_0_Simon.Simon:PersistentLevel.GameSession_0 has natively added scene component(s), but none of them were set as the actor's RootComponent - picking one arbitrarily
[2015.12.10-07.18.27:452][976]LogActor:Warning: GameNetworkManager /Game/Maps/UEDPIE_0_Simon.Simon:PersistentLevel.GameNetworkManager_0 has natively added scene component(s), but none of them were set as the actor's RootComponent - picking one arbitrarily
[2015.12.10-07.18.27:473][976]LogWorld: Bringing up level for play took: 0.038290
[2015.12.10-07.18.27:604][976]PIE: Info Play in editor start time for /Game/Maps/UEDPIE_0_Simon 0.048
[2015.12.10-07.18.27:605][976]LogBlueprintUserMessages: Late PlayInEditor Detection: Level '/Game/Maps/Simon.Simon:PersistentLevel' has LevelScriptBlueprint '/Game/Maps/Simon.Simon:PersistentLevel.Simon' with GeneratedClass '/Game/Maps/Simon.Simon_C' with ClassGeneratedBy '/Game/Maps/Simon.Simon:PersistentLevel.Simon'
[2015.12.10-07.18.27:703][977]LogRenderer: Reallocating scene render targets to support 1004x512 (Frame:11).
[2015.12.10-07.18.37:347][505]LogBlueprintUserMessages: Early EndPlayMap Detection: Level '/Game/Maps/Simon.Simon:PersistentLevel' has LevelScriptBlueprint '/Game/Maps/Simon.Simon:PersistentLevel.Simon' with GeneratedClass '/Game/Maps/Simon.Simon_C' with ClassGeneratedBy '/Game/Maps/Simon.Simon:PersistentLevel.Simon'
[2015.12.10-07.18.37:391][505]LogPhysics:Warning: FBodyInstance::ApplyMaterialToShape_AssumesLocked : PComplexMats is empty - falling back on simple physical material.
[2015.12.10-07.18.37:391][505]LogPhysics:Warning: FBodyInstance::ApplyMaterialToShape_AssumesLocked : PComplexMats is empty - falling back on simple physical material.
[2015.12.10-07.18.37:421][505]LogBlueprintUserMessages: Late EndPlayMap Detection: Level '/Game/Maps/Simon.Simon:PersistentLevel' has LevelScriptBlueprint '/Game/Maps/Simon.Simon:PersistentLevel.Simon' with GeneratedClass '/Game/Maps/Simon.Simon_C' with ClassGeneratedBy '/Game/Maps/Simon.Simon:PersistentLevel.Simon'
[2015.12.10-07.18.37:447][505]LogParticles: Destroying 0 GPU particle simulations for FXSystem 0x0000027948970860
[2015.12.10-07.18.39:024][574]LogBlueprint:Error: [compiler SpringBoard] Error Could not find a function named "AddImpulse" in 'PawnCar'.
Make sure 'PawnCar' has been compiled for  Add Impulse 
[2015.12.10-07.18.39:032][574]LogBlueprint:Warning: [compiler SpringBoard] Warning [0108.86] Compile of SpringBoard failed. 1 Fatal Issue(s) 0 Warning(s) [in 11 ms]
[2015.12.10-07.18.39:032][574]LogBlueprint:Warning: [compiler SpringBoard] Warning [0108.86] Compile of SpringBoard failed. 1 Fatal Issue(s) 1 Warning(s) [in 0 ms]
[2015.12.10-07.18.39:032][574]LogBlueprint:Warning: [compiler SpringBoard] Warning [0108.86] Compile of SpringBoard failed. 1 Fatal Issue(s) 2 Warning(s) [in 0 ms]
[2015.12.10-07.18.39:198][574]LogAIModule: Creating AISystem for world Patrik
[2015.12.10-07.18.39:265][574]Cmd: MAP LOAD FILE="C:/Users/Simon/Documents/GitHub/MAH_Arena_UnrealProject/UnrealProject/Content/Maps/Patrik.umap" TEMPLATE=0 SHOWPROGRESS=1 FEATURELEVEL=3
[2015.12.10-07.18.39:265][574]LightingResults: New page: Lighting Build
[2015.12.10-07.18.39:298][574]LoadErrors: New page: Loading map: Patrik.umap
[2015.12.10-07.18.39:299][574]MapCheck: New page: Map Check
[2015.12.10-07.18.39:299][574]LightingResults: New page: Lighting Build
[2015.12.10-07.18.39:334][574]LogParticles: Destroying 0 GPU particle simulations for FXSystem 0x000002796E4DB740
[2015.12.10-07.18.39:348][574]LogEditorServer: Finished looking for orphan Actors (0.000 secs)
[2015.12.10-07.18.39:409][574]Cmd: MAP CHECKDEP NOCLEARLOG
[2015.12.10-07.18.39:494][574]MapCheck: Info Map check complete: 0 Error(s), 0 Warning(s), took 85.573ms to complete.
[2015.12.10-07.18.39:496][574]LogFileHelpers: Loading map 'Patrik' took 0.233
[2015.12.10-07.18.42:223][722]LogBlueprintUserMessages: Early PlayInEditor Detection: Level '/Game/Maps/Patrik.Patrik:PersistentLevel' has LevelScriptBlueprint '/Game/Maps/Patrik.Patrik:PersistentLevel.Patrik' with GeneratedClass '/Game/Maps/Patrik.Patrik_C' with ClassGeneratedBy '/Game/Maps/Patrik.Patrik:PersistentLevel.Patrik'
[2015.12.10-07.18.42:223][722]LogPlayLevel: PlayLevel: No blueprints needed recompiling
[2015.12.10-07.18.51:854][113]LogLinker:Warning: Asset '../../../Engine/Content/ArtTools/RenderToTexture/Macros/RenderToTextureMacros.uasset' has been saved with empty engine version. The asset will be loaded but may be incompatible.
[2015.12.10-07.18.52:486][113]LogContentBrowser: Native class hierarchy updated for 'BlueprintGraph' in 0.0026 seconds. Added 107 classes and 0 folders.
[2015.12.10-07.19.03:645][699]LogVSAccessor:Warning: Couldn't access Visual Studio
[2015.12.10-07.19.03:651][699]Recompiling UnrealProject...
[2015.12.10-07.19.03:652][699]Launching UnrealBuildTool... [D:/Program Files/Epic Games/4.9/Engine/Binaries/DotNET/UnrealBuildTool.exe UnrealProject -ModuleWithSuffix UnrealProject 450 Win64 Development -editorrecompile -canskiplink "C:/Users/Simon/Documents/GitHub/MAH_Arena_UnrealProject/UnrealProject/UnrealProject.uproject" -rocket  -rocket]
[2015.12.10-07.19.03:711][699]Warning: Starting HotReload took  0.1s.
[2015.12.10-07.19.22:648][ 76]LogEditorViewport: Clicking on Actor (LMB): StaticMeshActor (Floor)
[2015.12.10-07.19.49:984][984]CompilerResultsLog: New page: Compilation - Dec 10, 2015, 9:19:49 AM
[2015.12.10-07.19.49:985][984]CompilerResultsLog: Info Creating makefile for hot reloading UnrealProject (game project files are newer)
[2015.12.10-07.19.49:985][984]CompilerResultsLog: Info Compiling game modules for hot reload
[2015.12.10-07.19.49:985][984]CompilerResultsLog: Info Parsing headers for UnrealProjectEditor
[2015.12.10-07.19.49:985][984]CompilerResultsLog: Info   Running UnrealHeaderTool "C:/Users/Simon/Documents/GitHub/MAH_Arena_UnrealProject/UnrealProject/UnrealProject.uproject" "C:\Users\Simon\Documents\GitHub\MAH_Arena_UnrealProject\UnrealProject\Intermediate\Build\Win64\UnrealProjectEditor\Development\UnrealHeaderTool.manifest" -LogCmds="loginit warning, logexit warning, logdatabase error" -rocket -installed
[2015.12.10-07.19.49:985][984]CompilerResultsLog: Info Reflection code generated for UnrealProjectEditor in 12.2043843 seconds
[2015.12.10-07.19.49:985][984]LogMainFrame: MainFrame: Module compiling took 46.339 seconds
[2015.12.10-07.19.49:985][984]Warning: HotReload failed, recompile failed
[2015.12.10-07.21.42:178][439]LogVSAccessor:Warning: Couldn't access Visual Studio
[2015.12.10-07.21.42:181][439]Recompiling UnrealProject...
[2015.12.10-07.21.42:181][439]Launching UnrealBuildTool... [D:/Program Files/Epic Games/4.9/Engine/Binaries/DotNET/UnrealBuildTool.exe UnrealProject -ModuleWithSuffix UnrealProject 9833 Win64 Development -editorrecompile -canskiplink "C:/Users/Simon/Documents/GitHub/MAH_Arena_UnrealProject/UnrealProject/UnrealProject.uproject" -rocket  -rocket]
[2015.12.10-07.21.42:244][439]Warning: Starting HotReload took  0.1s.
[2015.12.10-07.22.08:472][958]Cmd: POLY SELECT MEMORY UNION
[2015.12.10-07.23.22:977][331]CompilerResultsLog: New page: Compilation - Dec 10, 2015, 9:23:22 AM
[2015.12.10-07.23.22:978][331]CompilerResultsLog: Info Compiling game modules for hot reload
[2015.12.10-07.23.22:978][331]CompilerResultsLog: Info Performing 8 actions (2 in parallel)
[2015.12.10-07.23.22:978][331]CompilerResultsLog: Info PCH.UnrealProject.h.cpp
[2015.12.10-07.23.22:978][331]CompilerResultsLog: Info CarController.cpp
[2015.12.10-07.23.22:978][331]CompilerResultsLog: Info PawnCar.cpp
[2015.12.10-07.23.22:978][331]CompilerResultsLog: Info UnrealProjectGameMode.cpp
[2015.12.10-07.23.22:978][331]CompilerResultsLog: Info UnrealProject.cpp
[2015.12.10-07.23.22:978][331]CompilerResultsLog: Info WorldCamera.cpp
[2015.12.10-07.23.22:980][331]CompilerResultsLog: Info UnrealProject.generated.cpp
[2015.12.10-07.23.22:980][331]CompilerResultsLog: Info [8/8] Link UE4Editor-UnrealProject-9833.dll
[2015.12.10-07.23.22:980][331]CompilerResultsLog: Info    Creating library C:\Users\Simon\Documents\GitHub\MAH_Arena_UnrealProject\UnrealProject\Intermediate/Build/Win64\UE4Editor\Development\UE4Editor-UnrealProject-9833.lib and object C:\Users\Simon\Documents\GitHub\MAH_Arena_UnrealProject\UnrealProject\Intermediate/Build/Win64\UE4Editor\Development\UE4Editor-UnrealProject-9833.exp
[2015.12.10-07.23.22:981][331]CompilerResultsLog: Info -------- End Detailed Actions Stats -----------------------------------------------------------
[2015.12.10-07.23.22:981][331]CompilerResultsLog: Info Total build time: 100.47 seconds
[2015.12.10-07.23.22:981][331]LogMainFrame: MainFrame: Module compiling took 100.803 seconds
[2015.12.10-07.23.22:982][331]LogActorComponent: UnregisterComponent: (/Engine/Transient.Movement) Not registered. Aborting.
[2015.12.10-07.23.23:066][331]LogParticles: Destroying 0 GPU particle simulations for FXSystem 0x0000027958853C40
[2015.12.10-07.23.23:113][331]LogClass: Could not find existing class PawnCar in package /Script/UnrealProject for HotReload, assuming new class
[2015.12.10-07.23.23:113][331]LogClass: Function AddImpulse is new.
[2015.12.10-07.23.23:113][331]LogClass: Could not find existing class CarController in package /Script/UnrealProject for HotReload, assuming new class
[2015.12.10-07.23.23:130][331]LogHotReload: Re-instancing PawnCar after hot-reload.
[2015.12.10-07.23.23:308][331]PIE:Warning: Warning Invalid Simulate Options: Body (PawnCarBP_C_0.Root) is set to simulate physics but Collision Enabled is incompatible
[2015.12.10-07.23.23:308][331]PIE:Warning: Warning Invalid Simulate Options: Body (PawnCarBP_C_0.Root) is set to simulate physics but Collision Enabled is incompatible
[2015.12.10-07.23.23:309][331]LogUObjectGlobals:Warning: Guid is in use by BoxComponent /Game/Maps/Patrik.Patrik:PersistentLevel.PawnCarBP2_462.Root and BoxComponent /Game/Maps/Patrik.Patrik:PersistentLevel.PawnCarBP_C_0.Root, which should never happen in the editor but could happen at runtime with duplicate level loading or PIE
[2015.12.10-07.23.23:309][331]LogUObjectGlobals:Warning: Guid is in use by StaticMeshComponent /Game/Maps/Patrik.Patrik:PersistentLevel.PawnCarBP2_462.StaticMesh and StaticMeshComponent /Game/Maps/Patrik.Patrik:PersistentLevel.PawnCarBP_C_0.StaticMesh, which should never happen in the editor but could happen at runtime with duplicate level loading or PIE
[2015.12.10-07.23.23:309][331]LogUObjectGlobals:Warning: Guid is in use by FloatingPawnMovement /Game/Maps/Patrik.Patrik:PersistentLevel.PawnCarBP2_462.Movement and FloatingPawnMovement /Game/Maps/Patrik.Patrik:PersistentLevel.PawnCarBP_C_0.Movement, which should never happen in the editor but could happen at runtime with duplicate level loading or PIE
[2015.12.10-07.23.23:311][331]PIE:Warning: Warning Invalid Simulate Options: Body (PawnCarBP_C_1.Root) is set to simulate physics but Collision Enabled is incompatible
[2015.12.10-07.23.23:311][331]PIE:Warning: Warning Invalid Simulate Options: Body (PawnCarBP_C_1.Root) is set to simulate physics but Collision Enabled is incompatible
[2015.12.10-07.23.23:311][331]LogUObjectGlobals:Warning: Guid is in use by BoxComponent /Game/Maps/Patrik.Patrik:PersistentLevel.PawnCarBP_249.Root and BoxComponent /Game/Maps/Patrik.Patrik:PersistentLevel.PawnCarBP_C_1.Root, which should never happen in the editor but could happen at runtime with duplicate level loading or PIE
[2015.12.10-07.23.23:311][331]LogUObjectGlobals:Warning: Guid is in use by StaticMeshComponent /Game/Maps/Patrik.Patrik:PersistentLevel.PawnCarBP_249.StaticMesh and StaticMeshComponent /Game/Maps/Patrik.Patrik:PersistentLevel.PawnCarBP_C_1.StaticMesh, which should never happen in the editor but could happen at runtime with duplicate level loading or PIE
[2015.12.10-07.23.23:311][331]LogUObjectGlobals:Warning: Guid is in use by FloatingPawnMovement /Game/Maps/Patrik.Patrik:PersistentLevel.PawnCarBP_249.Movement and FloatingPawnMovement /Game/Maps/Patrik.Patrik:PersistentLevel.PawnCarBP_C_1.Movement, which should never happen in the editor but could happen at runtime with duplicate level loading or PIE
[2015.12.10-07.23.23:391][331]LogHotReload: Re-instancing CarController after hot-reload.
[2015.12.10-07.23.23:458][331]LogContentBrowser: Native class hierarchy updated for 'UnrealProject' in 0.0030 seconds. Added 4 classes and 3 folders.
[2015.12.10-07.23.23:463][331]Warning: HotReload successful (0 functions remapped  0 scriptstructs remapped)
[2015.12.10-07.23.24:351][331]LogContentBrowser: Native class hierarchy populated in 0.0199 seconds. Added 1872 classes and 338 folders.
[2015.12.10-07.23.29:862][638]LogBlueprintUserMessages: Early PlayInEditor Detection: Level '/Game/Maps/Patrik.Patrik:PersistentLevel' has LevelScriptBlueprint '/Game/Maps/Patrik.Patrik:PersistentLevel.Patrik' with GeneratedClass '/Game/Maps/Patrik.Patrik_C' with ClassGeneratedBy '/Game/Maps/Patrik.Patrik:PersistentLevel.Patrik'
[2015.12.10-07.23.29:862][638]LogPlayLevel: PlayLevel: No blueprints needed recompiling
[2015.12.10-07.23.29:863][638]PIE: New page: PIE session: Patrik (Dec 10, 2015, 9:23:29 AM)
[2015.12.10-07.23.29:863][638]LogPlayLevel: Creating play world package: /Game/Maps/UEDPIE_0_Patrik
[2015.12.10-07.23.30:005][638]LogPlayLevel: PIE: StaticDuplicateObject took: (0.142956s)
[2015.12.10-07.23.30:006][638]LogAIModule: Creating AISystem for world Patrik
[2015.12.10-07.23.30:006][638]LogPlayLevel: PIE: World Init took: (0.000823s)
[2015.12.10-07.23.30:006][638]LogPlayLevel: PIE: Created PIE world by copying editor world from /Game/Maps/Patrik.Patrik to /Game/Maps/UEDPIE_0_Patrik.Patrik (0.144014s)
[2015.12.10-07.23.30:091][638]LogInit: XAudio2 using 'Speakers (Conexant SmartAudio HD)' : 2 channels at 48 kHz using 32 bits per sample (channel mask 0x3)
[2015.12.10-07.23.30:100][638]LogInit: FAudioDevice initialized.
[2015.12.10-07.23.30:144][638]LogWorld: Game class is 'UnrealProjectGameMode'
[2015.12.10-07.23.30:149][638]LogPhysics:Warning: FBodyInstance::ApplyMaterialToShape_AssumesLocked : PComplexMats is empty - falling back on simple physical material.
[2015.12.10-07.23.30:149][638]LogPhysics:Warning: FBodyInstance::ApplyMaterialToShape_AssumesLocked : PComplexMats is empty - falling back on simple physical material.
[2015.12.10-07.23.30:149][638]LogPhysics:Warning: FBodyInstance::ApplyMaterialToShape_AssumesLocked : PComplexMats is empty - falling back on simple physical material.
[2015.12.10-07.23.30:149][638]LogPhysics:Warning: FBodyInstance::ApplyMaterialToShape_AssumesLocked : PComplexMats is empty - falling back on simple physical material.
[2015.12.10-07.23.30:149][638]LogPhysics:Warning: FBodyInstance::ApplyMaterialToShape_AssumesLocked : PComplexMats is empty - falling back on simple physical material.
[2015.12.10-07.23.30:150][638]LogPhysics:Warning: FBodyInstance::ApplyMaterialToShape_AssumesLocked : PComplexMats is empty - falling back on simple physical material.
[2015.12.10-07.23.30:150][638]LogPhysics:Warning: FBodyInstance::ApplyMaterialToShape_AssumesLocked : PComplexMats is empty - falling back on simple physical material.
[2015.12.10-07.23.30:150][638]LogPhysics:Warning: FBodyInstance::ApplyMaterialToShape_AssumesLocked : PComplexMats is empty - falling back on simple physical material.
[2015.12.10-07.23.30:150][638]LogPhysics:Warning: FBodyInstance::ApplyMaterialToShape_AssumesLocked : PComplexMats is empty - falling back on simple physical material.
[2015.12.10-07.23.30:150][638]LogPhysics:Warning: FBodyInstance::ApplyMaterialToShape_AssumesLocked : PComplexMats is empty - falling back on simple physical material.
[2015.12.10-07.23.30:150][638]LogWorld: Bringing World /Game/Maps/UEDPIE_0_Patrik.Patrik up for play (max tick rate 60) at 2015.12.10-08.23.30
[2015.12.10-07.23.30:150][638]LogActor:Warning: GameSession /Game/Maps/UEDPIE_0_Patrik.Patrik:PersistentLevel.GameSession_1 has natively added scene component(s), but none of them were set as the actor's RootComponent - picking one arbitrarily
[2015.12.10-07.23.30:150][638]LogActor:Warning: GameNetworkManager /Game/Maps/UEDPIE_0_Patrik.Patrik:PersistentLevel.GameNetworkManager_1 has natively added scene component(s), but none of them were set as the actor's RootComponent - picking one arbitrarily
[2015.12.10-07.23.30:151][638]LogWorld: Bringing up level for play took: 0.006144
[2015.12.10-07.23.30:156][638]LogPlayerManagement:Error: Failed to Create Player: A local player already exists for controller ID 0,
[2015.12.10-07.23.30:157][638]LogScript:Warning: Accessed None 'CallFunc_CreatePlayer_ReturnValue'
	Patrik_C /Game/Maps/UEDPIE_0_Patrik.Patrik:PersistentLevel.Patrik_C_0
	Function /Game/Maps/Patrik.Patrik_C:ExecuteUbergraph_Patrik:00E7
[2015.12.10-07.23.30:158][638]PIE:Error: Error Accessed None 'CallFunc_CreatePlayer_ReturnValue' from node Possess in graph 'EventGraph' in blueprint Patrik
[2015.12.10-07.23.30:158][638]LogScript:Warning: Accessed None 'CallFunc_CreatePlayer_ReturnValue'
	Patrik_C /Game/Maps/UEDPIE_0_Patrik.Patrik:PersistentLevel.Patrik_C_0
	Function /Game/Maps/Patrik.Patrik_C:ExecuteUbergraph_Patrik:0108
[2015.12.10-07.23.30:159][638]PIE:Error: Error Accessed None 'CallFunc_CreatePlayer_ReturnValue' from node Possess in graph 'EventGraph' in blueprint Patrik
[2015.12.10-07.23.30:160][638]LogBlueprintUserMessages: [Patrik_C_0] Works
[2015.12.10-07.23.30:164][638]LogBlueprintUserMessages: [Patrik_C_0] Works
[2015.12.10-07.23.30:191][638]PIE: Info Play in editor start time for /Game/Maps/UEDPIE_0_Patrik 0.635
[2015.12.10-07.23.30:191][638]LogBlueprintUserMessages: Late PlayInEditor Detection: Level '/Game/Maps/Patrik.Patrik:PersistentLevel' has LevelScriptBlueprint '/Game/Maps/Patrik.Patrik:PersistentLevel.Patrik' with GeneratedClass '/Game/Maps/Patrik.Patrik_C' with ClassGeneratedBy '/Game/Maps/Patrik.Patrik:PersistentLevel.Patrik'
[2015.12.10-07.23.54:885][891]LogBlueprintUserMessages: [SpringBoard2] Hello
[2015.12.10-07.23.54:901][892]LogBlueprintUserMessages: [SpringBoard2] Hello
[2015.12.10-07.23.54:901][892]LogBlueprintUserMessages: [SpringBoard_132] Hello
[2015.12.10-07.23.54:901][892]LogBlueprintUserMessages: [SpringBoard2] Hello
[2015.12.10-07.23.54:901][892]LogBlueprintUserMessages: [SpringBoard2] Hello
[2015.12.10-07.23.54:918][893]LogBlueprintUserMessages: [SpringBoard2] Hello
[2015.12.10-07.23.54:918][893]LogBlueprintUserMessages: [SpringBoard_132] Hello
[2015.12.10-07.23.54:949][894]LogBlueprintUserMessages: [SpringBoard2] Hello
[2015.12.10-07.23.54:950][894]LogBlueprintUserMessages: [SpringBoard_132] Hello
[2015.12.10-07.23.54:966][895]LogBlueprintUserMessages: [SpringBoard2] Hello
[2015.12.10-07.23.54:982][896]LogBlueprintUserMessages: [SpringBoard2] Hello
[2015.12.10-07.23.54:983][896]LogBlueprintUserMessages: [SpringBoard2] Hello
[2015.12.10-07.23.55:011][897]LogBlueprintUserMessages: [SpringBoard2] Hello
[2015.12.10-07.24.25:486][493]LogBlueprintUserMessages: Early EndPlayMap Detection: Level '/Game/Maps/Patrik.Patrik:PersistentLevel' has LevelScriptBlueprint '/Game/Maps/Patrik.Patrik:PersistentLevel.Patrik' with GeneratedClass '/Game/Maps/Patrik.Patrik_C' with ClassGeneratedBy '/Game/Maps/Patrik.Patrik:PersistentLevel.Patrik'
[2015.12.10-07.24.25:542][493]LogPhysics:Warning: FBodyInstance::ApplyMaterialToShape_AssumesLocked : PComplexMats is empty - falling back on simple physical material.
[2015.12.10-07.24.25:543][493]LogPhysics:Warning: FBodyInstance::ApplyMaterialToShape_AssumesLocked : PComplexMats is empty - falling back on simple physical material.
[2015.12.10-07.24.25:639][493]LogBlueprintUserMessages: Late EndPlayMap Detection: Level '/Game/Maps/Patrik.Patrik:PersistentLevel' has LevelScriptBlueprint '/Game/Maps/Patrik.Patrik:PersistentLevel.Patrik' with GeneratedClass '/Game/Maps/Patrik.Patrik_C' with ClassGeneratedBy '/Game/Maps/Patrik.Patrik:PersistentLevel.Patrik'
[2015.12.10-07.24.25:775][493]LogParticles: Destroying 0 GPU particle simulations for FXSystem 0x0000027913138220
[2015.12.10-07.25.13:641][748]LogVSAccessor:Warning: Visual Studio is open but could not be queried - it may be blocked by a modal operation
[2015.12.10-07.25.15:482][749]LogVSAccessor:Warning: Couldn't goto line number '0' in 'C:/Users/Simon/Documents/GitHub/MAH_Arena_UnrealProject/UnrealProject/Source/UnrealProject/PawnCar.h'
[2015.12.10-07.25.15:772][749]LogVSAccessor:Warning: Couldn't goto line number '0' in 'C:/Users/Simon/Documents/GitHub/MAH_Arena_UnrealProject/UnrealProject/Source/UnrealProject/PawnCar.cpp'
[2015.12.10-07.36.21:097][280]Recompiling UnrealProject...
[2015.12.10-07.36.21:097][280]Launching UnrealBuildTool... [D:/Program Files/Epic Games/4.9/Engine/Binaries/DotNET/UnrealBuildTool.exe UnrealProject -ModuleWithSuffix UnrealProject 9271 Win64 Development -editorrecompile -canskiplink "C:/Users/Simon/Documents/GitHub/MAH_Arena_UnrealProject/UnrealProject/UnrealProject.uproject" -rocket  -rocket]
[2015.12.10-07.36.21:187][280]Warning: Starting HotReload took  0.1s.
[2015.12.10-07.37.25:908][130]CompilerResultsLog: New page: Compilation - Dec 10, 2015, 9:37:25 AM
[2015.12.10-07.37.25:909][130]CompilerResultsLog: Info Compiling game modules for hot reload
[2015.12.10-07.37.25:909][130]CompilerResultsLog: Info Parsing headers for UnrealProjectEditor
[2015.12.10-07.37.25:909][130]CompilerResultsLog: Info   Running UnrealHeaderTool "C:/Users/Simon/Documents/GitHub/MAH_Arena_UnrealProject/UnrealProject/UnrealProject.uproject" "C:\Users\Simon\Documents\GitHub\MAH_Arena_UnrealProject\UnrealProject\Intermediate\Build\Win64\UnrealProjectEditor\Development\UnrealHeaderTool.manifest" -LogCmds="loginit warning, logexit warning, logdatabase error" -rocket -installed
[2015.12.10-07.37.25:909][130]CompilerResultsLog: Info Reflection code generated for UnrealProjectEditor in 42.551583 seconds
[2015.12.10-07.37.25:909][130]CompilerResultsLog: Info Performing 5 actions (2 in parallel)
[2015.12.10-07.37.25:909][130]CompilerResultsLog: Info PawnCar.cpp
[2015.12.10-07.37.25:909][130]CompilerResultsLog: Info CarController.cpp
[2015.12.10-07.37.25:909][130]CompilerResultsLog:Error: Error C:\Users\Simon\Documents\GitHub\MAH_Arena_UnrealProject\UnrealProject\Source\UnrealProject\PawnCar.cpp(57)  : error C2065: 'transform' : undeclared identifier
[2015.12.10-07.37.25:909][130]CompilerResultsLog:Error: Error C:\Users\Simon\Documents\GitHub\MAH_Arena_UnrealProject\UnrealProject\Source\UnrealProject\PawnCar.cpp(102)  : error C2065: 'turn' : undeclared identifier
[2015.12.10-07.37.25:909][130]CompilerResultsLog: Info UnrealProjectGameMode.cpp
[2015.12.10-07.37.25:909][130]CompilerResultsLog: Info UnrealProject.generated.cpp
[2015.12.10-07.37.25:909][130]CompilerResultsLog: Info -------- End Detailed Actions Stats -----------------------------------------------------------
[2015.12.10-07.37.25:909][130]CompilerResultsLog: Info ERROR: UBT ERROR: Failed to produce item: C:\Users\Simon\Documents\GitHub\MAH_Arena_UnrealProject\UnrealProject\Binaries\Win64\UE4Editor-UnrealProject-9271.dll
[2015.12.10-07.37.25:909][130]CompilerResultsLog: Info Total build time: 64.53 seconds
[2015.12.10-07.37.25:909][130]LogMainFrame: MainFrame: Module compiling took 64.816 seconds
[2015.12.10-07.37.25:909][130]Warning: HotReload failed, recompile failed
[2015.12.10-07.37.50:334][733]Recompiling UnrealProject...
[2015.12.10-07.37.50:334][733]Launching UnrealBuildTool... [D:/Program Files/Epic Games/4.9/Engine/Binaries/DotNET/UnrealBuildTool.exe UnrealProject -ModuleWithSuffix UnrealProject 4405 Win64 Development -editorrecompile -canskiplink "C:/Users/Simon/Documents/GitHub/MAH_Arena_UnrealProject/UnrealProject/UnrealProject.uproject" -rocket  -rocket]
[2015.12.10-07.37.50:337][733]Warning: Starting HotReload took  0.0s.
[2015.12.10-07.38.15:890][130]CompilerResultsLog: New page: Compilation - Dec 10, 2015, 9:38:15 AM
[2015.12.10-07.38.15:890][130]CompilerResultsLog: Info Compiling game modules for hot reload
[2015.12.10-07.38.15:890][130]CompilerResultsLog: Info Performing 2 actions (2 in parallel)
[2015.12.10-07.38.15:890][130]CompilerResultsLog: Info PawnCar.cpp
[2015.12.10-07.38.15:890][130]CompilerResultsLog: Info [2/2] Link UE4Editor-UnrealProject-4405.dll
[2015.12.10-07.38.15:890][130]CompilerResultsLog: Info    Creating library C:\Users\Simon\Documents\GitHub\MAH_Arena_UnrealProject\UnrealProject\Intermediate/Build/Win64\UE4Editor\Development\UE4Editor-UnrealProject-4405.lib and object C:\Users\Simon\Documents\GitHub\MAH_Arena_UnrealProject\UnrealProject\Intermediate/Build/Win64\UE4Editor\Development\UE4Editor-UnrealProject-4405.exp
[2015.12.10-07.38.15:890][130]CompilerResultsLog: Info -------- End Detailed Actions Stats -----------------------------------------------------------
[2015.12.10-07.38.15:890][130]CompilerResultsLog: Info Total build time: 25.39 seconds
[2015.12.10-07.38.15:890][130]LogMainFrame: MainFrame: Module compiling took 25.562 seconds
[2015.12.10-07.38.15:891][130]LogActorComponent: UnregisterComponent: (/Engine/Transient.Movement) Not registered. Aborting.
[2015.12.10-07.38.15:995][130]LogClass: Could not find existing class PawnCar in package /Script/UnrealProject for HotReload, assuming new class
[2015.12.10-07.38.15:995][130]LogClass: Function AddImpulse is new.
[2015.12.10-07.38.16:012][130]LogHotReload: Re-instancing PawnCar after hot-reload.
[2015.12.10-07.38.16:144][130]PIE:Warning: Warning Invalid Simulate Options: Body (PawnCarBP_C_2.Root) is set to simulate physics but Collision Enabled is incompatible
[2015.12.10-07.38.16:144][130]PIE:Warning: Warning Invalid Simulate Options: Body (PawnCarBP_C_2.Root) is set to simulate physics but Collision Enabled is incompatible
[2015.12.10-07.38.16:147][130]LogUObjectGlobals:Warning: Guid is in use by BoxComponent /Game/Maps/Patrik.Patrik:PersistentLevel.PawnCarBP_C_0.Root and BoxComponent /Game/Maps/Patrik.Patrik:PersistentLevel.PawnCarBP_C_2.Root, which should never happen in the editor but could happen at runtime with duplicate level loading or PIE
[2015.12.10-07.38.16:147][130]LogUObjectGlobals:Warning: Guid is in use by StaticMeshComponent /Game/Maps/Patrik.Patrik:PersistentLevel.PawnCarBP_C_0.StaticMesh and StaticMeshComponent /Game/Maps/Patrik.Patrik:PersistentLevel.PawnCarBP_C_2.StaticMesh, which should never happen in the editor but could happen at runtime with duplicate level loading or PIE
[2015.12.10-07.38.16:147][130]LogUObjectGlobals:Warning: Guid is in use by FloatingPawnMovement /Game/Maps/Patrik.Patrik:PersistentLevel.PawnCarBP_C_0.Movement and FloatingPawnMovement /Game/Maps/Patrik.Patrik:PersistentLevel.PawnCarBP_C_2.Movement, which should never happen in the editor but could happen at runtime with duplicate level loading or PIE
[2015.12.10-07.38.16:148][130]PIE:Warning: Warning Invalid Simulate Options: Body (PawnCarBP_C_3.Root) is set to simulate physics but Collision Enabled is incompatible
[2015.12.10-07.38.16:148][130]PIE:Warning: Warning Invalid Simulate Options: Body (PawnCarBP_C_3.Root) is set to simulate physics but Collision Enabled is incompatible
[2015.12.10-07.38.16:149][130]LogUObjectGlobals:Warning: Guid is in use by BoxComponent /Game/Maps/Patrik.Patrik:PersistentLevel.PawnCarBP_C_1.Root and BoxComponent /Game/Maps/Patrik.Patrik:PersistentLevel.PawnCarBP_C_3.Root, which should never happen in the editor but could happen at runtime with duplicate level loading or PIE
[2015.12.10-07.38.16:149][130]LogUObjectGlobals:Warning: Guid is in use by StaticMeshComponent /Game/Maps/Patrik.Patrik:PersistentLevel.PawnCarBP_C_1.StaticMesh and StaticMeshComponent /Game/Maps/Patrik.Patrik:PersistentLevel.PawnCarBP_C_3.StaticMesh, which should never happen in the editor but could happen at runtime with duplicate level loading or PIE
[2015.12.10-07.38.16:149][130]LogUObjectGlobals:Warning: Guid is in use by FloatingPawnMovement /Game/Maps/Patrik.Patrik:PersistentLevel.PawnCarBP_C_1.Movement and FloatingPawnMovement /Game/Maps/Patrik.Patrik:PersistentLevel.PawnCarBP_C_3.Movement, which should never happen in the editor but could happen at runtime with duplicate level loading or PIE
[2015.12.10-07.38.16:233][130]LogContentBrowser: Native class hierarchy updated for 'UnrealProject' in 0.0032 seconds. Added 4 classes and 3 folders.
[2015.12.10-07.38.16:238][130]Warning: HotReload successful (0 functions remapped  0 scriptstructs remapped)
[2015.12.10-07.38.16:254][130]LogBlueprint:Error: [compiler SpringBoard] Error Could not find a pin for the parameter Impulse of AddImpulse on  Add Impulse 
[2015.12.10-07.38.16:255][130]LogBlueprint:Error: [compiler SpringBoard] Error Pin  Impuls  named impuls doesn't match any parameters of function AddImpulse
[2015.12.10-07.38.16:322][130]LogBlueprint:Warning: [compiler SpringBoard] Warning [1286.15] Compile of SpringBoard failed. 2 Fatal Issue(s) 0 Warning(s) [in 72 ms]
[2015.12.10-07.38.16:322][130]LogBlueprint:Warning: [compiler SpringBoard] Warning [1286.15] Compile of SpringBoard failed. 2 Fatal Issue(s) 1 Warning(s) [in 0 ms]
[2015.12.10-07.38.16:323][130]LogBlueprint:Warning: [compiler SpringBoard] Warning [1286.15] Compile of SpringBoard failed. 2 Fatal Issue(s) 2 Warning(s) [in 0 ms]
[2015.12.10-07.38.16:324][130]LogBlueprint:Warning: [compiler SpringBoard] Warning [1286.15] Compile of SpringBoard failed. 2 Fatal Issue(s) 3 Warning(s) [in 1 ms]
[2015.12.10-07.38.17:049][130]LogContentBrowser: Native class hierarchy populated in 0.0152 seconds. Added 1872 classes and 338 folders.
[2015.12.10-07.38.28:790][776]LogBlueprintUserMessages: Early PlayInEditor Detection: Level '/Game/Maps/Patrik.Patrik:PersistentLevel' has LevelScriptBlueprint '/Game/Maps/Patrik.Patrik:PersistentLevel.Patrik' with GeneratedClass '/Game/Maps/Patrik.Patrik_C' with ClassGeneratedBy '/Game/Maps/Patrik.Patrik:PersistentLevel.Patrik'
[2015.12.10-07.38.28:790][776]LogPlayLevel: PlayLevel: No blueprints needed recompiling
[2015.12.10-07.38.32:065][885]Recompiling UnrealProject...
[2015.12.10-07.38.32:065][885]Launching UnrealBuildTool... [D:/Program Files/Epic Games/4.9/Engine/Binaries/DotNET/UnrealBuildTool.exe UnrealProject -ModuleWithSuffix UnrealProject 280 Win64 Development -editorrecompile -canskipli