[2015.11.12-10.50.35:713][  0]Log file open, 11/12/15 11:50:35
[2015.11.12-10.50.35:713][  0]LogInit:Display: Running engine for game: UnrealProject
[2015.11.12-10.50.35:713][  0]LogInit:Display: RandInit(-1628292498) SRandInit(-1628292497).
[2015.11.12-10.50.35:713][  0]LogTaskGraph: Started task graph with 4 named threads and 7 total threads.
[2015.11.12-10.50.35:713][  0]LogStats: Stats thread started at 0.097134
[2015.11.12-10.50.35:713][  0]LogInit: Version: 4.9.2-2707645+++depot+UE4-Releases+4.9
[2015.11.12-10.50.35:713][  0]LogInit: API Version: 2672455
[2015.11.12-10.50.35:713][  0]LogInit: Compiled (64-bit): Sep 28 2015 10:25:44
[2015.11.12-10.50.35:713][  0]LogInit: Compiled with Visual C++: 18.00.21005.01
[2015.11.12-10.50.35:713][  0]LogInit: Build Configuration: Development
[2015.11.12-10.50.35:713][  0]LogInit: Branch Name: ++depot+UE4-Releases+4.9
[2015.11.12-10.50.35:713][  0]LogInit: Command line:  
[2015.11.12-10.50.35:713][  0]LogInit: Base directory: D:/Unreal Engine/Epic Games/4.9/Engine/Binaries/Win64/
[2015.11.12-10.50.35:713][  0]LogInit: Rocket: 1
[2015.11.12-10.50.35:721][  0]LogInit: Using libcurl 7.41.0
[2015.11.12-10.50.35:721][  0]LogInit:  - built for x86_64-pc-win32
[2015.11.12-10.50.35:721][  0]LogInit:  - supports SSL with WinSSL
[2015.11.12-10.50.35:721][  0]LogInit:  - other features:
[2015.11.12-10.50.35:721][  0]LogInit:      CURL_VERSION_SSL
[2015.11.12-10.50.35:721][  0]LogInit:      CURL_VERSION_IPV6
[2015.11.12-10.50.35:721][  0]LogInit:      CURL_VERSION_ASYNCHDNS
[2015.11.12-10.50.35:721][  0]LogInit:      CURL_VERSION_LARGEFILE
[2015.11.12-10.50.35:721][  0]LogInit:      CURL_VERSION_IDN
[2015.11.12-10.50.35:721][  0]LogInit:  CurlRequestOptions (configurable via config and command line):
[2015.11.12-10.50.35:721][  0]LogInit:  - bVerifyPeer = true  - Libcurl will verify peer certificate
[2015.11.12-10.50.35:721][  0]LogInit:  - bUseHttpProxy = false  - Libcurl will NOT use HTTP proxy
[2015.11.12-10.50.35:721][  0]LogInit:  - bDontReuseConnections = false  - Libcurl will reuse connections
[2015.11.12-10.50.35:721][  0]LogInit:  - CertBundlePath = nullptr  - Libcurl will use whatever was configured at build time.
[2015.11.12-10.50.35:727][  0]LogInit: Presizing for 0 objects not considered by GC, pre-allocating 0 bytes.
[2015.11.12-10.50.35:730][  0]LogInit: Object subsystem initialized
[2015.11.12-10.50.35:730][  0]LogInit: Selected Device Profile: [Windows]
[2015.11.12-10.50.35:730][  0]LogInit: Applying CVar settings loaded from the selected device profile: [Windows]
[2015.11.12-10.50.35:741][  0]LogInit: Computer: DAVE
[2015.11.12-10.50.35:741][  0]LogInit: User: Joppeloppe
[2015.11.12-10.50.35:741][  0]LogInit: CPU Page size=4096, Cores=4
[2015.11.12-10.50.35:741][  0]LogInit: High frequency timer resolution =2.435780 MHz
[2015.11.12-10.50.35:741][  0]LogMemory: Memory total: Physical=15.9GB (16GB approx)
[2015.11.12-10.50.35:741][  0]LogMemory: Platform Memory Stats for Windows
[2015.11.12-10.50.35:741][  0]LogMemory: Process Physical Memory: 53.92 MB used, 53.92 MB peak
[2015.11.12-10.50.35:741][  0]LogMemory: Process Virtual Memory: 55.40 MB used, 55.40 MB peak
[2015.11.12-10.50.35:741][  0]LogMemory: Physical Memory: 3505.27 MB used, 16302.95 MB total
[2015.11.12-10.50.35:741][  0]LogMemory: Virtual Memory: 364.64 MB used, 134217728.00 MB total
[2015.11.12-10.50.35:769][  0]LogTextLocalizationManager: No specific translations for ('en-GB') exist, so ('en') translations will be used.
[2015.11.12-10.50.36:661][  0]LogD3D11RHI: Found D3D11 adapter 0: NVIDIA GeForce GTX 870M  (Feature Level 11_0)
[2015.11.12-10.50.36:661][  0]LogD3D11RHI: Adapter has 3008MB of dedicated video memory, 0MB of dedicated system memory, and 8151MB of shared system memory, 1 output[s]
[2015.11.12-10.50.36:667][  0]LogD3D11RHI: Found D3D11 adapter 1: Intel(R) HD Graphics 4600 (Feature Level 11_0)
[2015.11.12-10.50.36:667][  0]LogD3D11RHI: Adapter has 112MB of dedicated video memory, 0MB of dedicated system memory, and 8151MB of shared system memory, 0 output[s]
[2015.11.12-10.50.36:668][  0]LogD3D11RHI: Found D3D11 adapter 2: Microsoft Basic Render Driver (Feature Level 11_0)
[2015.11.12-10.50.36:668][  0]LogD3D11RHI: Adapter has 0MB of dedicated video memory, 0MB of dedicated system memory, and 8151MB of shared system memory, 0 output[s]
[2015.11.12-10.50.36:668][  0]LogD3D11RHI: Chosen D3D11 Adapter Id = 0
[2015.11.12-10.50.36:672][  0]LogD3D11RHI: !Direct3DDevice
[2015.11.12-10.50.36:672][  0]LogRHI: Texture pool is 1361 MB (70% of 1945 MB)
[2015.11.12-10.50.36:684][  0]LogD3D11RHI: Async texture creation enabled
[2015.11.12-10.50.36:703][  0]LogShaderCompilers: Guid format shader working directory is 15 characters bigger than the processId version (../../../../../../Git/MAH_Arena_UnrealProject/UnrealProject/Intermediate/Shaders/WorkingDirectory/8276/).
[2015.11.12-10.50.36:703][  0]LogShaderCompilers: Cleaned the shader compiler working directory '../../../../../../Git/MAH_Arena_UnrealProject/UnrealProject/Intermediate/Shaders/tmp/9CE109D44189C5A47847849E1C5ABFB3/'.
[2015.11.12-10.50.36:703][  0]LogShaderCompilers:Display: Using Local Shader Compiler.
[2015.11.12-10.50.37:619][  0]LogTemp:Display: Loaded TP AllDesktopTargetPlatform
[2015.11.12-10.50.37:624][  0]LogTemp:Display: Loaded TP WindowsClientTargetPlatform
[2015.11.12-10.50.37:628][  0]LogTemp:Display: Loaded TP WindowsNoEditorTargetPlatform
[2015.11.12-10.50.37:633][  0]LogTemp:Display: Loaded TP WindowsServerTargetPlatform
[2015.11.12-10.50.37:637][  0]LogTemp:Display: Loaded TP WindowsTargetPlatform
[2015.11.12-10.50.37:640][  0]LogTemp:Display: Loaded TP AndroidTargetPlatform
[2015.11.12-10.50.37:643][  0]LogTemp:Display: Loaded TP Android_ASTCTargetPlatform
[2015.11.12-10.50.37:646][  0]LogTemp:Display: Loaded TP Android_ATCTargetPlatform
[2015.11.12-10.50.37:649][  0]LogTemp:Display: Loaded TP Android_DXTTargetPlatform
[2015.11.12-10.50.37:653][  0]LogTemp:Display: Loaded TP Android_ETC1TargetPlatform
[2015.11.12-10.50.37:656][  0]LogTemp:Display: Loaded TP Android_ETC2TargetPlatform
[2015.11.12-10.50.37:659][  0]LogTemp:Display: Loaded TP Android_PVRTCTargetPlatform
[2015.11.12-10.50.37:660][  0]LogTemp:Display: Loaded TP HTML5TargetPlatform
[2015.11.12-10.50.37:676][  0]LogTemp:Display: Loaded TP IOSTargetPlatform
[2015.11.12-10.50.37:679][  0]LogTemp:Display: Loaded TP LinuxNoEditorTargetPlatform
[2015.11.12-10.50.37:682][  0]LogTemp:Display: Loaded TP LinuxServerTargetPlatform
[2015.11.12-10.50.37:686][  0]LogTemp:Display: Loaded TP LinuxTargetPlatform
[2015.11.12-10.50.37:686][  0]LogTargetPlatformManager:Display: Building Assets For Windows
[2015.11.12-10.50.37:762][  0]LogDerivedDataCache:Display: Max Cache Size: 512 MB
[2015.11.12-10.50.37:801][  0]LogDerivedDataCache: Loaded boot cache 0.04s 41MB C:/Users/Joppeloppe/AppData/Local/UnrealEngine/4.9/DerivedDataCache/Boot.ddc.
[2015.11.12-10.50.37:801][  0]LogDerivedDataCache:Display: Loaded Boot cache: C:/Users/Joppeloppe/AppData/Local/UnrealEngine/4.9/DerivedDataCache/Boot.ddc
[2015.11.12-10.50.37:801][  0]LogDerivedDataCache: FDerivedDataBackendGraph:  Pak pak cache file ../../../../../../Git/MAH_Arena_UnrealProject/UnrealProject/DerivedDataCache/DDC.ddp not found, will not use a pak cache.
[2015.11.12-10.50.37:801][  0]LogDerivedDataCache: Unable to find inner node Pak for hierarchical cache Hierarchy.
[2015.11.12-10.50.37:801][  0]LogDerivedDataCache: FDerivedDataBackendGraph:  CompressedPak pak cache file ../../../../../../Git/MAH_Arena_UnrealProject/UnrealProject/DerivedDataCache/Compressed.ddp not found, will not use a pak cache.
[2015.11.12-10.50.37:801][  0]LogDerivedDataCache: Unable to find inner node CompressedPak for hierarchical cache Hierarchy.
[2015.11.12-10.50.37:925][  0]LogDerivedDataCache:Display: Pak cache opened for reading ../../../Engine/DerivedDataCache/Compressed.ddp.
[2015.11.12-10.50.37:937][  0]LogDerivedDataCache: Using Local data cache path C:/Users/Joppeloppe/AppData/Local/UnrealEngine/Common/DerivedDataCache: Writable
[2015.11.12-10.50.38:106][  0]LogInit: Selected Device Profile: [Windows]
[2015.11.12-10.50.38:109][  0]LogContentStreaming: Texture pool size is 0.000000MB
[2015.11.12-10.50.38:218][  0]LogMeshUtilities: No automatic mesh reduction module available
[2015.11.12-10.50.38:218][  0]LogMeshUtilities: No automatic mesh merging module available
[2015.11.12-10.50.38:434][  0]LogInit: WinSock: version 1.1 (2.2), MaxSocks=32767, MaxUdp=65467
[2015.11.12-10.50.39:256][  0]UdpMessaging: Initializing bridge on interface 0.0.0.0:0 to multicast group 230.0.0.1:6666.
[2015.11.12-10.50.39:408][  0]LogAssetRegistry: FAssetRegistry took 0.0111 seconds to start up
[2015.11.12-10.50.39:554][  0]SourceControl: Info Source control is disabled
[2015.11.12-10.50.39:581][  0]SourceControl: Info Source control is disabled
[2015.11.12-10.50.39:593][  0]SourceControl: Info Source control is disabled
[2015.11.12-10.50.39:605][  0]SourceControl: Info Source control is disabled
[2015.11.12-10.50.39:745][  0]LogLinker:Warning: Asset '../../../Engine/Plugins/Runtime/LeapMotionController/Content/LM_PassthroughMaterial.uasset' has been saved with empty engine version. The asset will be loaded but may be incompatible.
[2015.11.12-10.50.39:819][  0]LogObj: 28365 objects as part of root set at end of initial load.
[2015.11.12-10.50.39:819][  0]LogUObjectAllocator: 6040840 out of 0 bytes used by permanent object pool.
[2015.11.12-10.50.39:870][  0]LogEngine: Initializing Engine...
[2015.11.12-10.50.39:872][  0]LogHMD: Can't find Oculus library dev build: is proper Runtime installed? Version: 0.7.0.0
[2015.11.12-10.50.39:872][  0]LogHMD: SteamVR failed to initialize.  Err: 110
[2015.11.12-10.50.39:984][  0]LogAIModule: Creating AISystem for world NewWorld
[2015.11.12-10.50.39:988][  0]LogInit: XAudio2 using 'Speakers (Realtek High Definition Audio)' : 2 channels at 48 kHz using 32 bits per sample (channel mask 0x3)
[2015.11.12-10.50.40:016][  0]LogInit: FAudioDevice initialized.
[2015.11.12-10.50.40:035][  0]LogDerivedDataCache: Saved boot cache 0.02s 41MB C:/Users/Joppeloppe/AppData/Local/UnrealEngine/4.9/DerivedDataCache/Boot.ddc.
[2015.11.12-10.50.40:037][  0]LogInit: Texture streaming: Enabled
[2015.11.12-10.50.40:042][  0]LogAnalytics: Creating configured Analytics provider AnalyticsET
[2015.11.12-10.50.40:042][  0]LogAnalytics: [UEEditor.Rocket.Release] APIServer = http://et2.epicgames.com/ET2/. AppVersion = 4.9.2-2707645+++depot+UE4-Releases+4.9
[2015.11.12-10.50.40:042][  0]LogAnalytics: [UEEditor.Rocket.Release] SetUserId e96f21c84cd30dfaf8357ea85cbdd907|adf14adba8cf4613b505579ec953ced3|1909aed9-d236-4331-aec8-a3ebd6e7aeb3
[2015.11.12-10.50.40:042][  0]LogAnalytics: [UEEditor.Rocket.Release] AnalyticsET::StartSession
[2015.11.12-10.50.40:051][  0]LogWindowsTextInputMethodSystem:Display: IME system now deactivated.
[2015.11.12-10.50.40:101][  0]LogInit: Transaction tracking system initialized
[2015.11.12-10.50.40:125][  0]BlueprintLog: New page: Editor Load
[2015.11.12-10.50.40:459][  0]LocalizationService: Info Localization service is disabled
[2015.11.12-10.50.40:523][  0]LogConsoleResponse:Display: 
[2015.11.12-10.50.40:627][  0]LogCook:Display: Done creating registry. It took  0.00s.
[2015.11.12-10.50.40:684][  0]LogFileCache: Scanning file cache for directory 'D:/Git/MAH_Arena_UnrealProject/UnrealProject/Content/' took 0.01s
[2015.11.12-10.50.40:684][  0]SourceControl: Info Source control is disabled
[2015.11.12-10.50.40:684][  0]Cmd: MAP LOAD FILE="../../../../../../Git/MAH_Arena_UnrealProject/UnrealProject/Content/StarterContent/Maps/Minimal_Default.umap" TEMPLATE=0 SHOWPROGRESS=1 FEATURELEVEL=3
[2015.11.12-10.50.40:685][  0]LightingResults: New page: Lighting Build
[2015.11.12-10.50.40:688][  0]MapCheck: New page: Map Check
[2015.11.12-10.50.40:688][  0]LightingResults: New page: Lighting Build
[2015.11.12-10.50.40:699][  0]LogParticles: Destroying 0 GPU particle simulations for FXSystem 0x000000FEC6A95E40
[2015.11.12-10.50.41:011][  0]LogAIModule: Creating AISystem for world Minimal_Default
[2015.11.12-10.50.41:017][  0]LogEditorServer: Finished looking for orphan Actors (0.000 secs)
[2015.11.12-10.50.41:018][  0]Cmd: MAP CHECKDEP NOCLEARLOG
[2015.11.12-10.50.41:092][  0]MapCheck: Info Map check complete: 0 Error(s), 0 Warning(s), took 73.984ms to complete.
[2015.11.12-10.50.41:092][  0]LogFileHelpers: Loading map 'Minimal_Default' took 0.408
[2015.11.12-10.50.41:196][  0]LogCollectionManager: Loaded 0 collections in 0.001769 seconds
[2015.11.12-10.50.41:238][  0]LogFileCache: Scanning file cache for directory 'D:/Git/MAH_Arena_UnrealProject/UnrealProject/Saved/Collections/' took 0.01s
[2015.11.12-10.50.41:238][  0]LogFileCache: Scanning file cache for directory 'D:/Git/MAH_Arena_UnrealProject/UnrealProject/Content/Developers/Joppeloppe/Collections/' took 0.01s
[2015.11.12-10.50.41:238][  0]LogFileCache: Scanning file cache for directory 'D:/Git/MAH_Arena_UnrealProject/UnrealProject/Content/Collections/' took 0.01s
[2015.11.12-10.50.41:238][  0]LogContentBrowser: Native class hierarchy populated in 0.0080 seconds. Added 1868 classes and 335 folders.
[2015.11.12-10.50.41:242][  0]LogCollectionManager: Rebuilt the GUID cache for 0 collections in 0.000002 seconds
[2015.11.12-10.50.41:249][  0]LogContentBrowser: Native class hierarchy updated for 'WidgetCarousel' in 0.0018 seconds. Added 0 classes and 0 folders.
[2015.11.12-10.50.41:304][  0]LogContentBrowser: Native class hierarchy updated for 'AddContentDialog' in 0.0018 seconds. Added 0 classes and 0 folders.
[2015.11.12-10.50.41:308][  0]LogContentBrowser: Native class hierarchy updated for 'SceneOutliner' in 0.0017 seconds. Added 1 classes and 2 folders.
[2015.11.12-10.50.41:330][  0]LogCrashTracker: Crashtracker disabled due to settings.
[2015.11.12-10.50.41:333][  0]LogUObjectGlobals:Warning: Failed to find object 'Class None.'
[2015.11.12-10.50.41:355][  0]LogLoad: Full Startup: 6.50 seconds (BP compile: 0.04 seconds)
[2015.11.12-10.50.41:429][  0]LogContentStreaming: Texture pool size now 1000 MB
[2015.11.12-10.50.41:551][  2]LogRenderer: Reallocating scene render targets to support 808x368 (Frame:2).
[2015.11.12-10.50.41:675][  2]LogAssetRegistry: Asset discovery search completed in 2.2788 seconds
[2015.11.12-10.50.41:675][  2]LogCollectionManager: Rebuilt the object cache for 0 collections in 0.000002 seconds (found 0 objects)
[2015.11.12-10.50.41:675][  2]LogCollectionManager: Fixed up redirectors for 0 collections in 0.000042 seconds (updated 0 objects)
[2015.11.12-10.50.56:681][194]LogRenderer: Reallocating scene render targets to support 1208x600 (Frame:159).
[2015.11.12-10.51.07:521][832]LogBlueprintUserMessages: Early PlayInEditor Detection: Level '/Game/StarterContent/Maps/Minimal_Default.Minimal_Default:PersistentLevel' has LevelScriptBlueprint '/Game/StarterContent/Maps/Minimal_Default.Minimal_Default:PersistentLevel.Minimal_Default' with GeneratedClass '/Game/StarterContent/Maps/Minimal_Default.Minimal_Default_C' with ClassGeneratedBy '/Game/StarterContent/Maps/Minimal_Default.Minimal_Default:PersistentLevel.Minimal_Default'
[2015.11.12-10.51.07:521][832]LogPlayLevel: PlayLevel: No blueprints needed recompiling
[2015.11.12-10.51.07:522][832]PIE: New page: PIE session: Minimal_Default (12 Nov 2015 12:51:07)
[2015.11.12-10.51.07:522][832]LogPlayLevel: Creating play world package: /Game/StarterContent/Maps/UEDPIE_0_Minimal_Default
[2015.11.12-10.51.07:528][832]LogPlayLevel: PIE: StaticDuplicateObject took: (0.006429s)
[2015.11.12-10.51.07:529][832]LogAIModule: Creating AISystem for world Minimal_Default
[2015.11.12-10.51.07:529][832]LogPlayLevel: PIE: World Init took: (0.000601s)
[2015.11.12-10.51.07:529][832]LogPlayLevel: PIE: Created PIE world by copying editor world from /Game/StarterContent/Maps/Minimal_Default.Minimal_Default to /Game/StarterContent/Maps/UEDPIE_0_Minimal_Default.Minimal_Default (0.007196s)
[2015.11.12-10.51.07:545][832]LogInit: XAudio2 using 'Speakers (Realtek High Definition Audio)' : 2 channels at 48 kHz using 32 bits per sample (channel mask 0x3)
[2015.11.12-10.51.07:554][832]LogInit: FAudioDevice initialized.
[2015.11.12-10.51.07:600][832]LogWorld: Game class is 'UnrealProjectGameMode'
[2015.11.12-10.51.07:605][832]LogWorld: Bringing World /Game/StarterContent/Maps/UEDPIE_0_Minimal_Default.Minimal_Default up for play (max tick rate 60) at 2015.11.12-11.51.07
[2015.11.12-10.51.07:605][832]LogActor:Warning: GameSession /Game/StarterContent/Maps/UEDPIE_0_Minimal_Default.Minimal_Default:PersistentLevel.GameSession_0 has natively added scene component(s), but none of them were set as the actor's RootComponent - picking one arbitrarily
[2015.11.12-10.51.07:605][832]LogActor:Warning: GameNetworkManager /Game/StarterContent/Maps/UEDPIE_0_Minimal_Default.Minimal_Default:PersistentLevel.GameNetworkManager_0 has natively added scene component(s), but none of them were set as the actor's RootComponent - picking one arbitrarily
[2015.11.12-10.51.07:605][832]LogWorld: Bringing up level for play took: 0.003733
[2015.11.12-10.51.07:682][832]PIE: Info Play in editor start time for /Game/StarterContent/Maps/UEDPIE_0_Minimal_Default 0.311
[2015.11.12-10.51.07:683][832]LogBlueprintUserMessages: Late PlayInEditor Detection: Level '/Game/StarterContent/Maps/Minimal_Default.Minimal_Default:PersistentLevel' has LevelScriptBlueprint '/Game/StarterContent/Maps/Minimal_Default.Minimal_Default:PersistentLevel.Minimal_Default' with GeneratedClass '/Game/StarterContent/Maps/Minimal_Default.Minimal_Default_C' with ClassGeneratedBy '/Game/StarterContent/Maps/Minimal_Default.Minimal_Default:PersistentLevel.Minimal_Default'
[2015.11.12-10.51.09:236][920]LogBlueprintUserMessages: Early EndPlayMap Detection: Level '/Game/StarterContent/Maps/Minimal_Default.Minimal_Default:PersistentLevel' has LevelScriptBlueprint '/Game/StarterContent/Maps/Minimal_Default.Minimal_Default:PersistentLevel.Minimal_Default' with GeneratedClass '/Game/StarterContent/Maps/Minimal_Default.Minimal_Default_C' with ClassGeneratedBy '/Game/StarterContent/Maps/Minimal_Default.Minimal_Default:PersistentLevel.Minimal_Default'
[2015.11.12-10.51.09:270][920]LogBlueprintUserMessages: Late EndPlayMap Detection: Level '/Game/StarterContent/Maps/Minimal_Default.Minimal_Default:PersistentLevel' has LevelScriptBlueprint '/Game/StarterContent/Maps/Minimal_Default.Minimal_Default:PersistentLevel.Minimal_Default' with GeneratedClass '/Game/StarterContent/Maps/Minimal_Default.Minimal_Default_C' with ClassGeneratedBy '/Game/StarterContent/Maps/Minimal_Default.Minimal_Default:PersistentLevel.Minimal_Default'
[2015.11.12-10.51.09:283][920]LogParticles: Destroying 0 GPU particle simulations for FXSystem 0x000000FEC2B33100
[2015.11.12-10.51.11:384][ 46]LogVSAccessor:Warning: Couldn't access Visual Studio
[2015.11.12-10.51.11:387][ 46]Recompiling UnrealProject...
[2015.11.12-10.51.11:387][ 46]Launching UnrealBuildTool... [D:/Unreal Engine/Epic Games/4.9/Engine/Binaries/DotNET/UnrealBuildTool.exe UnrealProject -ModuleWithSuffix UnrealProject 6048 Win64 Development -editorrecompile -canskiplink "D:/Git/MAH_Arena_UnrealProject/UnrealProject/UnrealProject.uproject" -rocket  -rocket]
[2015.11.12-10.51.11:406][ 46]Warning: Starting HotReload took  0.0s.
[2015.11.12-10.51.56:786][753]CompilerResultsLog: New page: Compilation - 12 Nov 2015 12:51:56
[2015.11.12-10.51.56:787][753]CompilerResultsLog: Info Performing full C++ include scan (hot reloading a new target)
[2015.11.12-10.51.56:787][753]CompilerResultsLog: Info Creating makefile for hot reloading UnrealProject (no existing makefile)
[2015.11.12-10.51.56:787][753]CompilerResultsLog: Info Compiling game modules for hot reload
[2015.11.12-10.51.56:787][753]CompilerResultsLog: Info Parsing headers for UnrealProjectEditor
[2015.11.12-10.51.56:787][753]CompilerResultsLog: Info   Running UnrealHeaderTool "D:/Git/MAH_Arena_UnrealProject/UnrealProject/UnrealProject.uproject" "D:\Git\MAH_Arena_UnrealProject\UnrealProject\Intermediate\Build\Win64\UnrealProjectEditor\Development\UnrealHeaderTool.manifest" -LogCmds="loginit warning, logexit warning, logdatabase error" -rocket -installed
[2015.11.12-10.51.56:787][753]CompilerResultsLog: Info Reflection code generated for UnrealProjectEditor in 8.1633854 seconds
[2015.11.12-10.51.56:787][753]CompilerResultsLog: Info Performing 10 actions (4 in parallel)
[2015.11.12-10.51.56:787][753]CompilerResultsLog: Info [2/10] Resource PCLaunch.rc
[2015.11.12-10.51.56:787][753]CompilerResultsLog: Info [3/10] Resource ModuleVersionResource.rc.inl
[2015.11.12-10.51.56:787][753]CompilerResultsLog: Info PCH.UnrealProject.h.cpp
[2015.11.12-10.51.56:787][753]LogMainFrame: MainFrame: Module compiling took 45.403 seconds
[2015.11.12-10.51.56:787][753]Warning: HotReload failed, recompile failed
[2015.11.12-10.52.05:459][946]LogWindowsTextInputMethodSystem:Display: IME system now deactivated.
[2015.11.12-10.52.05:722][947]Cmd: QUIT_EDITOR
[2015.11.12-10.52.06:338][947]LogExit: Preparing to exit.
[2015.11.12-10.52.07:407][947]LogExit: Editor shut down
[2015.11.12-10.52.07:407][947]LogExit: Transaction tracking system shut down
[2015.11.12-10.52.07:409][947]LogParticles: Destroying 0 GPU particle simulations for FXSystem 0x000000FEB6D7B7E0
[2015.11.12-10.52.07:409][947]LogParticles: Destroying 0 GPU particle simulations for FXSystem 0x000000FEC2987880
[2015.11.12-10.52.07:524][947]LogExit: Object subsystem successfully closed.
[2015.11.12-10.52.07:537][947]LogD3D11RHI: Shutdown
[2015.11.12-10.52.07:537][947]LogD3D11RHI: CleanupD3DDevice
[2015.11.12-10.52.07:588][947]LogD3D11RHI: ~FD3D11DynamicRHI
[2015.11.12-10.52.07:604][947]LogModuleManager: Shutting down and abandoning module CrashTracker (198)
[2015.11.12-10.52.07:604][947]LogModuleManager: Shutting down and abandoning module SceneOutliner (197)
[2015.11.12-10.52.07:604][947]LogModuleManager: Shutting down and abandoning module SuperSearch (196)
[2015.11.12-10.52.07:604][947]LogModuleManager: Shutting down and abandoning module WidgetCarousel (195)
[2015.11.12-10.52.07:604][947]LogModuleManager: Shutting down and abandoning module AddContentDialog (194)
[2015.11.12-10.52.07:605][947]LogModuleManager: Shutting down and abandoning module EditorWidgets (193)
[2015.11.12-10.52.07:605][947]LogModuleManager: Shutting down and abandoning module CollectionManager (192)
[2015.11.12-10.52.07:606][947]LogModuleManager: Shutting down and abandoning module StatsViewer (191)
[2015.11.12-10.52.07:606][947]LogModuleManager: Shutting down and abandoning module FoliageEdit (190)
[2015.11.12-10.52.07:606][947]LogModuleManager: Shutting down and abandoning module LandscapeEditor (189)
[2015.11.12-10.52.07:606][947]LogModuleManager: Shutting down and abandoning module ActorPickerMode (188)
[2015.11.12-10.52.07:606][947]LogModuleManager: Shutting down and abandoning module GeometryMode (187)
[2015.11.12-10.52.07:606][947]LogModuleManager: Shutting down and abandoning module TextureAlignMode (186)
[2015.11.12-10.52.07:606][947]LogModuleManager: Shutting down and abandoning module BspMode (185)
[2015.11.12-10.52.07:606][947]LogModuleManager: Shutting down and abandoning module PlacementMode (184)
[2015.11.12-10.52.07:606][947]LogModuleManager: Shutting down and abandoning module AutomationWorker (183)
[2015.11.12-10.52.07:606][947]LogModuleManager: Shutting down and abandoning module CharacterAI (182)
[2015.11.12-10.52.07:606][947]LogModuleManager: Shutting down and abandoning module SmartSnapping (181)
[2015.11.12-10.52.07:606][947]LogModuleManager: Shutting down and abandoning module ViewportSnapping (180)
[2015.11.12-10.52.07:606][947]LogModuleManager: Shutting down and abandoning module LogVisualizer (179)
[2015.11.12-10.52.07:606][947]LogModuleManager: Shutting down and abandoning module GameProjectGeneration (178)
[2015.11.12-10.52.07:606][947]LogModuleManager: Shutting down and abandoning module IntroTutorials (177)
[2015.11.12-10.52.07:606][947]LogModuleManager: Shutting down and abandoning module EditorLiveStreaming (176)
[2015.11.12-10.52.07:606][947]LogModuleManager: Shutting down and abandoning module IOSPlatformEditor (175)
[2015.11.12-10.52.07:606][947]LogModuleManager: Shutting down and abandoning module HTML5PlatformEditor (174)
[2015.11.12-10.52.07:606][947]LogModuleManager: Shutting down and abandoning module AndroidDeviceDetection (173)
[2015.11.12-10.52.08:523][947]LogModuleManager: Shutting down and abandoning module AndroidPlatformEditor (172)
[2015.11.12-10.52.08:523][947]LogModuleManager: Shutting down and abandoning module IOSRuntimeSettings (171)
[2015.11.12-10.52.08:523][947]LogModuleManager: Shutting down and abandoning module AndroidRuntimeSettings (170)
[2015.11.12-10.52.08:523][947]LogModuleManager: Shutting down and abandoning module MergeActors (169)
[2015.11.12-10.52.08:523][947]LogModuleManager: Shutting down and abandoning module SizeMap (168)
[2015.11.12-10.52.08:523][947]LogModuleManager: Shutting down and abandoning module TreeMap (167)
[2015.11.12-10.52.08:523][947]LogModuleManager: Shutting down and abandoning module ReferenceViewer (166)
[2015.11.12-10.52.08:523][947]LogModuleManager: Shutting down and abandoning module LocalizationService (165)
[2015.11.12-10.52.08:523][947]LogModuleManager: Shutting down and abandoning module LocalizationDashboard (164)
[2015.11.12-10.52.08:523][947]LogModuleManager: Shutting down and abandoning module HardwareTargeting (163)
[2015.11.12-10.52.08:523][947]LogModuleManager: Shutting down and abandoning module DeviceProfileEditor (162)
[2015.11.12-10.52.08:523][947]LogModuleManager: Shutting down and abandoning module UndoHistory (161)
[2015.11.12-10.52.08:523][947]LogModuleManager: Shutting down and abandoning module GameplayTagsEditor (160)
[2015.11.12-10.52.08:523][947]LogModuleManager: Shutting down and abandoning module UserFeedback (159)
[2015.11.12-10.52.08:523][947]LogModuleManager: Shutting down and abandoning module XmlParser (158)
[2015.11.12-10.52.08:523][947]LogModuleManager: Shutting down and abandoning module Blutility (157)
[2015.11.12-10.52.08:523][947]LogModuleManager: Shutting down and abandoning module ProjectTargetPlatformEditor (156)
[2015.11.12-10.52.08:523][947]LogModuleManager: Shutting down and abandoning module ProjectSettingsViewer (155)
[2015.11.12-10.52.08:523][947]LogModuleManager: Shutting down and abandoning module InputBindingEditor (154)
[2015.11.12-10.52.08:523][947]LogModuleManager: Shutting down and abandoning module EditorSettingsViewer (153)
[2015.11.12-10.52.08:523][947]LogModuleManager: Shutting down and abandoning module SettingsEditor (152)
[2015.11.12-10.52.08:523][947]LogModuleManager: Shutting down and abandoning module ProjectLauncher (151)
[2015.11.12-10.52.08:523][947]LogModuleManager: Shutting down and abandoning module SessionFrontend (150)
[2015.11.12-10.52.08:523][947]LogModuleManager: Shutting down and abandoning module ProfilerClient (149)
[2015.11.12-10.52.08:523][947]LogModuleManager: Shutting down and abandoning module TargetDeviceServices (148)
[2015.11.12-10.52.08:524][947]LogModuleManager: Shutting down and abandoning module DeviceManager (147)
[2015.11.12-10.52.08:524][947]LogModuleManager: Shutting down and abandoning module AutomationController (146)
[2015.11.12-10.52.08:524][947]LogModuleManager: Shutting down and abandoning module AutomationWindow (145)
[2015.11.12-10.52.08:524][947]LogModuleManager: Shutting down and abandoning module Layers (144)
[2015.11.12-10.52.08:524][947]LogModuleManager: Shutting down and abandoning module ComponentVisualizers (143)
[2015.11.12-10.52.08:524][947]LogModuleManager: Shutting down and abandoning module DetailCustomizations (142)
[2015.11.12-10.52.08:524][947]LogModuleManager: Shutting down and abandoning module PackagesDialog (141)
[2015.11.12-10.52.08:524][947]LogModuleManager: Shutting down and abandoning module Persona (140)
[2015.11.12-10.52.08:524][947]LogModuleManager: Shutting down and abandoning module Kismet (139)
[2015.11.12-10.52.08:524][947]LogModuleManager: Shutting down and abandoning module GraphEditor (138)
[2015.11.12-10.52.08:524][947]LogModuleManager: Shutting down and abandoning module ClassViewer (137)
[2015.11.12-10.52.08:524][947]LogModuleManager: Shutting down and abandoning module Toolbox (136)
[2015.11.12-10.52.08:524][947]LogModuleManager: Shutting down and abandoning module ModuleUI (135)
[2015.11.12-10.52.08:524][947]LogModuleManager: Shutting down and abandoning module MovieSceneTools (134)
[2015.11.12-10.52.08:524][947]LogModuleManager: Shutting down and abandoning module OutputLog (133)
[2015.11.12-10.52.08:524][947]LogModuleManager: Shutting down and abandoning module GammaUI (132)
[2015.11.12-10.52.08:524][947]LogModuleManager: Shutting down and abandoning module Documentation (131)
[2015.11.12-10.52.08:524][947]LogModuleManager: Shutting down and abandoning module GameLiveStreaming (130)
[2015.11.12-10.52.08:524][947]LogModuleManager: Shutting down and abandoning module StreamingPauseRendering (129)
[2015.11.12-10.52.08:524][947]LogModuleManager: Shutting down and abandoning module AnalyticsET (128)
[2015.11.12-10.52.08:524][947]LogModuleManager: Shutting down and abandoning module Analytics (127)
[2015.11.12-10.52.08:524][947]LogModuleManager: Shutting down and abandoning module AITestSuite (126)
[2015.11.12-10.52.08:524][947]LogModuleManager: Shutting down and abandoning module GameplayDebugger (125)
[2015.11.12-10.52.08:524][947]LogModuleManager: Shutting down and abandoning module AIModule (124)
[2015.11.12-10.52.08:524][947]LogModuleManager: Shutting down and abandoning module ProfilerService (123)
[2015.11.12-10.52.08:675][947]LogModuleManager: Shutting down and abandoning module TaskGraph (122)
[2015.11.12-10.52.08:675][947]LogModuleManager: Shutting down and abandoning module SlateRemote (121)
[2015.11.12-10.52.08:675][947]LogModuleManager: Shutting down and abandoning module SteamVRController (120)
[2015.11.12-10.52.08:675][947]LogModuleManager: Shutting down and abandoning module SteamVR (119)
[2015.11.12-10.52.08:675][947]LogModuleManager: Shutting down and abandoning module ProceduralMeshComponent (118)
[2015.11.12-10.52.08:675][947]LogModuleManager: Shutting down and abandoning module OculusRift (117)
[2015.11.12-10.52.08:675][947]LogModuleManager: Shutting down and abandoning module OculusLibrary (116)
[2015.11.12-10.52.08:675][947]LogModuleManager: Shutting down and abandoning module LeapMotionController (115)
[2015.11.12-10.52.08:688][947]LogModuleManager: Shutting down and abandoning module CustomMeshComponent (114)
[2015.11.12-10.52.08:688][947]LogModuleManager: Shutting down and abandoning module CableComponent (113)
[2015.11.12-10.52.08:688][947]LogModuleManager: Shutting down and abandoning module ArchVisCharacter (112)
[2015.11.12-10.52.08:688][947]LogModuleManager: Shutting down and abandoning module MessagingDebugger (111)
[2015.11.12-10.52.08:688][947]LogModuleManager: Shutting down and abandoning module MediaPlayerEditor (110)
[2015.11.12-10.52.08:688][947]LogModuleManager: Shutting down and abandoning module HTML5Networking (109)
[2015.11.12-10.52.08:688][947]LogModuleManager: Shutting down and abandoning module SpeedTreeImporter (108)
[2015.11.12-10.52.08:688][947]LogModuleManager: Shutting down and abandoning module PluginBrowser (107)
[2015.11.12-10.52.08:688][947]LogModuleManager: Shutting down and abandoning module EpicSurvey (106)
[2015.11.12-10.52.08:688][947]LogModuleManager: Shutting down and abandoning module DesktopPlatform (105)
[2015.11.12-10.52.08:688][947]LogModuleManager: Shutting down and abandoning module VisualStudioSourceCodeAccess (104)
[2015.11.12-10.52.08:688][947]LogModuleManager: Shutting down and abandoning module UObjectPlugin (103)
[2015.11.12-10.52.08:688][947]LogModuleManager: Shutting down and abandoning module SubversionSourceControl (102)
[2015.11.12-10.52.08:689][947]LogModuleManager: Shutting down and abandoning module PerforceSourceControl (101)
[2015.11.12-10.52.08:689][947]LogModuleManager: Shutting down and abandoning module SourceControl (100)
[2015.11.12-10.52.08:689][947]LogModuleManager: Shutting down and abandoning module GitSourceControl (99)
[2015.11.12-10.52.08:689][947]LogModuleManager: Shutting down and abandoning module LightPropagationVolumeEditor (98)
[2015.11.12-10.52.08:689][947]LogModuleManager: Shutting down and abandoning module PaperTiledImporter (97)
[2015.11.12-10.52.08:689][947]LogModuleManager: Shutting down and abandoning module PaperSpriteSheetImporter (96)
[2015.11.12-10.52.08:689][947]LogModuleManager: Shutting down and abandoning module MeshPaint (95)
[2015.11.12-10.52.08:689][947]LogModuleManager: Shutting down and abandoning module SlateReflector (94)
[2015.11.12-10.52.08:689][947]LogModuleManager: Shutting down and abandoning module HotReload (93)
[2015.11.12-10.52.08:689][947]LogModuleManager: Shutting down and abandoning module MainFrame (92)
[2015.11.12-10.52.08:689][947]LogModuleManager: Shutting down and abandoning module LevelEditor (91)
[2015.11.12-10.52.08:690][947]LogModuleManager: Shutting down and abandoning module DirectoryWatcher (90)
[2015.11.12-10.52.08:691][947]LogModuleManager: Shutting down and abandoning module AssetRegistry (89)
[2015.11.12-10.52.08:728][947]LogModuleManager: Shutting down and abandoning module ContentBrowser (88)
[2015.11.12-10.52.08:729][947]LogModuleManager: Shutting down and abandoning module Paper2DEditor (87)
[2015.11.12-10.52.08:729][947]LogModuleManager: Shutting down and abandoning module UnrealProject (86)
[2015.11.12-10.52.08:729][947]LogModuleManager: Shutting down and abandoning module UdpMessaging (85)
[2015.11.12-10.52.08:829][947]LogModuleManager: Shutting down and abandoning module LightPropagationVolumeRuntime (84)
[2015.11.12-10.52.08:829][947]LogModuleManager: Shutting down and abandoning module Paper2D (83)
[2015.11.12-10.52.08:829][947]LogModuleManager: Shutting down and abandoning module WindowsMoviePlayer (82)
[2015.11.12-10.52.08:832][947]LogModuleManager: Shutting down and abandoning module Media (81)
[2015.11.12-10.52.08:832][947]LogModuleManager: Shutting down and abandoning module WmfMedia (80)
[2015.11.12-10.52.08:832][947]LogModuleManager: Shutting down and abandoning module OnlineBlueprintSupport (79)
[2015.11.12-10.52.08:832][947]LogModuleManager: Shutting down and abandoning module GameplayTasksEditor (78)
[2015.11.12-10.52.08:832][947]LogModuleManager: Shutting down and abandoning module PropertyEditor (77)
[2015.11.12-10.52.08:832][947]LogModuleManager: Shutting down and abandoning module BehaviorTreeEditor (76)
[2015.11.12-10.52.08:832][947]LogModuleManager: Shutting down and abandoning module FunctionalTesting (75)
[2015.11.12-10.52.08:832][947]LogModuleManager: Shutting down and abandoning module CollisionAnalyzer (74)
[2015.11.12-10.52.08:833][947]LogModuleManager: Shutting down and abandoning module WorkspaceMenuStructure (73)
[2015.11.12-10.52.08:833][947]LogModuleManager: Shutting down and abandoning module MessageLog (72)
[2015.11.12-10.52.08:833][947]LogModuleManager: Shutting down and abandoning module Sequencer (71)
[2015.11.12-10.52.08:833][947]LogModuleManager: Shutting down and abandoning module AssetTools (70)
[2015.11.12-10.52.08:833][947]LogModuleManager: Shutting down and abandoning module UMGEditor (69)
[2015.11.12-10.52.08:833][947]LogModuleManager: Shutting down and abandoning module UMG (68)
[2015.11.12-10.52.08:833][947]LogModuleManager: Shutting down and abandoning module Slate (67)
[2015.11.12-10.52.08:833][947]LogModuleManager: Shutting down and abandoning module EditorStyle (66)
[2015.11.12-10.52.08:835][947]LogModuleManager: Shutting down and abandoning module SessionServices (65)
[2015.11.12-10.52.08:835][947]LogModuleManager: Shutting down and abandoning module SourceCodeAccess (64)
[2015.11.12-10.52.08:835][947]LogModuleManager: Shutting down and abandoning module HeadMountedDisplay (63)
[2015.11.12-10.52.08:835][947]LogModuleManager: Shutting down and abandoning module XAudio2 (62)
[2015.11.12-10.52.08:835][947]LogModuleManager: Shutting down and abandoning module Networking (60)
[2015.11.12-10.52.08:835][947]LogModuleManager: Shutting down and abandoning module Core (59)
[2015.11.12-10.52.08:835][947]LogModuleManager: Shutting down and abandoning module KismetCompiler (58)
[2015.11.12-10.52.08:835][947]LogModuleManager: Shutting down and abandoning module PhysXFormats (57)
[2015.11.12-10.52.08:835][947]LogModuleManager: Shutting down and abandoning module MeshUtilities (56)
[2015.11.12-10.52.08:835][947]LogModuleManager: Shutting down and abandoning module CookingStats (55)
[2015.11.12-10.52.08:835][947]LogModuleManager: Shutting down and abandoning module DerivedDataCache (54)
[2015.11.12-10.52.08:989][947]LogDerivedDataCache: Shutdown
[2015.11.12-10.52.08:989][947]LogModuleManager: Shutting down and abandoning module ShaderFormatOpenGL (53)
[2015.11.12-10.52.08:989][947]LogModuleManager: Shutting down and abandoning module ShaderFormatD3D (52)
[2015.11.12-10.52.08:989][947]LogModuleManager: Shutting down and abandoning module MetalShaderFormat (51)
[2015.11.12-10.52.08:989][947]LogModuleManager: Shutting down and abandoning module TextureFormatUncompressed (50)
[2015.11.12-10.52.08:989][947]LogModuleManager: Shutting down and abandoning module TextureFormatPVR (49)
[2015.11.12-10.52.08:989][947]LogModuleManager: Shutting down and abandoning module TextureFormatIntelISPCTexComp (48)
[2015.11.12-10.52.08:989][947]LogModuleManager: Shutting down and abandoning module TextureFormatDXT (47)
[2015.11.12-10.52.08:990][947]LogModuleManager: Shutting down and abandoning module ImageWrapper (46)
[2015.11.12-10.52.08:990][947]LogModuleManager: Shutting down and abandoning module TextureFormatASTC (45)
[2015.11.12-10.52.08:990][947]LogModuleManager: Shutting down and abandoning module TextureFormatAndroid (44)
[2015.11.12-10.52.08:990][947]LogModuleManager: Shutting down and abandoning module AudioFormatOpus (43)
[2015.11.12-10.52.08:990][947]LogModuleManager: Shutting down and abandoning module AudioFormatOgg (42)
[2015.11.12-10.52.08:990][947]LogModuleManager: Shutting down and abandoning module AudioFormatADPCM (41)
[2015.11.12-10.52.08:990][947]LogModuleManager: Shutting down and abandoning module LinuxTargetPlatform (40)
[2015.11.12-10.52.08:990][947]LogModuleManager: Shutting down and abandoning module LinuxServerTargetPlatform (39)
[2015.11.12-10.52.08:990][947]LogModuleManager: Shutting down and abandoning module LinuxNoEditorTargetPlatform (38)
[2015.11.12-10.52.08:990][947]LogModuleManager: Shutting down and abandoning module Messaging (37)
[2015.11.12-10.52.08:990][947]LogModuleManager: Shutting down and abandoning module IOSTargetPlatform (36)
[2015.11.12-10.52.08:990][947]LogModuleManager: Shutting down and abandoning module HTML5TargetPlatform (35)
[2015.11.12-10.52.08:990][947]LogModuleManager: Shutting down and abandoning module Android_PVRTCTargetPlatform (34)
[2015.11.12-10.52.08:990][947]LogModuleManager: Shutting down and abandoning module Android_ETC2TargetPlatform (33)
[2015.11.12-10.52.08:990][947]LogModuleManager: Shutting down and abandoning module Android_ETC1TargetPlatform (32)
[2015.11.12-10.52.08:990][947]LogModuleManager: Shutting down and abandoning module Android_DXTTargetPlatform (31)
[2015.11.12-10.52.08:990][947]LogModuleManager: Shutting down and abandoning module Android_ATCTargetPlatform (30)
[2015.11.12-10.52.08:990][947]LogModuleManager: Shutting down and abandoning module Android_ASTCTargetPlatform (29)
[2015.11.12-10.52.08:990][947]LogModuleManager: Shutting down and abandoning module AndroidTargetPlatform (28)
[2015.11.12-10.52.08:990][947]LogModuleManager: Shutting down and abandoning module WindowsTargetPlatform (27)
[2015.11.12-10.52.08:990][947]LogModuleManager: Shutting down and abandoning module WindowsServerTargetPlatform (26)
[2015.11.12-10.52.08:990][947]LogModuleManager: Shutting down and abandoning module WindowsNoEditorTargetPlatform (25)
[2015.11.12-10.52.08:990][947]LogModuleManager: Shutting down and abandoning module WindowsClientTargetPlatform (24)
[2015.11.12-10.52.08:990][947]LogModuleManager: Shutting down and abandoning module AllDesktopTargetPlatform (23)
[2015.11.12-10.52.08:990][947]LogModuleManager: Shutting down and abandoning module TargetPlatform (22)
[2015.11.12-10.52.08:990][947]LogModuleManager: Shutting down and abandoning module InputCore (21)
[2015.11.12-10.52.08:990][947]LogModuleManager: Shutting down and abandoning module Settings (20)
[2015.11.12-10.52.08:990][947]LogModuleManager: Shutting down and abandoning module OnlineSubsystem (18)
[2015.11.12-10.52.08:990][947]LogModuleManager: Shutting down and abandoning module HTTP (17)
[2015.11.12-10.52.09:992][947]LogModuleManager: Shutting down and abandoning module XMPP (16)
[2015.11.12-10.52.09:992][947]LogModuleManager: Shutting down and abandoning module ExampleDeviceProfileSelector (15)
[2015.11.12-10.52.09:992][947]LogModuleManager: Shutting down and abandoning module TextureCompressor (14)
[2015.11.12-10.52.09:992][947]LogModuleManager: Shutting down and abandoning module ShaderCore (13)
[2015.11.12-10.52.09:992][947]LogModuleManager: Shutting down and abandoning module Landscape (12)
[2015.11.12-10.52.09:992][947]LogModuleManager: Shutting down and abandoning module SlateRHIRenderer (11)
[2015.11.12-10.52.09:993][947]LogModuleManager: Shutting down and abandoning module OpenGLDrv (10)
[2015.11.12-10.52.09:993][947]LogModuleManager: Shutting down and abandoning module D3D11RHI (9)
[2015.11.12-10.52.09:993][947]LogModuleManager: Shutting down and abandoning module AnimGraphRuntime (8)
[2015.11.12-10.52.09:993][947]LogModuleManager: Shutting down and abandoning module Renderer (7)
[2015.11.12-10.52.09:993][947]LogModuleManager: Shutting down and abandoning module Engine (6)
[2015.11.12-10.52.09:993][947]LogModuleManager: Shutting down and abandoning module CoreUObject (5)
[2015.11.12-10.52.09:993][947]LogModuleManager: Shutting down and abandoning module NetworkFile (4)
[2015.11.12-10.52.09:993][947]LogModuleManager: Shutting down and abandoning module StreamingFile (3)
[2015.11.12-10.52.09:993][947]LogModuleManager: Shutting down and abandoning module SandboxFile (2)
[2015.11.12-10.52.09:993][947]LogModuleManager: Shutting down and abandoning module PakFile (1)
[2015.11.12-10.52.09:994][947]LogExit: Exiting.
[2015.11.12-10.52.09:995][947]Log file closed, 11/12/15 11:52:09
