[2015.12.04-16.23.33:885][  0]Log file open, 12/04/15 17:23:33
[2015.12.04-16.23.33:885][  0]LogInit:Display: Running engine for game: UnrealProject
[2015.12.04-16.23.33:885][  0]LogInit:Display: RandInit(-657524233) SRandInit(-657524232).
[2015.12.04-16.23.33:885][  0]LogTaskGraph: Started task graph with 4 named threads and 7 total threads.
[2015.12.04-16.23.33:885][  0]LogStats: Stats thread started at 0.120704
[2015.12.04-16.23.33:885][  0]LogInit: Version: 4.9.1-2689999+++depot+UE4-Releases+4.9
[2015.12.04-16.23.33:885][  0]LogInit: API Version: 2672455
[2015.12.04-16.23.33:885][  0]LogInit: Compiled (64-bit): Sep 14 2015 04:12:03
[2015.12.04-16.23.33:885][  0]LogInit: Compiled with Visual C++: 18.00.21005.01
[2015.12.04-16.23.33:885][  0]LogInit: Build Configuration: Development
[2015.12.04-16.23.33:885][  0]LogInit: Branch Name: ++depot+UE4-Releases+4.9
[2015.12.04-16.23.33:885][  0]LogInit: Command line:  
[2015.12.04-16.23.33:885][  0]LogInit: Base directory: D:/Programs/UE4/Epic Games/4.9/Engine/Binaries/Win64/
[2015.12.04-16.23.33:885][  0]LogInit: Rocket: 1
[2015.12.04-16.23.33:951][  0]LogInit: Using libcurl 7.41.0
[2015.12.04-16.23.33:951][  0]LogInit:  - built for x86_64-pc-win32
[2015.12.04-16.23.33:951][  0]LogInit:  - supports SSL with WinSSL
[2015.12.04-16.23.33:951][  0]LogInit:  - other features:
[2015.12.04-16.23.33:951][  0]LogInit:      CURL_VERSION_SSL
[2015.12.04-16.23.33:951][  0]LogInit:      CURL_VERSION_IPV6
[2015.12.04-16.23.33:951][  0]LogInit:      CURL_VERSION_ASYNCHDNS
[2015.12.04-16.23.33:951][  0]LogInit:      CURL_VERSION_LARGEFILE
[2015.12.04-16.23.33:951][  0]LogInit:      CURL_VERSION_IDN
[2015.12.04-16.23.33:951][  0]LogInit:  CurlRequestOptions (configurable via config and command line):
[2015.12.04-16.23.33:951][  0]LogInit:  - bVerifyPeer = true  - Libcurl will verify peer certificate
[2015.12.04-16.23.33:952][  0]LogInit:  - bUseHttpProxy = false  - Libcurl will NOT use HTTP proxy
[2015.12.04-16.23.33:952][  0]LogInit:  - bDontReuseConnections = false  - Libcurl will reuse connections
[2015.12.04-16.23.33:952][  0]LogInit:  - CertBundlePath = nullptr  - Libcurl will use whatever was configured at build time.
[2015.12.04-16.23.34:032][  0]LogInit: Presizing for 0 objects not considered by GC, pre-allocating 0 bytes.
[2015.12.04-16.23.34:039][  0]LogInit: Object subsystem initialized
[2015.12.04-16.23.34:041][  0]LogInit: Selected Device Profile: [Windows]
[2015.12.04-16.23.34:041][  0]LogInit: Applying CVar settings loaded from the selected device profile: [Windows]
[2015.12.04-16.23.34:068][  0]LogInit: Computer: 2FAST2COMPUTER
[2015.12.04-16.23.34:068][  0]LogInit: User: Patrik
[2015.12.04-16.23.34:068][  0]LogInit: CPU Page size=4096, Cores=4
[2015.12.04-16.23.34:068][  0]LogInit: High frequency timer resolution =3.320339 MHz
[2015.12.04-16.23.34:068][  0]LogMemory: Memory total: Physical=15.9GB (16GB approx)
[2015.12.04-16.23.34:068][  0]LogMemory: Platform Memory Stats for Windows
[2015.12.04-16.23.34:068][  0]LogMemory: Process Physical Memory: 54.25 MB used, 54.25 MB peak
[2015.12.04-16.23.34:068][  0]LogMemory: Process Virtual Memory: 57.30 MB used, 57.30 MB peak
[2015.12.04-16.23.34:068][  0]LogMemory: Physical Memory: 4010.35 MB used, 16267.09 MB total
[2015.12.04-16.23.34:068][  0]LogMemory: Virtual Memory: 366.21 MB used, 134217728.00 MB total
[2015.12.04-16.23.34:487][  0]LogTextLocalizationManager: No translations for ('sv-SE') exist, falling back to 'en' for localization and internationalization data.
[2015.12.04-16.23.35:541][  0]LogD3D11RHI: Found D3D11 adapter 0: NVIDIA GeForce GTX 660 Ti (Feature Level 11_0)
[2015.12.04-16.23.35:541][  0]LogD3D11RHI: Adapter has 1988MB of dedicated video memory, 0MB of dedicated system memory, and 8133MB of shared system memory, 3 output[s]
[2015.12.04-16.23.35:543][  0]LogD3D11RHI: Found D3D11 adapter 1: Intel(R) HD Graphics 4000 (Feature Level 11_0)
[2015.12.04-16.23.35:543][  0]LogD3D11RHI: Adapter has 32MB of dedicated video memory, 0MB of dedicated system memory, and 1760MB of shared system memory, 0 output[s]
[2015.12.04-16.23.35:544][  0]LogD3D11RHI: Found D3D11 adapter 2: Microsoft Basic Render Driver (Feature Level 11_0)
[2015.12.04-16.23.35:544][  0]LogD3D11RHI: Adapter has 0MB of dedicated video memory, 0MB of dedicated system memory, and 8133MB of shared system memory, 0 output[s]
[2015.12.04-16.23.35:544][  0]LogD3D11RHI: Chosen D3D11 Adapter Id = 0
[2015.12.04-16.23.35:557][  0]LogD3D11RHI: !Direct3DDevice
[2015.12.04-16.23.35:557][  0]LogRHI: Texture pool is 1361 MB (70% of 1945 MB)
[2015.12.04-16.23.35:570][  0]LogD3D11RHI: Async texture creation enabled
[2015.12.04-16.23.35:587][  0]LogShaderCompilers: Guid format shader working directory is 13 characters bigger than the processId version (../../../../../../../Documents and projects/Github/MAH_Arena_UnrealProject/UnrealProject/Intermediate/Shaders/WorkingDirectory/120412/).
[2015.12.04-16.23.35:587][  0]LogShaderCompilers: Cleaned the shader compiler working directory '../../../../../../../Documents and projects/Github/MAH_Arena_UnrealProject/UnrealProject/Intermediate/Shaders/tmp/CEF5420C4FABD7A1B34E5CBBBD7DB203/'.
[2015.12.04-16.23.35:588][  0]LogShaderCompilers:Display: Using Local Shader Compiler.
[2015.12.04-16.23.37:290][  0]LogTemp:Display: Loaded TP AllDesktopTargetPlatform
[2015.12.04-16.23.37:294][  0]LogTemp:Display: Loaded TP WindowsClientTargetPlatform
[2015.12.04-16.23.37:298][  0]LogTemp:Display: Loaded TP WindowsNoEditorTargetPlatform
[2015.12.04-16.23.37:302][  0]LogTemp:Display: Loaded TP WindowsServerTargetPlatform
[2015.12.04-16.23.37:306][  0]LogTemp:Display: Loaded TP WindowsTargetPlatform
[2015.12.04-16.23.37:311][  0]LogTemp:Display: Loaded TP AndroidTargetPlatform
[2015.12.04-16.23.37:314][  0]LogTemp:Display: Loaded TP Android_ASTCTargetPlatform
[2015.12.04-16.23.37:316][  0]LogTemp:Display: Loaded TP Android_ATCTargetPlatform
[2015.12.04-16.23.37:319][  0]LogTemp:Display: Loaded TP Android_DXTTargetPlatform
[2015.12.04-16.23.37:323][  0]LogTemp:Display: Loaded TP Android_ETC1TargetPlatform
[2015.12.04-16.23.37:326][  0]LogTemp:Display: Loaded TP Android_ETC2TargetPlatform
[2015.12.04-16.23.37:330][  0]LogTemp:Display: Loaded TP Android_PVRTCTargetPlatform
[2015.12.04-16.23.37:330][  0]LogTemp:Display: Loaded TP HTML5TargetPlatform
[2015.12.04-16.23.37:402][  0]LogTemp:Display: Loaded TP IOSTargetPlatform
[2015.12.04-16.23.37:405][  0]LogTemp:Display: Loaded TP LinuxNoEditorTargetPlatform
[2015.12.04-16.23.37:408][  0]LogTemp:Display: Loaded TP LinuxServerTargetPlatform
[2015.12.04-16.23.37:413][  0]LogTemp:Display: Loaded TP LinuxTargetPlatform
[2015.12.04-16.23.37:413][  0]LogTargetPlatformManager:Display: Building Assets For Windows
[2015.12.04-16.23.37:909][  0]LogDerivedDataCache:Display: Max Cache Size: 512 MB
[2015.12.04-16.23.38:261][  0]LogDerivedDataCache: Loaded boot cache 0.35s 46MB C:/Users/Patrik/AppData/Local/UnrealEngine/4.9/DerivedDataCache/Boot.ddc.
[2015.12.04-16.23.38:261][  0]LogDerivedDataCache:Display: Loaded Boot cache: C:/Users/Patrik/AppData/Local/UnrealEngine/4.9/DerivedDataCache/Boot.ddc
[2015.12.04-16.23.38:262][  0]LogDerivedDataCache: FDerivedDataBackendGraph:  Pak pak cache file ../../../../../../../Documents and projects/Github/MAH_Arena_UnrealProject/UnrealProject/DerivedDataCache/DDC.ddp not found, will not use a pak cache.
[2015.12.04-16.23.38:262][  0]LogDerivedDataCache: Unable to find inner node Pak for hierarchical cache Hierarchy.
[2015.12.04-16.23.38:262][  0]LogDerivedDataCache: FDerivedDataBackendGraph:  CompressedPak pak cache file ../../../../../../../Documents and projects/Github/MAH_Arena_UnrealProject/UnrealProject/DerivedDataCache/Compressed.ddp not found, will not use a pak cache.
[2015.12.04-16.23.38:262][  0]LogDerivedDataCache: Unable to find inner node CompressedPak for hierarchical cache Hierarchy.
[2015.12.04-16.23.38:475][  0]LogDerivedDataCache:Display: Pak cache opened for reading ../../../Engine/DerivedDataCache/Compressed.ddp.
[2015.12.04-16.23.38:489][  0]LogDerivedDataCache: Using Local data cache path C:/Users/Patrik/AppData/Local/UnrealEngine/Common/DerivedDataCache: Writable
[2015.12.04-16.23.46:989][  0]LogInit: Selected Device Profile: [Windows]
[2015.12.04-16.23.47:238][  0]LogContentStreaming: Texture pool size is 0.000000MB
[2015.12.04-16.23.48:838][  0]LogMeshUtilities: No automatic mesh reduction module available
[2015.12.04-16.23.48:838][  0]LogMeshUtilities: No automatic mesh merging module available
[2015.12.04-16.23.53:821][  0]LogInit: WinSock: version 1.1 (2.2), MaxSocks=32767, MaxUdp=65467
[2015.12.04-16.24.00:268][  0]UdpMessaging: Initializing bridge on interface 0.0.0.0:0 to multicast group 230.0.0.1:6666.
[2015.12.04-16.24.00:701][  0]LogAssetRegistry: FAssetRegistry took 0.0305 seconds to start up
[2015.12.04-16.24.03:322][  0]SourceControl: Info Source control is disabled
[2015.12.04-16.24.03:330][  0]SourceControl: Info Source control is disabled
[2015.12.04-16.24.03:366][  0]SourceControl: Info Source control is disabled
[2015.12.04-16.24.03:418][  0]SourceControl: Info Source control is disabled
[2015.12.04-16.24.04:341][  0]LogLinker:Warning: Asset '../../../Engine/Plugins/Runtime/LeapMotionController/Content/LM_PassthroughMaterial.uasset' has been saved with empty engine version. The asset will be loaded but may be incompatible.
[2015.12.04-16.24.04:634][  0]LogObj: 28383 objects as part of root set at end of initial load.
[2015.12.04-16.24.04:634][  0]LogUObjectAllocator: 6053272 out of 0 bytes used by permanent object pool.
[2015.12.04-16.24.05:678][  0]LogEngine: Initializing Engine...
[2015.12.04-16.24.05:718][  0]LogHMD: Can't find Oculus library dev build: is proper Runtime installed? Version: 0.7.0.0
[2015.12.04-16.24.05:780][  0]LogHMD: SteamVR failed to initialize.  Err: 110
[2015.12.04-16.24.07:419][  0]LogAIModule: Creating AISystem for world NewWorld
[2015.12.04-16.24.07:622][  0]LogInit: XAudio2 using 'PHILIPS FTV-4 (NVIDIA High Definition Audio)' : 2 channels at 48 kHz using 16 bits per sample (channel mask 0x3)
[2015.12.04-16.24.07:639][  0]LogInit: FAudioDevice initialized.
[2015.12.04-16.24.07:661][  0]LogDerivedDataCache: Saved boot cache 0.02s 46MB C:/Users/Patrik/AppData/Local/UnrealEngine/4.9/DerivedDataCache/Boot.ddc.
[2015.12.04-16.24.07:669][  0]LogInit: Texture streaming: Enabled
[2015.12.04-16.24.07:702][  0]LogAnalytics: Creating configured Analytics provider AnalyticsET
[2015.12.04-16.24.07:730][  0]LogAnalytics: [UEEditor.Rocket.Release] APIServer = http://et2.epicgames.com/ET2/. AppVersion = 4.9.1-2689999+++depot+UE4-Releases+4.9
[2015.12.04-16.24.07:730][  0]LogAnalytics: [UEEditor.Rocket.Release] SetUserId 75b1651448aed74c20c7d4add0562cd6|13486bde023f4a2ab96e5809842d42e4|b60df82a-f797-42d7-91b9-baed788aeecd
[2015.12.04-16.24.07:740][  0]LogAnalytics: [UEEditor.Rocket.Release] AnalyticsET::StartSession
[2015.12.04-16.24.08:091][  0]LogInit: Transaction tracking system initialized
[2015.12.04-16.24.08:918][  0]BlueprintLog: New page: Editor Load
[2015.12.04-16.24.12:723][  0]LocalizationService: Info Localization service is disabled
[2015.12.04-16.24.14:454][  0]LogConsoleResponse:Display: 
[2015.12.04-16.24.15:900][  0]LogFileCache: Scanning file cache for directory 'D:/Documents and projects/Github/MAH_Arena_UnrealProject/UnrealProject/Content/' took 0.02s
[2015.12.04-16.24.15:900][  0]LogCook:Display: Done creating registry. It took  0.00s.
[2015.12.04-16.24.17:450][  0]SourceControl: Info Source control is disabled
[2015.12.04-16.24.17:566][  0]Cmd: MAP LOAD FILE="../../../../../../../Documents and projects/Github/MAH_Arena_UnrealProject/UnrealProject/Content/StarterContent/Maps/Minimal_Default.umap" TEMPLATE=0 SHOWPROGRESS=1 FEATURELEVEL=3
[2015.12.04-16.24.17:638][  0]LightingResults: New page: Lighting Build
[2015.12.04-16.24.17:845][  0]MapCheck: New page: Map Check
[2015.12.04-16.24.17:845][  0]LightingResults: New page: Lighting Build
[2015.12.04-16.24.18:356][  0]LogParticles: Destroying 0 GPU particle simulations for FXSystem 0x000000E8DACF4400
[2015.12.04-16.24.22:605][  0]LogAIModule: Creating AISystem for world Minimal_Default
[2015.12.04-16.24.23:217][  0]LogEditorServer: Finished looking for orphan Actors (0.000 secs)
[2015.12.04-16.24.23:289][  0]Cmd: MAP CHECKDEP NOCLEARLOG
[2015.12.04-16.24.23:417][  0]MapCheck: Info Map check complete: 0 Error(s), 0 Warning(s), took 127.982ms to complete.
[2015.12.04-16.24.23:443][  0]LogFileHelpers: Loading map 'Minimal_Default' took 5.936
[2015.12.04-16.24.26:222][  0]LogCollectionManager: Loaded 0 collections in 0.003151 seconds
[2015.12.04-16.24.26:560][  0]LogFileCache: Scanning file cache for directory 'D:/Documents and projects/Github/MAH_Arena_UnrealProject/UnrealProject/Saved/Collections/' took 0.01s
[2015.12.04-16.24.26:560][  0]LogFileCache: Scanning file cache for directory 'D:/Documents and projects/Github/MAH_Arena_UnrealProject/UnrealProject/Content/Developers/Patrik/Collections/' took 0.01s
[2015.12.04-16.24.26:560][  0]LogFileCache: Scanning file cache for directory 'D:/Documents and projects/Github/MAH_Arena_UnrealProject/UnrealProject/Content/Collections/' took 0.01s
[2015.12.04-16.24.26:560][  0]LogContentBrowser: Native class hierarchy populated in 0.1224 seconds. Added 1871 classes and 336 folders.
[2015.12.04-16.24.26:921][  0]LogCollectionManager: Rebuilt the GUID cache for 0 collections in 0.000005 seconds
[2015.12.04-16.24.27:254][  0]LogContentBrowser: Native class hierarchy updated for 'WidgetCarousel' in 0.0031 seconds. Added 0 classes and 0 folders.
[2015.12.04-16.24.29:517][  0]LogContentBrowser: Native class hierarchy updated for 'AddContentDialog' in 0.0032 seconds. Added 0 classes and 0 folders.
[2015.12.04-16.24.29:868][  0]LogContentBrowser: Native class hierarchy updated for 'SceneOutliner' in 0.0031 seconds. Added 1 classes and 2 folders.
[2015.12.04-16.24.32:185][  0]LogCrashTracker: Crashtracker disabled due to settings.
[2015.12.04-16.24.32:465][  0]LogUObjectGlobals:Warning: Failed to find object 'Class None.'
[2015.12.04-16.24.32:745][  0]LogLoad: Full Startup: 61.11 seconds (BP compile: 0.73 seconds)
[2015.12.04-16.24.34:283][  0]LogContentStreaming: Texture pool size now 1000 MB
[2015.12.04-16.24.34:958][  0]LogRenderer: Reallocating scene render targets to support 1208x576 (Frame:2).
[2015.12.04-16.24.37:849][  7]LogAssetRegistry: Asset discovery search completed in 37.1611 seconds
[2015.12.04-16.24.37:849][  7]LogCollectionManager: Rebuilt the object cache for 0 collections in 0.000001 seconds (found 0 objects)
[2015.12.04-16.24.37:863][  7]LogCollectionManager: Fixed up redirectors for 0 collections in 0.000042 seconds (updated 0 objects)
[2015.12.04-16.24.44:832][633]LogStaticMesh: Building static mesh carCollisionMesh...
[2015.12.04-16.24.44:863][633]LogStaticMesh: Built static mesh [0.033401.2s] /Game/Models/carCollisionMesh.carCollisionMesh
[2015.12.04-16.24.44:951][633]LogAIModule: Creating AISystem for world Patrik
[2015.12.04-16.24.45:031][633]Cmd: MAP LOAD FILE="../../../../../../../Documents and projects/Github/MAH_Arena_UnrealProject/UnrealProject/Content/Maps/Patrik.umap" TEMPLATE=0 SHOWPROGRESS=1 FEATURELEVEL=3
[2015.12.04-16.24.45:031][633]LightingResults: New page: Lighting Build
[2015.12.04-16.24.45:049][633]LoadErrors: New page: Loading map: Patrik.umap
[2015.12.04-16.24.45:077][633]MapCheck: New page: Map Check
[2015.12.04-16.24.45:077][633]LightingResults: New page: Lighting Build
[2015.12.04-16.24.45:109][633]LogParticles: Destroying 0 GPU particle simulations for FXSystem 0x000000E8CD9E3060
[2015.12.04-16.24.45:113][633]PIE:Warning: Warning Invalid Simulate Options: Body (PawnCarBP_249.Root) is set to simulate physics but Collision Enabled is incompatible
[2015.12.04-16.24.45:113][633]PIE:Warning: Warning Invalid Simulate Options: Body (PawnCarBP_249.Root) is set to simulate physics but Collision Enabled is incompatible
[2015.12.04-16.24.45:146][633]PIE:Warning: Warning Invalid Simulate Options: Body (PawnCarBP2_462.Root) is set to simulate physics but Collision Enabled is incompatible
[2015.12.04-16.24.45:146][633]PIE:Warning: Warning Invalid Simulate Options: Body (PawnCarBP2_462.Root) is set to simulate physics but Collision Enabled is incompatible
[2015.12.04-16.24.45:240][633]LogEditorServer: Finished looking for orphan Actors (0.000 secs)
[2015.12.04-16.24.45:277][633]Cmd: MAP CHECKDEP NOCLEARLOG
[2015.12.04-16.24.45:321][633]MapCheck: Info Map check complete: 0 Error(s), 0 Warning(s), took 43.1ms to complete.
[2015.12.04-16.24.45:321][633]LogFileHelpers: Loading map 'Patrik' took 0.291
[2015.12.04-16.24.45:385][634]LogSynthBenchmark:Display: FSynthBenchmark (V0.95):  requested WorkScale=1.00
[2015.12.04-16.24.45:385][634]LogSynthBenchmark:Display: ===============
[2015.12.04-16.24.45:386][634]LogSynthBenchmark:Display: Main Processor:
[2015.12.04-16.24.45:428][634]LogSynthBenchmark:Display:          ... 0.020075 s/Run 'RayIntersect'
[2015.12.04-16.24.45:428][634]LogSynthBenchmark:Display:          ... 0.022502 s/Run 'Fractal'
[2015.12.04-16.24.45:428][634]LogSynthBenchmark:Display: 
[2015.12.04-16.24.45:428][634]LogSynthBenchmark:Display:   CompiledTarget_x_Bits: 64
[2015.12.04-16.24.45:428][634]LogSynthBenchmark:Display:   UE_BUILD_SHIPPING: 0
[2015.12.04-16.24.45:428][634]LogSynthBenchmark:Display:   UE_BUILD_TEST: 0
[2015.12.04-16.24.45:428][634]LogSynthBenchmark:Display:   UE_BUILD_DEBUG: 0
[2015.12.04-16.24.45:428][634]LogSynthBenchmark:Display:   TotalPhysicalGBRam: 16
[2015.12.04-16.24.45:428][634]LogSynthBenchmark:Display:   NumberOfCores (physical): 4
[2015.12.04-16.24.45:428][634]LogSynthBenchmark:Display:   NumberOfCores (logical): 4
[2015.12.04-16.24.45:428][634]LogSynthBenchmark:Display:   CPU Perf Index 0: 127.6
[2015.12.04-16.24.45:428][634]LogSynthBenchmark:Display:   CPU Perf Index 1: 127.1
[2015.12.04-16.24.45:428][634]LogSynthBenchmark:Display:  
[2015.12.04-16.24.45:428][634]LogSynthBenchmark:Display: Graphics:
[2015.12.04-16.24.45:428][634]LogSynthBenchmark:Display:   Adapter Name: 'NVIDIA GeForce GTX 660 Ti'
[2015.12.04-16.24.45:428][634]LogSynthBenchmark:Display:   (On Optimus the name might be wrong, memory should be ok)
[2015.12.04-16.24.45:428][634]LogSynthBenchmark:Display:   Vendor Id: 0x10de
[2015.12.04-16.24.45:428][634]LogSynthBenchmark:Display:   GPU Memory: 1989/0/8134 MB
[2015.12.04-16.24.45:428][634]LogSynthBenchmark:Display:   CPUIndex: 127.6
[2015.12.04-16.24.45:428][634]LogSynthBenchmark:Display:   GPUIndex: -1.$
[2015.12.04-16.24.45:429][634]LogSynthBenchmark:Display: 
[2015.12.04-16.24.45:429][634]LogSynthBenchmark:Display:          ... Total Time: 0.043164 sec
[2015.12.04-16.25.39:497][873]LogActorComponent: UnregisterComponent: (/Engine/Transient.Movement) Not registered. Aborting.
[2015.12.04-16.25.41:513][ 86]LogVSAccessor:Warning: Couldn't access Visual Studio
[2015.12.04-16.25.41:525][ 86]Recompiling UnrealProject...
[2015.12.04-16.25.41:526][ 86]Launching UnrealBuildTool... [D:/Programs/UE4/Epic Games/4.9/Engine/Binaries/DotNET/UnrealBuildTool.exe UnrealProject -ModuleWithSuffix UnrealProject 4068 Win64 Development -editorrecompile -canskiplink "D:/Documents and projects/Github/MAH_Arena_UnrealProject/UnrealProject/UnrealProject.uproject" -rocket  -rocket]
[2015.12.04-16.25.41:527][ 86]Warning: Starting HotReload took  0.0s.
[2015.12.04-16.26.46:686][561]LogBlueprintUserMessages: Early PlayInEditor Detection: Level '/Game/Maps/Patrik.Patrik:PersistentLevel' has LevelScriptBlueprint '/Game/Maps/Patrik.Patrik:PersistentLevel.Patrik' with GeneratedClass '/Game/Maps/Patrik.Patrik_C' with ClassGeneratedBy '/Game/Maps/Patrik.Patrik:PersistentLevel.Patrik'
[2015.12.04-16.26.46:686][561]LogPlayLevel: PlayLevel: No blueprints needed recompiling
[2015.12.04-16.26.46:693][561]PIE: New page: PIE session: Patrik (Dec 4, 2015, 6:26:46 PM)
[2015.12.04-16.26.46:693][561]LogPlayLevel: Creating play world package: /Game/Maps/UEDPIE_0_Patrik
[2015.12.04-16.26.46:717][561]LogPlayLevel: PIE: StaticDuplicateObject took: (0.024089s)
[2015.12.04-16.26.46:717][561]LogAIModule: Creating AISystem for world Patrik
[2015.12.04-16.26.46:718][561]LogPlayLevel: PIE: World Init took: (0.000680s)
[2015.12.04-16.26.46:718][561]LogPlayLevel: PIE: Created PIE world by copying editor world from /Game/Maps/Patrik.Patrik to /Game/Maps/UEDPIE_0_Patrik.Patrik (0.025030s)
[2015.12.04-16.26.46:746][561]LogInit: XAudio2 using 'PHILIPS FTV-4 (NVIDIA High Definition Audio)' : 2 channels at 48 kHz using 16 bits per sample (channel mask 0x3)
[2015.12.04-16.26.46:750][561]LogInit: FAudioDevice initialized.
[2015.12.04-16.26.46:847][561]LogWorld: Game class is 'UnrealProjectGameMode'
[2015.12.04-16.26.46:881][561]PIE:Warning: Warning Invalid Simulate Options: Body (PawnCarBP_249.Root) is set to simulate physics but Collision Enabled is incompatible
[2015.12.04-16.26.46:881][561]PIE:Warning: Warning Invalid Simulate Options: Body (PawnCarBP_249.Root) is set to simulate physics but Collision Enabled is incompatible
[2015.12.04-16.26.46:881][561]LogPhysics:Warning: FBodyInstance::ApplyMaterialToShape_AssumesLocked : PComplexMats is empty - falling back on simple physical material.
[2015.12.04-16.26.46:881][561]LogPhysics:Warning: FBodyInstance::ApplyMaterialToShape_AssumesLocked : PComplexMats is empty - falling back on simple physical material.
[2015.12.04-16.26.46:881][561]LogPhysics:Warning: FBodyInstance::ApplyMaterialToShape_AssumesLocked : PComplexMats is empty - falling back on simple physical material.
[2015.12.04-16.26.46:881][561]LogPhysics:Warning: FBodyInstance::ApplyMaterialToShape_AssumesLocked : PComplexMats is empty - falling back on simple physical material.
[2015.12.04-16.26.46:881][561]LogPhysics:Warning: FBodyInstance::ApplyMaterialToShape_AssumesLocked : PComplexMats is empty - falling back on simple physical material.
[2015.12.04-16.26.46:882][561]PIE:Warning: Warning Invalid Simulate Options: Body (PawnCarBP2_462.Root) is set to simulate physics but Collision Enabled is incompatible
[2015.12.04-16.26.46:882][561]PIE:Warning: Warning Invalid Simulate Options: Body (PawnCarBP2_462.Root) is set to simulate physics but Collision Enabled is incompatible
[2015.12.04-16.26.46:882][561]LogPhysics:Warning: FBodyInstance::ApplyMaterialToShape_AssumesLocked : PComplexMats is empty - falling back on simple physical material.
[2015.12.04-16.26.46:882][561]LogPhysics:Warning: FBodyInstance::ApplyMaterialToShape_AssumesLocked : PComplexMats is empty - falling back on simple physical material.
[2015.12.04-16.26.46:882][561]LogPhysics:Warning: FBodyInstance::ApplyMaterialToShape_AssumesLocked : PComplexMats is empty - falling back on simple physical material.
[2015.12.04-16.26.46:882][561]LogPhysics:Warning: FBodyInstance::ApplyMaterialToShape_AssumesLocked : PComplexMats is empty - falling back on simple physical material.
[2015.12.04-16.26.46:882][561]LogPhysics:Warning: FBodyInstance::ApplyMaterialToShape_AssumesLocked : PComplexMats is empty - falling back on simple physical material.
[2015.12.04-16.26.46:882][561]LogWorld: Bringing World /Game/Maps/UEDPIE_0_Patrik.Patrik up for play (max tick rate 0) at 2015.12.04-17.26.46
[2015.12.04-16.26.46:882][561]LogActor:Warning: GameSession /Game/Maps/UEDPIE_0_Patrik.Patrik:PersistentLevel.GameSession_0 has natively added scene component(s), but none of them were set as the actor's RootComponent - picking one arbitrarily
[2015.12.04-16.26.46:887][561]LogActor:Warning: GameNetworkManager /Game/Maps/UEDPIE_0_Patrik.Patrik:PersistentLevel.GameNetworkManager_0 has natively added scene component(s), but none of them were set as the actor's RootComponent - picking one arbitrarily
[2015.12.04-16.26.46:914][561]LogWorld: Bringing up level for play took: 0.036910
[2015.12.04-16.26.46:970][561]LogPlayerManagement:Error: Failed to Create Player: A local player already exists for controller ID 0,
[2015.12.04-16.26.46:970][561]LogScript:Warning: Accessed None 'CallFunc_CreatePlayer_ReturnValue'
	Patrik_C /Game/Maps/UEDPIE_0_Patrik.Patrik:PersistentLevel.Patrik_C_1
	Function /Game/Maps/Patrik.Patrik_C:ExecuteUbergraph_Patrik:00E7
[2015.12.04-16.26.46:970][561]PIE:Error: Error Accessed None 'CallFunc_CreatePlayer_ReturnValue' from node Possess in graph 'EventGraph' in blueprint Patrik
[2015.12.04-16.26.46:970][561]LogScript:Warning: Accessed None 'CallFunc_CreatePlayer_ReturnValue'
	Patrik_C /Game/Maps/UEDPIE_0_Patrik.Patrik:PersistentLevel.Patrik_C_1
	Function /Game/Maps/Patrik.Patrik_C:ExecuteUbergraph_Patrik:0108
[2015.12.04-16.26.46:970][561]PIE:Error: Error Accessed None 'CallFunc_CreatePlayer_ReturnValue' from node Possess in graph 'EventGraph' in blueprint Patrik
[2015.12.04-16.26.46:970][561]LogBlueprintUserMessages: [Patrik_C_1] Works
[2015.12.04-16.26.46:972][561]LogBlueprintUserMessages: [Patrik_C_1] Works
[2015.12.04-16.26.47:004][561]PIE: Info Play in editor start time for /Game/Maps/UEDPIE_0_Patrik -0.659
[2015.12.04-16.26.47:004][561]LogBlueprintUserMessages: Late PlayInEditor Detection: Level '/Game/Maps/Patrik.Patrik:PersistentLevel' has LevelScriptBlueprint '/Game/Maps/Patrik.Patrik:PersistentLevel.Patrik' with GeneratedClass '/Game/Maps/Patrik.Patrik_C' with ClassGeneratedBy '/Game/Maps/Patrik.Patrik:PersistentLevel.Patrik'
[2015.12.04-16.26.47:098][562]LogRenderer: Reallocating scene render targets to support 1280x720 (Frame:21).
[2015.12.04-16.26.55:700][519]CompilerResultsLog: New page: Compilation - Dec 4, 2015, 6:26:55 PM
[2015.12.04-16.26.55:700][519]CompilerResultsLog: Info Creating makefile for hot reloading UnrealProject (game project files are newer)
[2015.12.04-16.26.55:700][519]CompilerResultsLog: Info Compiling game modules for hot reload
[2015.12.04-16.26.55:700][519]CompilerResultsLog: Info Parsing headers for UnrealProjectEditor
[2015.12.04-16.26.55:700][519]CompilerResultsLog: Info   Running UnrealHeaderTool "D:/Documents and projects/Github/MAH_Arena_UnrealProject/UnrealProject/UnrealProject.uproject" "D:\Documents and projects\Github\MAH_Arena_UnrealProject\UnrealProject\Intermediate\Build\Win64\UnrealProjectEditor\Development\UnrealHeaderTool.manifest" -LogCmds="loginit warning, logexit warning, logdatabase error" -rocket -installed
[2015.12.04-16.26.55:700][519]CompilerResultsLog: Info Reflection code generated for UnrealProjectEditor in 9,4547324 seconds
[2015.12.04-16.26.55:700][519]CompilerResultsLog: Info Performing 8 actions (4 in parallel)
[2015.12.04-16.26.55:700][519]CompilerResultsLog: Info PCH.UnrealProject.h.cpp
[2015.12.04-16.26.55:700][519]CompilerResultsLog: Info UnrealProject.cpp
[2015.12.04-16.26.55:700][519]CompilerResultsLog: Info CarController.cpp
[2015.12.04-16.26.55:700][519]CompilerResultsLog: Info PawnCar.cpp
[2015.12.04-16.26.55:700][519]CompilerResultsLog: Info UnrealProjectGameMode.cpp
[2015.12.04-16.26.55:700][519]CompilerResultsLog: Info WorldCamera.cpp
[2015.12.04-16.26.55:700][519]CompilerResultsLog: Info UnrealProject.generated.cpp
[2015.12.04-16.26.55:700][519]CompilerResultsLog: Info [8/8] Link UE4Editor-UnrealProject-4068.dll
[2015.12.04-16.26.55:700][519]CompilerResultsLog: Info    Creating library D:\Documents and projects\Github\MAH_Arena_UnrealProject\UnrealProject\Intermediate/Build/Win64\UE4Editor\Development\UE4Editor-UnrealProject-4068.lib and object D:\Documents and projects\Github\MAH_Arena_UnrealProject\UnrealProject\Intermediate/Build/Win64\UE4Editor\Development\UE4Editor-UnrealProject-4068.exp
[2015.12.04-16.26.55:700][519]CompilerResultsLog: Info -------- End Detailed Actions Stats -----------------------------------------------------------
[2015.12.04-16.26.55:700][519]CompilerResultsLog: Info Total build time: 74,12 seconds
[2015.12.04-16.26.55:700][519]LogMainFrame: MainFrame: Module compiling took 74.187 seconds
[2015.12.04-16.26.55:726][519]LogClass: Could not find existing class PawnCar in package /Script/UnrealProject for HotReload, assuming new class
[2015.12.04-16.26.55:736][519]LogClass: Function AddImpulse is new.
[2015.12.04-16.26.55:736][519]LogClass: Could not find existing class CarController in package /Script/UnrealProject for HotReload, assuming new class
[2015.12.04-16.26.55:748][519]LogHotReload: Re-instancing PawnCar after hot-reload.
[2015.12.04-16.26.55:860][519]PIE:Warning: Warning Invalid Simulate Options: Body (PawnCarBP_C_0.Root) is set to simulate physics but Collision Enabled is incompatible
[2015.12.04-16.26.55:860][519]PIE:Warning: Warning Invalid Simulate Options: Body (PawnCarBP_C_0.Root) is set to simulate physics but Collision Enabled is incompatible
[2015.12.04-16.26.55:860][519]LogUObjectGlobals:Warning: Guid is in use by BoxComponent /Game/Maps/Patrik.Patrik:PersistentLevel.PawnCarBP2_462.Root and BoxComponent /Game/Maps/Patrik.Patrik:PersistentLevel.PawnCarBP_C_0.Root, which should never happen in the editor but could happen at runtime with duplicate level loading or PIE
[2015.12.04-16.26.55:860][519]LogUObjectGlobals:Warning: Guid is in use by StaticMeshComponent /Game/Maps/Patrik.Patrik:PersistentLevel.PawnCarBP2_462.StaticMesh and StaticMeshComponent /Game/Maps/Patrik.Patrik:PersistentLevel.PawnCarBP_C_0.StaticMesh, which should never happen in the editor but could happen at runtime with duplicate level loading or PIE
[2015.12.04-16.26.55:860][519]LogUObjectGlobals:Warning: Guid is in use by FloatingPawnMovement /Game/Maps/Patrik.Patrik:PersistentLevel.PawnCarBP2_462.Movement and FloatingPawnMovement /Game/Maps/Patrik.Patrik:PersistentLevel.PawnCarBP_C_0.Movement, which should never happen in the editor but could happen at runtime with duplicate level loading or PIE
[2015.12.04-16.26.55:860][519]PIE:Warning: Warning Invalid Simulate Options: Body (PawnCarBP_C_0.Root) is set to simulate physics but Collision Enabled is incompatible
[2015.12.04-16.26.55:860][519]PIE:Warning: Warning Invalid Simulate Options: Body (PawnCarBP_C_0.Root) is set to simulate physics but Collision Enabled is incompatible
[2015.12.04-16.26.55:876][519]PIE:Warning: Warning Invalid Simulate Options: Body (PawnCarBP_C_1.Root) is set to simulate physics but Collision Enabled is incompatible
[2015.12.04-16.26.55:876][519]PIE:Warning: Warning Invalid Simulate Options: Body (PawnCarBP_C_1.Root) is set to simulate physics but Collision Enabled is incompatible
[2015.12.04-16.26.55:877][519]LogUObjectGlobals:Warning: Guid is in use by BoxComponent /Game/Maps/Patrik.Patrik:PersistentLevel.PawnCarBP_249.Root and BoxComponent /Game/Maps/Patrik.Patrik:PersistentLevel.PawnCarBP_C_1.Root, which should never happen in the editor but could happen at runtime with duplicate level loading or PIE
[2015.12.04-16.26.55:877][519]LogUObjectGlobals:Warning: Guid is in use by StaticMeshComponent /Game/Maps/Patrik.Patrik:PersistentLevel.PawnCarBP_249.StaticMesh and StaticMeshComponent /Game/Maps/Patrik.Patrik:PersistentLevel.PawnCarBP_C_1.StaticMesh, which should never happen in the editor but could happen at runtime with duplicate level loading or PIE
[2015.12.04-16.26.55:877][519]LogUObjectGlobals:Warning: Guid is in use by FloatingPawnMovement /Game/Maps/Patrik.Patrik:PersistentLevel.PawnCarBP_249.Movement and FloatingPawnMovement /Game/Maps/Patrik.Patrik:PersistentLevel.PawnCarBP_C_1.Movement, which should never happen in the editor but could happen at runtime with duplicate level loading or PIE
[2015.12.04-16.26.55:877][519]PIE:Warning: Warning Invalid Simulate Options: Body (PawnCarBP_C_1.Root) is set to simulate physics but Collision Enabled is incompatible
[2015.12.04-16.26.55:877][519]PIE:Warning: Warning Invalid Simulate Options: Body (PawnCarBP_C_1.Root) is set to simulate physics but Collision Enabled is incompatible
[2015.12.04-16.26.55:878][519]PIE:Warning: Warning Invalid Simulate Options: Body (PawnCarBP_C_2.Root) is set to simulate physics but Collision Enabled is incompatible
[2015.12.04-16.26.55:878][519]PIE:Warning: Warning Invalid Simulate Options: Body (PawnCarBP_C_2.Root) is set to simulate physics but Collision Enabled is incompatible
[2015.12.04-16.26.55:878][519]LogPhysics:Warning: FBodyInstance::ApplyMaterialToShape_AssumesLocked : PComplexMats is empty - falling back on simple physical material.
[2015.12.04-16.26.55:878][519]LogPhysics:Warning: FBodyInstance::ApplyMaterialToShape_AssumesLocked : PComplexMats is empty - falling back on simple physical material.
[2015.12.04-16.26.55:878][519]LogPhysics:Warning: FBodyInstance::ApplyMaterialToShape_AssumesLocked : PComplexMats is empty - falling back on simple physical material.
[2015.12.04-16.26.55:878][519]LogUObjectGlobals:Warning: Guid is in use by BoxComponent /Game/Maps/UEDPIE_0_Patrik.Patrik:PersistentLevel.PawnCarBP_249.Root and BoxComponent /Game/Maps/UEDPIE_0_Patrik.Patrik:PersistentLevel.PawnCarBP_C_2.Root, which should never happen in the editor but could happen at runtime with duplicate level loading or PIE
[2015.12.04-16.26.55:878][519]LogUObjectGlobals:Warning: Guid is in use by StaticMeshComponent /Game/Maps/UEDPIE_0_Patrik.Patrik:PersistentLevel.PawnCarBP_249.StaticMesh and StaticMeshComponent /Game/Maps/UEDPIE_0_Patrik.Patrik:PersistentLevel.PawnCarBP_C_2.StaticMesh, which should never happen in the editor but could happen at runtime with duplicate level loading or PIE
[2015.12.04-16.26.55:878][519]LogUObjectGlobals:Warning: Guid is in use by FloatingPawnMovement /Game/Maps/UEDPIE_0_Patrik.Patrik:PersistentLevel.PawnCarBP_249.Movement and FloatingPawnMovement /Game/Maps/UEDPIE_0_Patrik.Patrik:PersistentLevel.PawnCarBP_C_2.Movement, which should never happen in the editor but could happen at runtime with duplicate level loading or PIE
[2015.12.04-16.26.55:879][519]PIE:Warning: Warning Invalid Simulate Options: Body (PawnCarBP_C_2.Root) is set to simulate physics but Collision Enabled is incompatible
[2015.12.04-16.26.55:879][519]PIE:Warning: Warning Invalid Simulate Options: Body (PawnCarBP_C_2.Root) is set to simulate physics but Collision Enabled is incompatible
[2015.12.04-16.26.55:879][519]LogPhysics:Warning: FBodyInstance::ApplyMaterialToShape_AssumesLocked : PComplexMats is empty - falling back on simple physical material.
[2015.12.04-16.26.55:879][519]LogPhysics:Warning: FBodyInstance::ApplyMaterialToShape_AssumesLocked : PComplexMats is empty - falling back on simple physical material.
[2015.12.04-16.26.55:888][519]PIE:Warning: Warning Invalid Simulate Options: Body (PawnCarBP_C_3.Root) is set to simulate physics but Collision Enabled is incompatible
[2015.12.04-16.26.55:888][519]PIE:Warning: Warning Invalid Simulate Options: Body (PawnCarBP_C_3.Root) is set to simulate physics but Collision Enabled is incompatible
[2015.12.04-16.26.55:888][519]LogPhysics:Warning: FBodyInstance::ApplyMaterialToShape_AssumesLocked : PComplexMats is empty - falling back on simple physical material.
[2015.12.04-16.26.55:888][519]LogPhysics:Warning: FBodyInstance::ApplyMaterialToShape_AssumesLocked : PComplexMats is empty - falling back on simple physical material.
[2015.12.04-16.26.55:888][519]LogPhysics:Warning: FBodyInstance::ApplyMaterialToShape_AssumesLocked : PComplexMats is empty - falling back on simple physical material.
[2015.12.04-16.26.55:889][519]LogUObjectGlobals:Warning: Guid is in use by BoxComponent /Game/Maps/UEDPIE_0_Patrik.Patrik:PersistentLevel.PawnCarBP2_462.Root and BoxComponent /Game/Maps/UEDPIE_0_Patrik.Patrik:PersistentLevel.PawnCarBP_C_3.Root, which should never happen in the editor but could happen at runtime with duplicate level loading or PIE
[2015.12.04-16.26.55:889][519]LogUObjectGlobals:Warning: Guid is in use by StaticMeshComponent /Game/Maps/UEDPIE_0_Patrik.Patrik:PersistentLevel.PawnCarBP2_462.StaticMesh and StaticMeshComponent /Game/Maps/UEDPIE_0_Patrik.Patrik:PersistentLevel.PawnCarBP_C_3.StaticMesh, which should never happen in the editor but could happen at runtime with duplicate level loading or PIE
[2015.12.04-16.26.55:889][519]LogUObjectGlobals:Warning: Guid is in use by FloatingPawnMovement /Game/Maps/UEDPIE_0_Patrik.Patrik:PersistentLevel.PawnCarBP2_462.Movement and FloatingPawnMovement /Game/Maps/UEDPIE_0_Patrik.Patrik:PersistentLevel.PawnCarBP_C_3.Movement, which should never happen in the editor but could happen at runtime with duplicate level loading or PIE
[2015.12.04-16.26.55:889][519]PIE:Warning: Warning Invalid Simulate Options: Body (PawnCarBP_C_3.Root) is set to simulate physics but Collision Enabled is incompatible
[2015.12.04-16.26.55:889][519]PIE:Warning: Warning Invalid Simulate Options: Body (PawnCarBP_C_3.Root) is set to simulate physics but Collision Enabled is incompatible
[2015.12.04-16.26.55:889][519]LogPhysics:Warning: FBodyInstance::ApplyMaterialToShape_AssumesLocked : PComplexMats is empty - falling back on simple physical material.
[2015.12.04-16.26.55:889][519]LogPhysics:Warning: FBodyInstance::ApplyMaterialToShape_AssumesLocked : PComplexMats is empty - falling back on simple physical material.
[2015.12.04-16.26.55:936][519]LogPhysics:Warning: FBodyInstance::ApplyMaterialToShape_AssumesLocked : PComplexMats is empty - falling back on simple physical material.
[2015.12.04-16.26.55:936][519]LogPhysics:Warning: FBodyInstance::ApplyMaterialToShape_AssumesLocked : PComplexMats is empty - falling back on simple physical material.
[2015.12.04-16.26.55:936][519]LogPhysics:Warning: FBodyInstance::ApplyMaterialToShape_AssumesLocked : PComplexMats is empty - falling back on simple physical material.
[2015.12.04-16.26.55:937][519]LogPhysics:Warning: FBodyInstance::ApplyMaterialToShape_AssumesLocked : PComplexMats is empty - falling back on simple physical material.
[2015.12.04-16.26.55:937][519]LogPhysics:Warning: FBodyInstance::ApplyMaterialToShape_AssumesLocked : PComplexMats is empty - falling back on simple physical material.
[2015.12.04-16.26.55:937][519]LogPhysics:Warning: FBodyInstance::ApplyMaterialToShape_AssumesLocked : PComplexMats is empty - falling back on simple physical material.
[2015.12.04-16.26.55:937][519]LogPhysics:Warning: FBodyInstance::ApplyMaterialToShape_AssumesLocked : PComplexMats is empty - falling back on simple physical material.
[2015.12.04-16.26.55:937][519]LogPhysics:Warning: FBodyInstance::ApplyMaterialToShape_AssumesLocked : PComplexMats is empty - falling back on simple physical material.
[2015.12.04-16.26.55:937][519]LogPhysics:Warning: FBodyInstance::ApplyMaterialToShape_AssumesLocked : PComplexMats is empty - falling back on simple physical material.
[2015.12.04-16.26.55:937][519]LogPhysics:Warning: FBodyInstance::ApplyMaterialToShape_AssumesLocked : PComplexMats is empty - falling back on simple physical material.
[2015.12.04-16.26.55:938][519]LogPhysics:Warning: FBodyInstance::ApplyMaterialToShape_AssumesLocked : PComplexMats is empty - falling back on simple physical material.
[2015.12.04-16.26.55:938][519]LogPhysics:Warning: FBodyInstance::ApplyMaterialToShape_AssumesLocked : PComplexMats is empty - falling back on simple physical material.
[2015.12.04-16.26.55:938][519]LogPhysics:Warning: FBodyInstance::ApplyMaterialToShape_AssumesLocked : PComplexMats is empty - falling back on simple physical material.
[2015.12.04-16.26.55:938][519]LogPhysics:Warning: FBodyInstance::ApplyMaterialToShape_AssumesLocked : PComplexMats is empty - falling back on simple physical material.
[2015.12.04-16.26.55:939][519]LogHotReload: Re-instancing CarController after hot-reload.
[2015.12.04-16.26.55:991][519]LogContentBrowser: Native class hierarchy updated for 'UnrealProject' in 0.0014 seconds. Added 4 classes and 3 folders.
[2015.12.04-16.26.55:993][519]Warning: HotReload successful (0 functions remapped  0 scriptstructs remapped)
[2015.12.04-16.26.56:061][519]LogContentBrowser: Native class hierarchy populated in 0.0093 seconds. Added 1872 classes and 338 folders.
[2015.12.04-16.26.56:577][519]LogCrashTracker: 


[2015.12.04-16.26.56:609][519]LogCrashTracker: 


[2015.12.04-16.26.56:609][519]LogWindows: === Critical error: ===
Fatal error!



[2015.12.04-16.26.56:731][519]LogExit: Executing StaticShutdownAfterError
[2015.12.04-16.26.57:010][519]LogPhysics:Warning: PHYSX: ..\..\PhysX\src\NpScene.cpp (2946) 8 : PxScene::unlockWrite() called without matching call to PxScene::lockWrite(), behaviour will be undefined.
[2015.12.04-16.26.57:010][519]LogPhysics:Warning: PHYSX: ..\..\PhysX\src\NpScene.cpp (2946) 8 : PxScene::unlockWrite() called without matching call to PxScene::lockWrite(), behaviour will be undefined.
[2015.12.04-16.26.57:011][519]LogPhysics:Warning: PHYSX: ..\..\PhysX\src\NpScene.cpp (2946) 8 : PxScene::unlockWrite() called without matching call to PxScene::lockWrite(), behaviour will be undefined.
[2015.12.04-16.26.57:011][519]LogPhysics:Warning: PHYSX: ..\..\PhysX\src\NpScene.cpp (2946) 8 : PxScene::unlockWrite() called without matching call to PxScene::lockWrite(), behaviour will be undefined.
[2015.12.04-16.26.57:017][519]LogWindows: FPlatformMisc::RequestExit(1)
[2015.12.04-16.26.57:017][519]Log file closed, 12/04/15 17:26:57
