[2015.12.04-16.27.20:254][  0]Log file open, 12/04/15 17:27:20
[2015.12.04-16.27.20:254][  0]LogInit:Display: Running engine for game: UnrealProject
[2015.12.04-16.27.20:254][  0]LogInit:Display: RandInit(99037368) SRandInit(99037369).
[2015.12.04-16.27.20:254][  0]LogTaskGraph: Started task graph with 4 named threads and 7 total threads.
[2015.12.04-16.27.20:254][  0]LogStats: Stats thread started at 0.073608
[2015.12.04-16.27.20:254][  0]LogInit: Version: 4.9.1-2689999+++depot+UE4-Releases+4.9
[2015.12.04-16.27.20:254][  0]LogInit: API Version: 2672455
[2015.12.04-16.27.20:254][  0]LogInit: Compiled (64-bit): Sep 14 2015 04:12:03
[2015.12.04-16.27.20:254][  0]LogInit: Compiled with Visual C++: 18.00.21005.01
[2015.12.04-16.27.20:254][  0]LogInit: Build Configuration: Development
[2015.12.04-16.27.20:254][  0]LogInit: Branch Name: ++depot+UE4-Releases+4.9
[2015.12.04-16.27.20:254][  0]LogInit: Command line:  
[2015.12.04-16.27.20:254][  0]LogInit: Base directory: D:/Programs/UE4/Epic Games/4.9/Engine/Binaries/Win64/
[2015.12.04-16.27.20:254][  0]LogInit: Rocket: 1
[2015.12.04-16.27.20:260][  0]LogInit: Using libcurl 7.41.0
[2015.12.04-16.27.20:260][  0]LogInit:  - built for x86_64-pc-win32
[2015.12.04-16.27.20:260][  0]LogInit:  - supports SSL with WinSSL
[2015.12.04-16.27.20:260][  0]LogInit:  - other features:
[2015.12.04-16.27.20:260][  0]LogInit:      CURL_VERSION_SSL
[2015.12.04-16.27.20:260][  0]LogInit:      CURL_VERSION_IPV6
[2015.12.04-16.27.20:260][  0]LogInit:      CURL_VERSION_ASYNCHDNS
[2015.12.04-16.27.20:260][  0]LogInit:      CURL_VERSION_LARGEFILE
[2015.12.04-16.27.20:260][  0]LogInit:      CURL_VERSION_IDN
[2015.12.04-16.27.20:260][  0]LogInit:  CurlRequestOptions (configurable via config and command line):
[2015.12.04-16.27.20:260][  0]LogInit:  - bVerifyPeer = true  - Libcurl will verify peer certificate
[2015.12.04-16.27.20:260][  0]LogInit:  - bUseHttpProxy = false  - Libcurl will NOT use HTTP proxy
[2015.12.04-16.27.20:260][  0]LogInit:  - bDontReuseConnections = false  - Libcurl will reuse connections
[2015.12.04-16.27.20:260][  0]LogInit:  - CertBundlePath = nullptr  - Libcurl will use whatever was configured at build time.
[2015.12.04-16.27.20:265][  0]LogInit: Presizing for 0 objects not considered by GC, pre-allocating 0 bytes.
[2015.12.04-16.27.20:272][  0]LogInit: Object subsystem initialized
[2015.12.04-16.27.20:274][  0]LogInit: Selected Device Profile: [Windows]
[2015.12.04-16.27.20:274][  0]LogInit: Applying CVar settings loaded from the selected device profile: [Windows]
[2015.12.04-16.27.20:282][  0]LogInit: Computer: 2FAST2COMPUTER
[2015.12.04-16.27.20:282][  0]LogInit: User: Patrik
[2015.12.04-16.27.20:282][  0]LogInit: CPU Page size=4096, Cores=4
[2015.12.04-16.27.20:282][  0]LogInit: High frequency timer resolution =3.320339 MHz
[2015.12.04-16.27.20:282][  0]LogMemory: Memory total: Physical=15.9GB (16GB approx)
[2015.12.04-16.27.20:282][  0]LogMemory: Platform Memory Stats for Windows
[2015.12.04-16.27.20:282][  0]LogMemory: Process Physical Memory: 54.70 MB used, 54.70 MB peak
[2015.12.04-16.27.20:282][  0]LogMemory: Process Virtual Memory: 55.60 MB used, 55.60 MB peak
[2015.12.04-16.27.20:282][  0]LogMemory: Physical Memory: 4746.50 MB used, 16267.09 MB total
[2015.12.04-16.27.20:282][  0]LogMemory: Virtual Memory: 365.21 MB used, 134217728.00 MB total
[2015.12.04-16.27.20:312][  0]LogTextLocalizationManager: No translations for ('sv-SE') exist, falling back to 'en' for localization and internationalization data.
[2015.12.04-16.27.21:054][  0]LogD3D11RHI: Found D3D11 adapter 0: NVIDIA GeForce GTX 660 Ti (Feature Level 11_0)
[2015.12.04-16.27.21:054][  0]LogD3D11RHI: Adapter has 1988MB of dedicated video memory, 0MB of dedicated system memory, and 8133MB of shared system memory, 3 output[s]
[2015.12.04-16.27.21:057][  0]LogD3D11RHI: Found D3D11 adapter 1: Intel(R) HD Graphics 4000 (Feature Level 11_0)
[2015.12.04-16.27.21:057][  0]LogD3D11RHI: Adapter has 32MB of dedicated video memory, 0MB of dedicated system memory, and 1760MB of shared system memory, 0 output[s]
[2015.12.04-16.27.21:058][  0]LogD3D11RHI: Found D3D11 adapter 2: Microsoft Basic Render Driver (Feature Level 11_0)
[2015.12.04-16.27.21:058][  0]LogD3D11RHI: Adapter has 0MB of dedicated video memory, 0MB of dedicated system memory, and 8133MB of shared system memory, 0 output[s]
[2015.12.04-16.27.21:058][  0]LogD3D11RHI: Chosen D3D11 Adapter Id = 0
[2015.12.04-16.27.21:071][  0]LogD3D11RHI: !Direct3DDevice
[2015.12.04-16.27.21:071][  0]LogRHI: Texture pool is 1361 MB (70% of 1945 MB)
[2015.12.04-16.27.21:084][  0]LogD3D11RHI: Async texture creation enabled
[2015.12.04-16.27.21:099][  0]LogShaderCompilers: Guid format shader working directory is 13 characters bigger than the processId version (../../../../../../../Documents and projects/Github/MAH_Arena_UnrealProject/UnrealProject/Intermediate/Shaders/WorkingDirectory/119916/).
[2015.12.04-16.27.21:099][  0]LogShaderCompilers: Cleaned the shader compiler working directory '../../../../../../../Documents and projects/Github/MAH_Arena_UnrealProject/UnrealProject/Intermediate/Shaders/tmp/818C19654466212E1475F396AAA446F6/'.
[2015.12.04-16.27.21:099][  0]LogShaderCompilers:Display: Using Local Shader Compiler.
[2015.12.04-16.27.22:133][  0]LogTemp:Display: Loaded TP AllDesktopTargetPlatform
[2015.12.04-16.27.22:138][  0]LogTemp:Display: Loaded TP WindowsClientTargetPlatform
[2015.12.04-16.27.22:142][  0]LogTemp:Display: Loaded TP WindowsNoEditorTargetPlatform
[2015.12.04-16.27.22:146][  0]LogTemp:Display: Loaded TP WindowsServerTargetPlatform
[2015.12.04-16.27.22:150][  0]LogTemp:Display: Loaded TP WindowsTargetPlatform
[2015.12.04-16.27.22:153][  0]LogTemp:Display: Loaded TP AndroidTargetPlatform
[2015.12.04-16.27.22:156][  0]LogTemp:Display: Loaded TP Android_ASTCTargetPlatform
[2015.12.04-16.27.22:159][  0]LogTemp:Display: Loaded TP Android_ATCTargetPlatform
[2015.12.04-16.27.22:162][  0]LogTemp:Display: Loaded TP Android_DXTTargetPlatform
[2015.12.04-16.27.22:165][  0]LogTemp:Display: Loaded TP Android_ETC1TargetPlatform
[2015.12.04-16.27.22:168][  0]LogTemp:Display: Loaded TP Android_ETC2TargetPlatform
[2015.12.04-16.27.22:171][  0]LogTemp:Display: Loaded TP Android_PVRTCTargetPlatform
[2015.12.04-16.27.22:172][  0]LogTemp:Display: Loaded TP HTML5TargetPlatform
[2015.12.04-16.27.22:189][  0]LogTemp:Display: Loaded TP IOSTargetPlatform
[2015.12.04-16.27.22:192][  0]LogTemp:Display: Loaded TP LinuxNoEditorTargetPlatform
[2015.12.04-16.27.22:195][  0]LogTemp:Display: Loaded TP LinuxServerTargetPlatform
[2015.12.04-16.27.22:198][  0]LogTemp:Display: Loaded TP LinuxTargetPlatform
[2015.12.04-16.27.22:198][  0]LogTargetPlatformManager:Display: Building Assets For Windows
[2015.12.04-16.27.22:264][  0]LogDerivedDataCache:Display: Max Cache Size: 512 MB
[2015.12.04-16.27.22:303][  0]LogDerivedDataCache: Loaded boot cache 0.04s 46MB C:/Users/Patrik/AppData/Local/UnrealEngine/4.9/DerivedDataCache/Boot.ddc.
[2015.12.04-16.27.22:303][  0]LogDerivedDataCache:Display: Loaded Boot cache: C:/Users/Patrik/AppData/Local/UnrealEngine/4.9/DerivedDataCache/Boot.ddc
[2015.12.04-16.27.22:303][  0]LogDerivedDataCache: FDerivedDataBackendGraph:  Pak pak cache file ../../../../../../../Documents and projects/Github/MAH_Arena_UnrealProject/UnrealProject/DerivedDataCache/DDC.ddp not found, will not use a pak cache.
[2015.12.04-16.27.22:303][  0]LogDerivedDataCache: Unable to find inner node Pak for hierarchical cache Hierarchy.
[2015.12.04-16.27.22:303][  0]LogDerivedDataCache: FDerivedDataBackendGraph:  CompressedPak pak cache file ../../../../../../../Documents and projects/Github/MAH_Arena_UnrealProject/UnrealProject/DerivedDataCache/Compressed.ddp not found, will not use a pak cache.
[2015.12.04-16.27.22:303][  0]LogDerivedDataCache: Unable to find inner node CompressedPak for hierarchical cache Hierarchy.
[2015.12.04-16.27.22:437][  0]LogDerivedDataCache:Display: Pak cache opened for reading ../../../Engine/DerivedDataCache/Compressed.ddp.
[2015.12.04-16.27.22:449][  0]LogDerivedDataCache: Using Local data cache path C:/Users/Patrik/AppData/Local/UnrealEngine/Common/DerivedDataCache: Writable
[2015.12.04-16.27.22:621][  0]LogInit: Selected Device Profile: [Windows]
[2015.12.04-16.27.22:624][  0]LogContentStreaming: Texture pool size is 0.000000MB
[2015.12.04-16.27.22:736][  0]LogMeshUtilities: No automatic mesh reduction module available
[2015.12.04-16.27.22:736][  0]LogMeshUtilities: No automatic mesh merging module available
[2015.12.04-16.27.22:961][  0]LogInit: WinSock: version 1.1 (2.2), MaxSocks=32767, MaxUdp=65467
[2015.12.04-16.27.23:549][  0]UdpMessaging: Initializing bridge on interface 0.0.0.0:0 to multicast group 230.0.0.1:6666.
[2015.12.04-16.27.23:666][  0]LogAssetRegistry: FAssetRegistry took 0.0114 seconds to start up
[2015.12.04-16.27.23:797][  0]SourceControl: Info Source control is disabled
[2015.12.04-16.27.23:805][  0]SourceControl: Info Source control is disabled
[2015.12.04-16.27.23:812][  0]SourceControl: Info Source control is disabled
[2015.12.04-16.27.23:820][  0]SourceControl: Info Source control is disabled
[2015.12.04-16.27.23:925][  0]LogLinker:Warning: Asset '../../../Engine/Plugins/Runtime/LeapMotionController/Content/LM_PassthroughMaterial.uasset' has been saved with empty engine version. The asset will be loaded but may be incompatible.
[2015.12.04-16.27.23:982][  0]LogObj: 28383 objects as part of root set at end of initial load.
[2015.12.04-16.27.23:982][  0]LogUObjectAllocator: 6053304 out of 0 bytes used by permanent object pool.
[2015.12.04-16.27.24:033][  0]LogEngine: Initializing Engine...
[2015.12.04-16.27.24:035][  0]LogHMD: Can't find Oculus library dev build: is proper Runtime installed? Version: 0.7.0.0
[2015.12.04-16.27.24:036][  0]LogHMD: SteamVR failed to initialize.  Err: 110
[2015.12.04-16.27.24:149][  0]LogAIModule: Creating AISystem for world NewWorld
[2015.12.04-16.27.24:159][  0]LogInit: XAudio2 using 'PHILIPS FTV-4 (NVIDIA High Definition Audio)' : 2 channels at 48 kHz using 16 bits per sample (channel mask 0x3)
[2015.12.04-16.27.24:166][  0]LogInit: FAudioDevice initialized.
[2015.12.04-16.27.24:185][  0]LogDerivedDataCache: Saved boot cache 0.02s 42MB C:/Users/Patrik/AppData/Local/UnrealEngine/4.9/DerivedDataCache/Boot.ddc.
[2015.12.04-16.27.24:189][  0]LogInit: Texture streaming: Enabled
[2015.12.04-16.27.24:193][  0]LogAnalytics: Creating configured Analytics provider AnalyticsET
[2015.12.04-16.27.24:193][  0]LogAnalytics: [UEEditor.Rocket.Release] APIServer = http://et2.epicgames.com/ET2/. AppVersion = 4.9.1-2689999+++depot+UE4-Releases+4.9
[2015.12.04-16.27.24:193][  0]LogAnalytics: [UEEditor.Rocket.Release] SetUserId 75b1651448aed74c20c7d4add0562cd6|13486bde023f4a2ab96e5809842d42e4|b60df82a-f797-42d7-91b9-baed788aeecd
[2015.12.04-16.27.24:193][  0]LogAnalytics: [UEEditor.Rocket.Release] AnalyticsET::StartSession
[2015.12.04-16.27.24:248][  0]LogInit: Transaction tracking system initialized
[2015.12.04-16.27.24:267][  0]BlueprintLog: New page: Editor Load
[2015.12.04-16.27.24:321][  0]LocalizationService: Info Localization service is disabled
[2015.12.04-16.27.24:385][  0]LogConsoleResponse:Display: 
[2015.12.04-16.27.24:487][  0]LogCook:Display: Done creating registry. It took  0.00s.
[2015.12.04-16.27.24:532][  0]LogFileCache: Scanning file cache for directory 'D:/Documents and projects/Github/MAH_Arena_UnrealProject/UnrealProject/Content/' took 0.01s
[2015.12.04-16.27.24:532][  0]SourceControl: Info Source control is disabled
[2015.12.04-16.27.24:533][  0]Cmd: MAP LOAD FILE="../../../../../../../Documents and projects/Github/MAH_Arena_UnrealProject/UnrealProject/Content/StarterContent/Maps/Minimal_Default.umap" TEMPLATE=0 SHOWPROGRESS=1 FEATURELEVEL=3
[2015.12.04-16.27.24:533][  0]LightingResults: New page: Lighting Build
[2015.12.04-16.27.24:535][  0]MapCheck: New page: Map Check
[2015.12.04-16.27.24:535][  0]LightingResults: New page: Lighting Build
[2015.12.04-16.27.24:544][  0]LogParticles: Destroying 0 GPU particle simulations for FXSystem 0x000000C4B3AB0400
[2015.12.04-16.27.24:835][  0]LogAIModule: Creating AISystem for world Minimal_Default
[2015.12.04-16.27.24:840][  0]LogEditorServer: Finished looking for orphan Actors (0.000 secs)
[2015.12.04-16.27.24:841][  0]Cmd: MAP CHECKDEP NOCLEARLOG
[2015.12.04-16.27.24:889][  0]MapCheck: Info Map check complete: 0 Error(s), 0 Warning(s), took 48.202ms to complete.
[2015.12.04-16.27.24:889][  0]LogFileHelpers: Loading map 'Minimal_Default' took 0.356
[2015.12.04-16.27.25:029][  0]LogCollectionManager: Loaded 0 collections in 0.001531 seconds
[2015.12.04-16.27.25:072][  0]LogFileCache: Scanning file cache for directory 'D:/Documents and projects/Github/MAH_Arena_UnrealProject/UnrealProject/Saved/Collections/' took 0.01s
[2015.12.04-16.27.25:072][  0]LogFileCache: Scanning file cache for directory 'D:/Documents and projects/Github/MAH_Arena_UnrealProject/UnrealProject/Content/Developers/Patrik/Collections/' took 0.01s
[2015.12.04-16.27.25:072][  0]LogFileCache: Scanning file cache for directory 'D:/Documents and projects/Github/MAH_Arena_UnrealProject/UnrealProject/Content/Collections/' took 0.01s
[2015.12.04-16.27.25:072][  0]LogContentBrowser: Native class hierarchy populated in 0.0086 seconds. Added 1871 classes and 336 folders.
[2015.12.04-16.27.25:085][  0]LogCollectionManager: Rebuilt the GUID cache for 0 collections in 0.000003 seconds
[2015.12.04-16.27.25:091][  0]LogContentBrowser: Native class hierarchy updated for 'WidgetCarousel' in 0.0013 seconds. Added 0 classes and 0 folders.
[2015.12.04-16.27.25:127][  0]LogContentBrowser: Native class hierarchy updated for 'AddContentDialog' in 0.0014 seconds. Added 0 classes and 0 folders.
[2015.12.04-16.27.25:136][  0]LogContentBrowser: Native class hierarchy updated for 'SceneOutliner' in 0.0014 seconds. Added 1 classes and 2 folders.
[2015.12.04-16.27.25:185][  0]LogCrashTracker: Crashtracker disabled due to settings.
[2015.12.04-16.27.25:189][  0]LogUObjectGlobals:Warning: Failed to find object 'Class None.'
[2015.12.04-16.27.25:211][  0]LogLoad: Full Startup: 5.67 seconds (BP compile: 0.04 seconds)
[2015.12.04-16.27.25:275][  0]LogContentStreaming: Texture pool size now 1000 MB
[2015.12.04-16.27.25:378][  0]LogRenderer: Reallocating scene render targets to support 1208x576 (Frame:2).
[2015.12.04-16.27.26:227][  3]LogAssetRegistry: Asset discovery search completed in 2.5728 seconds
[2015.12.04-16.27.26:227][  3]LogCollectionManager: Rebuilt the object cache for 0 collections in 0.000001 seconds (found 0 objects)
[2015.12.04-16.27.26:227][  3]LogCollectionManager: Fixed up redirectors for 0 collections in 0.000034 seconds (updated 0 objects)
[2015.12.04-16.28.02:981][256]Recompiling UnrealProject...
[2015.12.04-16.28.02:981][256]Launching UnrealBuildTool... [D:/Programs/UE4/Epic Games/4.9/Engine/Binaries/DotNET/UnrealBuildTool.exe UnrealProject -ModuleWithSuffix UnrealProject 7017 Win64 Development -editorrecompile -canskiplink "D:/Documents and projects/Github/MAH_Arena_UnrealProject/UnrealProject/UnrealProject.uproject" -rocket  -rocket]
[2015.12.04-16.28.02:982][256]Warning: Starting HotReload took  0.1s.
[2015.12.04-16.28.03:891][343]CompilerResultsLog: New page: Compilation - Dec 4, 2015, 6:28:03 PM
[2015.12.04-16.28.03:891][343]CompilerResultsLog: Info Compiling game modules for hot reload
[2015.12.04-16.28.03:891][343]CompilerResultsLog: Info Target is up to date.
[2015.12.04-16.28.03:891][343]LogMainFrame: MainFrame: Module compiling took 0.922 seconds
[2015.12.04-16.28.08:656][911]LogBlueprintUserMessages: Early PlayInEditor Detection: Level '/Game/StarterContent/Maps/Minimal_Default.Minimal_Default:PersistentLevel' has LevelScriptBlueprint '/Game/StarterContent/Maps/Minimal_Default.Minimal_Default:PersistentLevel.Minimal_Default' with GeneratedClass '/Game/StarterContent/Maps/Minimal_Default.Minimal_Default_C' with ClassGeneratedBy '/Game/StarterContent/Maps/Minimal_Default.Minimal_Default:PersistentLevel.Minimal_Default'
[2015.12.04-16.28.08:656][911]LogPlayLevel: PlayLevel: No blueprints needed recompiling
[2015.12.04-16.28.08:656][911]PIE: New page: PIE session: Minimal_Default (Dec 4, 2015, 6:28:08 PM)
[2015.12.04-16.28.08:656][911]LogPlayLevel: Creating play world package: /Game/StarterContent/Maps/UEDPIE_0_Minimal_Default
[2015.12.04-16.28.08:664][911]LogPlayLevel: PIE: StaticDuplicateObject took: (0.007496s)
[2015.12.04-16.28.08:665][911]LogAIModule: Creating AISystem for world Minimal_Default
[2015.12.04-16.28.08:665][911]LogPlayLevel: PIE: World Init took: (0.001074s)
[2015.12.04-16.28.08:665][911]LogPlayLevel: PIE: Created PIE world by copying editor world from /Game/StarterContent/Maps/Minimal_Default.Minimal_Default to /Game/StarterContent/Maps/UEDPIE_0_Minimal_Default.Minimal_Default (0.008815s)
[2015.12.04-16.28.08:689][911]LogInit: XAudio2 using 'PHILIPS FTV-4 (NVIDIA High Definition Audio)' : 2 channels at 48 kHz using 16 bits per sample (channel mask 0x3)
[2015.12.04-16.28.08:693][911]LogInit: FAudioDevice initialized.
[2015.12.04-16.28.08:775][911]LogWorld: Game class is 'UnrealProjectGameMode'
[2015.12.04-16.28.08:779][911]LogWorld: Bringing World /Game/StarterContent/Maps/UEDPIE_0_Minimal_Default.Minimal_Default up for play (max tick rate 0) at 2015.12.04-17.28.08
[2015.12.04-16.28.08:779][911]LogActor:Warning: GameSession /Game/StarterContent/Maps/UEDPIE_0_Minimal_Default.Minimal_Default:PersistentLevel.GameSession_0 has natively added scene component(s), but none of them were set as the actor's RootComponent - picking one arbitrarily
[2015.12.04-16.28.08:779][911]LogActor:Warning: GameNetworkManager /Game/StarterContent/Maps/UEDPIE_0_Minimal_Default.Minimal_Default:PersistentLevel.GameNetworkManager_0 has natively added scene component(s), but none of them were set as the actor's RootComponent - picking one arbitrarily
[2015.12.04-16.28.08:779][911]LogWorld: Bringing up level for play took: 0.002767
[2015.12.04-16.28.08:826][911]PIE: Info Play in editor start time for /Game/StarterContent/Maps/UEDPIE_0_Minimal_Default 1.164
[2015.12.04-16.28.08:826][911]LogBlueprintUserMessages: Late PlayInEditor Detection: Level '/Game/StarterContent/Maps/Minimal_Default.Minimal_Default:PersistentLevel' has LevelScriptBlueprint '/Game/StarterContent/Maps/Minimal_Default.Minimal_Default:PersistentLevel.Minimal_Default' with GeneratedClass '/Game/StarterContent/Maps/Minimal_Default.Minimal_Default_C' with ClassGeneratedBy '/Game/StarterContent/Maps/Minimal_Default.Minimal_Default:PersistentLevel.Minimal_Default'
[2015.12.04-16.28.09:017][911]LogCrashTracker: 


[2015.12.04-16.28.09:017][911]LogCrashTracker: 


[2015.12.04-16.28.09:017][911]LogWindows: === Critical error: ===
Fatal error!



[2015.12.04-16.28.09:138][911]LogExit: Executing StaticShutdownAfterError
[2015.12.04-16.28.09:141][911]LogPhysics:Warning: PHYSX: ..\..\PhysX\src\NpScene.cpp (2946) 8 : PxScene::unlockWrite() called without matching call to PxScene::lockWrite(), behaviour will be undefined.
[2015.12.04-16.28.09:141][911]LogPhysics:Warning: PHYSX: ..\..\PhysX\src\NpScene.cpp (2946) 8 : PxScene::unlockWrite() called without matching call to PxScene::lockWrite(), behaviour will be undefined.
[2015.12.04-16.28.09:141][911]LogPhysics:Warning: PHYSX: ..\..\PhysX\src\NpScene.cpp (2946) 8 : PxScene::unlockWrite() called without matching call to PxScene::lockWrite(), behaviour will be undefined.
[2015.12.04-16.28.09:141][911]LogPhysics:Warning: PHYSX: ..\..\PhysX\src\NpScene.cpp (2946) 8 : PxScene::unlockWrite() called without matching call to PxScene::lockWrite(), behaviour will be undefined.
[2015.12.04-16.28.09:141][911]LogWindows: FPlatformMisc::RequestExit(1)
[2015.12.04-16.28.09:142][911]Log file closed, 12/04/15 17:28:09
