[2015.12.10-07.59.58:061][  0]Log file open, 12/10/15 08:59:58
[2015.12.10-07.59.58:061][  0]LogInit:Display: Running engine for game: UnrealProject
[2015.12.10-07.59.58:061][  0]LogInit:Display: RandInit(-1516188668) SRandInit(-1516188666).
[2015.12.10-07.59.58:061][  0]LogTaskGraph: Started task graph with 4 named threads and 5 total threads.
[2015.12.10-07.59.58:061][  0]LogStats: Stats thread started at 0.068761
[2015.12.10-07.59.58:061][  0]LogInit: Version: 4.9.2-2707645+++depot+UE4-Releases+4.9
[2015.12.10-07.59.58:061][  0]LogInit: API Version: 2672455
[2015.12.10-07.59.58:061][  0]LogInit: Compiled (64-bit): Sep 28 2015 10:25:44
[2015.12.10-07.59.58:061][  0]LogInit: Compiled with Visual C++: 18.00.21005.01
[2015.12.10-07.59.58:061][  0]LogInit: Build Configuration: Development
[2015.12.10-07.59.58:061][  0]LogInit: Branch Name: ++depot+UE4-Releases+4.9
[2015.12.10-07.59.58:061][  0]LogInit: Command line:  
[2015.12.10-07.59.58:061][  0]LogInit: Base directory: D:/Program Files/Epic Games/4.9/Engine/Binaries/Win64/
[2015.12.10-07.59.58:061][  0]LogInit: Rocket: 1
[2015.12.10-07.59.58:072][  0]LogInit: Using libcurl 7.41.0
[2015.12.10-07.59.58:072][  0]LogInit:  - built for x86_64-pc-win32
[2015.12.10-07.59.58:072][  0]LogInit:  - supports SSL with WinSSL
[2015.12.10-07.59.58:072][  0]LogInit:  - other features:
[2015.12.10-07.59.58:072][  0]LogInit:      CURL_VERSION_SSL
[2015.12.10-07.59.58:072][  0]LogInit:      CURL_VERSION_IPV6
[2015.12.10-07.59.58:072][  0]LogInit:      CURL_VERSION_ASYNCHDNS
[2015.12.10-07.59.58:072][  0]LogInit:      CURL_VERSION_LARGEFILE
[2015.12.10-07.59.58:072][  0]LogInit:      CURL_VERSION_IDN
[2015.12.10-07.59.58:072][  0]LogInit:  CurlRequestOptions (configurable via config and command line):
[2015.12.10-07.59.58:072][  0]LogInit:  - bVerifyPeer = true  - Libcurl will verify peer certificate
[2015.12.10-07.59.58:072][  0]LogInit:  - bUseHttpProxy = false  - Libcurl will NOT use HTTP proxy
[2015.12.10-07.59.58:072][  0]LogInit:  - bDontReuseConnections = false  - Libcurl will reuse connections
[2015.12.10-07.59.58:072][  0]LogInit:  - CertBundlePath = nullptr  - Libcurl will use whatever was configured at build time.
[2015.12.10-07.59.58:082][  0]LogInit: Presizing for 0 objects not considered by GC, pre-allocating 0 bytes.
[2015.12.10-07.59.58:089][  0]LogInit: Object subsystem initialized
[2015.12.10-07.59.58:090][  0]LogInit: Selected Device Profile: [Windows]
[2015.12.10-07.59.58:090][  0]LogInit: Applying CVar settings loaded from the selected device profile: [Windows]
[2015.12.10-07.59.58:111][  0]LogInit: Computer: SIMONLAPTOP
[2015.12.10-07.59.58:111][  0]LogInit: User: Simon
[2015.12.10-07.59.58:111][  0]LogInit: CPU Page size=4096, Cores=2
[2015.12.10-07.59.58:111][  0]LogInit: High frequency timer resolution =2.533198 MHz
[2015.12.10-07.59.58:111][  0]LogMemory: Memory total: Physical=7.9GB (8GB approx)
[2015.12.10-07.59.58:111][  0]LogMemory: Platform Memory Stats for Windows
[2015.12.10-07.59.58:111][  0]LogMemory: Process Physical Memory: 54.13 MB used, 54.13 MB peak
[2015.12.10-07.59.58:111][  0]LogMemory: Process Virtual Memory: 57.29 MB used, 57.29 MB peak
[2015.12.10-07.59.58:111][  0]LogMemory: Physical Memory: 4074.22 MB used, 8080.91 MB total
[2015.12.10-07.59.58:111][  0]LogMemory: Virtual Memory: 369.49 MB used, 134217728.00 MB total
[2015.12.10-07.59.58:213][  0]LogTextLocalizationManager: No specific translations for ('en-US') exist, so ('en') translations will be used.
[2015.12.10-07.59.59:358][  0]LogD3D11RHI: Found D3D11 adapter 0: NVIDIA GeForce 840M            (Feature Level 11_0)
[2015.12.10-07.59.59:358][  0]LogD3D11RHI: Adapter has 1996MB of dedicated video memory, 0MB of dedicated system memory, and 4040MB of shared system memory, 1 output[s]
[2015.12.10-07.59.59:368][  0]LogD3D11RHI: Found D3D11 adapter 1: Intel(R) HD Graphics Family (Feature Level 11_0)
[2015.12.10-07.59.59:368][  0]LogD3D11RHI: Adapter has 112MB of dedicated video memory, 0MB of dedicated system memory, and 4040MB of shared system memory, 0 output[s]
[2015.12.10-07.59.59:371][  0]LogD3D11RHI: Found D3D11 adapter 2: Microsoft Basic Render Driver (Feature Level 11_0)
[2015.12.10-07.59.59:371][  0]LogD3D11RHI: Adapter has 0MB of dedicated video memory, 0MB of dedicated system memory, and 4040MB of shared system memory, 0 output[s]
[2015.12.10-07.59.59:371][  0]LogD3D11RHI: Chosen D3D11 Adapter Id = 0
[2015.12.10-07.59.59:376][  0]LogD3D11RHI: !Direct3DDevice
[2015.12.10-07.59.59:376][  0]LogRHI: Texture pool is 1361 MB (70% of 1945 MB)
[2015.12.10-07.59.59:390][  0]LogD3D11RHI: Async texture creation enabled
[2015.12.10-07.59.59:404][  0]LogShaderCompilers: Guid format shader working directory is 15 characters bigger than the processId version (C:/Users/Simon/Documents/GitHub/MAH_Arena_UnrealProject/UnrealProject/Intermediate/Shaders/WorkingDirectory/6636/).
[2015.12.10-07.59.59:404][  0]LogShaderCompilers: Cleaned the shader compiler working directory 'C:/Users/Simon/Documents/GitHub/MAH_Arena_UnrealProject/UnrealProject/Intermediate/Shaders/tmp/0A22206B4786C8F09111DAB02BF0B3D1/'.
[2015.12.10-07.59.59:404][  0]LogShaderCompilers:Display: Using Local Shader Compiler.
[2015.12.10-08.00.01:347][  0]LogTemp:Display: Loaded TP AllDesktopTargetPlatform
[2015.12.10-08.00.01:353][  0]LogTemp:Display: Loaded TP WindowsClientTargetPlatform
[2015.12.10-08.00.01:358][  0]LogTemp:Display: Loaded TP WindowsNoEditorTargetPlatform
[2015.12.10-08.00.01:363][  0]LogTemp:Display: Loaded TP WindowsServerTargetPlatform
[2015.12.10-08.00.01:368][  0]LogTemp:Display: Loaded TP WindowsTargetPlatform
[2015.12.10-08.00.01:375][  0]LogTemp:Display: Loaded TP AndroidTargetPlatform
[2015.12.10-08.00.01:379][  0]LogTemp:Display: Loaded TP Android_ASTCTargetPlatform
[2015.12.10-08.00.01:382][  0]LogTemp:Display: Loaded TP Android_ATCTargetPlatform
[2015.12.10-08.00.01:386][  0]LogTemp:Display: Loaded TP Android_DXTTargetPlatform
[2015.12.10-08.00.01:389][  0]LogTemp:Display: Loaded TP Android_ETC1TargetPlatform
[2015.12.10-08.00.01:393][  0]LogTemp:Display: Loaded TP Android_ETC2TargetPlatform
[2015.12.10-08.00.01:397][  0]LogTemp:Display: Loaded TP Android_PVRTCTargetPlatform
[2015.12.10-08.00.01:399][  0]LogTemp:Display: Loaded TP HTML5TargetPlatform
[2015.12.10-08.00.01:421][  0]LogTemp:Display: Loaded TP IOSTargetPlatform
[2015.12.10-08.00.01:425][  0]LogTemp:Display: Loaded TP LinuxNoEditorTargetPlatform
[2015.12.10-08.00.01:429][  0]LogTemp:Display: Loaded TP LinuxServerTargetPlatform
[2015.12.10-08.00.01:435][  0]LogTemp:Display: Loaded TP LinuxTargetPlatform
[2015.12.10-08.00.01:435][  0]LogTargetPlatformManager:Display: Building Assets For Windows
[2015.12.10-08.00.01:542][  0]LogDerivedDataCache:Display: Max Cache Size: 512 MB
[2015.12.10-08.00.01:747][  0]LogDerivedDataCache: Loaded boot cache 0.20s 43MB C:/Users/Simon/AppData/Local/UnrealEngine/4.9/DerivedDataCache/Boot.ddc.
[2015.12.10-08.00.01:747][  0]LogDerivedDataCache:Display: Loaded Boot cache: C:/Users/Simon/AppData/Local/UnrealEngine/4.9/DerivedDataCache/Boot.ddc
[2015.12.10-08.00.01:747][  0]LogDerivedDataCache: FDerivedDataBackendGraph:  Pak pak cache file C:/Users/Simon/Documents/GitHub/MAH_Arena_UnrealProject/UnrealProject/DerivedDataCache/DDC.ddp not found, will not use a pak cache.
[2015.12.10-08.00.01:747][  0]LogDerivedDataCache: Unable to find inner node Pak for hierarchical cache Hierarchy.
[2015.12.10-08.00.01:747][  0]LogDerivedDataCache: FDerivedDataBackendGraph:  CompressedPak pak cache file C:/Users/Simon/Documents/GitHub/MAH_Arena_UnrealProject/UnrealProject/DerivedDataCache/Compressed.ddp not found, will not use a pak cache.
[2015.12.10-08.00.01:747][  0]LogDerivedDataCache: Unable to find inner node CompressedPak for hierarchical cache Hierarchy.
[2015.12.10-08.00.01:900][  0]LogDerivedDataCache:Display: Pak cache opened for reading ../../../Engine/DerivedDataCache/Compressed.ddp.
[2015.12.10-08.00.01:912][  0]LogDerivedDataCache: Using Local data cache path C:/Users/Simon/AppData/Local/UnrealEngine/Common/DerivedDataCache: Writable
[2015.12.10-08.00.03:788][  0]LogInit: Selected Device Profile: [Windows]
[2015.12.10-08.00.03:792][  0]LogContentStreaming: Texture pool size is 0.000000MB
[2015.12.10-08.00.03:923][  0]LogMeshUtilities: No automatic mesh reduction module available
[2015.12.10-08.00.03:923][  0]LogMeshUtilities: No automatic mesh merging module available
[2015.12.10-08.00.04:189][  0]LogInit: WinSock: version 1.1 (2.2), MaxSocks=32767, MaxUdp=65467
[2015.12.10-08.00.06:336][  0]UdpMessaging: Initializing bridge on interface 0.0.0.0:0 to multicast group 230.0.0.1:6666.
[2015.12.10-08.00.06:481][  0]LogAssetRegistry: FAssetRegistry took 0.0112 seconds to start up
[2015.12.10-08.00.06:658][  0]SourceControl: Info Source control is disabled
[2015.12.10-08.00.06:667][  0]SourceControl: Info Source control is disabled
[2015.12.10-08.00.06:681][  0]SourceControl: Info Source control is disabled
[2015.12.10-08.00.06:692][  0]SourceControl: Info Source control is disabled
[2015.12.10-08.00.06:890][  0]LogLinker:Warning: Asset '../../../Engine/Plugins/Runtime/LeapMotionController/Content/LM_PassthroughMaterial.uasset' has been saved with empty engine version. The asset will be loaded but may be incompatible.
[2015.12.10-08.00.06:966][  0]LogObj: 28383 objects as part of root set at end of initial load.
[2015.12.10-08.00.06:966][  0]LogUObjectAllocator: 6053304 out of 0 bytes used by permanent object pool.
[2015.12.10-08.00.07:028][  0]LogEngine: Initializing Engine...
[2015.12.10-08.00.07:030][  0]LogHMD: Can't find Oculus library dev build: is proper Runtime installed? Version: 0.7.0.0
[2015.12.10-08.00.07:125][  0]LogHMD: SteamVR failed to initialize.  Err: 108
[2015.12.10-08.00.07:255][  0]LogAIModule: Creating AISystem for world NewWorld
[2015.12.10-08.00.07:259][  0]LogInit: XAudio2 using 'Speakers (Conexant SmartAudio HD)' : 2 channels at 48 kHz using 32 bits per sample (channel mask 0x3)
[2015.12.10-08.00.07:428][  0]LogInit: FAudioDevice initialized.
[2015.12.10-08.00.07:448][  0]LogDerivedDataCache: Saved boot cache 0.02s 41MB C:/Users/Simon/AppData/Local/UnrealEngine/4.9/DerivedDataCache/Boot.ddc.
[2015.12.10-08.00.07:453][  0]LogInit: Texture streaming: Enabled
[2015.12.10-08.00.07:457][  0]LogAnalytics: Creating configured Analytics provider AnalyticsET
[2015.12.10-08.00.07:457][  0]LogAnalytics: [UEEditor.Rocket.Release] APIServer = http://et2.epicgames.com/ET2/. AppVersion = 4.9.2-2707645+++depot+UE4-Releases+4.9
[2015.12.10-08.00.07:457][  0]LogAnalytics: [UEEditor.Rocket.Release] SetUserId 6513f12644b2a44aef06b6b2b101a60b|0986fcf50a56434a9f04b1f02afeed0b|3549f2f7-93b8-499b-b80b-3e19a3b9ffc4
[2015.12.10-08.00.07:457][  0]LogAnalytics: [UEEditor.Rocket.Release] AnalyticsET::StartSession
[2015.12.10-08.00.07:489][  0]LogInit: Transaction tracking system initialized
[2015.12.10-08.00.07:597][  0]BlueprintLog: New page: Editor Load
[2015.12.10-08.00.07:691][  0]LocalizationService: Info Localization service is disabled
[2015.12.10-08.00.07:973][  0]LogConsoleResponse:Display: 
[2015.12.10-08.00.08:139][  0]LogCook:Display: Done creating registry. It took  0.00s.
[2015.12.10-08.00.08:237][  0]LogFileCache: Scanning file cache for directory 'C:/Users/Simon/Documents/GitHub/MAH_Arena_UnrealProject/UnrealProject/Content/' took 0.02s
[2015.12.10-08.00.08:237][  0]SourceControl: Info Source control is disabled
[2015.12.10-08.00.08:238][  0]Cmd: MAP LOAD FILE="C:/Users/Simon/Documents/GitHub/MAH_Arena_UnrealProject/UnrealProject/Content/StarterContent/Maps/Minimal_Default.umap" TEMPLATE=0 SHOWPROGRESS=1 FEATURELEVEL=3
[2015.12.10-08.00.08:243][  0]LightingResults: New page: Lighting Build
[2015.12.10-08.00.08:245][  0]MapCheck: New page: Map Check
[2015.12.10-08.00.08:245][  0]LightingResults: New page: Lighting Build
[2015.12.10-08.00.08:266][  0]LogParticles: Destroying 0 GPU particle simulations for FXSystem 0x000001CCDBC90400
[2015.12.10-08.00.08:729][  0]LogAIModule: Creating AISystem for world Minimal_Default
[2015.12.10-08.00.08:738][  0]LogEditorServer: Finished looking for orphan Actors (0.000 secs)
[2015.12.10-08.00.08:738][  0]Cmd: MAP CHECKDEP NOCLEARLOG
[2015.12.10-08.00.08:804][  0]MapCheck: Info Map check complete: 0 Error(s), 0 Warning(s), took 65.366ms to complete.
[2015.12.10-08.00.08:804][  0]LogFileHelpers: Loading map 'Minimal_Default' took 0.566
[2015.12.10-08.00.08:966][  0]LogCollectionManager: Loaded 0 collections in 0.002643 seconds
[2015.12.10-08.00.09:025][  0]LogFileCache: Scanning file cache for directory 'C:/Users/Simon/Documents/GitHub/MAH_Arena_UnrealProject/UnrealProject/Saved/Collections/' took 0.01s
[2015.12.10-08.00.09:025][  0]LogFileCache: Scanning file cache for directory 'C:/Users/Simon/Documents/GitHub/MAH_Arena_UnrealProject/UnrealProject/Content/Developers/Simon/Collections/' took 0.01s
[2015.12.10-08.00.09:025][  0]LogFileCache: Scanning file cache for directory 'C:/Users/Simon/Documents/GitHub/MAH_Arena_UnrealProject/UnrealProject/Content/Collections/' took 0.01s
[2015.12.10-08.00.09:025][  0]LogContentBrowser: Native class hierarchy populated in 0.0240 seconds. Added 1871 classes and 336 folders.
[2015.12.10-08.00.09:096][  0]LogCollectionManager: Rebuilt the GUID cache for 0 collections in 0.000010 seconds
[2015.12.10-08.00.09:163][  0]LogContentBrowser: Native class hierarchy updated for 'WidgetCarousel' in 0.0199 seconds. Added 0 classes and 0 folders.
[2015.12.10-08.00.09:853][  0]LogContentBrowser: Native class hierarchy updated for 'AddContentDialog' in 0.0050 seconds. Added 0 classes and 0 folders.
[2015.12.10-08.00.09:863][  0]LogContentBrowser: Native class hierarchy updated for 'SceneOutliner' in 0.0048 seconds. Added 1 classes and 2 folders.
[2015.12.10-08.00.09:937][  0]LogCrashTracker: Crashtracker disabled due to settings.
[2015.12.10-08.00.09:946][  0]LogUObjectGlobals:Warning: Failed to find object 'Class None.'
[2015.12.10-08.00.09:979][  0]LogLoad: Full Startup: 13.13 seconds (BP compile: 0.09 seconds)
[2015.12.10-08.00.10:529][  0]LogContentStreaming: Texture pool size now 400 MB
[2015.12.10-08.00.10:836][  0]LogRenderer: Reallocating scene render targets to support 1004x456 (Frame:2).
[2015.12.10-08.00.12:711][  6]LogAssetRegistry: Asset discovery search completed in 6.2415 seconds
[2015.12.10-08.00.12:711][  6]LogCollectionManager: Rebuilt the object cache for 0 collections in 0.000001 seconds (found 0 objects)
[2015.12.10-08.00.12:711][  6]LogCollectionManager: Fixed up redirectors for 0 collections in 0.000045 seconds (updated 0 objects)
[2015.12.10-08.02.42:754][355]LogActorComponent: UnregisterComponent: (/Engine/Transient.Movement) Not registered. Aborting.
[2015.12.10-08.02.42:805][355]LogMetaData: Removing '/Game/Blueprints/UnrealProjectGameModeBP.UnrealProjectGameModeBP:UserConstructionScript.K2Node_FunctionEntry_36' ref from Metadata '/Game/UnrealProjectGameModeBP.PackageMetaData'
[2015.12.10-08.02.42:805][355]LogMetaData: Removing '/Game/Blueprints/UnrealProjectGameModeBP.UnrealProjectGameModeBP_C' ref from Metadata '/Game/UnrealProjectGameModeBP.PackageMetaData'
[2015.12.10-08.02.42:805][355]LogMetaData: Removing '/Game/Blueprints/UnrealProjectGameModeBP.SKEL_UnrealProjectGameModeBP_C' ref from Metadata '/Game/UnrealProjectGameModeBP.PackageMetaData'
[2015.12.10-08.02.42:945][355]LogMetaData: Removing '/Game/Blueprints/PawnCarBP.PawnCarBP:UserConstructionScript.K2Node_FunctionEntry_0' ref from Metadata '/Game/PawnCarBP.PackageMetaData'
[2015.12.10-08.02.42:945][355]LogMetaData: Removing '/Game/Blueprints/PawnCarBP.PawnCarBP_C' ref from Metadata '/Game/PawnCarBP.PackageMetaData'
[2015.12.10-08.02.42:945][355]LogMetaData: Removing '/Game/Blueprints/PawnCarBP.PawnCarBP:EventGraph.K2Node_Event_1' ref from Metadata '/Game/PawnCarBP.PackageMetaData'
[2015.12.10-08.02.42:945][355]LogMetaData: Removing '/Game/Blueprints/PawnCarBP.SKEL_PawnCarBP_C' ref from Metadata '/Game/PawnCarBP.PackageMetaData'
[2015.12.10-08.02.43:041][355]LogMetaData: Removing '/Game/Blueprints/RespawnZone.RespawnZone:UserConstructionScript.K2Node_FunctionEntry_66' ref from Metadata '/Game/RespawnZone.PackageMetaData'
[2015.12.10-08.02.43:041][355]LogMetaData: Removing '/Game/Blueprints/RespawnZone.RespawnZone_C' ref from Metadata '/Game/RespawnZone.PackageMetaData'
[2015.12.10-08.02.43:041][355]LogMetaData: Removing '/Game/Blueprints/RespawnZone.RespawnZone:EventGraph.K2Node_Event_278' ref from Metadata '/Game/RespawnZone.PackageMetaData'
[2015.12.10-08.02.43:041][355]LogMetaData: Removing '/Game/Blueprints/RespawnZone.RespawnZone:EventGraph.K2Node_Event_279' ref from Metadata '/Game/RespawnZone.PackageMetaData'
[2015.12.10-08.02.43:041][355]LogMetaData: Removing '/Game/Blueprints/RespawnZone.RespawnZone:EventGraph.K2Node_Event_280' ref from Metadata '/Game/RespawnZone.PackageMetaData'
[2015.12.10-08.02.43:041][355]LogMetaData: Removing '/Game/Blueprints/RespawnZone.SKEL_RespawnZone_C' ref from Metadata '/Game/RespawnZone.PackageMetaData'
[2015.12.10-08.02.43:125][355]LogMetaData: Removing '/Game/Blueprints/SpringBoard.SpringBoard:UserConstructionScript.K2Node_FunctionEntry_12' ref from Metadata '/Game/SpringBoard.PackageMetaData'
[2015.12.10-08.02.43:125][355]LogMetaData: Removing '/Game/Blueprints/SpringBoard.SpringBoard_C' ref from Metadata '/Game/SpringBoard.PackageMetaData'
[2015.12.10-08.02.43:125][355]LogMetaData: Removing '/Game/Blueprints/SpringBoard.SpringBoard:EventGraph.K2Node_Event_9' ref from Metadata '/Game/SpringBoard.PackageMetaData'
[2015.12.10-08.02.43:126][355]LogMetaData: Removing '/Game/Blueprints/SpringBoard.SpringBoard:EventGraph.K2Node_Event_10' ref from Metadata '/Game/SpringBoard.PackageMetaData'
[2015.12.10-08.02.43:126][355]LogMetaData: Removing '/Game/Blueprints/SpringBoard.SpringBoard:EventGraph.K2Node_Event_11' ref from Metadata '/Game/SpringBoard.PackageMetaData'
[2015.12.10-08.02.43:126][355]LogMetaData: Removing '/Game/Blueprints/SpringBoard.SKEL_SpringBoard_C' ref from Metadata '/Game/SpringBoard.PackageMetaData'
[2015.12.10-08.02.43:230][355]LogSavePackage: Save=38.779045ms
[2015.12.10-08.02.43:230][355]LogSavePackage: Moving 'C:/Users/Simon/Documents/GitHub/MAH_Arena_UnrealProject/UnrealProject/Saved/UnrealProjectGameModeBP1B7DA95C411C87CA1610AA87F1F3D98B.tmp' to 'C:/Users/Simon/Documents/GitHub/MAH_Arena_UnrealProject/UnrealProject/Content/Blueprints/UnrealProjectGameModeBP.uasset'
[2015.12.10-08.02.43:233][355]LogSavePackage: Total save time: 42.758998ms
[2015.12.10-08.02.43:233][355]LogSavePackage:Warning: Finished SavePackage C:/Users/Simon/Documents/GitHub/MAH_Arena_UnrealProject/UnrealProject/Content/Blueprints/UnrealProjectGameModeBP.uasset
[2015.12.10-08.02.43:273][355]Cmd: OBJ SAVEPACKAGE PACKAGE="/Game/Blueprints/PawnCarBP" FILE="C:/Users/Simon/Documents/GitHub/MAH_Arena_UnrealProject/UnrealProject/Content/Blueprints/PawnCarBP.uasset" SILENT=true
[2015.12.10-08.02.43:362][355]LogSavePackage: Save=86.860954ms
[2015.12.10-08.02.43:362][355]LogSavePackage: Moving 'C:/Users/Simon/Documents/GitHub/MAH_Arena_UnrealProject/UnrealProject/Saved/PawnCarBPD6AFFC9746D3563AAADA85975C9BC2CC.tmp' to 'C:/Users/Simon/Documents/GitHub/MAH_Arena_UnrealProject/UnrealProject/Content/Blueprints/PawnCarBP.uasset'
[2015.12.10-08.02.43:366][355]LogSavePackage: Total save time: 91.083288ms
[2015.12.10-08.02.43:366][355]LogSavePackage:Warning: Finished SavePackage C:/Users/Simon/Documents/GitHub/MAH_Arena_UnrealProject/UnrealProject/Content/Blueprints/PawnCarBP.uasset
[2015.12.10-08.02.43:380][355]Cmd: OBJ SAVEPACKAGE PACKAGE="/Game/PawnCarBP" FILE="C:/Users/Simon/Documents/GitHub/MAH_Arena_UnrealProject/UnrealProject/Content/PawnCarBP.uasset" SILENT=true
[2015.12.10-08.02.43:420][355]LogSavePackage: Save=12.129333ms
[2015.12.10-08.02.43:420][355]LogSavePackage: Moving 'C:/Users/Simon/Documents/GitHub/MAH_Arena_UnrealProject/UnrealProject/Saved/PawnCarBP2AB67D734669C17895C8DE8B7F6AE55C.tmp' to 'C:/Users/Simon/Documents/GitHub/MAH_Arena_UnrealProject/UnrealProject/Content/PawnCarBP.uasset'
[2015.12.10-08.02.43:423][355]LogSavePackage: Total save time: 39.861470ms
[2015.12.10-08.02.43:423][355]LogSavePackage:Warning: Finished SavePackage C:/Users/Simon/Documents/GitHub/MAH_Arena_UnrealProject/UnrealProject/Content/PawnCarBP.uasset
[2015.12.10-08.02.43:455][355]Cmd: OBJ SAVEPACKAGE PACKAGE="/Game/Blueprints/RespawnZone" FILE="C:/Users/Simon/Documents/GitHub/MAH_Arena_UnrealProject/UnrealProject/Content/Blueprints/RespawnZone.uasset" SILENT=true
[2015.12.10-08.02.43:503][355]LogSavePackage: Save=46.212337ms
[2015.12.10-08.02.43:503][355]LogSavePackage: Moving 'C:/Users/Simon/Documents/GitHub/MAH_Arena_UnrealProject/UnrealProject/Saved/RespawnZone61FAA35646FD22202000E2A998E0D7B7.tmp' to 'C:/Users/Simon/Documents/GitHub/MAH_Arena_UnrealProject/UnrealProject/Content/Blueprints/RespawnZone.uasset'
[2015.12.10-08.02.43:506][355]LogSavePackage: Total save time: 49.090520ms
[2015.12.10-08.02.43:506][355]LogSavePackage:Warning: Finished SavePackage C:/Users/Simon/Documents/GitHub/MAH_Arena_UnrealProject/UnrealProject/Content/Blueprints/RespawnZone.uasset
[2015.12.10-08.02.43:519][355]Cmd: OBJ SAVEPACKAGE PACKAGE="/Game/RespawnZone" FILE="C:/Users/Simon/Documents/GitHub/MAH_Arena_UnrealProject/UnrealProject/Content/RespawnZone.uasset" SILENT=true
[2015.12.10-08.02.43:558][355]LogSavePackage: Save=6.932739ms
[2015.12.10-08.02.43:558][355]LogSavePackage: Moving 'C:/Users/Simon/Documents/GitHub/MAH_Arena_UnrealProject/UnrealProject/Saved/RespawnZone33DE4EDA4A933CBBC815E5B578B06FFD.tmp' to 'C:/Users/Simon/Documents/GitHub/MAH_Arena_UnrealProject/UnrealProject/Content/RespawnZone.uasset'
[2015.12.10-08.02.43:583][355]LogSavePackage: Total save time: 62.710058ms
[2015.12.10-08.02.43:583][355]LogSavePackage:Warning: Finished SavePackage C:/Users/Simon/Documents/GitHub/MAH_Arena_UnrealProject/UnrealProject/Content/RespawnZone.uasset
[2015.12.10-08.02.43:619][355]Cmd: OBJ SAVEPACKAGE PACKAGE="/Game/Blueprints/SpringBoard" FILE="C:/Users/Simon/Documents/GitHub/MAH_Arena_UnrealProject/UnrealProject/Content/Blueprints/SpringBoard.uasset" SILENT=true
[2015.12.10-08.02.43:700][355]LogSavePackage: Save=78.594727ms
[2015.12.10-08.02.43:700][355]LogSavePackage: Moving 'C:/Users/Simon/Documents/GitHub/MAH_Arena_UnrealProject/UnrealProject/Saved/SpringBoard8D52600A4D7FB662F98150A5963E283D.tmp' to 'C:/Users/Simon/Documents/GitHub/MAH_Arena_UnrealProject/UnrealProject/Content/Blueprints/SpringBoard.uasset'
[2015.12.10-08.02.43:703][355]LogSavePackage: Total save time: 81.888191ms
[2015.12.10-08.02.43:703][355]LogSavePackage:Warning: Finished SavePackage C:/Users/Simon/Documents/GitHub/MAH_Arena_UnrealProject/UnrealProject/Content/Blueprints/SpringBoard.uasset
[2015.12.10-08.02.43:712][355]Cmd: OBJ SAVEPACKAGE PACKAGE="/Game/SpringBoard" FILE="C:/Users/Simon/Documents/GitHub/MAH_Arena_UnrealProject/UnrealProject/Content/SpringBoard.uasset" SILENT=true
[2015.12.10-08.02.43:754][355]LogSavePackage: Save=6.948134ms
[2015.12.10-08.02.43:754][355]LogSavePackage: Moving 'C:/Users/Simon/Documents/GitHub/MAH_Arena_UnrealProject/UnrealProject/Saved/SpringBoardBF067B654CBB44774EDEDFA7C28CCBF9.tmp' to 'C:/Users/Simon/Documents/GitHub/MAH_Arena_UnrealProject/UnrealProject/Content/SpringBoard.uasset'
[2015.12.10-08.02.43:758][355]LogSavePackage: Total save time: 41.335102ms
[2015.12.10-08.02.43:758][355]LogSavePackage:Warning: Finished SavePackage C:/Users/Simon/Documents/GitHub/MAH_Arena_UnrealProject/UnrealProject/Content/SpringBoard.uasset
[2015.12.10-08.02.43:793][355]LogActorComponent: UnregisterComponent: (/Engine/Transient.Movement) Not registered. Aborting.
[2015.12.10-08.04.18:610][699]LogActorComponent: UnregisterComponent: (/Engine/Transient.Movement) Not registered. Aborting.
[2015.12.10-08.04.19:986][845]LogVSAccessor:Warning: Couldn't access Visual Studio
[2015.12.10-08.04.19:993][845]Recompiling UnrealProject...
[2015.12.10-08.04.19:993][845]Launching UnrealBuildTool... [D:/Program Files/Epic Games/4.9/Engine/Binaries/DotNET/UnrealBuildTool.exe UnrealProject -ModuleWithSuffix UnrealProject 625 Win64 Development -editorrecompile -canskiplink "C:/Users/Simon/Documents/GitHub/MAH_Arena_UnrealProject/UnrealProject/UnrealProject.uproject" -rocket  -rocket]
[2015.12.10-08.04.19:995][845]Warning: Starting HotReload took  0.0s.
[2015.12.10-08.04.39:939][ 75]LogVSAccessor:Warning: Visual Studio is open but could not be queried - it may be blocked by a modal operation
[2015.12.10-08.04.43:225][ 76]LogVSAccessor:Warning: Visual Studio is open but could not be queried - it may be blocked by a modal operation
[2015.12.10-08.04.48:595][ 77]LogVSAccessor:Warning: Couldn't goto line number '0' in 'C:/Users/Simon/Documents/GitHub/MAH_Arena_UnrealProject/UnrealProject/Source/UnrealProject/CarController.h'
[2015.12.10-08.04.49:425][ 77]LogVSAccessor:Warning: Couldn't goto line number '0' in 'C:/Users/Simon/Documents/GitHub/MAH_Arena_UnrealProject/UnrealProject/Source/UnrealProject/CarController.cpp'
[2015.12.10-08.05.01:593][193]CompilerResultsLog: New page: Compilation - Dec 10, 2015, 10:05:01 AM
[2015.12.10-08.05.01:593][193]CompilerResultsLog: Info Creating makefile for hot reloading UnrealProject (game project files are newer)
[2015.12.10-08.05.01:593][193]CompilerResultsLog: Info Compiling game modules for hot reload
[2015.12.10-08.05.01:593][193]CompilerResultsLog: Info Parsing headers for UnrealProjectEditor
[2015.12.10-08.05.01:593][193]CompilerResultsLog: Info   Running UnrealHeaderTool "C:/Users/Simon/Documents/GitHub/MAH_Arena_UnrealProject/UnrealProject/UnrealProject.uproject" "C:\Users\Simon\Documents\GitHub\MAH_Arena_UnrealProject\UnrealProject\Intermediate\Build\Win64\UnrealProjectEditor\Development\UnrealHeaderTool.manifest" -LogCmds="loginit warning, logexit warning, logdatabase error" -rocket -installed
[2015.12.10-08.05.01:593][193]LogMainFrame: MainFrame: Module compiling took 41.607 seconds
[2015.12.10-08.05.01:594][193]Warning: HotReload failed, recompile failed
[2015.12.10-08.05.02:641][246]Recompiling UnrealProject...
[2015.12.10-08.05.02:642][246]Launching UnrealBuildTool... [D:/Program Files/Epic Games/4.9/Engine/Binaries/DotNET/UnrealBuildTool.exe UnrealProject -ModuleWithSuffix UnrealProject 5264 Win64 Development -editorrecompile -canskiplink "C:/Users/Simon/Documents/GitHub/MAH_Arena_UnrealProject/UnrealProject/UnrealProject.uproject" -rocket  -rocket]
[2015.12.10-08.05.02:644][246]Warning: Starting HotReload took  0.2s.
[2015.12.10-08.07.48:669][297]CompilerResultsLog: New page: Compilation - Dec 10, 2015, 10:07:48 AM
[2015.12.10-08.07.48:670][297]CompilerResultsLog: Info Creating makefile for hot reloading UnrealProject (game project files are newer)
[2015.12.10-08.07.48:670][297]CompilerResultsLog: Info Compiling game modules for hot reload
[2015.12.10-08.07.48:670][297]CompilerResultsLog: Info Performing full C++ include scan (no include cache file)
[2015.12.10-08.07.48:670][297]CompilerResultsLog: Info Parsing headers for UnrealProjectEditor
[2015.12.10-08.07.48:671][297]CompilerResultsLog: Info   Running UnrealHeaderTool "C:/Users/Simon/Documents/GitHub/MAH_Arena_UnrealProject/UnrealProject/UnrealProject.uproject" "C:\Users\Simon\Documents\GitHub\MAH_Arena_UnrealProject\UnrealProject\Intermediate\Build\Win64\UnrealProjectEditor\Development\UnrealHeaderTool.manifest" -LogCmds="loginit warning, logexit warning, logdatabase error" -rocket -installed
[2015.12.10-08.07.48:671][297]CompilerResultsLog: Info Reflection code generated for UnrealProjectEditor in 27.8665876 seconds
[2015.12.10-08.07.48:671][297]CompilerResultsLog: Info Performing 8 actions (2 in parallel)
[2015.12.10-08.07.48:671][297]CompilerResultsLog: Info PCH.UnrealProject.h.cpp
[2015.12.10-08.07.48:671][297]CompilerResultsLog: Info CarController.cpp
[2015.12.10-08.07.48:671][297]CompilerResultsLog: Info PawnCar.cpp
[2015.12.10-08.07.48:671][297]CompilerResultsLog:Error: Error C:\Users\Simon\Documents\GitHub\MAH_Arena_UnrealProject\UnrealProject\Source\UnrealProject\PawnCar.cpp(38)  : error C2572: 'APawnCar::ApplyImpulse' : redefinition of default parameter : parameter 2
[2015.12.10-08.07.48:671][297]CompilerResultsLog: Info          c:\users\simon\documents\github\mah_arena_unrealproject\unrealproject\source\unrealproject\PawnCar.h(27)  : see declaration of 'APawnCar::ApplyImpulse'
[2015.12.10-08.07.48:671][297]CompilerResultsLog: Info UnrealProject.cpp
[2015.12.10-08.07.48:671][297]CompilerResultsLog: Info UnrealProjectGameMode.cpp
[2015.12.10-08.07.48:671][297]CompilerResultsLog: Info WorldCamera.cpp
[2015.12.10-08.07.48:671][297]CompilerResultsLog: Info UnrealProject.generated.cpp
[2015.12.10-08.07.48:671][297]CompilerResultsLog: Info -------- End Detailed Actions Stats -----------------------------------------------------------
[2015.12.10-08.07.48:671][297]CompilerResultsLog: Info ERROR: UBT ERROR: Failed to produce item: C:\Users\Simon\Documents\GitHub\MAH_Arena_UnrealProject\UnrealProject\Binaries\Win64\UE4Editor-UnrealProject-5264.dll
[2015.12.10-08.07.48:671][297]CompilerResultsLog: Info Total build time: 165.76 seconds
[2015.12.10-08.07.48:671][297]LogMainFrame: MainFrame: Module compiling took 166.034 seconds
[2015.12.10-08.07.48:672][297]Warning: HotReload failed, recompile failed
[2015.12.10-08.08.05:363][880]Recompiling UnrealProject...
[2015.12.10-08.08.05:363][880]Launching UnrealBuildTool... [D:/Program Files/Epic Games/4.9/Engine/Binaries/DotNET/UnrealBuildTool.exe UnrealProject -ModuleWithSuffix UnrealProject 1 Win64 Development -editorrecompile -canskiplink "C:/Users/Simon/Documents/GitHub/MAH_Arena_UnrealProject/UnrealProject/UnrealProject.uproject" -rocket  -rocket]
[2015.12.10-08.08.05:365][880]Warning: Starting HotReload took  0.0s.
[2015.12.10-08.08.58:790][168]CompilerResultsLog: New page: Compilation - Dec 10, 2015, 10:08:58 AM
[2015.12.10-08.08.58:791][168]CompilerResultsLog: Info Compiling game modules for hot reload
[2015.12.10-08.08.58:791][168]CompilerResultsLog: Info Performing 2 actions (2 in parallel)
[2015.12.10-08.08.58:791][168]CompilerResultsLog: Info PawnCar.cpp
[2015.12.10-08.08.58:791][168]CompilerResultsLog: Info [2/2] Link UE4Editor-UnrealProject-1.dll
[2015.12.10-08.08.58:791][168]CompilerResultsLog: Info    Creating library C:\Users\Simon\Documents\GitHub\MAH_Arena_UnrealProject\UnrealProject\Intermediate/Build/Win64\UE4Editor\Development\UE4Editor-UnrealProject-1.lib and object C:\Users\Simon\Documents\GitHub\MAH_Arena_UnrealProject\UnrealProject\Intermediate/Build/Win64\UE4Editor\Development\UE4Editor-UnrealProject-1.exp
[2015.12.10-08.08.58:791][168]CompilerResultsLog: Info -------- End Detailed Actions Stats -----------------------------------------------------------
[2015.12.10-08.08.58:791][168]CompilerResultsLog: Info Total build time: 53.25 seconds
[2015.12.10-08.08.58:791][168]LogMainFrame: MainFrame: Module compiling took 53.437 seconds
[2015.12.10-08.08.58:957][168]LogClass: Could not find existing class PawnCar in package /Script/UnrealProject for HotReload, assuming new class
[2015.12.10-08.08.58:957][168]LogClass: Function ApplyImpulse is new.
[2015.12.10-08.08.58:969][168]LogHotReload: Re-instancing PawnCar after hot-reload.
[2015.12.10-08.08.59:149][168]LogContentBrowser: Native class hierarchy updated for 'UnrealProject' in 0.0045 seconds. Added 4 classes and 3 folders.
[2015.12.10-08.08.59:151][168]Warning: HotReload successful (0 functions remapped  0 scriptstructs remapped)
[2015.12.10-08.08.59:171][168]LogBlueprint:Error: [compiler SpringBoard] Error Could not find a function named "AddImpulse" in 'PawnCar'.
Make sure 'PawnCar' has been compiled for  Add Impulse 
[2015.12.10-08.08.59:224][168]LogBlueprint:Warning: [compiler SpringBoard] Warning [0542.38] Compile of SpringBoard failed. 1 Fatal Issue(s) 0 Warning(s) [in 57 ms]
[2015.12.10-08.08.59:224][168]LogBlueprint:Warning: [compiler SpringBoard] Warning [0542.38] Compile of SpringBoard failed. 1 Fatal Issue(s) 1 Warning(s) [in 0 ms]
[2015.12.10-08.08.59:224][168]LogBlueprint:Warning: [compiler SpringBoard] Warning [0542.38] Compile of SpringBoard failed. 1 Fatal Issue(s) 2 Warning(s) [in 0 ms]
[2015.12.10-08.08.59:225][168]LogBlueprint:Warning: [compiler SpringBoard] Warning [0542.38] Compile of SpringBoard failed. 1 Fatal Issue(s) 3 Warning(s) [in 0 ms]
[2015.12.10-08.08.59:348][168]LogContentBrowser: Native class hierarchy populated in 0.0175 seconds. Added 1872 classes and 338 folders.
[2015.12.10-08.10.06:923][671]Cmd: MAP LOAD FILE="C:/Users/Simon/Documents/GitHub/MAH_Arena_UnrealProject/UnrealProject/Content/Maps/Simon.umap" TEMPLATE=0 SHOWPROGRESS=1 FEATURELEVEL=3
[2015.12.10-08.10.06:965][671]LightingResults: New page: Lighting Build
[2015.12.10-08.10.06:986][671]LoadErrors: New page: Loading map: Simon.umap
[2015.12.10-08.10.06:986][671]MapCheck: New page: Map Check
[2015.12.10-08.10.06:986][671]LightingResults: New page: Lighting Build
[2015.12.10-08.10.07:005][671]LogParticles: Destroying 0 GPU particle simulations for FXSystem 0x000001CCCB39C7C0
[2015.12.10-08.10.07:056][671]LogAIModule: Creating AISystem for world Simon
[2015.12.10-08.10.07:060][671]PIE:Warning: Warning Invalid Simulate Options: Body (PawnCarBP_668.Root) is set to simulate physics but Collision Enabled is incompatible
[2015.12.10-08.10.07:060][671]PIE:Warning: Warning Invalid Simulate Options: Body (PawnCarBP_668.Root) is set to simulate physics but Collision Enabled is incompatible
[2015.12.10-08.10.07:060][671]PIE:Warning: Warning Invalid Simulate Options: Body (PawnCarBP2_404.Root) is set to simulate physics but Collision Enabled is incompatible
[2015.12.10-08.10.07:061][671]PIE:Warning: Warning Invalid Simulate Options: Body (PawnCarBP2_404.Root) is set to simulate physics but Collision Enabled is incompatible
[2015.12.10-08.10.07:067][671]LogEditorServer: Finished looking for orphan Actors (0.000 secs)
[2015.12.10-08.10.07:111][671]Cmd: MAP CHECKDEP NOCLEARLOG
[2015.12.10-08.10.07:166][671]MapCheck: Info Map check complete: 0 Error(s), 0 Warning(s), took 55.451ms to complete.
[2015.12.10-08.10.07:166][671]LogFileHelpers: Loading map 'Simon' took 0.245
[2015.12.10-08.10.23:514][108]Recompiling UnrealProject...
[2015.12.10-08.10.23:514][108]Launching UnrealBuildTool... [D:/Program Files/Epic Games/4.9/Engine/Binaries/DotNET/UnrealBuildTool.exe UnrealProject -ModuleWithSuffix UnrealProject 3842 Win64 Development -editorrecompile -canskiplink "C:/Users/Simon/Documents/GitHub/MAH_Arena_UnrealProject/UnrealProject/UnrealProject.uproject" -rocket  -rocket]
[2015.12.10-08.10.23:516][108]Warning: Starting HotReload took  0.0s.
[2015.12.10-08.10.25:385][257]CompilerResultsLog: New page: Compilation - Dec 10, 2015, 10:10:25 AM
[2015.12.10-08.10.25:385][257]CompilerResultsLog: Info Compiling game modules for hot reload
[2015.12.10-08.10.25:385][257]CompilerResultsLog: Info Target is up to date.
[2015.12.10-08.10.25:385][257]LogMainFrame: MainFrame: Module compiling took 1.875 seconds
[2015.12.10-08.12.11:516][212]Recompiling UnrealProject...
[2015.12.10-08.12.11:516][212]Launching UnrealBuildTool... [D:/Program Files/Epic Games/4.9/Engine/Binaries/DotNET/UnrealBuildTool.exe UnrealProject -ModuleWithSuffix UnrealProject 1247 Win64 Development -editorrecompile -canskiplink "C:/Users/Simon/Documents/GitHub/MAH_Arena_UnrealProject/UnrealProject/UnrealProject.uproject" -rocket  -rocket]
[2015.12.10-08.12.11:518][212]Warning: Starting HotReload took  0.0s.
[2015.12.10-08.12.14:315][430]CompilerResultsLog: New page: Compilation - Dec 10, 2015, 10:12:14 AM
[2015.12.10-08.12.14:315][430]CompilerResultsLog: Info Compiling game modules for hot reload
[2015.12.10-08.12.14:315][430]CompilerResultsLog: Info Target is up to date.
[2015.12.10-08.12.14:315][430]LogMainFrame: MainFrame: Module compiling took 2.804 seconds
[2015.12.10-08.12.15:911][540]LogActorComponent: UnregisterComponent: (/Engine/Transient.Movement) Not registered. Aborting.
[2015.12.10-08.12.16:164][540]LogWindowsTextInputMethodSystem:Display: IME system now deactivated.
[2015.12.10-08.12.16:164][540]LogWindowsTextInputMethodSystem:Display: IME system now deactivated.
[2015.12.10-08.12.16:983][541]Cmd: QUIT_EDITOR
[2015.12.10-08.12.50:631][541]LogExit: Preparing to exit.
[2015.12.10-08.12.57:937][541]LogExit: Editor shut down
[2015.12.10-08.12.58:003][541]LogExit: Transaction tracking system shut down
[2015.12.10-08.12.58:149][541]LogParticles: Destroying 0 GPU particle simulations for FXSystem 0x000001CCE45807C0
[2015.12.10-08.12.58:149][541]LogParticles: Destroying 0 GPU particle simulations for FXSystem 0x000001CCE97F9E40
[2015.12.10-08.12.58:153][541]LogParticles: Destroying 0 GPU particle simulations for FXSystem 0x000001CCEE8020C0
[2015.12.10-08.12.58:155][541]LogParticles: Destroying 0 GPU particle simulations for FXSystem 0x000001CCE4298D60
[2015.12.10-08.12.58:869][541]LogExit: Object subsystem successfully closed.
[2015.12.10-08.12.58:884][541]LogD3D11RHI: Shutdown
[2015.12.10-08.12.58:884][541]LogD3D11RHI: CleanupD3DDevice
[2015.12.10-08.12.59:075][541]LogD3D11RHI: ~FD3D11DynamicRHI
[2015.12.10-08.12.59:122][541]LogModuleManager: Shutting down and abandoning module CrashTracker (198)
[2015.12.10-08.12.59:122][541]LogModuleManager: Shutting down and abandoning module SceneOutliner (197)
[2015.12.10-08.12.59:122][541]LogModuleManager: Shutting down and abandoning module SuperSearch (196)
[2015.12.10-08.12.59:122][541]LogModuleManager: Shutting down and abandoning module WidgetCarousel (195)
[2015.12.10-08.12.59:122][541]LogModuleManager: Shutting down and abandoning module AddContentDialog (194)
[2015.12.10-08.12.59:123][541]LogModuleManager: Shutting down and abandoning module EditorWidgets (193)
[2015.12.10-08.12.59:123][541]LogModuleManager: Shutting down and abandoning module CollectionManager (192)
[2015.12.10-08.12.59:124][541]LogModuleManager: Shutting down and abandoning module StatsViewer (191)
[2015.12.10-08.12.59:124][541]LogModuleManager: Shutting down and abandoning module FoliageEdit (190)
[2015.12.10-08.12.59:124][541]LogModuleManager: Shutting down and abandoning module LandscapeEditor (189)
[2015.12.10-08.12.59:124][541]LogModuleManager: Shutting down and abandoning module ActorPickerMode (188)
[2015.12.10-08.12.59:124][541]LogModuleManager: Shutting down and abandoning module GeometryMode (187)
[2015.12.10-08.12.59:124][541]LogModuleManager: Shutting down and abandoning module TextureAlignMode (186)
[2015.12.10-08.12.59:124][541]LogModuleManager: Shutting down and abandoning module BspMode (185)
[2015.12.10-08.12.59:124][541]LogModuleManager: Shutting down and abandoning module PlacementMode (184)
[2015.12.10-08.12.59:124][541]LogModuleManager: Shutting down and abandoning module AutomationWorker (183)
[2015.12.10-08.12.59:124][541]LogModuleManager: Shutting down and abandoning module CharacterAI (182)
[2015.12.10-08.12.59:124][541]LogModuleManager: Shutting down and abandoning module SmartSnapping (181)
[2015.12.10-08.12.59:124][541]LogModuleManager: Shutting down and abandoning module ViewportSnapping (180)
[2015.12.10-08.12.59:124][541]LogModuleManager: Shutting down and abandoning module LogVisualizer (179)
[2015.12.10-08.12.59:124][541]LogModuleManager: Shutting down and abandoning module GameProjectGeneration (178)
[2015.12.10-08.12.59:124][541]LogModuleManager: Shutting down and abandoning module IntroTutorials (177)
[2015.12.10-08.12.59:124][541]LogModuleManager: Shutting down and abandoning module EditorLiveStreaming (176)
[2015.12.10-08.12.59:124][541]LogModuleManager: Shutting down and abandoning module IOSPlatformEditor (175)
[2015.12.10-08.12.59:124][541]LogModuleManager: Shutting down and abandoning module HTML5PlatformEditor (174)
[2015.12.10-08.12.59:124][541]LogModuleManager: Shutting down and abandoning module AndroidDeviceDetection (173)
[2015.12.10-08.12.59:206][541]LogModuleManager: Shutting down and abandoning module AndroidPlatformEditor (172)
[2015.12.10-08.12.59:206][541]LogModuleManager: Shutting down and abandoning module IOSRuntimeSettings (171)
[2015.12.10-08.12.59:206][541]LogModuleManager: Shutting down and abandoning module AndroidRuntimeSettings (170)
[2015.12.10-08.12.59:206][541]LogModuleManager: Shutting down and abandoning module MergeActors (169)
[2015.12.10-08.12.59:206][541]LogModuleManager: Shutting down and abandoning module SizeMap (168)
[2015.12.10-08.12.59:206][541]LogModuleManager: Shutting down and abandoning module TreeMap (167)
[2015.12.10-08.12.59:206][541]LogModuleManager: Shutting down and abandoning module ReferenceViewer (166)
[2015.12.10-08.12.59:206][541]LogModuleManager: Shutting down and abandoning module LocalizationService (165)
[2015.12.10-08.12.59:206][541]LogModuleManager: Shutting down and abandoning module LocalizationDashboard (164)
[2015.12.10-08.12.59:206][541]LogModuleManager: Shutting down and abandoning module HardwareTargeting (163)
[2015.12.10-08.12.59:206][541]LogModuleManager: Shutting down and abandoning module DeviceProfileEditor (162)
[2015.12.10-08.12.59:206][541]LogModuleManager: Shutting down and abandoning module UndoHistory (161)
[2015.12.10-08.12.59:206][541]LogModuleManager: Shutting down and abandoning module GameplayTagsEditor (160)
[2015.12.10-08.12.59:206][541]LogModuleManager: Shutting down and abandoning module UserFeedback (159)
[2015.12.10-08.12.59:206][541]LogModuleManager: Shutting down and abandoning module XmlParser (158)
[2015.12.10-08.12.59:206][541]LogModuleManager: Shutting down and abandoning module Blutility (157)
[2015.12.10-08.12.59:206][541]LogModuleManager: Shutting down and abandoning module ProjectTargetPlatformEditor (156)
[2015.12.10-08.12.59:206][541]LogModuleManager: Shutting down and abandoning module ProjectSettingsViewer (155)
[2015.12.10-08.12.59:206][541]LogModuleManager: Shutting down and abandoning module InputBindingEditor (154)
[2015.12.10-08.12.59:207][541]LogModuleManager: Shutting down and abandoning module EditorSettingsViewer (153)
[2015.12.10-08.12.59:207][541]LogModuleManager: Shutting down and abandoning module SettingsEditor (152)
[2015.12.10-08.12.59:207][541]LogModuleManager: Shutting down and abandoning module ProjectLauncher (151)
[2015.12.10-08.12.59:207][541]LogModuleManager: Shutting down and abandoning module SessionFrontend (150)
[2015.12.10-08.12.59:207][541]LogModuleManager: Shutting down and abandoning module ProfilerClient (149)
[2015.12.10-08.12.59:207][541]LogModuleManager: Shutting down and abandoning module TargetDeviceServices (148)
[2015.12.10-08.12.59:207][541]LogModuleManager: Shutting down and abandoning module DeviceManager (147)
[2015.12.10-08.12.59:207][541]LogModuleManager: Shutting down and abandoning module AutomationController (146)
[2015.12.10-08.12.59:207][541]LogModuleManager: Shutting down and abandoning module AutomationWindow (145)
[2015.12.10-08.12.59:207][541]LogModuleManager: Shutting down and abandoning module Layers (144)
[2015.12.10-08.12.59:207][541]LogModuleManager: Shutting down and abandoning module ComponentVisualizers (143)
[2015.12.10-08.12.59:207][541]LogModuleManager: Shutting down and abandoning module DetailCustomizations (142)
[2015.12.10-08.12.59:207][541]LogModuleManager: Shutting down and abandoning module PackagesDialog (141)
[2015.12.10-08.12.59:208][541]LogModuleManager: Shutting down and abandoning module Persona (140)
[2015.12.10-08.12.59:208][541]LogModuleManager: Shutting down and abandoning module Kismet (139)
[2015.12.10-08.12.59:208][541]LogModuleManager: Shutting down and abandoning module GraphEditor (138)
[2015.12.10-08.12.59:208][541]LogModuleManager: Shutting down and abandoning module ClassViewer (137)
[2015.12.10-08.12.59:208][541]LogModuleManager: Shutting down and abandoning module Toolbox (136)
[2015.12.10-08.12.59:209][541]LogModuleManager: Shutting down and abandoning module ModuleUI (135)
[2015.12.10-08.12.59:209][541]LogModuleManager: Shutting down and abandoning module MovieSceneTools (134)
[2015.12.10-08.12.59:209][541]LogModuleManager: Shutting down and abandoning module OutputLog (133)
[2015.12.10-08.12.59:209][541]LogModuleManager: Shutting down and abandoning module GammaUI (132)
[2015.12.10-08.12.59:209][541]LogModuleManager: Shutting down and abandoning module Documentation (131)
[2015.12.10-08.12.59:209][541]LogModuleManager: Shutting down and abandoning module GameLiveStreaming (130)
[2015.12.10-08.12.59:209][541]LogModuleManager: Shutting down and abandoning module StreamingPauseRendering (129)
[2015.12.10-08.12.59:209][541]LogModuleManager: Shutting down and abandoning module AnalyticsET (128)
[2015.12.10-08.12.59:209][541]LogModuleManager: Shutting down and abandoning module Analytics (127)
[2015.12.10-08.12.59:209][541]LogModuleManager: Shutting down and abandoning module AITestSuite (126)
[2015.12.10-08.12.59:209][541]LogModuleManager: Shutting down and abandoning module GameplayDebugger (125)
[2015.12.10-08.12.59:209][541]LogModuleManager: Shutting down and abandoning module AIModule (124)
[2015.12.10-08.12.59:209][541]LogModuleManager: Shutting down and abandoning module ProfilerService (123)
[2015.12.10-08.12.59:291][541]LogModuleManager: Shutting down and abandoning module TaskGraph (122)
[2015.12.10-08.12.59:291][541]LogModuleManager: Shutting down and abandoning module SlateRemote (121)
[2015.12.10-08.12.59:291][541]LogModuleManager: Shutting down and abandoning module SteamVRController (120)
[2015.12.10-08.12.59:291][541]LogModuleManager: Shutting down and abandoning module SteamVR (119)
[2015.12.10-08.12.59:291][541]LogModuleManager: Shutting down and abandoning module ProceduralMeshComponent (118)
[2015.12.10-08.12.59:291][541]LogModuleManager: Shutting down and abandoning module OculusRift (117)
[2015.12.10-08.12.59:291][541]LogModuleManager: Shutting down and abandoning module OculusLibrary (116)
[2015.12.10-08.12.59:292][541]LogModuleManager: Shutting down and abandoning module LeapMotionController (115)
[2015.12.10-08.12.59:311][541]LogModuleManager: Shutting down and abandoning module CustomMeshComponent (114)
[2015.12.10-08.12.59:311][541]LogModuleManager: Shutting down and abandoning module CableComponent (113)
[2015.12.10-08.12.59:311][541]LogModuleManager: Shutting down and abandoning module ArchVisCharacter (112)
[2015.12.10-08.12.59:311][541]LogModuleManager: Shutting down and abandoning module MessagingDebugger (111)
[2015.12.10-08.12.59:312][541]LogModuleManager: Shutting down and abandoning module MediaPlayerEditor (110)
[2015.12.10-08.12.59:312][541]LogModuleManager: Shutting down and abandoning module HTML5Networking (109)
[2015.12.10-08.12.59:312][541]LogModuleManager: Shutting down and abandoning module SpeedTreeImporter (108)
[2015.12.10-08.12.59:312][541]LogModuleManager: Shutting down and abandoning module PluginBrowser (107)
[2015.12.10-08.12.59:312][541]LogModuleManager: Shutting down and abandoning module EpicSurvey (106)
[2015.12.10-08.12.59:312][541]LogModuleManager: Shutting down and abandoning module DesktopPlatform (105)
[2015.12.10-08.12.59:312][541]LogModuleManager: Shutting down and abandoning module VisualStudioSourceCodeAccess (104)
[2015.12.10-08.12.59:312][541]LogModuleManager: Shutting down and abandoning module UObjectPlugin (103)
[2015.12.10-08.12.59:312][541]LogModuleManager: Shutting down and abandoning module SubversionSourceControl (102)
[2015.12.10-08.12.59:312][541]LogModuleManager: Shutting down and abandoning module PerforceSourceControl (101)
[2015.12.10-08.12.59:312][541]LogModuleManager: Shutting down and abandoning module SourceControl (100)
[2015.12.10-08.12.59:312][541]LogModuleManager: Shutting down and abandoning module GitSourceControl (99)
[2015.12.10-08.12.59:312][541]LogModuleManager: Shutting down and abandoning module LightPropagationVolumeEditor (98)
[2015.12.10-08.12.59:312][541]LogModuleManager: Shutting down and abandoning module PaperTiledImporter (97)
[2015.12.10-08.12.59:312][541]LogModuleManager: Shutting down and abandoning module PaperSpriteSheetImporter (96)
[2015.12.10-08.12.59:312][541]LogModuleManager: Shutting down and abandoning module MeshPaint (95)
[2015.12.10-08.12.59:312][541]LogModuleManager: Shutting down and abandoning module SlateReflector (94)
[2015.12.10-08.12.59:312][541]LogModuleManager: Shutting down and abandoning module HotReload (93)
[2015.12.10-08.12.59:312][541]LogModuleManager: Shutting down and abandoning module MainFrame (92)
[2015.12.10-08.12.59:313][541]LogModuleManager: Shutting down and abandoning module LevelEditor (91)
[2015.12.10-08.12.59:315][541]LogModuleManager: Shutting down and abandoning module DirectoryWatcher (90)
[2015.12.10-08.12.59:316][541]LogModuleManager: Shutting down and abandoning module AssetRegistry (89)
[2015.12.10-08.13.00:426][541]LogModuleManager: Shutting down and abandoning module ContentBrowser (88)
[2015.12.10-08.13.00:449][541]LogModuleManager: Shutting down and abandoning module Paper2DEditor (87)
[2015.12.10-08.13.00:450][541]LogModuleManager: Shutting down and abandoning module UnrealProject (86)
[2015.12.10-08.13.00:450][541]LogModuleManager: Shutting down and abandoning module UdpMessaging (85)
[2015.12.10-08.13.00:907][541]LogModuleManager: Shutting down and abandoning module LightPropagationVolumeRuntime (84)
[2015.12.10-08.13.01:127][541]LogModuleManager: Shutting down and abandoning module Paper2D (83)
[2015.12.10-08.13.01:127][541]LogModuleManager: Shutting down and abandoning module WindowsMoviePlayer (82)
[2015.12.10-08.13.01:141][541]LogModuleManager: Shutting down and abandoning module Media (81)
[2015.12.10-08.13.01:141][541]LogModuleManager: Shutting down and abandoning module WmfMedia (80)
[2015.12.10-08.13.01:141][541]LogModuleManager: Shutting down and abandoning module OnlineBlueprintSupport (79)
[2015.12.10-08.13.01:141][541]LogModuleManager: Shutting down and abandoning module GameplayTasksEditor (78)
[2015.12.10-08.13.01:141][541]LogModuleManager: Shutting down and abandoning module PropertyEditor (77)
[2015.12.10-08.13.01:141][541]LogModuleManager: Shutting down and abandoning module BehaviorTreeEditor (76)
[2015.12.10-08.13.01:141][541]LogModuleManager: Shutting down and abandoning module FunctionalTesting (75)
[2015.12.10-08.13.01:141][541]LogModuleManager: Shutting down and abandoning module CollisionAnalyzer (74)
[2015.12.10-08.13.01:141][541]LogModuleManager: Shutting down and abandoning module WorkspaceMenuStructure (73)
[2015.12.10-08.13.01:141][541]LogModuleManager: Shutting down and abandoning module MessageLog (72)
[2015.12.10-08.13.01:141][541]LogModuleManager: Shutting down and abandoning module Sequencer (71)
[2015.12.10-08.13.01:144][541]LogModuleManager: Shutting down and abandoning module AssetTools (70)
[2015.12.10-08.13.01:144][541]LogModuleManager: Shutting down and abandoning module UMGEditor (69)
[2015.12.10-08.13.01:144][541]LogModuleManager: Shutting down and abandoning module UMG (68)
[2015.12.10-08.13.01:145][541]LogModuleManager: Shutting down and abandoning module Slate (67)
[2015.12.10-08.13.01:145][541]LogModuleManager: Shutting down and abandoning module EditorStyle (66)
[2015.12.10-08.13.01:152][541]LogModuleManager: Shutting down and abandoning module SessionServices (65)
[2015.12.10-08.13.01:152][541]LogModuleManager: Shutting down and abandoning module SourceCodeAccess (64)
[2015.12.10-08.13.01:153][541]LogModuleManager: Shutting down and abandoning module HeadMountedDisplay (63)
[2015.12.10-08.13.01:153][541]LogModuleManager: Shutting down and abandoning module XAudio2 (62)
[2015.12.10-08.13.01:153][541]LogModuleManager: Shutting down and abandoning module Networking (60)
[2015.12.10-08.13.01:153][541]LogModuleManager: Shutting down and abandoning module Core (59)
[2015.12.10-08.13.01:153][541]LogModuleManager: Shutting down and abandoning module KismetCompiler (58)
[2015.12.10-08.13.01:153][541]LogModuleManager: Shutting down and abandoning module PhysXFormats (57)
[2015.12.10-08.13.01:153][541]LogModuleManager: Shutting down and abandoning module MeshUtilities (56)
[2015.12.10-08.13.01:155][541]LogModuleManager: Shutting down and abandoning module CookingStats (55)
[2015.12.10-08.13.01:160][541]LogModuleManager: Shutting down and abandoning module DerivedDataCache (54)
[2015.12.10-08.13.01:235][541]LogDerivedDataCache: Shutdown
[2015.12.10-08.13.01:235][541]LogModuleManager: Shutting down and abandoning module ShaderFormatOpenGL (53)
[2015.12.10-08.13.01:235][541]LogModuleManager: Shutting down and abandoning module ShaderFormatD3D (52)
[2015.12.10-08.13.01:236][541]LogModuleManager: Shutting down and abandoning module MetalShaderFormat (51)
[2015.12.10-08.13.01:236][541]LogModuleManager: Shutting down and abandoning module TextureFormatUncompressed (50)
[2015.12.10-08.13.01:236][541]LogModuleManager: Shutting down and abandoning module TextureFormatPVR (49)
[2015.12.10-08.13.01:243][541]LogModuleManager: Shutting down and abandoning module TextureFormatIntelISPCTexComp (48)
[2015.12.10-08.13.01:243][541]LogModuleManager: Shutting down and abandoning module TextureFormatDXT (47)
[2015.12.10-08.13.01:243][541]LogModuleManager: Shutting down and abandoning module ImageWrapper (46)
[2015.12.10-08.13.01:243][541]LogModuleManager: Shutting down and abandoning module TextureFormatASTC (45)
[2015.12.10-08.13.01:243][541]LogModuleManager: Shutting down and abandoning module TextureFormatAndroid (44)
[2015.12.10-08.13.01:243][541]LogModuleManager: Shutting down and abandoning module AudioFormatOpus (43)
[2015.12.10-08.13.01:243][541]LogModuleManager: Shutting down and abandoning module AudioFormatOgg (42)
[2015.12.10-08.13.01:243][541]LogModuleManager: Shutting down and abandoning module AudioFormatADPCM (41)
[2015.12.10-08.13.01:243][541]LogModuleManager: Shutting down and abandoning module LinuxTargetPlatform (40)
[2015.12.10-08.13.01:244][541]LogModuleManager: Shutting down and abandoning module LinuxServerTargetPlatform (39)
[2015.12.10-08.13.01:244][541]LogModuleManager: Shutting down and abandoning module LinuxNoEditorTargetPlatform (38)
[2015.12.10-08.13.01:244][541]LogModuleManager: Shutting down and abandoning module Messaging (37)
[2015.12.10-08.13.01:244][541]LogModuleManager: Shutting down and abandoning module IOSTargetPlatform (36)
[2015.12.10-08.13.01:244][541]LogModuleManager: Shutting down and abandoning module HTML5TargetPlatform (35)
[2015.12.10-08.13.01:244][541]LogModuleManager: Shutting down and abandoning module Android_PVRTCTargetPlatform (34)
[2015.12.10-08.13.01:244][541]LogModuleManager: Shutting down and abandoning module Android_ETC2TargetPlatform (33)
[2015.12.10-08.13.01:244][541]LogModuleManager: Shutting down and abandoning module Android_ETC1TargetPlatform (32)
[2015.12.10-08.13.01:244][541]LogModuleManager: Shutting down and abandoning module Android_DXTTargetPlatform (31)
[2015.12.10-08.13.01:244][541]LogModuleManager: Shutting down and abandoning module Android_ATCTargetPlatform (30)
[2015.12.10-08.13.01:244][541]LogModuleManager: Shutting down and abandoning module Android_ASTCTargetPlatform (29)
[2015.12.10-08.13.01:244][541]LogModuleManager: Shutting down and abandoning module AndroidTargetPlatform (28)
[2015.12.10-08.13.01:244][541]LogModuleManager: Shutting down and abandoning module WindowsTargetPlatform (27)
[2015.12.10-08.13.01:244][541]LogModuleManager: Shutting down and abandoning module WindowsServerTargetPlatform (26)
[2015.12.10-08.13.01:244][541]LogModuleManager: Shutting down and abandoning module WindowsNoEditorTargetPlatform (25)
[2015.12.10-08.13.01:244][541]LogModuleManager: Shutting down and abandoning module WindowsClientTargetPlatform (24)
[2015.12.10-08.13.01:244][541]LogModuleManager: Shutting down and abandoning module AllDesktopTargetPlatform (23)
[2015.12.10-08.13.01:244][541]LogModuleManager: Shutting down and abandoning module TargetPlatform (22)
[2015.12.10-08.13.01:244][541]LogModuleManager: Shutting down and abandoning module InputCore (21)
[2015.12.10-08.13.01:244][541]LogModuleManager: Shutting down and abandoning module Settings (20)
[2015.12.10-08.13.01:245][541]LogModuleManager: Shutting down and abandoning module OnlineSubsystem (18)
[2015.12.10-08.13.01:245][541]LogModuleManager: Shutting down and abandoning module HTTP (17)
[2015.12.10-08.13.04:383][541]LogModuleManager: Shutting down and abandoning module XMPP (16)
[2015.12.10-08.13.04:384][541]LogModuleManager: Shutting down and abandoning module ExampleDeviceProfileSelector (15)
[2015.12.10-08.13.04:384][541]LogModuleManager: Shutting down and abandoning module TextureCompressor (14)
[2015.12.10-08.13.04:384][541]LogModuleManager: Shutting down and abandoning module ShaderCore (13)
[2015.12.10-08.13.04:384][541]LogModuleManager: Shutting down and abandoning module Landscape (12)
[2015.12.10-08.13.04:384][541]LogModuleManager: Shutting down and abandoning module SlateRHIRenderer (11)
[2015.12.10-08.13.04:393][541]LogModuleManager: Shutting down and abandoning module OpenGLDrv (10)
[2015.12.10-08.13.04:393][541]LogModuleManager: Shutting down and abandoning module D3D11RHI (9)
[2015.12.10-08.13.04:393][541]LogModuleManager: Shutting down and abandoning module AnimGraphRuntime (8)
[2015.12.10-08.13.04:393][541]LogModuleManager: Shutting down and abandoning module Renderer (7)
[2015.12.10-08.13.04:393][541]LogModuleManager: Shutting down and abandoning module Engine (6)
[2015.12.10-08.13.04:393][541]LogModuleManager: Shutting down and abandoning module CoreUObject (5)
[2015.12.10-08.13.04:393][541]LogModuleManager: Shutting down and abandoning module NetworkFile (4)
[2015.12.10-08.13.04:393][541]LogModuleManager: Shutting down and abandoning module StreamingFile (3)
[2015.12.10-08.13.04:393][541]LogModuleManager: Shutting down and abandoning module SandboxFile (2)
[2015.12.10-08.13.04:393][541]LogModuleManager: Shutting down and abandoning module PakFile (1)
[2015.12.10-08.13.04:395][541]LogExit: Exiting.
[2015.12.10-08.13.04:701][541]Log file closed, 12/10/15 09:13:04
