[2015.11.27-09.24.18:108][  0]Log file open, 11/27/15 10:24:18
[2015.11.27-09.24.18:108][  0]LogInit:Display: Running engine for game: UnrealProject
[2015.11.27-09.24.18:108][  0]LogInit:Display: RandInit(661546444) SRandInit(661546445).
[2015.11.27-09.24.18:108][  0]LogTaskGraph: Started task graph with 4 named threads and 5 total threads.
[2015.11.27-09.24.18:108][  0]LogStats: Stats thread started at 0.097861
[2015.11.27-09.24.18:108][  0]LogInit: Version: 4.9.2-2707645+++depot+UE4-Releases+4.9
[2015.11.27-09.24.18:108][  0]LogInit: API Version: 2672455
[2015.11.27-09.24.18:108][  0]LogInit: Compiled (64-bit): Sep 28 2015 10:25:44
[2015.11.27-09.24.18:108][  0]LogInit: Compiled with Visual C++: 18.00.21005.01
[2015.11.27-09.24.18:108][  0]LogInit: Build Configuration: Development
[2015.11.27-09.24.18:108][  0]LogInit: Branch Name: ++depot+UE4-Releases+4.9
[2015.11.27-09.24.18:108][  0]LogInit: Command line:  
[2015.11.27-09.24.18:108][  0]LogInit: Base directory: D:/Program Files/Epic Games/4.9/Engine/Binaries/Win64/
[2015.11.27-09.24.18:108][  0]LogInit: Rocket: 1
[2015.11.27-09.24.18:141][  0]LogInit: Using libcurl 7.41.0
[2015.11.27-09.24.18:141][  0]LogInit:  - built for x86_64-pc-win32
[2015.11.27-09.24.18:141][  0]LogInit:  - supports SSL with WinSSL
[2015.11.27-09.24.18:141][  0]LogInit:  - other features:
[2015.11.27-09.24.18:141][  0]LogInit:      CURL_VERSION_SSL
[2015.11.27-09.24.18:141][  0]LogInit:      CURL_VERSION_IPV6
[2015.11.27-09.24.18:141][  0]LogInit:      CURL_VERSION_ASYNCHDNS
[2015.11.27-09.24.18:141][  0]LogInit:      CURL_VERSION_LARGEFILE
[2015.11.27-09.24.18:141][  0]LogInit:      CURL_VERSION_IDN
[2015.11.27-09.24.18:141][  0]LogInit:  CurlRequestOptions (configurable via config and command line):
[2015.11.27-09.24.18:141][  0]LogInit:  - bVerifyPeer = true  - Libcurl will verify peer certificate
[2015.11.27-09.24.18:141][  0]LogInit:  - bUseHttpProxy = false  - Libcurl will NOT use HTTP proxy
[2015.11.27-09.24.18:141][  0]LogInit:  - bDontReuseConnections = false  - Libcurl will reuse connections
[2015.11.27-09.24.18:141][  0]LogInit:  - CertBundlePath = nullptr  - Libcurl will use whatever was configured at build time.
[2015.11.27-09.24.18:181][  0]LogInit: Presizing for 0 objects not considered by GC, pre-allocating 0 bytes.
[2015.11.27-09.24.18:189][  0]LogInit: Object subsystem initialized
[2015.11.27-09.24.18:191][  0]LogInit: Selected Device Profile: [Windows]
[2015.11.27-09.24.18:191][  0]LogInit: Applying CVar settings loaded from the selected device profile: [Windows]
[2015.11.27-09.24.18:212][  0]LogInit: Computer: SIMONLAPTOP
[2015.11.27-09.24.18:212][  0]LogInit: User: Simon
[2015.11.27-09.24.18:212][  0]LogInit: CPU Page size=4096, Cores=2
[2015.11.27-09.24.18:212][  0]LogInit: High frequency timer resolution =2.533196 MHz
[2015.11.27-09.24.18:212][  0]LogMemory: Memory total: Physical=7.9GB (8GB approx)
[2015.11.27-09.24.18:212][  0]LogMemory: Platform Memory Stats for Windows
[2015.11.27-09.24.18:212][  0]LogMemory: Process Physical Memory: 54.23 MB used, 54.23 MB peak
[2015.11.27-09.24.18:212][  0]LogMemory: Process Virtual Memory: 57.23 MB used, 57.23 MB peak
[2015.11.27-09.24.18:212][  0]LogMemory: Physical Memory: 3465.75 MB used, 8080.91 MB total
[2015.11.27-09.24.18:212][  0]LogMemory: Virtual Memory: 365.54 MB used, 134217728.00 MB total
[2015.11.27-09.24.18:501][  0]LogTextLocalizationManager: No specific translations for ('en-US') exist, so ('en') translations will be used.
[2015.11.27-09.24.19:510][  0]LogD3D11RHI: Found D3D11 adapter 0: NVIDIA GeForce 840M            (Feature Level 11_0)
[2015.11.27-09.24.19:510][  0]LogD3D11RHI: Adapter has 1996MB of dedicated video memory, 0MB of dedicated system memory, and 4040MB of shared system memory, 1 output[s]
[2015.11.27-09.24.19:517][  0]LogD3D11RHI: Found D3D11 adapter 1: Intel(R) HD Graphics Family (Feature Level 11_0)
[2015.11.27-09.24.19:517][  0]LogD3D11RHI: Adapter has 112MB of dedicated video memory, 0MB of dedicated system memory, and 4040MB of shared system memory, 0 output[s]
[2015.11.27-09.24.19:518][  0]LogD3D11RHI: Found D3D11 adapter 2: Microsoft Basic Render Driver (Feature Level 11_0)
[2015.11.27-09.24.19:518][  0]LogD3D11RHI: Adapter has 0MB of dedicated video memory, 0MB of dedicated system memory, and 4040MB of shared system memory, 0 output[s]
[2015.11.27-09.24.19:518][  0]LogD3D11RHI: Chosen D3D11 Adapter Id = 0
[2015.11.27-09.24.19:525][  0]LogD3D11RHI: !Direct3DDevice
[2015.11.27-09.24.19:525][  0]LogRHI: Texture pool is 1361 MB (70% of 1945 MB)
[2015.11.27-09.24.19:542][  0]LogD3D11RHI: Async texture creation enabled
[2015.11.27-09.24.19:589][  0]LogShaderCompilers: Guid format shader working directory is 15 characters bigger than the processId version (C:/Users/Simon/Documents/GitHub/MAH_Arena_UnrealProject/UnrealProject/Intermediate/Shaders/WorkingDirectory/9596/).
[2015.11.27-09.24.19:590][  0]LogShaderCompilers: Cleaned the shader compiler working directory 'C:/Users/Simon/Documents/GitHub/MAH_Arena_UnrealProject/UnrealProject/Intermediate/Shaders/tmp/2667992D4801A26CFF227588AE23D465/'.
[2015.11.27-09.24.19:591][  0]LogShaderCompilers:Display: Using Local Shader Compiler.
[2015.11.27-09.24.22:086][  0]LogTemp:Display: Loaded TP AllDesktopTargetPlatform
[2015.11.27-09.24.22:092][  0]LogTemp:Display: Loaded TP WindowsClientTargetPlatform
[2015.11.27-09.24.22:097][  0]LogTemp:Display: Loaded TP WindowsNoEditorTargetPlatform
[2015.11.27-09.24.22:102][  0]LogTemp:Display: Loaded TP WindowsServerTargetPlatform
[2015.11.27-09.24.22:108][  0]LogTemp:Display: Loaded TP WindowsTargetPlatform
[2015.11.27-09.24.22:114][  0]LogTemp:Display: Loaded TP AndroidTargetPlatform
[2015.11.27-09.24.22:118][  0]LogTemp:Display: Loaded TP Android_ASTCTargetPlatform
[2015.11.27-09.24.22:123][  0]LogTemp:Display: Loaded TP Android_ATCTargetPlatform
[2015.11.27-09.24.22:128][  0]LogTemp:Display: Loaded TP Android_DXTTargetPlatform
[2015.11.27-09.24.22:131][  0]LogTemp:Display: Loaded TP Android_ETC1TargetPlatform
[2015.11.27-09.24.22:136][  0]LogTemp:Display: Loaded TP Android_ETC2TargetPlatform
[2015.11.27-09.24.22:142][  0]LogTemp:Display: Loaded TP Android_PVRTCTargetPlatform
[2015.11.27-09.24.22:143][  0]LogTemp:Display: Loaded TP HTML5TargetPlatform
[2015.11.27-09.24.22:196][  0]LogTemp:Display: Loaded TP IOSTargetPlatform
[2015.11.27-09.24.22:200][  0]LogTemp:Display: Loaded TP LinuxNoEditorTargetPlatform
[2015.11.27-09.24.22:204][  0]LogTemp:Display: Loaded TP LinuxServerTargetPlatform
[2015.11.27-09.24.22:212][  0]LogTemp:Display: Loaded TP LinuxTargetPlatform
[2015.11.27-09.24.22:213][  0]LogTargetPlatformManager:Display: Building Assets For Windows
[2015.11.27-09.24.22:599][  0]LogDerivedDataCache:Display: Max Cache Size: 512 MB
[2015.11.27-09.24.22:834][  0]LogDerivedDataCache: Loaded boot cache 0.23s 42MB C:/Users/Simon/AppData/Local/UnrealEngine/4.9/DerivedDataCache/Boot.ddc.
[2015.11.27-09.24.22:834][  0]LogDerivedDataCache:Display: Loaded Boot cache: C:/Users/Simon/AppData/Local/UnrealEngine/4.9/DerivedDataCache/Boot.ddc
[2015.11.27-09.24.22:834][  0]LogDerivedDataCache: FDerivedDataBackendGraph:  Pak pak cache file C:/Users/Simon/Documents/GitHub/MAH_Arena_UnrealProject/UnrealProject/DerivedDataCache/DDC.ddp not found, will not use a pak cache.
[2015.11.27-09.24.22:834][  0]LogDerivedDataCache: Unable to find inner node Pak for hierarchical cache Hierarchy.
[2015.11.27-09.24.22:834][  0]LogDerivedDataCache: FDerivedDataBackendGraph:  CompressedPak pak cache file C:/Users/Simon/Documents/GitHub/MAH_Arena_UnrealProject/UnrealProject/DerivedDataCache/Compressed.ddp not found, will not use a pak cache.
[2015.11.27-09.24.22:834][  0]LogDerivedDataCache: Unable to find inner node CompressedPak for hierarchical cache Hierarchy.
[2015.11.27-09.24.23:018][  0]LogDerivedDataCache:Display: Pak cache opened for reading ../../../Engine/DerivedDataCache/Compressed.ddp.
[2015.11.27-09.24.23:031][  0]LogDerivedDataCache: Using Local data cache path C:/Users/Simon/AppData/Local/UnrealEngine/Common/DerivedDataCache: Writable
[2015.11.27-09.24.26:976][  0]LogInit: Selected Device Profile: [Windows]
[2015.11.27-09.24.26:991][  0]LogContentStreaming: Texture pool size is 0.000000MB
[2015.11.27-09.24.27:340][  0]LogMeshUtilities: No automatic mesh reduction module available
[2015.11.27-09.24.27:340][  0]LogMeshUtilities: No automatic mesh merging module available
[2015.11.27-09.24.28:118][  0]LogInit: WinSock: version 1.1 (2.2), MaxSocks=32767, MaxUdp=65467
[2015.11.27-09.24.30:800][  0]UdpMessaging: Initializing bridge on interface 0.0.0.0:0 to multicast group 230.0.0.1:6666.
[2015.11.27-09.24.30:972][  0]LogAssetRegistry: FAssetRegistry took 0.0131 seconds to start up
[2015.11.27-09.24.31:361][  0]SourceControl: Info Source control is disabled
[2015.11.27-09.24.31:371][  0]SourceControl: Info Source control is disabled
[2015.11.27-09.24.31:386][  0]SourceControl: Info Source control is disabled
[2015.11.27-09.24.31:399][  0]SourceControl: Info Source control is disabled
[2015.11.27-09.24.31:618][  0]LogLinker:Warning: Asset '../../../Engine/Plugins/Runtime/LeapMotionController/Content/LM_PassthroughMaterial.uasset' has been saved with empty engine version. The asset will be loaded but may be incompatible.
[2015.11.27-09.24.31:747][  0]LogObj: 28381 objects as part of root set at end of initial load.
[2015.11.27-09.24.31:748][  0]LogUObjectAllocator: 6052904 out of 0 bytes used by permanent object pool.
[2015.11.27-09.24.31:870][  0]LogEngine: Initializing Engine...
[2015.11.27-09.24.31:876][  0]LogHMD: Can't find Oculus library dev build: is proper Runtime installed? Version: 0.7.0.0
[2015.11.27-09.24.31:976][  0]LogHMD: SteamVR failed to initialize.  Err: 108
[2015.11.27-09.24.32:269][  0]LogAIModule: Creating AISystem for world NewWorld
[2015.11.27-09.24.32:337][  0]LogInit: XAudio2 using 'Speakers (Conexant SmartAudio HD)' : 2 channels at 48 kHz using 32 bits per sample (channel mask 0x3)
[2015.11.27-09.24.32:525][  0]LogInit: FAudioDevice initialized.
[2015.11.27-09.24.32:549][  0]LogDerivedDataCache: Saved boot cache 0.02s 42MB C:/Users/Simon/AppData/Local/UnrealEngine/4.9/DerivedDataCache/Boot.ddc.
[2015.11.27-09.24.32:555][  0]LogInit: Texture streaming: Enabled
[2015.11.27-09.24.32:560][  0]LogAnalytics: Creating configured Analytics provider AnalyticsET
[2015.11.27-09.24.32:561][  0]LogAnalytics: [UEEditor.Rocket.Release] APIServer = http://et2.epicgames.com/ET2/. AppVersion = 4.9.2-2707645+++depot+UE4-Releases+4.9
[2015.11.27-09.24.32:561][  0]LogAnalytics: [UEEditor.Rocket.Release] SetUserId 6513f12644b2a44aef06b6b2b101a60b|0986fcf50a56434a9f04b1f02afeed0b|3549f2f7-93b8-499b-b80b-3e19a3b9ffc4
[2015.11.27-09.24.32:561][  0]LogAnalytics: [UEEditor.Rocket.Release] AnalyticsET::StartSession
[2015.11.27-09.24.32:577][  0]LogWindowsTextInputMethodSystem:Display: IME system now deactivated.
[2015.11.27-09.24.32:577][  0]LogWindowsTextInputMethodSystem:Display: IME system now deactivated.
[2015.11.27-09.24.32:626][  0]LogInit: Transaction tracking system initialized
[2015.11.27-09.24.32:682][  0]BlueprintLog: New page: Editor Load
[2015.11.27-09.24.32:915][  0]LocalizationService: Info Localization service is disabled
[2015.11.27-09.24.33:329][  0]LogConsoleResponse:Display: 
[2015.11.27-09.24.33:641][  0]LogFileCache: Scanning file cache for directory 'C:/Users/Simon/Documents/GitHub/MAH_Arena_UnrealProject/UnrealProject/Content/' took 0.02s
[2015.11.27-09.24.33:641][  0]LogCook:Display: Done creating registry. It took  0.00s.
[2015.11.27-09.24.33:894][  0]SourceControl: Info Source control is disabled
[2015.11.27-09.24.33:899][  0]Cmd: MAP LOAD FILE="C:/Users/Simon/Documents/GitHub/MAH_Arena_UnrealProject/UnrealProject/Content/StarterContent/Maps/Minimal_Default.umap" TEMPLATE=0 SHOWPROGRESS=1 FEATURELEVEL=3
[2015.11.27-09.24.33:912][  0]LightingResults: New page: Lighting Build
[2015.11.27-09.24.33:929][  0]MapCheck: New page: Map Check
[2015.11.27-09.24.33:929][  0]LightingResults: New page: Lighting Build
[2015.11.27-09.24.33:975][  0]LogParticles: Destroying 0 GPU particle simulations for FXSystem 0x0000007F99BC0400
[2015.11.27-09.24.34:632][  0]LogAIModule: Creating AISystem for world Minimal_Default
[2015.11.27-09.24.34:658][  0]LogEditorServer: Finished looking for orphan Actors (0.000 secs)
[2015.11.27-09.24.34:661][  0]Cmd: MAP CHECKDEP NOCLEARLOG
[2015.11.27-09.24.34:737][  0]MapCheck: Info Map check complete: 0 Error(s), 0 Warning(s), took 75.271ms to complete.
[2015.11.27-09.24.34:737][  0]LogFileHelpers: Loading map 'Minimal_Default' took 0.840
[2015.11.27-09.24.34:980][  0]LogCollectionManager: Loaded 0 collections in 0.002685 seconds
[2015.11.27-09.24.35:044][  0]LogFileCache: Scanning file cache for directory 'C:/Users/Simon/Documents/GitHub/MAH_Arena_UnrealProject/UnrealProject/Saved/Collections/' took 0.01s
[2015.11.27-09.24.35:044][  0]LogFileCache: Scanning file cache for directory 'C:/Users/Simon/Documents/GitHub/MAH_Arena_UnrealProject/UnrealProject/Content/Developers/Simon/Collections/' took 0.01s
[2015.11.27-09.24.35:044][  0]LogFileCache: Scanning file cache for directory 'C:/Users/Simon/Documents/GitHub/MAH_Arena_UnrealProject/UnrealProject/Content/Collections/' took 0.01s
[2015.11.27-09.24.35:044][  0]LogContentBrowser: Native class hierarchy populated in 0.0215 seconds. Added 1871 classes and 336 folders.
[2015.11.27-09.24.35:064][  0]LogCollectionManager: Rebuilt the GUID cache for 0 collections in 0.000004 seconds
[2015.11.27-09.24.35:085][  0]LogContentBrowser: Native class hierarchy updated for 'WidgetCarousel' in 0.0028 seconds. Added 0 classes and 0 folders.
[2015.11.27-09.24.35:499][  0]LogContentBrowser: Native class hierarchy updated for 'AddContentDialog' in 0.0028 seconds. Added 0 classes and 0 folders.
[2015.11.27-09.24.35:514][  0]LogContentBrowser: Native class hierarchy updated for 'SceneOutliner' in 0.0029 seconds. Added 1 classes and 2 folders.
[2015.11.27-09.24.35:605][  0]LogCrashTracker: Crashtracker disabled due to settings.
[2015.11.27-09.24.35:620][  0]LogUObjectGlobals:Warning: Failed to find object 'Class None.'
[2015.11.27-09.24.35:650][  0]LogLoad: Full Startup: 19.62 seconds (BP compile: 0.14 seconds)
[2015.11.27-09.24.35:802][  0]LogContentStreaming: Texture pool size now 400 MB
[2015.11.27-09.24.35:987][  0]LogRenderer: Reallocating scene render targets to support 1004x456 (Frame:2).
[2015.11.27-09.24.38:223][207]LogAssetRegistry: Asset discovery search completed in 7.2629 seconds
[2015.11.27-09.24.38:223][207]LogCollectionManager: Rebuilt the object cache for 0 collections in 0.000001 seconds (found 0 objects)
[2015.11.27-09.24.38:223][207]LogCollectionManager: Fixed up redirectors for 0 collections in 0.000052 seconds (updated 0 objects)
[2015.11.27-09.24.50:519][591]LogBlueprint:Warning: [PawnCarBP] CreatePinForVariable: 'BoxComponent' variable not found. Base class was probably changed.
[2015.11.27-09.24.50:520][591]LogBlueprint:Warning: [PawnCarBP] CreatePinForVariable: 'IsOnGround' variable not found. Base class was probably changed.
[2015.11.27-09.24.50:520][591]LogBlueprint:Warning: [PawnCarBP] CreatePinForVariable: 'IsOnGround' variable not found. Base class was probably changed.
[2015.11.27-09.24.50:523][591]LogBlueprint:Warning: [compiler PawnCarBP] Warning Could not find a variable named "IsOnGround" in 'PawnCarBP_C'.
Make sure 'PawnCarBP_C' has been compiled for  Set IsOnGround 
[2015.11.27-09.24.50:523][591]LogBlueprint:Warning: [compiler PawnCarBP] Warning Could not find a variable named "BoxComponent" in 'PawnCarBP_C'.
Make sure 'PawnCarBP_C' has been compiled for  Get BoxComponent 
[2015.11.27-09.24.50:525][591]LogBlueprint:Error: [compiler PawnCarBP] Error The property associated with  Box Component  could not be found
[2015.11.27-09.24.50:525][591]LogBlueprint:Error: [compiler PawnCarBP] Error The property associated with  Is on Ground  could not be found
[2015.11.27-09.24.50:529][591]LogBlueprint:Warning: [compiler PawnCarBP] Warning [0034.50] Compile of PawnCarBP failed. 2 Fatal Issue(s) 2 Warning(s) [in 8 ms]
[2015.11.27-09.24.50:529][591]LogBlueprint:Warning: [compiler PawnCarBP] Warning [0034.50] Compile of PawnCarBP failed. 2 Fatal Issue(s) 3 Warning(s) [in 0 ms]
[2015.11.27-09.24.50:529][591]LogBlueprint:Warning: [compiler PawnCarBP] Warning [0034.50] Compile of PawnCarBP failed. 2 Fatal Issue(s) 4 Warning(s) [in 0 ms]
[2015.11.27-09.24.50:548][591]LogStaticMesh: Building static mesh example...
[2015.11.27-09.24.50:573][591]LogStaticMesh: Built static mesh [0.026624.2s] /Game/Models/example.example
[2015.11.27-09.24.50:609][591]LogTexture:Display: Building textures: example2 (BGRA8)
[2015.11.27-09.24.50:614][591]LogMaterial: Missing cached shader map for material palette, compiling. 
[2015.11.27-09.24.50:654][591]LogAIModule: Creating AISystem for world Simon
[2015.11.27-09.24.50:716][591]Cmd: MAP LOAD FILE="C:/Users/Simon/Documents/GitHub/MAH_Arena_UnrealProject/UnrealProject/Content/Maps/Simon.umap" TEMPLATE=0 SHOWPROGRESS=1 FEATURELEVEL=3
[2015.11.27-09.24.50:716][591]LightingResults: New page: Lighting Build
[2015.11.27-09.24.50:743][591]LoadErrors: New page: Loading map: Simon.umap
[2015.11.27-09.24.50:744][591]MapCheck: New page: Map Check
[2015.11.27-09.24.50:744][591]LightingResults: New page: Lighting Build
[2015.11.27-09.24.50:779][591]LogParticles: Destroying 0 GPU particle simulations for FXSystem 0x0000007F8E772700
[2015.11.27-09.24.50:802][591]LogEditorServer: Finished looking for orphan Actors (0.000 secs)
[2015.11.27-09.24.50:859][591]Cmd: MAP CHECKDEP NOCLEARLOG
[2015.11.27-09.24.50:929][591]MapCheck: Info Map check complete: 0 Error(s), 0 Warning(s), took 69.79ms to complete.
[2015.11.27-09.24.50:929][591]LogFileHelpers: Loading map 'Simon' took 0.216
[2015.11.27-09.24.53:993][911]LogEditorViewport: Clicking on Actor (LMB): PawnCarBP_C (PawnCarBP)
[2015.11.27-09.24.56:333][ 77]LogBlueprintUserMessages: Early PlayInEditor Detection: Level '/Game/Maps/Simon.Simon:PersistentLevel' has LevelScriptBlueprint '/Game/Maps/Simon.Simon:PersistentLevel.Simon' with GeneratedClass '/Game/Maps/Simon.Simon_C' with ClassGeneratedBy '/Game/Maps/Simon.Simon:PersistentLevel.Simon'
[2015.11.27-09.24.56:333][ 77]LogPlayLevel: PlayLevel: No blueprints needed recompiling
[2015.11.27-09.25.01:271][173]LogVSAccessor:Warning: Couldn't access Visual Studio
[2015.11.27-09.25.01:275][173]Recompiling UnrealProject...
[2015.11.27-09.25.01:275][173]Launching UnrealBuildTool... [D:/Program Files/Epic Games/4.9/Engine/Binaries/DotNET/UnrealBuildTool.exe UnrealProject -ModuleWithSuffix UnrealProject 3657 Win64 Development -editorrecompile -canskiplink "C:/Users/Simon/Documents/GitHub/MAH_Arena_UnrealProject/UnrealProject/UnrealProject.uproject" -rocket  -rocket]
[2015.11.27-09.25.01:277][173]Warning: Starting HotReload took  0.0s.
[2015.11.27-09.25.31:969][331]LogEditorViewport: Clicking on Actor (LMB): WorldCamera (WorldCamera1)
[2015.11.27-09.27.09:010][265]LogEditorViewport: Clicking on Actor (LMB): PawnCarBP_C (PawnCarBP)
[2015.11.27-09.27.34:854][148]LogEditorViewport: Clicking on Actor (LMB): PawnCarBP_C (PawnCarBP2)
[2015.11.27-09.27.52:013][314]CompilerResultsLog: New page: Compilation - Nov 27, 2015, 11:27:52 AM
[2015.11.27-09.27.52:014][314]CompilerResultsLog: Info Performing full C++ include scan (hot reloading a new target)
[2015.11.27-09.27.52:014][314]CompilerResultsLog: Info Creating makefile for hot reloading UnrealProject (game project files are newer)
[2015.11.27-09.27.52:014][314]CompilerResultsLog: Info Compiling game modules for hot reload
[2015.11.27-09.27.52:014][314]CompilerResultsLog: Info Parsing headers for UnrealProjectEditor
[2015.11.27-09.27.52:014][314]CompilerResultsLog: Info   Running UnrealHeaderTool "C:/Users/Simon/Documents/GitHub/MAH_Arena_UnrealProject/UnrealProject/UnrealProject.uproject" "C:\Users\Simon\Documents\GitHub\MAH_Arena_UnrealProject\UnrealProject\Intermediate\Build\Win64\UnrealProjectEditor\Development\UnrealHeaderTool.manifest" -LogCmds="loginit warning, logexit warning, logdatabase error" -rocket -installed
[2015.11.27-09.27.52:014][314]CompilerResultsLog: Info Reflection code generated for UnrealProjectEditor in 23.8827536 seconds
[2015.11.27-09.27.52:014][314]CompilerResultsLog: Info Performing 10 actions (2 in parallel)
[2015.11.27-09.27.52:014][314]CompilerResultsLog: Info [2/10] Resource PCLaunch.rc
[2015.11.27-09.27.52:014][314]CompilerResultsLog: Info PCH.UnrealProject.h.cpp
[2015.11.27-09.27.52:014][314]CompilerResultsLog: Info [3/10] Resource ModuleVersionResource.rc.inl
[2015.11.27-09.27.52:014][314]CompilerResultsLog: Info CarController.cpp
[2015.11.27-09.27.52:014][314]CompilerResultsLog: Info PawnCar.cpp
[2015.11.27-09.27.52:015][314]CompilerResultsLog: Info UnrealProject.cpp
[2015.11.27-09.27.52:015][314]CompilerResultsLog: Info UnrealProjectGameMode.cpp
[2015.11.27-09.27.52:015][314]CompilerResultsLog: Info WorldCamera.cpp
[2015.11.27-09.27.52:015][314]CompilerResultsLog: Info UnrealProject.generated.cpp
[2015.11.27-09.27.52:015][314]CompilerResultsLog: Info [10/10] Link UE4Editor-UnrealProject-3657.dll
[2015.11.27-09.27.52:015][314]CompilerResultsLog: Info    Creating library C:\Users\Simon\Documents\GitHub\MAH_Arena_UnrealProject\UnrealProject\Intermediate/Build/Win64\UE4Editor\Development\UE4Editor-UnrealProject-3657.lib and object C:\Users\Simon\Documents\GitHub\MAH_Arena_UnrealProject\UnrealProject\Intermediate/Build/Win64\UE4Editor\Development\UE4Editor-UnrealProject-3657.exp
[2015.11.27-09.27.52:015][314]CompilerResultsLog: Info -------- End Detailed Actions Stats -----------------------------------------------------------
[2015.11.27-09.27.52:015][314]CompilerResultsLog: Info Total build time: 170.67 seconds
[2015.11.27-09.27.52:015][314]LogMainFrame: MainFrame: Module compiling took 170.743 seconds
[2015.11.27-09.27.52:015][314]LogActorComponent: UnregisterComponent: (/Engine/Transient.Movement) Not registered. Aborting.
[2015.11.27-09.27.52:084][314]LogClass: Could not find existing class PawnCar in package /Script/UnrealProject for HotReload, assuming new class
[2015.11.27-09.27.52:086][314]LogClass: Could not find existing class WorldCamera in package /Script/UnrealProject for HotReload, assuming new class
[2015.11.27-09.27.52:090][314]LogHotReload: Re-instancing PawnCar after hot-reload.
[2015.11.27-09.27.52:165][314]LogUObjectGlobals:Warning: Guid is in use by BoxComponent /Game/Maps/Simon.Simon:PersistentLevel.PawnCarBP2_1560.Root and BoxComponent /Game/Maps/Simon.Simon:PersistentLevel.PawnCarBP_C_0.Root, which should never happen in the editor but could happen at runtime with duplicate level loading or PIE
[2015.11.27-09.27.52:165][314]LogUObjectGlobals:Warning: Guid is in use by StaticMeshComponent /Game/Maps/Simon.Simon:PersistentLevel.PawnCarBP2_1560.StaticMesh and StaticMeshComponent /Game/Maps/Simon.Simon:PersistentLevel.PawnCarBP_C_0.StaticMesh, which should never happen in the editor but could happen at runtime with duplicate level loading or PIE
[2015.11.27-09.27.52:165][314]LogUObjectGlobals:Warning: Guid is in use by FloatingPawnMovement /Game/Maps/Simon.Simon:PersistentLevel.PawnCarBP2_1560.Movement and FloatingPawnMovement /Game/Maps/Simon.Simon:PersistentLevel.PawnCarBP_C_0.Movement, which should never happen in the editor but could happen at runtime with duplicate level loading or PIE
[2015.11.27-09.27.52:210][314]LogUObjectGlobals:Warning: Guid is in use by BoxComponent /Game/Maps/Simon.Simon:PersistentLevel.PawnCarBP_668.Root and BoxComponent /Game/Maps/Simon.Simon:PersistentLevel.PawnCarBP_C_1.Root, which should never happen in the editor but could happen at runtime with duplicate level loading or PIE
[2015.11.27-09.27.52:210][314]LogUObjectGlobals:Warning: Guid is in use by StaticMeshComponent /Game/Maps/Simon.Simon:PersistentLevel.PawnCarBP_668.StaticMesh and StaticMeshComponent /Game/Maps/Simon.Simon:PersistentLevel.PawnCarBP_C_1.StaticMesh, which should never happen in the editor but could happen at runtime with duplicate level loading or PIE
[2015.11.27-09.27.52:211][314]LogUObjectGlobals:Warning: Guid is in use by FloatingPawnMovement /Game/Maps/Simon.Simon:PersistentLevel.PawnCarBP_668.Movement and FloatingPawnMovement /Game/Maps/Simon.Simon:PersistentLevel.PawnCarBP_C_1.Movement, which should never happen in the editor but could happen at runtime with duplicate level loading or PIE
[2015.11.27-09.27.52:285][314]LogHotReload: Re-instancing WorldCamera after hot-reload.
[2015.11.27-09.27.52:285][314]LogUObjectGlobals:Warning: Guid is in use by CameraComponent /Game/Maps/Simon.Simon:PersistentLevel.WorldCamera_1.CameraComponent and CameraComponent /Game/Maps/Simon.Simon:PersistentLevel.WorldCamera_0.CameraComponent, which should never happen in the editor but could happen at runtime with duplicate level loading or PIE
[2015.11.27-09.27.52:319][314]LogContentBrowser: Native class hierarchy updated for 'UnrealProject' in 0.0026 seconds. Added 4 classes and 3 folders.
[2015.11.27-09.27.52:321][314]Warning: HotReload successful (0 functions remapped  0 scriptstructs remapped)
[2015.11.27-09.27.52:390][314]LogContentBrowser: Native class hierarchy populated in 0.0111 seconds. Added 1872 classes and 338 folders.
[2015.11.27-09.27.59:242][904]LogBlueprintUserMessages: Early PlayInEditor Detection: Level '/Game/Maps/Simon.Simon:PersistentLevel' has LevelScriptBlueprint '/Game/Maps/Simon.Simon:PersistentLevel.Simon' with GeneratedClass '/Game/Maps/Simon.Simon_C' with ClassGeneratedBy '/Game/Maps/Simon.Simon:PersistentLevel.Simon'
[2015.11.27-09.27.59:242][904]LogPlayLevel: PlayLevel: No blueprints needed recompiling
[2015.11.27-09.27.59:242][904]PIE: New page: PIE session: Simon (Nov 27, 2015, 11:27:59 AM)
[2015.11.27-09.27.59:242][904]LogPlayLevel: Creating play world package: /Game/Maps/UEDPIE_0_Simon
[2015.11.27-09.27.59:257][904]LogPlayLevel: PIE: StaticDuplicateObject took: (0.015003s)
[2015.11.27-09.27.59:258][904]LogAIModule: Creating AISystem for world Simon
[2015.11.27-09.27.59:259][904]LogPlayLevel: PIE: World Init took: (0.001322s)
[2015.11.27-09.27.59:259][904]LogPlayLevel: PIE: Created PIE world by copying editor world from /Game/Maps/Simon.Simon to /Game/Maps/UEDPIE_0_Simon.Simon (0.016624s)
[2015.11.27-09.27.59:336][904]LogInit: XAudio2 using 'Speakers (Conexant SmartAudio HD)' : 2 channels at 48 kHz using 32 bits per sample (channel mask 0x3)
[2015.11.27-09.27.59:397][904]LogInit: FAudioDevice initialized.
[2015.11.27-09.27.59:444][904]LogWorld: Game class is 'UnrealProjectGameMode'
[2015.11.27-09.27.59:450][904]LogWorld: Bringing World /Game/Maps/UEDPIE_0_Simon.Simon up for play (max tick rate 0) at 2015.11.27-10.27.59
[2015.11.27-09.27.59:450][904]LogActor:Warning: GameSession /Game/Maps/UEDPIE_0_Simon.Simon:PersistentLevel.GameSession_0 has natively added scene component(s), but none of them were set as the actor's RootComponent - picking one arbitrarily
[2015.11.27-09.27.59:450][904]LogActor:Warning: GameNetworkManager /Game/Maps/UEDPIE_0_Simon.Simon:PersistentLevel.GameNetworkManager_0 has natively added scene component(s), but none of them were set as the actor's RootComponent - picking one arbitrarily
[2015.11.27-09.27.59:456][904]LogWorld: Bringing up level for play took: 0.009858
[2015.11.27-09.27.59:462][904]PIE: Info Play in editor start time for /Game/Maps/UEDPIE_0_Simon -0.115
[2015.11.27-09.27.59:462][904]LogBlueprintUserMessages: Late PlayInEditor Detection: Level '/Game/Maps/Simon.Simon:PersistentLevel' has LevelScriptBlueprint '/Game/Maps/Simon.Simon:PersistentLevel.Simon' with GeneratedClass '/Game/Maps/Simon.Simon_C' with ClassGeneratedBy '/Game/Maps/Simon.Simon:PersistentLevel.Simon'
[2015.11.27-09.28.00:064][904]LogCrashTracker: 


[2015.11.27-09.28.00:066][904]LogCrashTracker: 


[2015.11.27-09.28.00:066][904]LogWindows: === Critical error: ===
Fatal error!



[2015.11.27-09.28.00:242][904]LogExit: Executing StaticShutdownAfterError
[2015.11.27-09.28.00:263][904]LogPhysics:Warning: PHYSX: ..\..\PhysX\src\NpScene.cpp (2946) 8 : PxScene::unlockWrite() called without matching call to PxScene::lockWrite(), behaviour will be undefined.
[2015.11.27-09.28.00:263][904]LogPhysics:Warning: PHYSX: ..\..\PhysX\src\NpScene.cpp (2946) 8 : PxScene::unlockWrite() called without matching call to PxScene::lockWrite(), behaviour will be undefined.
[2015.11.27-09.28.00:264][904]LogPhysics:Warning: PHYSX: ..\..\PhysX\src\NpScene.cpp (2946) 8 : PxScene::unlockWrite() called without matching call to PxScene::lockWrite(), behaviour will be undefined.
[2015.11.27-09.28.00:264][904]LogPhysics:Warning: PHYSX: ..\..\PhysX\src\NpScene.cpp (2946) 8 : PxScene::unlockWrite() called without matching call to PxScene::lockWrite(), behaviour will be undefined.
[2015.11.27-09.28.00:265][904]LogWindows: FPlatformMisc::RequestExit(1)
[2015.11.27-09.28.00:265][904]Log file closed, 11/27/15 10:28:00
